2025-06-18 01:18:11,722 - mmedit - INFO - Environment info:
------------------------------------------------------------
sys.platform: linux
Python: 3.8.20 (default, Oct  3 2024, 15:24:27) [GCC 11.2.0]
CUDA available: True
GPU 0: NVIDIA GeForce RTX 3090
CUDA_HOME: /usr/local/cuda
NVCC: Cuda compilation tools, release 11.7, V11.7.64
GCC: gcc (Ubuntu 9.4.0-1ubuntu1~20.04.2) 9.4.0
PyTorch: 1.10.0+cu113
PyTorch compiling details: PyTorch built with:
  - GCC 7.3
  - C++ Version: 201402
  - Intel(R) Math Kernel Library Version 2020.0.0 Product Build 20191122 for Intel(R) 64 architecture applications
  - Intel(R) MKL-DNN v2.2.3 (Git Hash 7336ca9f055cf1bfa13efb658fe15dc9b41f0740)
  - OpenMP 201511 (a.k.a. OpenMP 4.5)
  - LAPACK is enabled (usually provided by MKL)
  - NNPACK is enabled
  - CPU capability usage: AVX512
  - CUDA Runtime 11.3
  - NVCC architecture flags: -gencode;arch=compute_37,code=sm_37;-gencode;arch=compute_50,code=sm_50;-gencode;arch=compute_60,code=sm_60;-gencode;arch=compute_70,code=sm_70;-gencode;arch=compute_75,code=sm_75;-gencode;arch=compute_80,code=sm_80;-gencode;arch=compute_86,code=sm_86
  - CuDNN 8.2
  - Magma 2.5.2
  - Build settings: BLAS_INFO=mkl, BUILD_TYPE=Release, CUDA_VERSION=11.3, CUDNN_VERSION=8.2.0, CXX_COMPILER=/opt/rh/devtoolset-7/root/usr/bin/c++, CXX_FLAGS= -Wno-deprecated -fvisibility-inlines-hidden -DUSE_PTHREADPOOL -fopenmp -DNDEBUG -DUSE_KINETO -DUSE_FBGEMM -DUSE_QNNPACK -DUSE_PYTORCH_QNNPACK -DUSE_XNNPACK -DSYMBOLICATE_MOBILE_DEBUG_HANDLE -DEDGE_PROFILER_USE_KINETO -O2 -fPIC -Wno-narrowing -Wall -Wextra -Werror=return-type -Wno-missing-field-initializers -Wno-type-limits -Wno-array-bounds -Wno-unknown-pragmas -Wno-sign-compare -Wno-unused-parameter -Wno-unused-variable -Wno-unused-function -Wno-unused-result -Wno-unused-local-typedefs -Wno-strict-overflow -Wno-strict-aliasing -Wno-error=deprecated-declarations -Wno-stringop-overflow -Wno-psabi -Wno-error=pedantic -Wno-error=redundant-decls -Wno-error=old-style-cast -fdiagnostics-color=always -faligned-new -Wno-unused-but-set-variable -Wno-maybe-uninitialized -fno-math-errno -fno-trapping-math -Werror=format -Wno-stringop-overflow, LAPACK_INFO=mkl, PERF_WITH_AVX=1, PERF_WITH_AVX2=1, PERF_WITH_AVX512=1, TORCH_VERSION=1.10.0, USE_CUDA=ON, USE_CUDNN=ON, USE_EXCEPTION_PTR=1, USE_GFLAGS=OFF, USE_GLOG=OFF, USE_MKL=ON, USE_MKLDNN=ON, USE_MPI=OFF, USE_NCCL=ON, USE_NNPACK=ON, USE_OPENMP=ON, 

TorchVision: 0.11.1+cu113
OpenCV: 4.10.0
MMCV: 1.7.0
MMCV Compiler: GCC 9.3
MMCV CUDA Compiler: 11.3
MMEditing: 0.16.0+
------------------------------------------------------------

2025-06-18 01:18:11,722 - mmedit - INFO - Distributed training: True
2025-06-18 01:18:11,723 - mmedit - INFO - mmedit Version: 0.16.0
2025-06-18 01:18:11,723 - mmedit - INFO - Config:
/data/code2025/Q2/2025-06-02-01/my_config_4x/rcan4x.py
# model settings
img_size = 64
scale = 4
model = dict(
    type='BasicRestorer',
    generator=dict(
        type='RCAN',
        n_resgroups=2,
        n_resblocks=2,
        n_feats=128,
        reduction=4,
        scale=scale),
    pixel_loss=dict(type='L1Loss', loss_weight=1.0, reduction='mean'))
# model training and testing settings
# model training and testing settings
train_cfg = None
test_cfg = dict(metrics=['PSNR', 'SSIM'], crop_border=scale)

# dataset settings
train_dataset_type = 'SRFolderDataset'
val_dataset_type = 'SRFolderDataset'
train_pipeline = [
    dict(
        type='LoadImageFromFile',
        io_backend='disk',
        key='lq',
        flag='unchanged'),
    dict(
        type='LoadImageFromFile',
        io_backend='disk',
        key='gt',
        flag='unchanged'),
    dict(type='RescaleToZeroOne', keys=['lq', 'gt']),
    dict(
        type='Normalize',
        keys=['lq', 'gt'],
        mean=[0, 0, 0],
        std=[1, 1, 1],
        to_rgb=False),
    dict(type='PairedRandomCrop', gt_patch_size=img_size*scale),
    dict(
        type='Flip', keys=['lq', 'gt'], flip_ratio=0.5,
        direction='horizontal'),
    dict(type='Flip', keys=['lq', 'gt'], flip_ratio=0.5, direction='vertical'),
    dict(type='RandomTransposeHW', keys=['lq', 'gt'], transpose_ratio=0.5),
    dict(type='Collect', keys=['lq', 'gt'], meta_keys=['lq_path', 'gt_path']),
    dict(type='ImageToTensor', keys=['lq', 'gt'])
]
test_pipeline = [
    dict(
        type='LoadImageFromFile',
        io_backend='disk',
        key='lq',
        flag='unchanged'),
    dict(
        type='LoadImageFromFile',
        io_backend='disk',
        key='gt',
        flag='unchanged'),
    dict(type='RescaleToZeroOne', keys=['lq', 'gt']),
    dict(
        type='Normalize',
        keys=['lq', 'gt'],
        mean=[0, 0, 0],
        std=[1, 1, 1],
        to_rgb=False),
    dict(type='Collect', keys=['lq', 'gt'], meta_keys=['lq_path', 'gt_path']),
    dict(type='ImageToTensor', keys=['lq', 'gt'])
]

data = dict(
    workers_per_gpu=2,
    train_dataloader=dict(samples_per_gpu=4, drop_last=True),
    val_dataloader=dict(samples_per_gpu=1),
    test_dataloader=dict(samples_per_gpu=1),
    train=dict(
        type=train_dataset_type,
        lq_folder='../datasets/train/LRx4',
        gt_folder='../datasets/train/HRx4',
        pipeline=train_pipeline,
        scale=scale,
        filename_tmpl='{}'),
    val=dict(
        type=val_dataset_type,
        lq_folder='../datasets/test/LRx4',
        gt_folder='../datasets/test/HRx4',
        pipeline=test_pipeline,
        scale=scale,
        filename_tmpl='{}'),
    test=dict(
        type=val_dataset_type,
        lq_folder='../datasets/test/LRx4',
        gt_folder='../datasets/test/HRx4',
        pipeline=test_pipeline,
        scale=scale,
        filename_tmpl='{}'))

# optimizer
optimizers = dict(generator=dict(type='Adam', lr=2e-4, betas=(0.5, 0.999)))

# learning policy
lr_config = dict(
    policy='poly',
    power=0.9,  # The power of polynomial decay.
    min_lr=5e-5,  # The minimum learning rate to stable the training.
    by_epoch=False,  # Whethe count by epoch or not.)
)
evaluation = dict(interval=1000)
# checkpoint saving
checkpoint_config = dict(interval=10000, save_optimizer=False, by_epoch=False)
log_config = dict(
    interval=50,
    hooks=[
        dict(type='TextLoggerHook', by_epoch=False),
        dict(type='TensorboardLoggerHook')
    ])
visual_config = None
# runtime settings
total_iters = 20000
cudnn_benchmark = False
find_unused_parameters = True
dist_params = dict(backend='nccl')
log_level = 'INFO'
load_from = None
resume_from = None
workflow = [('train', 1)]
work_dir = f'./work_dirs_4x/{{ fileBasenameNoExtension }}'

2025-06-18 01:18:11,723 - mmedit - INFO - Set random seed to 0, deterministic: False
2025-06-18 01:19:14,674 - mmedit - INFO - Start running, host: wuyou@wuyou-desktop, work_dir: /data/code2025/Q2/2025-06-02-01/work_dirs_4x/rcan4x
2025-06-18 01:19:14,674 - mmedit - INFO - Hooks will be executed in the following order:
before_run:
(VERY_HIGH   ) PolyLrUpdaterHook                  
(NORMAL      ) CheckpointHook                     
(VERY_LOW    ) TextLoggerHook                     
(VERY_LOW    ) TensorboardLoggerHook              
 -------------------- 
before_train_epoch:
(VERY_HIGH   ) PolyLrUpdaterHook                  
(LOW         ) IterTimerHook                      
(VERY_LOW    ) TextLoggerHook                     
(VERY_LOW    ) TensorboardLoggerHook              
 -------------------- 
before_train_iter:
(VERY_HIGH   ) PolyLrUpdaterHook                  
(LOW         ) IterTimerHook                      
 -------------------- 
after_train_iter:
(NORMAL      ) CheckpointHook                     
(LOW         ) IterTimerHook                      
(LOW         ) DistEvalIterHook                   
(VERY_LOW    ) TextLoggerHook                     
(VERY_LOW    ) TensorboardLoggerHook              
 -------------------- 
after_train_epoch:
(NORMAL      ) CheckpointHook                     
(VERY_LOW    ) TextLoggerHook                     
(VERY_LOW    ) TensorboardLoggerHook              
 -------------------- 
before_val_epoch:
(LOW         ) IterTimerHook                      
(VERY_LOW    ) TextLoggerHook                     
(VERY_LOW    ) TensorboardLoggerHook              
 -------------------- 
before_val_iter:
(LOW         ) IterTimerHook                      
 -------------------- 
after_val_iter:
(LOW         ) IterTimerHook                      
 -------------------- 
after_val_epoch:
(VERY_LOW    ) TextLoggerHook                     
(VERY_LOW    ) TensorboardLoggerHook              
 -------------------- 
after_run:
(VERY_LOW    ) TextLoggerHook                     
(VERY_LOW    ) TensorboardLoggerHook              
 -------------------- 
2025-06-18 01:19:14,675 - mmedit - INFO - workflow: [('train', 1)], max: 20000 iters
2025-06-18 01:19:14,675 - mmedit - INFO - Checkpoints will be saved to /data/code2025/Q2/2025-06-02-01/work_dirs_4x/rcan4x by HardDiskBackend.
2025-06-18 01:19:18,273 - mmedit - INFO - Iter [50/20000]	lr_generator: 1.997e-04, eta: 0:11:34, time: 0.035, data_time: 0.003, memory: 749, loss_pix: 0.0553, loss: 0.0553
2025-06-18 01:19:19,730 - mmedit - INFO - Iter [100/20000]	lr_generator: 1.993e-04, eta: 0:10:36, time: 0.029, data_time: 0.001, memory: 749, loss_pix: 0.0373, loss: 0.0373
2025-06-18 01:19:21,174 - mmedit - INFO - Iter [150/20000]	lr_generator: 1.990e-04, eta: 0:10:14, time: 0.029, data_time: 0.001, memory: 749, loss_pix: 0.0260, loss: 0.0260
2025-06-18 01:19:22,663 - mmedit - INFO - Iter [200/20000]	lr_generator: 1.987e-04, eta: 0:10:07, time: 0.030, data_time: 0.001, memory: 749, loss_pix: 0.0283, loss: 0.0283
2025-06-18 01:19:24,194 - mmedit - INFO - Iter [250/20000]	lr_generator: 1.983e-04, eta: 0:10:05, time: 0.031, data_time: 0.001, memory: 749, loss_pix: 0.0236, loss: 0.0236
2025-06-18 01:19:25,722 - mmedit - INFO - Iter [300/20000]	lr_generator: 1.980e-04, eta: 0:10:03, time: 0.031, data_time: 0.001, memory: 749, loss_pix: 0.0238, loss: 0.0238
2025-06-18 01:19:27,348 - mmedit - INFO - Iter [350/20000]	lr_generator: 1.976e-04, eta: 0:10:07, time: 0.033, data_time: 0.001, memory: 749, loss_pix: 0.0239, loss: 0.0239
2025-06-18 01:19:28,890 - mmedit - INFO - Iter [400/20000]	lr_generator: 1.973e-04, eta: 0:10:05, time: 0.031, data_time: 0.001, memory: 749, loss_pix: 0.0223, loss: 0.0223
2025-06-18 01:19:30,382 - mmedit - INFO - Iter [450/20000]	lr_generator: 1.970e-04, eta: 0:10:01, time: 0.030, data_time: 0.001, memory: 749, loss_pix: 0.0212, loss: 0.0212
2025-06-18 01:19:31,873 - mmedit - INFO - Iter [500/20000]	lr_generator: 1.966e-04, eta: 0:09:58, time: 0.030, data_time: 0.001, memory: 749, loss_pix: 0.0206, loss: 0.0206
2025-06-18 01:19:33,342 - mmedit - INFO - Iter [550/20000]	lr_generator: 1.963e-04, eta: 0:09:54, time: 0.029, data_time: 0.001, memory: 749, loss_pix: 0.0196, loss: 0.0196
2025-06-18 01:19:34,794 - mmedit - INFO - Iter [600/20000]	lr_generator: 1.960e-04, eta: 0:09:50, time: 0.029, data_time: 0.001, memory: 749, loss_pix: 0.7189, loss: 0.7189
2025-06-18 01:19:36,281 - mmedit - INFO - Iter [650/20000]	lr_generator: 1.956e-04, eta: 0:09:47, time: 0.030, data_time: 0.001, memory: 749, loss_pix: 0.0631, loss: 0.0631
2025-06-18 01:19:37,825 - mmedit - INFO - Iter [700/20000]	lr_generator: 1.953e-04, eta: 0:09:46, time: 0.031, data_time: 0.001, memory: 749, loss_pix: 0.0248, loss: 0.0248
2025-06-18 01:19:39,284 - mmedit - INFO - Iter [750/20000]	lr_generator: 1.949e-04, eta: 0:09:43, time: 0.029, data_time: 0.001, memory: 749, loss_pix: 0.0232, loss: 0.0232
2025-06-18 01:19:40,795 - mmedit - INFO - Iter [800/20000]	lr_generator: 1.946e-04, eta: 0:09:42, time: 0.030, data_time: 0.001, memory: 749, loss_pix: 0.0218, loss: 0.0218
2025-06-18 01:19:42,331 - mmedit - INFO - Iter [850/20000]	lr_generator: 1.943e-04, eta: 0:09:41, time: 0.031, data_time: 0.001, memory: 749, loss_pix: 0.0202, loss: 0.0202
2025-06-18 01:19:43,855 - mmedit - INFO - Iter [900/20000]	lr_generator: 1.939e-04, eta: 0:09:39, time: 0.030, data_time: 0.001, memory: 749, loss_pix: 0.0207, loss: 0.0207
2025-06-18 01:19:45,403 - mmedit - INFO - Iter [950/20000]	lr_generator: 1.936e-04, eta: 0:09:38, time: 0.031, data_time: 0.001, memory: 749, loss_pix: 0.0191, loss: 0.0191
2025-06-18 01:19:50,374 - mmedit - INFO - Exp name: rcan4x
2025-06-18 01:19:50,374 - mmedit - INFO - Iter(val) [1000]	PSNR: 31.3956, SSIM: 0.8829
2025-06-18 01:19:50,375 - mmedit - INFO - Exp name: rcan4x
2025-06-18 01:19:50,375 - mmedit - INFO - Iter(val) [1000]	
2025-06-18 01:19:51,879 - mmedit - INFO - Iter [1050/20000]	lr_generator: 1.929e-04, eta: 0:10:09, time: 0.098, data_time: 0.068, memory: 749, loss_pix: 0.0210, loss: 0.0210
2025-06-18 01:19:53,381 - mmedit - INFO - Iter [1100/20000]	lr_generator: 1.926e-04, eta: 0:10:05, time: 0.030, data_time: 0.001, memory: 749, loss_pix: 0.0181, loss: 0.0181
2025-06-18 01:19:54,859 - mmedit - INFO - Iter [1150/20000]	lr_generator: 1.922e-04, eta: 0:10:02, time: 0.030, data_time: 0.001, memory: 749, loss_pix: 0.0178, loss: 0.0178
2025-06-18 01:19:56,367 - mmedit - INFO - Iter [1200/20000]	lr_generator: 1.919e-04, eta: 0:09:59, time: 0.030, data_time: 0.001, memory: 749, loss_pix: 0.0192, loss: 0.0192
2025-06-18 01:19:57,863 - mmedit - INFO - Iter [1250/20000]	lr_generator: 1.915e-04, eta: 0:09:56, time: 0.030, data_time: 0.001, memory: 749, loss_pix: 0.0187, loss: 0.0187
2025-06-18 01:19:59,352 - mmedit - INFO - Iter [1300/20000]	lr_generator: 1.912e-04, eta: 0:09:53, time: 0.030, data_time: 0.001, memory: 749, loss_pix: 0.0185, loss: 0.0185
2025-06-18 01:20:00,797 - mmedit - INFO - Iter [1350/20000]	lr_generator: 1.909e-04, eta: 0:09:49, time: 0.029, data_time: 0.001, memory: 749, loss_pix: 0.0181, loss: 0.0181
2025-06-18 01:20:02,331 - mmedit - INFO - Iter [1400/20000]	lr_generator: 1.905e-04, eta: 0:09:47, time: 0.031, data_time: 0.001, memory: 749, loss_pix: 0.0180, loss: 0.0180
2025-06-18 01:20:03,904 - mmedit - INFO - Iter [1450/20000]	lr_generator: 1.902e-04, eta: 0:09:45, time: 0.031, data_time: 0.001, memory: 749, loss_pix: 0.0189, loss: 0.0189
2025-06-18 01:20:05,409 - mmedit - INFO - Iter [1500/20000]	lr_generator: 1.898e-04, eta: 0:09:43, time: 0.030, data_time: 0.001, memory: 749, loss_pix: 0.0192, loss: 0.0192
2025-06-18 01:20:06,975 - mmedit - INFO - Iter [1550/20000]	lr_generator: 1.895e-04, eta: 0:09:41, time: 0.031, data_time: 0.001, memory: 749, loss_pix: 0.0191, loss: 0.0191
2025-06-18 01:20:08,500 - mmedit - INFO - Iter [1600/20000]	lr_generator: 1.892e-04, eta: 0:09:39, time: 0.030, data_time: 0.001, memory: 749, loss_pix: 0.0181, loss: 0.0181
2025-06-18 01:20:10,059 - mmedit - INFO - Iter [1650/20000]	lr_generator: 1.888e-04, eta: 0:09:37, time: 0.031, data_time: 0.001, memory: 749, loss_pix: 0.0172, loss: 0.0172
2025-06-18 01:20:11,559 - mmedit - INFO - Iter [1700/20000]	lr_generator: 1.885e-04, eta: 0:09:35, time: 0.030, data_time: 0.001, memory: 749, loss_pix: 0.0181, loss: 0.0181
2025-06-18 01:20:13,014 - mmedit - INFO - Iter [1750/20000]	lr_generator: 1.881e-04, eta: 0:09:32, time: 0.029, data_time: 0.001, memory: 749, loss_pix: 0.0178, loss: 0.0178
2025-06-18 01:20:14,507 - mmedit - INFO - Iter [1800/20000]	lr_generator: 1.878e-04, eta: 0:09:30, time: 0.030, data_time: 0.001, memory: 749, loss_pix: 0.0179, loss: 0.0179
2025-06-18 01:20:16,026 - mmedit - INFO - Iter [1850/20000]	lr_generator: 1.875e-04, eta: 0:09:28, time: 0.030, data_time: 0.001, memory: 749, loss_pix: 0.0185, loss: 0.0185
2025-06-18 01:20:17,690 - mmedit - INFO - Iter [1900/20000]	lr_generator: 1.871e-04, eta: 0:09:27, time: 0.033, data_time: 0.001, memory: 749, loss_pix: 0.0183, loss: 0.0183
2025-06-18 01:20:19,161 - mmedit - INFO - Iter [1950/20000]	lr_generator: 1.868e-04, eta: 0:09:24, time: 0.029, data_time: 0.001, memory: 749, loss_pix: 0.0181, loss: 0.0181
2025-06-18 01:20:23,854 - mmedit - INFO - Exp name: rcan4x
2025-06-18 01:20:23,855 - mmedit - INFO - Iter(val) [2000]	PSNR: 31.3783, SSIM: 0.8878
2025-06-18 01:20:23,855 - mmedit - INFO - Exp name: rcan4x
2025-06-18 01:20:23,856 - mmedit - INFO - Iter(val) [2000]	
2025-06-18 01:20:25,305 - mmedit - INFO - Iter [2050/20000]	lr_generator: 1.861e-04, eta: 0:09:35, time: 0.094, data_time: 0.065, memory: 749, loss_pix: 0.0173, loss: 0.0173
2025-06-18 01:20:26,936 - mmedit - INFO - Iter [2100/20000]	lr_generator: 1.858e-04, eta: 0:09:34, time: 0.033, data_time: 0.001, memory: 749, loss_pix: 0.0178, loss: 0.0178
2025-06-18 01:20:28,406 - mmedit - INFO - Iter [2150/20000]	lr_generator: 1.854e-04, eta: 0:09:31, time: 0.029, data_time: 0.001, memory: 749, loss_pix: 0.0173, loss: 0.0173
2025-06-18 01:20:29,980 - mmedit - INFO - Iter [2200/20000]	lr_generator: 1.851e-04, eta: 0:09:29, time: 0.031, data_time: 0.001, memory: 749, loss_pix: 0.0209, loss: 0.0209
2025-06-18 01:20:31,514 - mmedit - INFO - Iter [2250/20000]	lr_generator: 1.847e-04, eta: 0:09:27, time: 0.031, data_time: 0.001, memory: 749, loss_pix: 0.0191, loss: 0.0191
2025-06-18 01:20:33,061 - mmedit - INFO - Iter [2300/20000]	lr_generator: 1.844e-04, eta: 0:09:25, time: 0.031, data_time: 0.001, memory: 749, loss_pix: 0.0200, loss: 0.0200
2025-06-18 01:20:34,605 - mmedit - INFO - Iter [2350/20000]	lr_generator: 1.840e-04, eta: 0:09:23, time: 0.031, data_time: 0.001, memory: 749, loss_pix: 0.0195, loss: 0.0195
2025-06-18 01:20:36,083 - mmedit - INFO - Iter [2400/20000]	lr_generator: 1.837e-04, eta: 0:09:20, time: 0.030, data_time: 0.001, memory: 749, loss_pix: 0.0173, loss: 0.0173
2025-06-18 01:20:37,626 - mmedit - INFO - Iter [2450/20000]	lr_generator: 1.834e-04, eta: 0:09:19, time: 0.031, data_time: 0.001, memory: 749, loss_pix: 0.0172, loss: 0.0172
2025-06-18 01:20:39,159 - mmedit - INFO - Iter [2500/20000]	lr_generator: 1.830e-04, eta: 0:09:17, time: 0.031, data_time: 0.001, memory: 749, loss_pix: 0.0185, loss: 0.0185
2025-06-18 01:20:40,631 - mmedit - INFO - Iter [2550/20000]	lr_generator: 1.827e-04, eta: 0:09:14, time: 0.029, data_time: 0.001, memory: 749, loss_pix: 0.0187, loss: 0.0187
2025-06-18 01:20:42,111 - mmedit - INFO - Iter [2600/20000]	lr_generator: 1.823e-04, eta: 0:09:12, time: 0.030, data_time: 0.001, memory: 749, loss_pix: 0.0198, loss: 0.0198
2025-06-18 01:20:43,570 - mmedit - INFO - Iter [2650/20000]	lr_generator: 1.820e-04, eta: 0:09:09, time: 0.029, data_time: 0.001, memory: 749, loss_pix: 0.0186, loss: 0.0186
2025-06-18 01:20:45,102 - mmedit - INFO - Iter [2700/20000]	lr_generator: 1.817e-04, eta: 0:09:07, time: 0.031, data_time: 0.001, memory: 749, loss_pix: 0.0181, loss: 0.0181
2025-06-18 01:20:46,663 - mmedit - INFO - Iter [2750/20000]	lr_generator: 1.813e-04, eta: 0:09:06, time: 0.031, data_time: 0.001, memory: 749, loss_pix: 0.0184, loss: 0.0184
2025-06-18 01:20:48,164 - mmedit - INFO - Iter [2800/20000]	lr_generator: 1.810e-04, eta: 0:09:04, time: 0.030, data_time: 0.001, memory: 749, loss_pix: 0.0183, loss: 0.0183
2025-06-18 01:20:49,632 - mmedit - INFO - Iter [2850/20000]	lr_generator: 1.806e-04, eta: 0:09:01, time: 0.029, data_time: 0.001, memory: 749, loss_pix: 0.0189, loss: 0.0189
2025-06-18 01:20:51,112 - mmedit - INFO - Iter [2900/20000]	lr_generator: 1.803e-04, eta: 0:08:59, time: 0.030, data_time: 0.001, memory: 749, loss_pix: 0.0177, loss: 0.0177
2025-06-18 01:20:52,596 - mmedit - INFO - Iter [2950/20000]	lr_generator: 1.799e-04, eta: 0:08:57, time: 0.030, data_time: 0.001, memory: 749, loss_pix: 0.0189, loss: 0.0189
2025-06-18 01:20:57,240 - mmedit - INFO - Exp name: rcan4x
2025-06-18 01:20:57,240 - mmedit - INFO - Iter(val) [3000]	PSNR: 31.6039, SSIM: 0.8823
2025-06-18 01:20:57,240 - mmedit - INFO - Exp name: rcan4x
2025-06-18 01:20:57,240 - mmedit - INFO - Iter(val) [3000]	
2025-06-18 01:20:58,727 - mmedit - INFO - Iter [3050/20000]	lr_generator: 1.793e-04, eta: 0:09:02, time: 0.093, data_time: 0.064, memory: 749, loss_pix: 0.0179, loss: 0.0179
2025-06-18 01:21:00,224 - mmedit - INFO - Iter [3100/20000]	lr_generator: 1.789e-04, eta: 0:09:00, time: 0.030, data_time: 0.001, memory: 749, loss_pix: 0.0183, loss: 0.0183
2025-06-18 01:21:01,710 - mmedit - INFO - Iter [3150/20000]	lr_generator: 1.786e-04, eta: 0:08:58, time: 0.030, data_time: 0.001, memory: 749, loss_pix: 0.0181, loss: 0.0181
2025-06-18 01:21:03,213 - mmedit - INFO - Iter [3200/20000]	lr_generator: 1.782e-04, eta: 0:08:56, time: 0.030, data_time: 0.001, memory: 749, loss_pix: 0.0173, loss: 0.0173
2025-06-18 01:21:04,710 - mmedit - INFO - Iter [3250/20000]	lr_generator: 1.779e-04, eta: 0:08:54, time: 0.030, data_time: 0.001, memory: 749, loss_pix: 0.0186, loss: 0.0186
2025-06-18 01:21:06,212 - mmedit - INFO - Iter [3300/20000]	lr_generator: 1.775e-04, eta: 0:08:52, time: 0.030, data_time: 0.001, memory: 749, loss_pix: 0.0177, loss: 0.0177
2025-06-18 01:21:07,729 - mmedit - INFO - Iter [3350/20000]	lr_generator: 1.772e-04, eta: 0:08:50, time: 0.030, data_time: 0.001, memory: 749, loss_pix: 0.0180, loss: 0.0180
2025-06-18 01:21:09,299 - mmedit - INFO - Iter [3400/20000]	lr_generator: 1.768e-04, eta: 0:08:48, time: 0.031, data_time: 0.001, memory: 749, loss_pix: 0.0190, loss: 0.0190
2025-06-18 01:21:10,801 - mmedit - INFO - Iter [3450/20000]	lr_generator: 1.765e-04, eta: 0:08:46, time: 0.030, data_time: 0.001, memory: 749, loss_pix: 0.0189, loss: 0.0189
2025-06-18 01:21:12,330 - mmedit - INFO - Iter [3500/20000]	lr_generator: 1.762e-04, eta: 0:08:44, time: 0.031, data_time: 0.001, memory: 749, loss_pix: 0.0175, loss: 0.0175
2025-06-18 01:21:13,792 - mmedit - INFO - Iter [3550/20000]	lr_generator: 1.758e-04, eta: 0:08:42, time: 0.029, data_time: 0.001, memory: 749, loss_pix: 0.0167, loss: 0.0167
2025-06-18 01:21:15,282 - mmedit - INFO - Iter [3600/20000]	lr_generator: 1.755e-04, eta: 0:08:40, time: 0.030, data_time: 0.001, memory: 749, loss_pix: 0.0190, loss: 0.0190
2025-06-18 01:21:16,740 - mmedit - INFO - Iter [3650/20000]	lr_generator: 1.751e-04, eta: 0:08:38, time: 0.029, data_time: 0.001, memory: 749, loss_pix: 0.0191, loss: 0.0191
2025-06-18 01:21:18,202 - mmedit - INFO - Iter [3700/20000]	lr_generator: 1.748e-04, eta: 0:08:36, time: 0.029, data_time: 0.001, memory: 749, loss_pix: 0.0172, loss: 0.0172
2025-06-18 01:21:19,674 - mmedit - INFO - Iter [3750/20000]	lr_generator: 1.744e-04, eta: 0:08:33, time: 0.029, data_time: 0.001, memory: 749, loss_pix: 0.0188, loss: 0.0188
2025-06-18 01:21:21,153 - mmedit - INFO - Iter [3800/20000]	lr_generator: 1.741e-04, eta: 0:08:31, time: 0.030, data_time: 0.001, memory: 749, loss_pix: 0.0172, loss: 0.0172
2025-06-18 01:21:22,591 - mmedit - INFO - Iter [3850/20000]	lr_generator: 1.737e-04, eta: 0:08:29, time: 0.029, data_time: 0.001, memory: 749, loss_pix: 0.0175, loss: 0.0175
2025-06-18 01:21:24,041 - mmedit - INFO - Iter [3900/20000]	lr_generator: 1.734e-04, eta: 0:08:27, time: 0.029, data_time: 0.001, memory: 749, loss_pix: 0.0188, loss: 0.0188
2025-06-18 01:21:25,549 - mmedit - INFO - Iter [3950/20000]	lr_generator: 1.731e-04, eta: 0:08:25, time: 0.030, data_time: 0.001, memory: 749, loss_pix: 0.0195, loss: 0.0195
2025-06-18 01:21:30,182 - mmedit - INFO - Exp name: rcan4x
2025-06-18 01:21:30,182 - mmedit - INFO - Iter(val) [4000]	PSNR: 31.0449, SSIM: 0.8368
2025-06-18 01:21:30,183 - mmedit - INFO - Exp name: rcan4x
2025-06-18 01:21:30,183 - mmedit - INFO - Iter(val) [4000]	
2025-06-18 01:21:31,650 - mmedit - INFO - Iter [4050/20000]	lr_generator: 1.724e-04, eta: 0:08:28, time: 0.092, data_time: 0.063, memory: 749, loss_pix: 0.0180, loss: 0.0180
2025-06-18 01:21:33,169 - mmedit - INFO - Iter [4100/20000]	lr_generator: 1.720e-04, eta: 0:08:26, time: 0.030, data_time: 0.001, memory: 749, loss_pix: 0.0186, loss: 0.0186
2025-06-18 01:21:34,659 - mmedit - INFO - Iter [4150/20000]	lr_generator: 1.717e-04, eta: 0:08:24, time: 0.030, data_time: 0.001, memory: 749, loss_pix: 0.0191, loss: 0.0191
2025-06-18 01:21:36,101 - mmedit - INFO - Iter [4200/20000]	lr_generator: 1.713e-04, eta: 0:08:22, time: 0.029, data_time: 0.001, memory: 749, loss_pix: 0.0170, loss: 0.0170
2025-06-18 01:21:37,545 - mmedit - INFO - Iter [4250/20000]	lr_generator: 1.710e-04, eta: 0:08:20, time: 0.029, data_time: 0.001, memory: 749, loss_pix: 0.0178, loss: 0.0178
2025-06-18 01:21:39,000 - mmedit - INFO - Iter [4300/20000]	lr_generator: 1.706e-04, eta: 0:08:18, time: 0.029, data_time: 0.001, memory: 749, loss_pix: 0.0173, loss: 0.0173
2025-06-18 01:21:40,433 - mmedit - INFO - Iter [4350/20000]	lr_generator: 1.703e-04, eta: 0:08:16, time: 0.029, data_time: 0.001, memory: 749, loss_pix: 0.0216, loss: 0.0216
2025-06-18 01:21:41,916 - mmedit - INFO - Iter [4400/20000]	lr_generator: 1.700e-04, eta: 0:08:14, time: 0.030, data_time: 0.001, memory: 749, loss_pix: 0.0375, loss: 0.0375
2025-06-18 01:21:43,399 - mmedit - INFO - Iter [4450/20000]	lr_generator: 1.696e-04, eta: 0:08:12, time: 0.030, data_time: 0.001, memory: 749, loss_pix: 0.0177, loss: 0.0177
2025-06-18 01:21:44,871 - mmedit - INFO - Iter [4500/20000]	lr_generator: 1.693e-04, eta: 0:08:10, time: 0.029, data_time: 0.001, memory: 749, loss_pix: 0.0170, loss: 0.0170
2025-06-18 01:21:46,349 - mmedit - INFO - Iter [4550/20000]	lr_generator: 1.689e-04, eta: 0:08:08, time: 0.030, data_time: 0.001, memory: 749, loss_pix: 0.0170, loss: 0.0170
2025-06-18 01:21:47,825 - mmedit - INFO - Iter [4600/20000]	lr_generator: 1.686e-04, eta: 0:08:06, time: 0.030, data_time: 0.001, memory: 749, loss_pix: 0.0180, loss: 0.0180
2025-06-18 01:21:49,309 - mmedit - INFO - Iter [4650/20000]	lr_generator: 1.682e-04, eta: 0:08:04, time: 0.030, data_time: 0.001, memory: 749, loss_pix: 0.0174, loss: 0.0174
2025-06-18 01:21:50,757 - mmedit - INFO - Iter [4700/20000]	lr_generator: 1.679e-04, eta: 0:08:02, time: 0.029, data_time: 0.001, memory: 749, loss_pix: 0.0173, loss: 0.0173
2025-06-18 01:21:52,216 - mmedit - INFO - Iter [4750/20000]	lr_generator: 1.675e-04, eta: 0:08:00, time: 0.029, data_time: 0.001, memory: 749, loss_pix: 0.0166, loss: 0.0166
2025-06-18 01:21:53,713 - mmedit - INFO - Iter [4800/20000]	lr_generator: 1.672e-04, eta: 0:07:58, time: 0.030, data_time: 0.001, memory: 749, loss_pix: 0.0166, loss: 0.0166
2025-06-18 01:21:55,193 - mmedit - INFO - Iter [4850/20000]	lr_generator: 1.668e-04, eta: 0:07:56, time: 0.030, data_time: 0.001, memory: 749, loss_pix: 0.0185, loss: 0.0185
2025-06-18 01:21:56,664 - mmedit - INFO - Iter [4900/20000]	lr_generator: 1.665e-04, eta: 0:07:54, time: 0.029, data_time: 0.001, memory: 749, loss_pix: 0.0175, loss: 0.0175
2025-06-18 01:21:58,193 - mmedit - INFO - Iter [4950/20000]	lr_generator: 1.661e-04, eta: 0:07:53, time: 0.031, data_time: 0.001, memory: 749, loss_pix: 0.0167, loss: 0.0167
2025-06-18 01:22:02,907 - mmedit - INFO - Exp name: rcan4x
2025-06-18 01:22:02,907 - mmedit - INFO - Iter(val) [5000]	PSNR: 31.8405, SSIM: 0.8776
2025-06-18 01:22:02,908 - mmedit - INFO - Exp name: rcan4x
2025-06-18 01:22:02,908 - mmedit - INFO - Iter(val) [5000]	
2025-06-18 01:22:04,344 - mmedit - INFO - Iter [5050/20000]	lr_generator: 1.654e-04, eta: 0:07:54, time: 0.093, data_time: 0.065, memory: 749, loss_pix: 0.0168, loss: 0.0168
2025-06-18 01:22:05,773 - mmedit - INFO - Iter [5100/20000]	lr_generator: 1.651e-04, eta: 0:07:52, time: 0.029, data_time: 0.001, memory: 749, loss_pix: 0.0171, loss: 0.0171
2025-06-18 01:22:07,195 - mmedit - INFO - Iter [5150/20000]	lr_generator: 1.647e-04, eta: 0:07:50, time: 0.028, data_time: 0.001, memory: 749, loss_pix: 0.0183, loss: 0.0183
2025-06-18 01:22:08,637 - mmedit - INFO - Iter [5200/20000]	lr_generator: 1.644e-04, eta: 0:07:48, time: 0.029, data_time: 0.001, memory: 749, loss_pix: 0.0167, loss: 0.0167
2025-06-18 01:22:10,104 - mmedit - INFO - Iter [5250/20000]	lr_generator: 1.641e-04, eta: 0:07:46, time: 0.029, data_time: 0.001, memory: 749, loss_pix: 0.0182, loss: 0.0182
2025-06-18 01:22:11,579 - mmedit - INFO - Iter [5300/20000]	lr_generator: 1.637e-04, eta: 0:07:44, time: 0.030, data_time: 0.001, memory: 749, loss_pix: 0.0172, loss: 0.0172
2025-06-18 01:22:13,024 - mmedit - INFO - Iter [5350/20000]	lr_generator: 1.634e-04, eta: 0:07:42, time: 0.029, data_time: 0.001, memory: 749, loss_pix: 0.0172, loss: 0.0172
2025-06-18 01:22:14,491 - mmedit - INFO - Iter [5400/20000]	lr_generator: 1.630e-04, eta: 0:07:40, time: 0.029, data_time: 0.001, memory: 749, loss_pix: 0.0183, loss: 0.0183
2025-06-18 01:22:15,994 - mmedit - INFO - Iter [5450/20000]	lr_generator: 1.627e-04, eta: 0:07:38, time: 0.030, data_time: 0.001, memory: 749, loss_pix: 0.0164, loss: 0.0164
2025-06-18 01:22:17,508 - mmedit - INFO - Iter [5500/20000]	lr_generator: 1.623e-04, eta: 0:07:37, time: 0.030, data_time: 0.001, memory: 749, loss_pix: 0.0166, loss: 0.0166
2025-06-18 01:22:18,990 - mmedit - INFO - Iter [5550/20000]	lr_generator: 1.620e-04, eta: 0:07:35, time: 0.030, data_time: 0.001, memory: 749, loss_pix: 0.0174, loss: 0.0174
2025-06-18 01:22:20,508 - mmedit - INFO - Iter [5600/20000]	lr_generator: 1.616e-04, eta: 0:07:33, time: 0.030, data_time: 0.001, memory: 749, loss_pix: 0.0184, loss: 0.0184
2025-06-18 01:22:21,980 - mmedit - INFO - Iter [5650/20000]	lr_generator: 1.613e-04, eta: 0:07:31, time: 0.029, data_time: 0.001, memory: 749, loss_pix: 0.0178, loss: 0.0178
2025-06-18 01:22:23,493 - mmedit - INFO - Iter [5700/20000]	lr_generator: 1.609e-04, eta: 0:07:30, time: 0.030, data_time: 0.001, memory: 749, loss_pix: 0.0183, loss: 0.0183
2025-06-18 01:22:24,961 - mmedit - INFO - Iter [5750/20000]	lr_generator: 1.606e-04, eta: 0:07:28, time: 0.029, data_time: 0.001, memory: 749, loss_pix: 0.0175, loss: 0.0175
2025-06-18 01:22:26,420 - mmedit - INFO - Iter [5800/20000]	lr_generator: 1.602e-04, eta: 0:07:26, time: 0.029, data_time: 0.001, memory: 749, loss_pix: 0.0179, loss: 0.0179
2025-06-18 01:22:27,877 - mmedit - INFO - Iter [5850/20000]	lr_generator: 1.599e-04, eta: 0:07:24, time: 0.029, data_time: 0.001, memory: 749, loss_pix: 0.0176, loss: 0.0176
2025-06-18 01:22:29,331 - mmedit - INFO - Iter [5900/20000]	lr_generator: 1.595e-04, eta: 0:07:22, time: 0.029, data_time: 0.001, memory: 749, loss_pix: 0.0164, loss: 0.0164
2025-06-18 01:22:30,784 - mmedit - INFO - Iter [5950/20000]	lr_generator: 1.592e-04, eta: 0:07:20, time: 0.029, data_time: 0.001, memory: 749, loss_pix: 0.0177, loss: 0.0177
2025-06-18 01:22:35,374 - mmedit - INFO - Exp name: rcan4x
2025-06-18 01:22:35,374 - mmedit - INFO - Iter(val) [6000]	PSNR: 31.9933, SSIM: 0.8970
2025-06-18 01:22:35,374 - mmedit - INFO - Exp name: rcan4x
2025-06-18 01:22:35,374 - mmedit - INFO - Iter(val) [6000]	
2025-06-18 01:22:36,830 - mmedit - INFO - Iter [6050/20000]	lr_generator: 1.585e-04, eta: 0:07:21, time: 0.092, data_time: 0.063, memory: 749, loss_pix: 0.0160, loss: 0.0160
2025-06-18 01:22:38,323 - mmedit - INFO - Iter [6100/20000]	lr_generator: 1.581e-04, eta: 0:07:19, time: 0.030, data_time: 0.001, memory: 749, loss_pix: 0.0177, loss: 0.0177
2025-06-18 01:22:39,837 - mmedit - INFO - Iter [6150/20000]	lr_generator: 1.578e-04, eta: 0:07:17, time: 0.030, data_time: 0.001, memory: 749, loss_pix: 0.0166, loss: 0.0166
2025-06-18 01:22:41,294 - mmedit - INFO - Iter [6200/20000]	lr_generator: 1.574e-04, eta: 0:07:15, time: 0.029, data_time: 0.001, memory: 749, loss_pix: 0.0163, loss: 0.0163
2025-06-18 01:22:42,813 - mmedit - INFO - Iter [6250/20000]	lr_generator: 1.571e-04, eta: 0:07:14, time: 0.030, data_time: 0.001, memory: 749, loss_pix: 0.0172, loss: 0.0172
2025-06-18 01:22:44,353 - mmedit - INFO - Iter [6300/20000]	lr_generator: 1.567e-04, eta: 0:07:12, time: 0.031, data_time: 0.001, memory: 749, loss_pix: 0.0178, loss: 0.0178
2025-06-18 01:22:45,932 - mmedit - INFO - Iter [6350/20000]	lr_generator: 1.564e-04, eta: 0:07:10, time: 0.032, data_time: 0.001, memory: 749, loss_pix: 0.0172, loss: 0.0172
2025-06-18 01:22:47,505 - mmedit - INFO - Iter [6400/20000]	lr_generator: 1.560e-04, eta: 0:07:09, time: 0.031, data_time: 0.001, memory: 749, loss_pix: 0.0178, loss: 0.0178
2025-06-18 01:22:49,016 - mmedit - INFO - Iter [6450/20000]	lr_generator: 1.557e-04, eta: 0:07:07, time: 0.030, data_time: 0.001, memory: 749, loss_pix: 0.0172, loss: 0.0172
2025-06-18 01:22:50,528 - mmedit - INFO - Iter [6500/20000]	lr_generator: 1.553e-04, eta: 0:07:05, time: 0.030, data_time: 0.001, memory: 749, loss_pix: 0.0165, loss: 0.0165
2025-06-18 01:22:52,057 - mmedit - INFO - Iter [6550/20000]	lr_generator: 1.550e-04, eta: 0:07:04, time: 0.031, data_time: 0.001, memory: 749, loss_pix: 0.0167, loss: 0.0167
2025-06-18 01:22:53,556 - mmedit - INFO - Iter [6600/20000]	lr_generator: 1.546e-04, eta: 0:07:02, time: 0.030, data_time: 0.001, memory: 749, loss_pix: 0.0156, loss: 0.0156
2025-06-18 01:22:55,100 - mmedit - INFO - Iter [6650/20000]	lr_generator: 1.543e-04, eta: 0:07:00, time: 0.031, data_time: 0.001, memory: 749, loss_pix: 0.0167, loss: 0.0167
2025-06-18 01:22:56,586 - mmedit - INFO - Iter [6700/20000]	lr_generator: 1.539e-04, eta: 0:06:58, time: 0.030, data_time: 0.001, memory: 749, loss_pix: 0.0165, loss: 0.0165
2025-06-18 01:22:58,012 - mmedit - INFO - Iter [6750/20000]	lr_generator: 1.536e-04, eta: 0:06:57, time: 0.029, data_time: 0.001, memory: 749, loss_pix: 0.0169, loss: 0.0169
2025-06-18 01:22:59,390 - mmedit - INFO - Iter [6800/20000]	lr_generator: 1.532e-04, eta: 0:06:55, time: 0.028, data_time: 0.001, memory: 749, loss_pix: 0.0168, loss: 0.0168
2025-06-18 01:23:00,765 - mmedit - INFO - Iter [6850/20000]	lr_generator: 1.529e-04, eta: 0:06:53, time: 0.028, data_time: 0.001, memory: 749, loss_pix: 0.0171, loss: 0.0171
2025-06-18 01:23:02,282 - mmedit - INFO - Iter [6900/20000]	lr_generator: 1.525e-04, eta: 0:06:51, time: 0.030, data_time: 0.001, memory: 749, loss_pix: 0.0171, loss: 0.0171
2025-06-18 01:23:03,738 - mmedit - INFO - Iter [6950/20000]	lr_generator: 1.522e-04, eta: 0:06:49, time: 0.029, data_time: 0.001, memory: 749, loss_pix: 0.0168, loss: 0.0168
2025-06-18 01:23:08,332 - mmedit - INFO - Exp name: rcan4x
2025-06-18 01:23:08,332 - mmedit - INFO - Iter(val) [7000]	PSNR: 31.9230, SSIM: 0.8844
2025-06-18 01:23:08,333 - mmedit - INFO - Exp name: rcan4x
2025-06-18 01:23:08,333 - mmedit - INFO - Iter(val) [7000]	
2025-06-18 01:23:09,761 - mmedit - INFO - Iter [7050/20000]	lr_generator: 1.514e-04, eta: 0:06:49, time: 0.091, data_time: 0.063, memory: 749, loss_pix: 0.0157, loss: 0.0157
2025-06-18 01:23:11,211 - mmedit - INFO - Iter [7100/20000]	lr_generator: 1.511e-04, eta: 0:06:47, time: 0.029, data_time: 0.001, memory: 749, loss_pix: 0.0170, loss: 0.0170
2025-06-18 01:23:12,701 - mmedit - INFO - Iter [7150/20000]	lr_generator: 1.507e-04, eta: 0:06:45, time: 0.030, data_time: 0.001, memory: 749, loss_pix: 0.0171, loss: 0.0171
2025-06-18 01:23:14,226 - mmedit - INFO - Iter [7200/20000]	lr_generator: 1.504e-04, eta: 0:06:43, time: 0.030, data_time: 0.001, memory: 749, loss_pix: 0.0164, loss: 0.0164
2025-06-18 01:23:15,691 - mmedit - INFO - Iter [7250/20000]	lr_generator: 1.500e-04, eta: 0:06:42, time: 0.029, data_time: 0.001, memory: 749, loss_pix: 0.0158, loss: 0.0158
2025-06-18 01:23:17,164 - mmedit - INFO - Iter [7300/20000]	lr_generator: 1.497e-04, eta: 0:06:40, time: 0.030, data_time: 0.001, memory: 749, loss_pix: 0.0165, loss: 0.0165
2025-06-18 01:23:18,609 - mmedit - INFO - Iter [7350/20000]	lr_generator: 1.493e-04, eta: 0:06:38, time: 0.029, data_time: 0.001, memory: 749, loss_pix: 0.0165, loss: 0.0165
2025-06-18 01:23:20,110 - mmedit - INFO - Iter [7400/20000]	lr_generator: 1.490e-04, eta: 0:06:36, time: 0.030, data_time: 0.001, memory: 749, loss_pix: 0.0169, loss: 0.0169
2025-06-18 01:23:21,579 - mmedit - INFO - Iter [7450/20000]	lr_generator: 1.486e-04, eta: 0:06:35, time: 0.029, data_time: 0.001, memory: 749, loss_pix: 0.0961, loss: 0.0961
2025-06-18 01:23:23,041 - mmedit - INFO - Iter [7500/20000]	lr_generator: 1.483e-04, eta: 0:06:33, time: 0.029, data_time: 0.001, memory: 749, loss_pix: 0.0303, loss: 0.0303
2025-06-18 01:23:24,474 - mmedit - INFO - Iter [7550/20000]	lr_generator: 1.479e-04, eta: 0:06:31, time: 0.029, data_time: 0.001, memory: 749, loss_pix: 0.0206, loss: 0.0206
2025-06-18 01:23:25,914 - mmedit - INFO - Iter [7600/20000]	lr_generator: 1.476e-04, eta: 0:06:29, time: 0.029, data_time: 0.001, memory: 749, loss_pix: 0.0198, loss: 0.0198
2025-06-18 01:23:27,412 - mmedit - INFO - Iter [7650/20000]	lr_generator: 1.472e-04, eta: 0:06:28, time: 0.030, data_time: 0.001, memory: 749, loss_pix: 0.0180, loss: 0.0180
2025-06-18 01:23:28,917 - mmedit - INFO - Iter [7700/20000]	lr_generator: 1.469e-04, eta: 0:06:26, time: 0.030, data_time: 0.001, memory: 749, loss_pix: 0.0166, loss: 0.0166
2025-06-18 01:23:30,425 - mmedit - INFO - Iter [7750/20000]	lr_generator: 1.465e-04, eta: 0:06:24, time: 0.030, data_time: 0.001, memory: 749, loss_pix: 0.0160, loss: 0.0160
2025-06-18 01:23:31,962 - mmedit - INFO - Iter [7800/20000]	lr_generator: 1.461e-04, eta: 0:06:23, time: 0.031, data_time: 0.001, memory: 749, loss_pix: 0.0160, loss: 0.0160
2025-06-18 01:23:33,440 - mmedit - INFO - Iter [7850/20000]	lr_generator: 1.458e-04, eta: 0:06:21, time: 0.030, data_time: 0.001, memory: 749, loss_pix: 0.0175, loss: 0.0175
2025-06-18 01:23:34,942 - mmedit - INFO - Iter [7900/20000]	lr_generator: 1.454e-04, eta: 0:06:19, time: 0.030, data_time: 0.001, memory: 749, loss_pix: 0.0161, loss: 0.0161
2025-06-18 01:23:36,440 - mmedit - INFO - Iter [7950/20000]	lr_generator: 1.451e-04, eta: 0:06:18, time: 0.030, data_time: 0.001, memory: 749, loss_pix: 0.0172, loss: 0.0172
2025-06-18 01:23:41,183 - mmedit - INFO - Exp name: rcan4x
2025-06-18 01:23:41,183 - mmedit - INFO - Iter(val) [8000]	PSNR: 31.9813, SSIM: 0.8842
2025-06-18 01:23:41,184 - mmedit - INFO - Exp name: rcan4x
2025-06-18 01:23:41,184 - mmedit - INFO - Iter(val) [8000]	
2025-06-18 01:23:42,652 - mmedit - INFO - Iter [8050/20000]	lr_generator: 1.444e-04, eta: 0:06:17, time: 0.093, data_time: 0.065, memory: 749, loss_pix: 0.0180, loss: 0.0180
2025-06-18 01:23:44,157 - mmedit - INFO - Iter [8100/20000]	lr_generator: 1.440e-04, eta: 0:06:15, time: 0.030, data_time: 0.001, memory: 749, loss_pix: 0.0167, loss: 0.0167
2025-06-18 01:23:45,647 - mmedit - INFO - Iter [8150/20000]	lr_generator: 1.437e-04, eta: 0:06:13, time: 0.030, data_time: 0.001, memory: 749, loss_pix: 0.0160, loss: 0.0160
2025-06-18 01:23:47,157 - mmedit - INFO - Iter [8200/20000]	lr_generator: 1.433e-04, eta: 0:06:12, time: 0.030, data_time: 0.001, memory: 749, loss_pix: 0.0159, loss: 0.0159
2025-06-18 01:23:48,648 - mmedit - INFO - Iter [8250/20000]	lr_generator: 1.429e-04, eta: 0:06:10, time: 0.030, data_time: 0.001, memory: 749, loss_pix: 0.0165, loss: 0.0165
2025-06-18 01:23:50,175 - mmedit - INFO - Iter [8300/20000]	lr_generator: 1.426e-04, eta: 0:06:08, time: 0.031, data_time: 0.001, memory: 749, loss_pix: 0.0154, loss: 0.0154
2025-06-18 01:23:51,670 - mmedit - INFO - Iter [8350/20000]	lr_generator: 1.422e-04, eta: 0:06:07, time: 0.030, data_time: 0.001, memory: 749, loss_pix: 0.0158, loss: 0.0158
2025-06-18 01:23:53,143 - mmedit - INFO - Iter [8400/20000]	lr_generator: 1.419e-04, eta: 0:06:05, time: 0.029, data_time: 0.001, memory: 749, loss_pix: 0.0161, loss: 0.0161
2025-06-18 01:23:54,625 - mmedit - INFO - Iter [8450/20000]	lr_generator: 1.415e-04, eta: 0:06:03, time: 0.030, data_time: 0.001, memory: 749, loss_pix: 0.0160, loss: 0.0160
2025-06-18 01:23:56,117 - mmedit - INFO - Iter [8500/20000]	lr_generator: 1.412e-04, eta: 0:06:01, time: 0.030, data_time: 0.001, memory: 749, loss_pix: 0.0171, loss: 0.0171
2025-06-18 01:23:57,679 - mmedit - INFO - Iter [8550/20000]	lr_generator: 1.408e-04, eta: 0:06:00, time: 0.031, data_time: 0.001, memory: 749, loss_pix: 0.0161, loss: 0.0161
2025-06-18 01:23:59,175 - mmedit - INFO - Iter [8600/20000]	lr_generator: 1.405e-04, eta: 0:05:58, time: 0.030, data_time: 0.001, memory: 749, loss_pix: 0.0159, loss: 0.0159
2025-06-18 01:24:00,650 - mmedit - INFO - Iter [8650/20000]	lr_generator: 1.401e-04, eta: 0:05:56, time: 0.029, data_time: 0.001, memory: 749, loss_pix: 0.0155, loss: 0.0155
2025-06-18 01:24:02,208 - mmedit - INFO - Iter [8700/20000]	lr_generator: 1.397e-04, eta: 0:05:55, time: 0.031, data_time: 0.001, memory: 749, loss_pix: 0.0160, loss: 0.0160
2025-06-18 01:24:03,715 - mmedit - INFO - Iter [8750/20000]	lr_generator: 1.394e-04, eta: 0:05:53, time: 0.030, data_time: 0.001, memory: 749, loss_pix: 0.0162, loss: 0.0162
2025-06-18 01:24:05,210 - mmedit - INFO - Iter [8800/20000]	lr_generator: 1.390e-04, eta: 0:05:52, time: 0.030, data_time: 0.001, memory: 749, loss_pix: 0.0164, loss: 0.0164
2025-06-18 01:24:06,672 - mmedit - INFO - Iter [8850/20000]	lr_generator: 1.387e-04, eta: 0:05:50, time: 0.029, data_time: 0.001, memory: 749, loss_pix: 0.0163, loss: 0.0163
2025-06-18 01:24:08,101 - mmedit - INFO - Iter [8900/20000]	lr_generator: 1.383e-04, eta: 0:05:48, time: 0.029, data_time: 0.001, memory: 749, loss_pix: 0.0158, loss: 0.0158
2025-06-18 01:24:09,594 - mmedit - INFO - Iter [8950/20000]	lr_generator: 1.379e-04, eta: 0:05:46, time: 0.030, data_time: 0.001, memory: 749, loss_pix: 0.0160, loss: 0.0160
2025-06-18 01:24:14,330 - mmedit - INFO - Exp name: rcan4x
2025-06-18 01:24:14,330 - mmedit - INFO - Iter(val) [9000]	PSNR: 31.7814, SSIM: 0.8986
2025-06-18 01:24:14,331 - mmedit - INFO - Exp name: rcan4x
2025-06-18 01:24:14,331 - mmedit - INFO - Iter(val) [9000]	
2025-06-18 01:24:15,813 - mmedit - INFO - Iter [9050/20000]	lr_generator: 1.372e-04, eta: 0:05:45, time: 0.094, data_time: 0.065, memory: 749, loss_pix: 0.0163, loss: 0.0163
2025-06-18 01:24:17,311 - mmedit - INFO - Iter [9100/20000]	lr_generator: 1.369e-04, eta: 0:05:43, time: 0.030, data_time: 0.001, memory: 749, loss_pix: 0.0156, loss: 0.0156
2025-06-18 01:24:18,795 - mmedit - INFO - Iter [9150/20000]	lr_generator: 1.365e-04, eta: 0:05:42, time: 0.030, data_time: 0.001, memory: 749, loss_pix: 0.0152, loss: 0.0152
2025-06-18 01:24:20,256 - mmedit - INFO - Iter [9200/20000]	lr_generator: 1.362e-04, eta: 0:05:40, time: 0.029, data_time: 0.001, memory: 749, loss_pix: 0.0148, loss: 0.0148
2025-06-18 01:24:21,733 - mmedit - INFO - Iter [9250/20000]	lr_generator: 1.358e-04, eta: 0:05:38, time: 0.030, data_time: 0.001, memory: 749, loss_pix: 0.0167, loss: 0.0167
2025-06-18 01:24:23,205 - mmedit - INFO - Iter [9300/20000]	lr_generator: 1.354e-04, eta: 0:05:37, time: 0.029, data_time: 0.001, memory: 749, loss_pix: 0.0158, loss: 0.0158
2025-06-18 01:24:24,644 - mmedit - INFO - Iter [9350/20000]	lr_generator: 1.351e-04, eta: 0:05:35, time: 0.029, data_time: 0.001, memory: 749, loss_pix: 0.0155, loss: 0.0155
2025-06-18 01:24:26,115 - mmedit - INFO - Iter [9400/20000]	lr_generator: 1.347e-04, eta: 0:05:33, time: 0.029, data_time: 0.001, memory: 749, loss_pix: 0.0157, loss: 0.0157
2025-06-18 01:24:27,608 - mmedit - INFO - Iter [9450/20000]	lr_generator: 1.344e-04, eta: 0:05:32, time: 0.030, data_time: 0.001, memory: 749, loss_pix: 0.0162, loss: 0.0162
2025-06-18 01:24:29,079 - mmedit - INFO - Iter [9500/20000]	lr_generator: 1.340e-04, eta: 0:05:30, time: 0.029, data_time: 0.001, memory: 749, loss_pix: 0.0149, loss: 0.0149
2025-06-18 01:24:30,579 - mmedit - INFO - Iter [9550/20000]	lr_generator: 1.336e-04, eta: 0:05:28, time: 0.030, data_time: 0.001, memory: 749, loss_pix: 0.0172, loss: 0.0172
2025-06-18 01:24:32,052 - mmedit - INFO - Iter [9600/20000]	lr_generator: 1.333e-04, eta: 0:05:27, time: 0.029, data_time: 0.001, memory: 749, loss_pix: 0.0166, loss: 0.0166
2025-06-18 01:24:33,529 - mmedit - INFO - Iter [9650/20000]	lr_generator: 1.329e-04, eta: 0:05:25, time: 0.030, data_time: 0.001, memory: 749, loss_pix: 0.0167, loss: 0.0167
2025-06-18 01:24:35,012 - mmedit - INFO - Iter [9700/20000]	lr_generator: 1.326e-04, eta: 0:05:23, time: 0.030, data_time: 0.001, memory: 749, loss_pix: 0.0161, loss: 0.0161
2025-06-18 01:24:36,478 - mmedit - INFO - Iter [9750/20000]	lr_generator: 1.322e-04, eta: 0:05:22, time: 0.029, data_time: 0.001, memory: 749, loss_pix: 0.0159, loss: 0.0159
2025-06-18 01:24:37,960 - mmedit - INFO - Iter [9800/20000]	lr_generator: 1.318e-04, eta: 0:05:20, time: 0.030, data_time: 0.001, memory: 749, loss_pix: 0.0158, loss: 0.0158
2025-06-18 01:24:39,472 - mmedit - INFO - Iter [9850/20000]	lr_generator: 1.315e-04, eta: 0:05:18, time: 0.030, data_time: 0.001, memory: 749, loss_pix: 0.0155, loss: 0.0155
2025-06-18 01:24:40,959 - mmedit - INFO - Iter [9900/20000]	lr_generator: 1.311e-04, eta: 0:05:17, time: 0.030, data_time: 0.001, memory: 749, loss_pix: 0.0160, loss: 0.0160
2025-06-18 01:24:42,435 - mmedit - INFO - Iter [9950/20000]	lr_generator: 1.308e-04, eta: 0:05:15, time: 0.030, data_time: 0.001, memory: 749, loss_pix: 0.0158, loss: 0.0158
2025-06-18 01:24:43,902 - mmedit - INFO - Saving checkpoint at 10000 iterations
2025-06-18 01:24:47,027 - mmedit - INFO - Exp name: rcan4x
2025-06-18 01:24:47,027 - mmedit - INFO - Iter(val) [10000]	PSNR: 31.8868, SSIM: 0.8909
2025-06-18 01:24:47,028 - mmedit - INFO - Exp name: rcan4x
2025-06-18 01:24:47,028 - mmedit - INFO - Iter(val) [10000]	
2025-06-18 01:24:48,480 - mmedit - INFO - Iter [10050/20000]	lr_generator: 1.300e-04, eta: 0:05:13, time: 0.091, data_time: 0.062, memory: 749, loss_pix: 0.0168, loss: 0.0168
2025-06-18 01:24:49,983 - mmedit - INFO - Iter [10100/20000]	lr_generator: 1.297e-04, eta: 0:05:12, time: 0.030, data_time: 0.001, memory: 749, loss_pix: 0.0164, loss: 0.0164
2025-06-18 01:24:51,501 - mmedit - INFO - Iter [10150/20000]	lr_generator: 1.293e-04, eta: 0:05:10, time: 0.030, data_time: 0.001, memory: 749, loss_pix: 0.0158, loss: 0.0158
2025-06-18 01:24:52,969 - mmedit - INFO - Iter [10200/20000]	lr_generator: 1.289e-04, eta: 0:05:08, time: 0.029, data_time: 0.001, memory: 749, loss_pix: 0.0149, loss: 0.0149
2025-06-18 01:24:54,464 - mmedit - INFO - Iter [10250/20000]	lr_generator: 1.286e-04, eta: 0:05:07, time: 0.030, data_time: 0.001, memory: 749, loss_pix: 0.0154, loss: 0.0154
2025-06-18 01:24:55,976 - mmedit - INFO - Iter [10300/20000]	lr_generator: 1.282e-04, eta: 0:05:05, time: 0.030, data_time: 0.001, memory: 749, loss_pix: 0.0157, loss: 0.0157
2025-06-18 01:24:57,488 - mmedit - INFO - Iter [10350/20000]	lr_generator: 1.279e-04, eta: 0:05:03, time: 0.030, data_time: 0.001, memory: 749, loss_pix: 0.0155, loss: 0.0155
2025-06-18 01:24:58,982 - mmedit - INFO - Iter [10400/20000]	lr_generator: 1.275e-04, eta: 0:05:02, time: 0.030, data_time: 0.001, memory: 749, loss_pix: 0.0158, loss: 0.0158
2025-06-18 01:25:00,454 - mmedit - INFO - Iter [10450/20000]	lr_generator: 1.271e-04, eta: 0:05:00, time: 0.029, data_time: 0.001, memory: 749, loss_pix: 0.0159, loss: 0.0159
2025-06-18 01:25:01,951 - mmedit - INFO - Iter [10500/20000]	lr_generator: 1.268e-04, eta: 0:04:58, time: 0.030, data_time: 0.001, memory: 749, loss_pix: 0.0158, loss: 0.0158
2025-06-18 01:25:03,418 - mmedit - INFO - Iter [10550/20000]	lr_generator: 1.264e-04, eta: 0:04:57, time: 0.029, data_time: 0.001, memory: 749, loss_pix: 0.0177, loss: 0.0177
2025-06-18 01:25:04,886 - mmedit - INFO - Iter [10600/20000]	lr_generator: 1.260e-04, eta: 0:04:55, time: 0.029, data_time: 0.001, memory: 749, loss_pix: 0.0162, loss: 0.0162
2025-06-18 01:25:06,356 - mmedit - INFO - Iter [10650/20000]	lr_generator: 1.257e-04, eta: 0:04:53, time: 0.029, data_time: 0.001, memory: 749, loss_pix: 0.0157, loss: 0.0157
2025-06-18 01:25:07,881 - mmedit - INFO - Iter [10700/20000]	lr_generator: 1.253e-04, eta: 0:04:52, time: 0.031, data_time: 0.001, memory: 749, loss_pix: 0.0167, loss: 0.0167
2025-06-18 01:25:09,398 - mmedit - INFO - Iter [10750/20000]	lr_generator: 1.249e-04, eta: 0:04:50, time: 0.030, data_time: 0.001, memory: 749, loss_pix: 0.0158, loss: 0.0158
2025-06-18 01:25:10,908 - mmedit - INFO - Iter [10800/20000]	lr_generator: 1.246e-04, eta: 0:04:49, time: 0.030, data_time: 0.001, memory: 749, loss_pix: 0.0150, loss: 0.0150
2025-06-18 01:25:12,415 - mmedit - INFO - Iter [10850/20000]	lr_generator: 1.242e-04, eta: 0:04:47, time: 0.030, data_time: 0.001, memory: 749, loss_pix: 0.0161, loss: 0.0161
2025-06-18 01:25:13,965 - mmedit - INFO - Iter [10900/20000]	lr_generator: 1.238e-04, eta: 0:04:45, time: 0.031, data_time: 0.001, memory: 749, loss_pix: 0.0172, loss: 0.0172
2025-06-18 01:25:15,627 - mmedit - INFO - Iter [10950/20000]	lr_generator: 1.235e-04, eta: 0:04:44, time: 0.033, data_time: 0.001, memory: 749, loss_pix: 0.0165, loss: 0.0165
2025-06-18 01:25:20,434 - mmedit - INFO - Exp name: rcan4x
2025-06-18 01:25:20,434 - mmedit - INFO - Iter(val) [11000]	PSNR: 32.1964, SSIM: 0.8987
2025-06-18 01:25:20,434 - mmedit - INFO - Exp name: rcan4x
2025-06-18 01:25:20,435 - mmedit - INFO - Iter(val) [11000]	
2025-06-18 01:25:22,046 - mmedit - INFO - Iter [11050/20000]	lr_generator: 1.228e-04, eta: 0:04:42, time: 0.096, data_time: 0.065, memory: 749, loss_pix: 0.0160, loss: 0.0160
2025-06-18 01:25:23,461 - mmedit - INFO - Iter [11100/20000]	lr_generator: 1.224e-04, eta: 0:04:40, time: 0.028, data_time: 0.001, memory: 749, loss_pix: 0.0155, loss: 0.0155
2025-06-18 01:25:24,987 - mmedit - INFO - Iter [11150/20000]	lr_generator: 1.220e-04, eta: 0:04:39, time: 0.031, data_time: 0.001, memory: 749, loss_pix: 0.0157, loss: 0.0157
2025-06-18 01:25:26,588 - mmedit - INFO - Iter [11200/20000]	lr_generator: 1.217e-04, eta: 0:04:37, time: 0.032, data_time: 0.001, memory: 749, loss_pix: 0.0152, loss: 0.0152
2025-06-18 01:25:28,144 - mmedit - INFO - Iter [11250/20000]	lr_generator: 1.213e-04, eta: 0:04:36, time: 0.031, data_time: 0.001, memory: 749, loss_pix: 0.0155, loss: 0.0155
2025-06-18 01:25:29,713 - mmedit - INFO - Iter [11300/20000]	lr_generator: 1.209e-04, eta: 0:04:34, time: 0.031, data_time: 0.001, memory: 749, loss_pix: 0.0152, loss: 0.0152
2025-06-18 01:25:31,227 - mmedit - INFO - Iter [11350/20000]	lr_generator: 1.206e-04, eta: 0:04:32, time: 0.030, data_time: 0.001, memory: 749, loss_pix: 0.0167, loss: 0.0167
2025-06-18 01:25:32,713 - mmedit - INFO - Iter [11400/20000]	lr_generator: 1.202e-04, eta: 0:04:31, time: 0.030, data_time: 0.001, memory: 749, loss_pix: 0.0162, loss: 0.0162
2025-06-18 01:25:34,164 - mmedit - INFO - Iter [11450/20000]	lr_generator: 1.198e-04, eta: 0:04:29, time: 0.029, data_time: 0.001, memory: 749, loss_pix: 0.0146, loss: 0.0146
2025-06-18 01:25:35,660 - mmedit - INFO - Iter [11500/20000]	lr_generator: 1.195e-04, eta: 0:04:27, time: 0.030, data_time: 0.001, memory: 749, loss_pix: 0.0162, loss: 0.0162
2025-06-18 01:25:37,178 - mmedit - INFO - Iter [11550/20000]	lr_generator: 1.191e-04, eta: 0:04:26, time: 0.030, data_time: 0.001, memory: 749, loss_pix: 0.0155, loss: 0.0155
2025-06-18 01:25:38,648 - mmedit - INFO - Iter [11600/20000]	lr_generator: 1.187e-04, eta: 0:04:24, time: 0.029, data_time: 0.001, memory: 749, loss_pix: 0.0150, loss: 0.0150
2025-06-18 01:25:40,151 - mmedit - INFO - Iter [11650/20000]	lr_generator: 1.183e-04, eta: 0:04:22, time: 0.030, data_time: 0.001, memory: 749, loss_pix: 0.0156, loss: 0.0156
2025-06-18 01:25:41,610 - mmedit - INFO - Iter [11700/20000]	lr_generator: 1.180e-04, eta: 0:04:21, time: 0.029, data_time: 0.001, memory: 749, loss_pix: 0.0154, loss: 0.0154
2025-06-18 01:25:43,095 - mmedit - INFO - Iter [11750/20000]	lr_generator: 1.176e-04, eta: 0:04:19, time: 0.030, data_time: 0.001, memory: 749, loss_pix: 0.0161, loss: 0.0161
2025-06-18 01:25:44,559 - mmedit - INFO - Iter [11800/20000]	lr_generator: 1.172e-04, eta: 0:04:18, time: 0.029, data_time: 0.001, memory: 749, loss_pix: 0.0151, loss: 0.0151
2025-06-18 01:25:46,021 - mmedit - INFO - Iter [11850/20000]	lr_generator: 1.169e-04, eta: 0:04:16, time: 0.029, data_time: 0.001, memory: 749, loss_pix: 0.0149, loss: 0.0149
2025-06-18 01:25:47,490 - mmedit - INFO - Iter [11900/20000]	lr_generator: 1.165e-04, eta: 0:04:14, time: 0.029, data_time: 0.001, memory: 749, loss_pix: 0.0153, loss: 0.0153
2025-06-18 01:25:48,940 - mmedit - INFO - Iter [11950/20000]	lr_generator: 1.161e-04, eta: 0:04:13, time: 0.029, data_time: 0.001, memory: 749, loss_pix: 0.0149, loss: 0.0149
2025-06-18 01:25:53,500 - mmedit - INFO - Exp name: rcan4x
2025-06-18 01:25:53,500 - mmedit - INFO - Iter(val) [12000]	PSNR: 32.2860, SSIM: 0.9022
2025-06-18 01:25:53,501 - mmedit - INFO - Exp name: rcan4x
2025-06-18 01:25:53,501 - mmedit - INFO - Iter(val) [12000]	
2025-06-18 01:25:54,943 - mmedit - INFO - Iter [12050/20000]	lr_generator: 1.154e-04, eta: 0:04:10, time: 0.091, data_time: 0.062, memory: 749, loss_pix: 0.0141, loss: 0.0141
2025-06-18 01:25:56,404 - mmedit - INFO - Iter [12100/20000]	lr_generator: 1.150e-04, eta: 0:04:09, time: 0.029, data_time: 0.001, memory: 749, loss_pix: 0.0140, loss: 0.0140
2025-06-18 01:25:57,885 - mmedit - INFO - Iter [12150/20000]	lr_generator: 1.147e-04, eta: 0:04:07, time: 0.030, data_time: 0.001, memory: 749, loss_pix: 0.0163, loss: 0.0163
2025-06-18 01:25:59,348 - mmedit - INFO - Iter [12200/20000]	lr_generator: 1.143e-04, eta: 0:04:05, time: 0.029, data_time: 0.001, memory: 749, loss_pix: 0.0160, loss: 0.0160
2025-06-18 01:26:00,807 - mmedit - INFO - Iter [12250/20000]	lr_generator: 1.139e-04, eta: 0:04:04, time: 0.029, data_time: 0.001, memory: 749, loss_pix: 0.0166, loss: 0.0166
2025-06-18 01:26:02,310 - mmedit - INFO - Iter [12300/20000]	lr_generator: 1.135e-04, eta: 0:04:02, time: 0.030, data_time: 0.001, memory: 749, loss_pix: 0.0148, loss: 0.0148
2025-06-18 01:26:03,802 - mmedit - INFO - Iter [12350/20000]	lr_generator: 1.132e-04, eta: 0:04:01, time: 0.030, data_time: 0.001, memory: 749, loss_pix: 0.0160, loss: 0.0160
2025-06-18 01:26:05,323 - mmedit - INFO - Iter [12400/20000]	lr_generator: 1.128e-04, eta: 0:03:59, time: 0.031, data_time: 0.001, memory: 749, loss_pix: 0.0154, loss: 0.0154
2025-06-18 01:26:06,827 - mmedit - INFO - Iter [12450/20000]	lr_generator: 1.124e-04, eta: 0:03:57, time: 0.030, data_time: 0.001, memory: 749, loss_pix: 2.0206, loss: 2.0206
2025-06-18 01:26:08,366 - mmedit - INFO - Iter [12500/20000]	lr_generator: 1.121e-04, eta: 0:03:56, time: 0.031, data_time: 0.001, memory: 749, loss_pix: 0.0806, loss: 0.0806
2025-06-18 01:26:09,845 - mmedit - INFO - Iter [12550/20000]	lr_generator: 1.117e-04, eta: 0:03:54, time: 0.030, data_time: 0.001, memory: 749, loss_pix: 0.0322, loss: 0.0322
2025-06-18 01:26:11,324 - mmedit - INFO - Iter [12600/20000]	lr_generator: 1.113e-04, eta: 0:03:52, time: 0.030, data_time: 0.001, memory: 749, loss_pix: 0.0244, loss: 0.0244
2025-06-18 01:26:12,804 - mmedit - INFO - Iter [12650/20000]	lr_generator: 1.109e-04, eta: 0:03:51, time: 0.030, data_time: 0.001, memory: 749, loss_pix: 0.0209, loss: 0.0209
2025-06-18 01:26:14,268 - mmedit - INFO - Iter [12700/20000]	lr_generator: 1.106e-04, eta: 0:03:49, time: 0.029, data_time: 0.001, memory: 749, loss_pix: 0.0195, loss: 0.0195
2025-06-18 01:26:15,743 - mmedit - INFO - Iter [12750/20000]	lr_generator: 1.102e-04, eta: 0:03:48, time: 0.029, data_time: 0.001, memory: 749, loss_pix: 0.0187, loss: 0.0187
2025-06-18 01:26:17,209 - mmedit - INFO - Iter [12800/20000]	lr_generator: 1.098e-04, eta: 0:03:46, time: 0.029, data_time: 0.001, memory: 749, loss_pix: 0.0171, loss: 0.0171
2025-06-18 01:26:18,685 - mmedit - INFO - Iter [12850/20000]	lr_generator: 1.094e-04, eta: 0:03:44, time: 0.029, data_time: 0.001, memory: 749, loss_pix: 0.0170, loss: 0.0170
2025-06-18 01:26:20,162 - mmedit - INFO - Iter [12900/20000]	lr_generator: 1.091e-04, eta: 0:03:43, time: 0.030, data_time: 0.001, memory: 749, loss_pix: 0.0173, loss: 0.0173
2025-06-18 01:26:21,620 - mmedit - INFO - Iter [12950/20000]	lr_generator: 1.087e-04, eta: 0:03:41, time: 0.029, data_time: 0.001, memory: 749, loss_pix: 0.0172, loss: 0.0172
2025-06-18 01:26:26,166 - mmedit - INFO - Exp name: rcan4x
2025-06-18 01:26:26,167 - mmedit - INFO - Iter(val) [13000]	PSNR: 31.7990, SSIM: 0.8663
2025-06-18 01:26:26,167 - mmedit - INFO - Exp name: rcan4x
2025-06-18 01:26:26,167 - mmedit - INFO - Iter(val) [13000]	
2025-06-18 01:26:27,599 - mmedit - INFO - Iter [13050/20000]	lr_generator: 1.079e-04, eta: 0:03:39, time: 0.090, data_time: 0.062, memory: 749, loss_pix: 0.0163, loss: 0.0163
2025-06-18 01:26:29,065 - mmedit - INFO - Iter [13100/20000]	lr_generator: 1.076e-04, eta: 0:03:37, time: 0.029, data_time: 0.001, memory: 749, loss_pix: 0.0168, loss: 0.0168
2025-06-18 01:26:30,539 - mmedit - INFO - Iter [13150/20000]	lr_generator: 1.072e-04, eta: 0:03:35, time: 0.030, data_time: 0.001, memory: 749, loss_pix: 0.0165, loss: 0.0165
2025-06-18 01:26:32,007 - mmedit - INFO - Iter [13200/20000]	lr_generator: 1.068e-04, eta: 0:03:34, time: 0.029, data_time: 0.001, memory: 749, loss_pix: 0.0158, loss: 0.0158
2025-06-18 01:26:33,492 - mmedit - INFO - Iter [13250/20000]	lr_generator: 1.064e-04, eta: 0:03:32, time: 0.030, data_time: 0.001, memory: 749, loss_pix: 0.0170, loss: 0.0170
2025-06-18 01:26:34,949 - mmedit - INFO - Iter [13300/20000]	lr_generator: 1.061e-04, eta: 0:03:30, time: 0.029, data_time: 0.001, memory: 749, loss_pix: 0.0158, loss: 0.0158
2025-06-18 01:26:36,466 - mmedit - INFO - Iter [13350/20000]	lr_generator: 1.057e-04, eta: 0:03:29, time: 0.030, data_time: 0.001, memory: 749, loss_pix: 0.0154, loss: 0.0154
2025-06-18 01:26:37,936 - mmedit - INFO - Iter [13400/20000]	lr_generator: 1.053e-04, eta: 0:03:27, time: 0.029, data_time: 0.001, memory: 749, loss_pix: 0.0165, loss: 0.0165
2025-06-18 01:26:39,408 - mmedit - INFO - Iter [13450/20000]	lr_generator: 1.049e-04, eta: 0:03:26, time: 0.029, data_time: 0.001, memory: 749, loss_pix: 0.0173, loss: 0.0173
2025-06-18 01:26:40,878 - mmedit - INFO - Iter [13500/20000]	lr_generator: 1.046e-04, eta: 0:03:24, time: 0.029, data_time: 0.001, memory: 749, loss_pix: 0.0165, loss: 0.0165
2025-06-18 01:26:42,372 - mmedit - INFO - Iter [13550/20000]	lr_generator: 1.042e-04, eta: 0:03:22, time: 0.030, data_time: 0.001, memory: 749, loss_pix: 0.0163, loss: 0.0163
2025-06-18 01:26:43,850 - mmedit - INFO - Iter [13600/20000]	lr_generator: 1.038e-04, eta: 0:03:21, time: 0.030, data_time: 0.001, memory: 749, loss_pix: 0.0168, loss: 0.0168
2025-06-18 01:26:45,325 - mmedit - INFO - Iter [13650/20000]	lr_generator: 1.034e-04, eta: 0:03:19, time: 0.030, data_time: 0.001, memory: 749, loss_pix: 0.0168, loss: 0.0168
2025-06-18 01:26:46,804 - mmedit - INFO - Iter [13700/20000]	lr_generator: 1.030e-04, eta: 0:03:18, time: 0.030, data_time: 0.001, memory: 749, loss_pix: 0.0167, loss: 0.0167
2025-06-18 01:26:48,334 - mmedit - INFO - Iter [13750/20000]	lr_generator: 1.027e-04, eta: 0:03:16, time: 0.031, data_time: 0.001, memory: 749, loss_pix: 0.0167, loss: 0.0167
2025-06-18 01:26:49,892 - mmedit - INFO - Iter [13800/20000]	lr_generator: 1.023e-04, eta: 0:03:14, time: 0.031, data_time: 0.001, memory: 749, loss_pix: 0.0170, loss: 0.0170
2025-06-18 01:26:51,351 - mmedit - INFO - Iter [13850/20000]	lr_generator: 1.019e-04, eta: 0:03:13, time: 0.029, data_time: 0.001, memory: 749, loss_pix: 0.0172, loss: 0.0172
2025-06-18 01:26:52,875 - mmedit - INFO - Iter [13900/20000]	lr_generator: 1.015e-04, eta: 0:03:11, time: 0.030, data_time: 0.001, memory: 749, loss_pix: 0.0160, loss: 0.0160
2025-06-18 01:26:54,418 - mmedit - INFO - Iter [13950/20000]	lr_generator: 1.011e-04, eta: 0:03:10, time: 0.031, data_time: 0.001, memory: 749, loss_pix: 0.0170, loss: 0.0170
2025-06-18 01:26:59,054 - mmedit - INFO - Exp name: rcan4x
2025-06-18 01:26:59,054 - mmedit - INFO - Iter(val) [14000]	PSNR: 31.8872, SSIM: 0.8920
2025-06-18 01:26:59,054 - mmedit - INFO - Exp name: rcan4x
2025-06-18 01:26:59,054 - mmedit - INFO - Iter(val) [14000]	
2025-06-18 01:27:00,591 - mmedit - INFO - Iter [14050/20000]	lr_generator: 1.004e-04, eta: 0:03:07, time: 0.092, data_time: 0.062, memory: 749, loss_pix: 0.0156, loss: 0.0156
2025-06-18 01:27:02,101 - mmedit - INFO - Iter [14100/20000]	lr_generator: 1.000e-04, eta: 0:03:05, time: 0.030, data_time: 0.001, memory: 749, loss_pix: 0.0164, loss: 0.0164
2025-06-18 01:27:03,600 - mmedit - INFO - Iter [14150/20000]	lr_generator: 9.962e-05, eta: 0:03:04, time: 0.030, data_time: 0.001, memory: 749, loss_pix: 0.0161, loss: 0.0161
2025-06-18 01:27:05,088 - mmedit - INFO - Iter [14200/20000]	lr_generator: 9.924e-05, eta: 0:03:02, time: 0.030, data_time: 0.001, memory: 749, loss_pix: 0.0157, loss: 0.0157
2025-06-18 01:27:06,569 - mmedit - INFO - Iter [14250/20000]	lr_generator: 9.886e-05, eta: 0:03:01, time: 0.030, data_time: 0.001, memory: 749, loss_pix: 0.0164, loss: 0.0164
2025-06-18 01:27:08,036 - mmedit - INFO - Iter [14300/20000]	lr_generator: 9.848e-05, eta: 0:02:59, time: 0.029, data_time: 0.001, memory: 749, loss_pix: 0.0149, loss: 0.0149
2025-06-18 01:27:09,504 - mmedit - INFO - Iter [14350/20000]	lr_generator: 9.809e-05, eta: 0:02:57, time: 0.029, data_time: 0.001, memory: 749, loss_pix: 0.0155, loss: 0.0155
2025-06-18 01:27:10,964 - mmedit - INFO - Iter [14400/20000]	lr_generator: 9.771e-05, eta: 0:02:56, time: 0.029, data_time: 0.001, memory: 749, loss_pix: 0.0164, loss: 0.0164
2025-06-18 01:27:12,465 - mmedit - INFO - Iter [14450/20000]	lr_generator: 9.733e-05, eta: 0:02:54, time: 0.030, data_time: 0.001, memory: 749, loss_pix: 0.0163, loss: 0.0163
2025-06-18 01:27:13,924 - mmedit - INFO - Iter [14500/20000]	lr_generator: 9.694e-05, eta: 0:02:53, time: 0.029, data_time: 0.001, memory: 749, loss_pix: 0.0159, loss: 0.0159
2025-06-18 01:27:15,370 - mmedit - INFO - Iter [14550/20000]	lr_generator: 9.656e-05, eta: 0:02:51, time: 0.029, data_time: 0.001, memory: 749, loss_pix: 0.0158, loss: 0.0158
2025-06-18 01:27:16,826 - mmedit - INFO - Iter [14600/20000]	lr_generator: 9.617e-05, eta: 0:02:49, time: 0.029, data_time: 0.001, memory: 749, loss_pix: 0.0165, loss: 0.0165
2025-06-18 01:27:18,286 - mmedit - INFO - Iter [14650/20000]	lr_generator: 9.579e-05, eta: 0:02:48, time: 0.029, data_time: 0.001, memory: 749, loss_pix: 0.0158, loss: 0.0158
2025-06-18 01:27:19,746 - mmedit - INFO - Iter [14700/20000]	lr_generator: 9.540e-05, eta: 0:02:46, time: 0.029, data_time: 0.001, memory: 749, loss_pix: 0.0152, loss: 0.0152
2025-06-18 01:27:21,201 - mmedit - INFO - Iter [14750/20000]	lr_generator: 9.502e-05, eta: 0:02:44, time: 0.029, data_time: 0.001, memory: 749, loss_pix: 0.0160, loss: 0.0160
2025-06-18 01:27:22,669 - mmedit - INFO - Iter [14800/20000]	lr_generator: 9.463e-05, eta: 0:02:43, time: 0.029, data_time: 0.001, memory: 749, loss_pix: 0.0163, loss: 0.0163
2025-06-18 01:27:24,130 - mmedit - INFO - Iter [14850/20000]	lr_generator: 9.425e-05, eta: 0:02:41, time: 0.029, data_time: 0.001, memory: 749, loss_pix: 0.0170, loss: 0.0170
2025-06-18 01:27:25,627 - mmedit - INFO - Iter [14900/20000]	lr_generator: 9.386e-05, eta: 0:02:40, time: 0.030, data_time: 0.001, memory: 749, loss_pix: 0.0164, loss: 0.0164
2025-06-18 01:27:27,122 - mmedit - INFO - Iter [14950/20000]	lr_generator: 9.347e-05, eta: 0:02:38, time: 0.030, data_time: 0.001, memory: 749, loss_pix: 0.0161, loss: 0.0161
2025-06-18 01:27:31,737 - mmedit - INFO - Exp name: rcan4x
2025-06-18 01:27:31,737 - mmedit - INFO - Iter(val) [15000]	PSNR: 32.0194, SSIM: 0.8538
2025-06-18 01:27:31,737 - mmedit - INFO - Exp name: rcan4x
2025-06-18 01:27:31,737 - mmedit - INFO - Iter(val) [15000]	
2025-06-18 01:27:33,226 - mmedit - INFO - Iter [15050/20000]	lr_generator: 9.270e-05, eta: 0:02:35, time: 0.092, data_time: 0.063, memory: 749, loss_pix: 0.0159, loss: 0.0159
2025-06-18 01:27:34,689 - mmedit - INFO - Iter [15100/20000]	lr_generator: 9.231e-05, eta: 0:02:34, time: 0.029, data_time: 0.001, memory: 749, loss_pix: 0.0164, loss: 0.0164
2025-06-18 01:27:36,152 - mmedit - INFO - Iter [15150/20000]	lr_generator: 9.192e-05, eta: 0:02:32, time: 0.029, data_time: 0.001, memory: 749, loss_pix: 0.0165, loss: 0.0165
2025-06-18 01:27:37,606 - mmedit - INFO - Iter [15200/20000]	lr_generator: 9.153e-05, eta: 0:02:31, time: 0.029, data_time: 0.001, memory: 749, loss_pix: 0.0160, loss: 0.0160
2025-06-18 01:27:39,078 - mmedit - INFO - Iter [15250/20000]	lr_generator: 9.114e-05, eta: 0:02:29, time: 0.029, data_time: 0.001, memory: 749, loss_pix: 0.0164, loss: 0.0164
2025-06-18 01:27:40,545 - mmedit - INFO - Iter [15300/20000]	lr_generator: 9.075e-05, eta: 0:02:27, time: 0.029, data_time: 0.001, memory: 749, loss_pix: 0.0158, loss: 0.0158
2025-06-18 01:27:42,003 - mmedit - INFO - Iter [15350/20000]	lr_generator: 9.036e-05, eta: 0:02:26, time: 0.029, data_time: 0.001, memory: 749, loss_pix: 0.0163, loss: 0.0163
2025-06-18 01:27:43,484 - mmedit - INFO - Iter [15400/20000]	lr_generator: 8.997e-05, eta: 0:02:24, time: 0.030, data_time: 0.001, memory: 749, loss_pix: 0.0156, loss: 0.0156
2025-06-18 01:27:44,958 - mmedit - INFO - Iter [15450/20000]	lr_generator: 8.958e-05, eta: 0:02:23, time: 0.029, data_time: 0.001, memory: 749, loss_pix: 0.0156, loss: 0.0156
2025-06-18 01:27:46,408 - mmedit - INFO - Iter [15500/20000]	lr_generator: 8.919e-05, eta: 0:02:21, time: 0.029, data_time: 0.001, memory: 749, loss_pix: 0.0158, loss: 0.0158
2025-06-18 01:27:47,872 - mmedit - INFO - Iter [15550/20000]	lr_generator: 8.880e-05, eta: 0:02:19, time: 0.029, data_time: 0.001, memory: 749, loss_pix: 0.0159, loss: 0.0159
2025-06-18 01:27:49,321 - mmedit - INFO - Iter [15600/20000]	lr_generator: 8.840e-05, eta: 0:02:18, time: 0.029, data_time: 0.001, memory: 749, loss_pix: 0.0160, loss: 0.0160
2025-06-18 01:27:50,795 - mmedit - INFO - Iter [15650/20000]	lr_generator: 8.801e-05, eta: 0:02:16, time: 0.029, data_time: 0.001, memory: 749, loss_pix: 0.0152, loss: 0.0152
2025-06-18 01:27:52,230 - mmedit - INFO - Iter [15700/20000]	lr_generator: 8.762e-05, eta: 0:02:15, time: 0.029, data_time: 0.001, memory: 749, loss_pix: 0.0164, loss: 0.0164
2025-06-18 01:27:53,683 - mmedit - INFO - Iter [15750/20000]	lr_generator: 8.722e-05, eta: 0:02:13, time: 0.029, data_time: 0.001, memory: 749, loss_pix: 0.0153, loss: 0.0153
2025-06-18 01:27:55,141 - mmedit - INFO - Iter [15800/20000]	lr_generator: 8.683e-05, eta: 0:02:11, time: 0.029, data_time: 0.001, memory: 749, loss_pix: 0.0157, loss: 0.0157
2025-06-18 01:27:56,586 - mmedit - INFO - Iter [15850/20000]	lr_generator: 8.643e-05, eta: 0:02:10, time: 0.029, data_time: 0.001, memory: 749, loss_pix: 0.0156, loss: 0.0156
2025-06-18 01:27:58,039 - mmedit - INFO - Iter [15900/20000]	lr_generator: 8.604e-05, eta: 0:02:08, time: 0.029, data_time: 0.001, memory: 749, loss_pix: 0.0165, loss: 0.0165
2025-06-18 01:27:59,520 - mmedit - INFO - Iter [15950/20000]	lr_generator: 8.564e-05, eta: 0:02:07, time: 0.030, data_time: 0.001, memory: 749, loss_pix: 0.0164, loss: 0.0164
2025-06-18 01:28:04,088 - mmedit - INFO - Exp name: rcan4x
2025-06-18 01:28:04,088 - mmedit - INFO - Iter(val) [16000]	PSNR: 32.1706, SSIM: 0.8916
2025-06-18 01:28:04,089 - mmedit - INFO - Exp name: rcan4x
2025-06-18 01:28:04,089 - mmedit - INFO - Iter(val) [16000]	
2025-06-18 01:28:05,544 - mmedit - INFO - Iter [16050/20000]	lr_generator: 8.485e-05, eta: 0:02:04, time: 0.091, data_time: 0.062, memory: 749, loss_pix: 0.0154, loss: 0.0154
2025-06-18 01:28:07,008 - mmedit - INFO - Iter [16100/20000]	lr_generator: 8.445e-05, eta: 0:02:02, time: 0.029, data_time: 0.001, memory: 749, loss_pix: 0.0155, loss: 0.0155
2025-06-18 01:28:08,483 - mmedit - INFO - Iter [16150/20000]	lr_generator: 8.405e-05, eta: 0:02:01, time: 0.029, data_time: 0.001, memory: 749, loss_pix: 0.0157, loss: 0.0157
2025-06-18 01:28:09,967 - mmedit - INFO - Iter [16200/20000]	lr_generator: 8.366e-05, eta: 0:01:59, time: 0.030, data_time: 0.001, memory: 749, loss_pix: 0.0168, loss: 0.0168
2025-06-18 01:28:11,483 - mmedit - INFO - Iter [16250/20000]	lr_generator: 8.326e-05, eta: 0:01:57, time: 0.030, data_time: 0.001, memory: 749, loss_pix: 0.0151, loss: 0.0151
2025-06-18 01:28:12,953 - mmedit - INFO - Iter [16300/20000]	lr_generator: 8.286e-05, eta: 0:01:56, time: 0.029, data_time: 0.001, memory: 749, loss_pix: 0.0150, loss: 0.0150
2025-06-18 01:28:14,453 - mmedit - INFO - Iter [16350/20000]	lr_generator: 8.246e-05, eta: 0:01:54, time: 0.030, data_time: 0.001, memory: 749, loss_pix: 0.0175, loss: 0.0175
2025-06-18 01:28:15,936 - mmedit - INFO - Iter [16400/20000]	lr_generator: 8.206e-05, eta: 0:01:53, time: 0.030, data_time: 0.001, memory: 749, loss_pix: 0.0172, loss: 0.0172
2025-06-18 01:28:17,395 - mmedit - INFO - Iter [16450/20000]	lr_generator: 8.166e-05, eta: 0:01:51, time: 0.029, data_time: 0.001, memory: 749, loss_pix: 0.0152, loss: 0.0152
2025-06-18 01:28:18,860 - mmedit - INFO - Iter [16500/20000]	lr_generator: 8.126e-05, eta: 0:01:49, time: 0.029, data_time: 0.001, memory: 749, loss_pix: 0.0167, loss: 0.0167
2025-06-18 01:28:20,323 - mmedit - INFO - Iter [16550/20000]	lr_generator: 8.085e-05, eta: 0:01:48, time: 0.029, data_time: 0.001, memory: 749, loss_pix: 0.0160, loss: 0.0160
2025-06-18 01:28:21,764 - mmedit - INFO - Iter [16600/20000]	lr_generator: 8.045e-05, eta: 0:01:46, time: 0.029, data_time: 0.001, memory: 749, loss_pix: 0.0149, loss: 0.0149
2025-06-18 01:28:23,188 - mmedit - INFO - Iter [16650/20000]	lr_generator: 8.005e-05, eta: 0:01:45, time: 0.028, data_time: 0.001, memory: 749, loss_pix: 0.0157, loss: 0.0157
2025-06-18 01:28:24,636 - mmedit - INFO - Iter [16700/20000]	lr_generator: 7.964e-05, eta: 0:01:43, time: 0.029, data_time: 0.001, memory: 749, loss_pix: 0.0155, loss: 0.0155
2025-06-18 01:28:26,016 - mmedit - INFO - Iter [16750/20000]	lr_generator: 7.924e-05, eta: 0:01:41, time: 0.028, data_time: 0.001, memory: 749, loss_pix: 0.0150, loss: 0.0150
2025-06-18 01:28:27,395 - mmedit - INFO - Iter [16800/20000]	lr_generator: 7.884e-05, eta: 0:01:40, time: 0.028, data_time: 0.001, memory: 749, loss_pix: 0.0150, loss: 0.0150
2025-06-18 01:28:28,774 - mmedit - INFO - Iter [16850/20000]	lr_generator: 7.843e-05, eta: 0:01:38, time: 0.028, data_time: 0.001, memory: 749, loss_pix: 0.0160, loss: 0.0160
2025-06-18 01:28:30,129 - mmedit - INFO - Iter [16900/20000]	lr_generator: 7.802e-05, eta: 0:01:37, time: 0.027, data_time: 0.001, memory: 749, loss_pix: 0.0148, loss: 0.0148
2025-06-18 01:28:31,501 - mmedit - INFO - Iter [16950/20000]	lr_generator: 7.762e-05, eta: 0:01:35, time: 0.027, data_time: 0.001, memory: 749, loss_pix: 0.0168, loss: 0.0168
2025-06-18 01:28:36,016 - mmedit - INFO - Exp name: rcan4x
2025-06-18 01:28:36,016 - mmedit - INFO - Iter(val) [17000]	PSNR: 32.1941, SSIM: 0.8970
2025-06-18 01:28:36,017 - mmedit - INFO - Exp name: rcan4x
2025-06-18 01:28:36,017 - mmedit - INFO - Iter(val) [17000]	
2025-06-18 01:28:37,355 - mmedit - INFO - Iter [17050/20000]	lr_generator: 7.680e-05, eta: 0:01:32, time: 0.089, data_time: 0.063, memory: 749, loss_pix: 0.0160, loss: 0.0160
2025-06-18 01:28:38,709 - mmedit - INFO - Iter [17100/20000]	lr_generator: 7.639e-05, eta: 0:01:30, time: 0.027, data_time: 0.001, memory: 749, loss_pix: 0.0162, loss: 0.0162
2025-06-18 01:28:40,175 - mmedit - INFO - Iter [17150/20000]	lr_generator: 7.598e-05, eta: 0:01:29, time: 0.029, data_time: 0.001, memory: 749, loss_pix: 0.0152, loss: 0.0152
2025-06-18 01:28:41,703 - mmedit - INFO - Iter [17200/20000]	lr_generator: 7.557e-05, eta: 0:01:27, time: 0.031, data_time: 0.001, memory: 749, loss_pix: 0.0158, loss: 0.0158
2025-06-18 01:28:43,197 - mmedit - INFO - Iter [17250/20000]	lr_generator: 7.516e-05, eta: 0:01:26, time: 0.030, data_time: 0.001, memory: 749, loss_pix: 0.0164, loss: 0.0164
2025-06-18 01:28:44,670 - mmedit - INFO - Iter [17300/20000]	lr_generator: 7.475e-05, eta: 0:01:24, time: 0.029, data_time: 0.001, memory: 749, loss_pix: 0.0166, loss: 0.0166
2025-06-18 01:28:46,161 - mmedit - INFO - Iter [17350/20000]	lr_generator: 7.434e-05, eta: 0:01:23, time: 0.030, data_time: 0.001, memory: 749, loss_pix: 0.0152, loss: 0.0152
2025-06-18 01:28:47,656 - mmedit - INFO - Iter [17400/20000]	lr_generator: 7.392e-05, eta: 0:01:21, time: 0.030, data_time: 0.001, memory: 749, loss_pix: 0.0157, loss: 0.0157
2025-06-18 01:28:49,168 - mmedit - INFO - Iter [17450/20000]	lr_generator: 7.351e-05, eta: 0:01:19, time: 0.030, data_time: 0.001, memory: 749, loss_pix: 0.0160, loss: 0.0160
2025-06-18 01:28:50,624 - mmedit - INFO - Iter [17500/20000]	lr_generator: 7.309e-05, eta: 0:01:18, time: 0.029, data_time: 0.001, memory: 749, loss_pix: 0.0160, loss: 0.0160
2025-06-18 01:28:52,114 - mmedit - INFO - Iter [17550/20000]	lr_generator: 7.268e-05, eta: 0:01:16, time: 0.030, data_time: 0.001, memory: 749, loss_pix: 0.0153, loss: 0.0153
2025-06-18 01:28:53,565 - mmedit - INFO - Iter [17600/20000]	lr_generator: 7.226e-05, eta: 0:01:15, time: 0.029, data_time: 0.001, memory: 749, loss_pix: 0.0148, loss: 0.0148
2025-06-18 01:28:55,023 - mmedit - INFO - Iter [17650/20000]	lr_generator: 7.184e-05, eta: 0:01:13, time: 0.029, data_time: 0.001, memory: 749, loss_pix: 0.0154, loss: 0.0154
2025-06-18 01:28:56,478 - mmedit - INFO - Iter [17700/20000]	lr_generator: 7.142e-05, eta: 0:01:12, time: 0.029, data_time: 0.001, memory: 749, loss_pix: 0.0153, loss: 0.0153
2025-06-18 01:28:57,936 - mmedit - INFO - Iter [17750/20000]	lr_generator: 7.100e-05, eta: 0:01:10, time: 0.029, data_time: 0.001, memory: 749, loss_pix: 0.0156, loss: 0.0156
2025-06-18 01:28:59,418 - mmedit - INFO - Iter [17800/20000]	lr_generator: 7.058e-05, eta: 0:01:08, time: 0.030, data_time: 0.001, memory: 749, loss_pix: 0.0154, loss: 0.0154
2025-06-18 01:29:00,879 - mmedit - INFO - Iter [17850/20000]	lr_generator: 7.016e-05, eta: 0:01:07, time: 0.029, data_time: 0.001, memory: 749, loss_pix: 0.0163, loss: 0.0163
2025-06-18 01:29:02,349 - mmedit - INFO - Iter [17900/20000]	lr_generator: 6.974e-05, eta: 0:01:05, time: 0.029, data_time: 0.001, memory: 749, loss_pix: 0.0158, loss: 0.0158
2025-06-18 01:29:03,815 - mmedit - INFO - Iter [17950/20000]	lr_generator: 6.932e-05, eta: 0:01:04, time: 0.029, data_time: 0.001, memory: 749, loss_pix: 0.0168, loss: 0.0168
2025-06-18 01:29:08,263 - mmedit - INFO - Exp name: rcan4x
2025-06-18 01:29:08,263 - mmedit - INFO - Iter(val) [18000]	PSNR: 32.2718, SSIM: 0.8932
2025-06-18 01:29:08,263 - mmedit - INFO - Exp name: rcan4x
2025-06-18 01:29:08,263 - mmedit - INFO - Iter(val) [18000]	
2025-06-18 01:29:09,688 - mmedit - INFO - Iter [18050/20000]	lr_generator: 6.847e-05, eta: 0:01:01, time: 0.088, data_time: 0.060, memory: 749, loss_pix: 0.0158, loss: 0.0158
2025-06-18 01:29:11,123 - mmedit - INFO - Iter [18100/20000]	lr_generator: 6.804e-05, eta: 0:00:59, time: 0.029, data_time: 0.001, memory: 749, loss_pix: 0.0164, loss: 0.0164
2025-06-18 01:29:12,540 - mmedit - INFO - Iter [18150/20000]	lr_generator: 6.761e-05, eta: 0:00:57, time: 0.028, data_time: 0.001, memory: 749, loss_pix: 0.0165, loss: 0.0165
2025-06-18 01:29:13,926 - mmedit - INFO - Iter [18200/20000]	lr_generator: 6.718e-05, eta: 0:00:56, time: 0.028, data_time: 0.001, memory: 749, loss_pix: 0.0150, loss: 0.0150
2025-06-18 01:29:15,294 - mmedit - INFO - Iter [18250/20000]	lr_generator: 6.675e-05, eta: 0:00:54, time: 0.027, data_time: 0.001, memory: 749, loss_pix: 0.0143, loss: 0.0143
2025-06-18 01:29:16,765 - mmedit - INFO - Iter [18300/20000]	lr_generator: 6.632e-05, eta: 0:00:53, time: 0.029, data_time: 0.001, memory: 749, loss_pix: 0.0147, loss: 0.0147
2025-06-18 01:29:18,136 - mmedit - INFO - Iter [18350/20000]	lr_generator: 6.589e-05, eta: 0:00:51, time: 0.027, data_time: 0.001, memory: 749, loss_pix: 0.0156, loss: 0.0156
2025-06-18 01:29:19,617 - mmedit - INFO - Iter [18400/20000]	lr_generator: 6.546e-05, eta: 0:00:50, time: 0.030, data_time: 0.001, memory: 749, loss_pix: 0.0153, loss: 0.0153
2025-06-18 01:29:21,019 - mmedit - INFO - Iter [18450/20000]	lr_generator: 6.502e-05, eta: 0:00:48, time: 0.028, data_time: 0.001, memory: 749, loss_pix: 0.0149, loss: 0.0149
2025-06-18 01:29:22,470 - mmedit - INFO - Iter [18500/20000]	lr_generator: 6.459e-05, eta: 0:00:46, time: 0.029, data_time: 0.001, memory: 749, loss_pix: 0.0162, loss: 0.0162
2025-06-18 01:29:23,910 - mmedit - INFO - Iter [18550/20000]	lr_generator: 6.415e-05, eta: 0:00:45, time: 0.029, data_time: 0.001, memory: 749, loss_pix: 0.0156, loss: 0.0156
2025-06-18 01:29:25,366 - mmedit - INFO - Iter [18600/20000]	lr_generator: 6.371e-05, eta: 0:00:43, time: 0.029, data_time: 0.001, memory: 749, loss_pix: 0.0156, loss: 0.0156
2025-06-18 01:29:26,796 - mmedit - INFO - Iter [18650/20000]	lr_generator: 6.327e-05, eta: 0:00:42, time: 0.029, data_time: 0.001, memory: 749, loss_pix: 0.0152, loss: 0.0152
2025-06-18 01:29:28,234 - mmedit - INFO - Iter [18700/20000]	lr_generator: 6.282e-05, eta: 0:00:40, time: 0.029, data_time: 0.001, memory: 749, loss_pix: 0.0168, loss: 0.0168
2025-06-18 01:29:29,687 - mmedit - INFO - Iter [18750/20000]	lr_generator: 6.238e-05, eta: 0:00:39, time: 0.029, data_time: 0.001, memory: 749, loss_pix: 0.0149, loss: 0.0149
2025-06-18 01:29:31,140 - mmedit - INFO - Iter [18800/20000]	lr_generator: 6.193e-05, eta: 0:00:37, time: 0.029, data_time: 0.001, memory: 749, loss_pix: 0.0155, loss: 0.0155
2025-06-18 01:29:32,568 - mmedit - INFO - Iter [18850/20000]	lr_generator: 6.149e-05, eta: 0:00:35, time: 0.029, data_time: 0.001, memory: 749, loss_pix: 0.0161, loss: 0.0161
2025-06-18 01:29:34,073 - mmedit - INFO - Iter [18900/20000]	lr_generator: 6.104e-05, eta: 0:00:34, time: 0.030, data_time: 0.001, memory: 749, loss_pix: 0.0156, loss: 0.0156
2025-06-18 01:29:35,558 - mmedit - INFO - Iter [18950/20000]	lr_generator: 6.058e-05, eta: 0:00:32, time: 0.030, data_time: 0.001, memory: 749, loss_pix: 0.0160, loss: 0.0160
2025-06-18 01:29:39,955 - mmedit - INFO - Exp name: rcan4x
2025-06-18 01:29:39,956 - mmedit - INFO - Iter(val) [19000]	PSNR: 32.2930, SSIM: 0.8928
2025-06-18 01:29:39,956 - mmedit - INFO - Exp name: rcan4x
2025-06-18 01:29:39,956 - mmedit - INFO - Iter(val) [19000]	
2025-06-18 01:29:41,377 - mmedit - INFO - Iter [19050/20000]	lr_generator: 5.967e-05, eta: 0:00:29, time: 0.087, data_time: 0.059, memory: 749, loss_pix: 0.0155, loss: 0.0155
2025-06-18 01:29:42,892 - mmedit - INFO - Iter [19100/20000]	lr_generator: 5.921e-05, eta: 0:00:28, time: 0.030, data_time: 0.001, memory: 749, loss_pix: 0.0161, loss: 0.0161
2025-06-18 01:29:44,409 - mmedit - INFO - Iter [19150/20000]	lr_generator: 5.875e-05, eta: 0:00:26, time: 0.030, data_time: 0.001, memory: 749, loss_pix: 0.0147, loss: 0.0147
2025-06-18 01:29:45,880 - mmedit - INFO - Iter [19200/20000]	lr_generator: 5.829e-05, eta: 0:00:25, time: 0.030, data_time: 0.001, memory: 749, loss_pix: 0.0148, loss: 0.0148
2025-06-18 01:29:47,338 - mmedit - INFO - Iter [19250/20000]	lr_generator: 5.782e-05, eta: 0:00:23, time: 0.029, data_time: 0.001, memory: 749, loss_pix: 0.0161, loss: 0.0161
2025-06-18 01:29:48,786 - mmedit - INFO - Iter [19300/20000]	lr_generator: 5.735e-05, eta: 0:00:21, time: 0.029, data_time: 0.001, memory: 749, loss_pix: 0.0160, loss: 0.0160
2025-06-18 01:29:50,248 - mmedit - INFO - Iter [19350/20000]	lr_generator: 5.688e-05, eta: 0:00:20, time: 0.029, data_time: 0.001, memory: 749, loss_pix: 0.0148, loss: 0.0148
2025-06-18 01:29:51,701 - mmedit - INFO - Iter [19400/20000]	lr_generator: 5.640e-05, eta: 0:00:18, time: 0.029, data_time: 0.001, memory: 749, loss_pix: 0.0155, loss: 0.0155
2025-06-18 01:29:53,152 - mmedit - INFO - Iter [19450/20000]	lr_generator: 5.592e-05, eta: 0:00:17, time: 0.029, data_time: 0.001, memory: 749, loss_pix: 0.0152, loss: 0.0152
2025-06-18 01:29:54,610 - mmedit - INFO - Iter [19500/20000]	lr_generator: 5.543e-05, eta: 0:00:15, time: 0.029, data_time: 0.001, memory: 749, loss_pix: 0.0155, loss: 0.0155
2025-06-18 01:29:56,061 - mmedit - INFO - Iter [19550/20000]	lr_generator: 5.494e-05, eta: 0:00:14, time: 0.029, data_time: 0.001, memory: 749, loss_pix: 0.0156, loss: 0.0156
2025-06-18 01:29:57,492 - mmedit - INFO - Iter [19600/20000]	lr_generator: 5.445e-05, eta: 0:00:12, time: 0.029, data_time: 0.001, memory: 749, loss_pix: 0.0168, loss: 0.0168
2025-06-18 01:29:58,950 - mmedit - INFO - Iter [19650/20000]	lr_generator: 5.394e-05, eta: 0:00:10, time: 0.029, data_time: 0.001, memory: 749, loss_pix: 0.0152, loss: 0.0152
2025-06-18 01:30:00,396 - mmedit - INFO - Iter [19700/20000]	lr_generator: 5.343e-05, eta: 0:00:09, time: 0.029, data_time: 0.001, memory: 749, loss_pix: 0.0150, loss: 0.0150
2025-06-18 01:30:01,874 - mmedit - INFO - Iter [19750/20000]	lr_generator: 5.292e-05, eta: 0:00:07, time: 0.030, data_time: 0.001, memory: 749, loss_pix: 0.0155, loss: 0.0155
2025-06-18 01:30:03,336 - mmedit - INFO - Iter [19800/20000]	lr_generator: 5.239e-05, eta: 0:00:06, time: 0.029, data_time: 0.001, memory: 749, loss_pix: 0.0152, loss: 0.0152
2025-06-18 01:30:04,792 - mmedit - INFO - Iter [19850/20000]	lr_generator: 5.185e-05, eta: 0:00:04, time: 0.029, data_time: 0.001, memory: 749, loss_pix: 0.0160, loss: 0.0160
2025-06-18 01:30:06,281 - mmedit - INFO - Iter [19900/20000]	lr_generator: 5.129e-05, eta: 0:00:03, time: 0.030, data_time: 0.001, memory: 749, loss_pix: 0.0159, loss: 0.0159
2025-06-18 01:30:07,797 - mmedit - INFO - Iter [19950/20000]	lr_generator: 5.069e-05, eta: 0:00:01, time: 0.030, data_time: 0.001, memory: 749, loss_pix: 0.0148, loss: 0.0148
2025-06-18 01:30:09,399 - mmedit - INFO - Saving checkpoint at 20000 iterations
2025-06-18 01:30:12,436 - mmedit - INFO - Exp name: rcan4x
2025-06-18 01:30:12,437 - mmedit - INFO - Iter(val) [20000]	PSNR: 32.3531, SSIM: 0.9025
2025-06-18 01:30:12,437 - mmedit - INFO - Exp name: rcan4x
2025-06-18 01:30:12,437 - mmedit - INFO - Iter(val) [20000]	
