2025-06-18 01:30:24,282 - mmedit - INFO - Environment info:
------------------------------------------------------------
sys.platform: linux
Python: 3.8.20 (default, Oct  3 2024, 15:24:27) [GCC 11.2.0]
CUDA available: True
GPU 0: NVIDIA GeForce RTX 3090
CUDA_HOME: /usr/local/cuda
NVCC: Cuda compilation tools, release 11.7, V11.7.64
GCC: gcc (Ubuntu 9.4.0-1ubuntu1~20.04.2) 9.4.0
PyTorch: 1.10.0+cu113
PyTorch compiling details: PyTorch built with:
  - GCC 7.3
  - C++ Version: 201402
  - Intel(R) Math Kernel Library Version 2020.0.0 Product Build 20191122 for Intel(R) 64 architecture applications
  - Intel(R) MKL-DNN v2.2.3 (Git Hash 7336ca9f055cf1bfa13efb658fe15dc9b41f0740)
  - OpenMP 201511 (a.k.a. OpenMP 4.5)
  - LAPACK is enabled (usually provided by MKL)
  - NNPACK is enabled
  - CPU capability usage: AVX512
  - CUDA Runtime 11.3
  - NVCC architecture flags: -gencode;arch=compute_37,code=sm_37;-gencode;arch=compute_50,code=sm_50;-gencode;arch=compute_60,code=sm_60;-gencode;arch=compute_70,code=sm_70;-gencode;arch=compute_75,code=sm_75;-gencode;arch=compute_80,code=sm_80;-gencode;arch=compute_86,code=sm_86
  - CuDNN 8.2
  - Magma 2.5.2
  - Build settings: BLAS_INFO=mkl, BUILD_TYPE=Release, CUDA_VERSION=11.3, CUDNN_VERSION=8.2.0, CXX_COMPILER=/opt/rh/devtoolset-7/root/usr/bin/c++, CXX_FLAGS= -Wno-deprecated -fvisibility-inlines-hidden -DUSE_PTHREADPOOL -fopenmp -DNDEBUG -DUSE_KINETO -DUSE_FBGEMM -DUSE_QNNPACK -DUSE_PYTORCH_QNNPACK -DUSE_XNNPACK -DSYMBOLICATE_MOBILE_DEBUG_HANDLE -DEDGE_PROFILER_USE_KINETO -O2 -fPIC -Wno-narrowing -Wall -Wextra -Werror=return-type -Wno-missing-field-initializers -Wno-type-limits -Wno-array-bounds -Wno-unknown-pragmas -Wno-sign-compare -Wno-unused-parameter -Wno-unused-variable -Wno-unused-function -Wno-unused-result -Wno-unused-local-typedefs -Wno-strict-overflow -Wno-strict-aliasing -Wno-error=deprecated-declarations -Wno-stringop-overflow -Wno-psabi -Wno-error=pedantic -Wno-error=redundant-decls -Wno-error=old-style-cast -fdiagnostics-color=always -faligned-new -Wno-unused-but-set-variable -Wno-maybe-uninitialized -fno-math-errno -fno-trapping-math -Werror=format -Wno-stringop-overflow, LAPACK_INFO=mkl, PERF_WITH_AVX=1, PERF_WITH_AVX2=1, PERF_WITH_AVX512=1, TORCH_VERSION=1.10.0, USE_CUDA=ON, USE_CUDNN=ON, USE_EXCEPTION_PTR=1, USE_GFLAGS=OFF, USE_GLOG=OFF, USE_MKL=ON, USE_MKLDNN=ON, USE_MPI=OFF, USE_NCCL=ON, USE_NNPACK=ON, USE_OPENMP=ON, 

TorchVision: 0.11.1+cu113
OpenCV: 4.10.0
MMCV: 1.7.0
MMCV Compiler: GCC 9.3
MMCV CUDA Compiler: 11.3
MMEditing: 0.16.0+
------------------------------------------------------------

2025-06-18 01:30:24,283 - mmedit - INFO - Distributed training: True
2025-06-18 01:30:24,283 - mmedit - INFO - mmedit Version: 0.16.0
2025-06-18 01:30:24,283 - mmedit - INFO - Config:
/data/code2025/Q2/2025-06-02-01/my_config_4x/rdn4x.py
# model settings
img_size = 64
scale = 4
model = dict(
    type='BasicRestorer',
    generator=dict(
        type='RDN',
        in_channels=3,
        out_channels=3,
        mid_channels=32,
        num_blocks=2,
        upscale_factor=scale),
    pixel_loss=dict(type='L1Loss', loss_weight=1.0, reduction='mean'))

# model training and testing settings
# model training and testing settings
train_cfg = None
test_cfg = dict(metrics=['PSNR', 'SSIM'], crop_border=scale)

# dataset settings
train_dataset_type = 'SRFolderDataset'
val_dataset_type = 'SRFolderDataset'
train_pipeline = [
    dict(
        type='LoadImageFromFile',
        io_backend='disk',
        key='lq',
        flag='unchanged'),
    dict(
        type='LoadImageFromFile',
        io_backend='disk',
        key='gt',
        flag='unchanged'),
    dict(type='RescaleToZeroOne', keys=['lq', 'gt']),
    dict(
        type='Normalize',
        keys=['lq', 'gt'],
        mean=[0, 0, 0],
        std=[1, 1, 1],
        to_rgb=False),
    dict(type='PairedRandomCrop', gt_patch_size=img_size*scale),
    dict(
        type='Flip', keys=['lq', 'gt'], flip_ratio=0.5,
        direction='horizontal'),
    dict(type='Flip', keys=['lq', 'gt'], flip_ratio=0.5, direction='vertical'),
    dict(type='RandomTransposeHW', keys=['lq', 'gt'], transpose_ratio=0.5),
    dict(type='Collect', keys=['lq', 'gt'], meta_keys=['lq_path', 'gt_path']),
    dict(type='ImageToTensor', keys=['lq', 'gt'])
]
test_pipeline = [
    dict(
        type='LoadImageFromFile',
        io_backend='disk',
        key='lq',
        flag='unchanged'),
    dict(
        type='LoadImageFromFile',
        io_backend='disk',
        key='gt',
        flag='unchanged'),
    dict(type='RescaleToZeroOne', keys=['lq', 'gt']),
    dict(
        type='Normalize',
        keys=['lq', 'gt'],
        mean=[0, 0, 0],
        std=[1, 1, 1],
        to_rgb=False),
    dict(type='Collect', keys=['lq', 'gt'], meta_keys=['lq_path', 'gt_path']),
    dict(type='ImageToTensor', keys=['lq', 'gt'])
]

data = dict(
    workers_per_gpu=2,
    train_dataloader=dict(samples_per_gpu=4, drop_last=True),
    val_dataloader=dict(samples_per_gpu=1),
    test_dataloader=dict(samples_per_gpu=1),
    train=dict(
        type=train_dataset_type,
        lq_folder='../datasets/train/LRx4',
        gt_folder='../datasets/train/HRx4',
        pipeline=train_pipeline,
        scale=scale,
        filename_tmpl='{}'),
    val=dict(
        type=val_dataset_type,
        lq_folder='../datasets/test/LRx4',
        gt_folder='../datasets/test/HRx4',
        pipeline=test_pipeline,
        scale=scale,
        filename_tmpl='{}'),
    test=dict(
        type=val_dataset_type,
        lq_folder='../datasets/test/LRx4',
        gt_folder='../datasets/test/HRx4',
        pipeline=test_pipeline,
        scale=scale,
        filename_tmpl='{}'))

# optimizer
optimizers = dict(generator=dict(type='Adam', lr=2e-4, betas=(0.5, 0.999)))

# learning policy
lr_config = dict(
    policy='poly',
    power=0.9,  # The power of polynomial decay.
    min_lr=5e-5,  # The minimum learning rate to stable the training.
    by_epoch=False,  # Whethe count by epoch or not.)
)
evaluation = dict(interval=1000)
# checkpoint saving
checkpoint_config = dict(interval=10000, save_optimizer=False, by_epoch=False)
log_config = dict(
    interval=50,
    hooks=[
        dict(type='TextLoggerHook', by_epoch=False),
        dict(type='TensorboardLoggerHook')
    ])
visual_config = None
# runtime settings
total_iters = 20000
cudnn_benchmark = False
find_unused_parameters = True
dist_params = dict(backend='nccl')
log_level = 'INFO'
load_from = None
resume_from = None
workflow = [('train', 1)]
work_dir = f'./work_dirs_4x/{{ fileBasenameNoExtension }}'

2025-06-18 01:30:24,284 - mmedit - INFO - Set random seed to 0, deterministic: False
2025-06-18 01:31:27,241 - mmedit - INFO - Start running, host: wuyou@wuyou-desktop, work_dir: /data/code2025/Q2/2025-06-02-01/work_dirs_4x/rdn4x
2025-06-18 01:31:27,242 - mmedit - INFO - Hooks will be executed in the following order:
before_run:
(VERY_HIGH   ) PolyLrUpdaterHook                  
(NORMAL      ) CheckpointHook                     
(VERY_LOW    ) TextLoggerHook                     
(VERY_LOW    ) TensorboardLoggerHook              
 -------------------- 
before_train_epoch:
(VERY_HIGH   ) PolyLrUpdaterHook                  
(LOW         ) IterTimerHook                      
(VERY_LOW    ) TextLoggerHook                     
(VERY_LOW    ) TensorboardLoggerHook              
 -------------------- 
before_train_iter:
(VERY_HIGH   ) PolyLrUpdaterHook                  
(LOW         ) IterTimerHook                      
 -------------------- 
after_train_iter:
(NORMAL      ) CheckpointHook                     
(LOW         ) IterTimerHook                      
(LOW         ) DistEvalIterHook                   
(VERY_LOW    ) TextLoggerHook                     
(VERY_LOW    ) TensorboardLoggerHook              
 -------------------- 
after_train_epoch:
(NORMAL      ) CheckpointHook                     
(VERY_LOW    ) TextLoggerHook                     
(VERY_LOW    ) TensorboardLoggerHook              
 -------------------- 
before_val_epoch:
(LOW         ) IterTimerHook                      
(VERY_LOW    ) TextLoggerHook                     
(VERY_LOW    ) TensorboardLoggerHook              
 -------------------- 
before_val_iter:
(LOW         ) IterTimerHook                      
 -------------------- 
after_val_iter:
(LOW         ) IterTimerHook                      
 -------------------- 
after_val_epoch:
(VERY_LOW    ) TextLoggerHook                     
(VERY_LOW    ) TensorboardLoggerHook              
 -------------------- 
after_run:
(VERY_LOW    ) TextLoggerHook                     
(VERY_LOW    ) TensorboardLoggerHook              
 -------------------- 
2025-06-18 01:31:27,246 - mmedit - INFO - workflow: [('train', 1)], max: 20000 iters
2025-06-18 01:31:27,246 - mmedit - INFO - Checkpoints will be saved to /data/code2025/Q2/2025-06-02-01/work_dirs_4x/rdn4x by HardDiskBackend.
2025-06-18 01:31:30,453 - mmedit - INFO - Iter [50/20000]	lr_generator: 1.997e-04, eta: 0:09:34, time: 0.029, data_time: 0.003, memory: 193, loss_pix: 0.0716, loss: 0.0716
2025-06-18 01:31:31,661 - mmedit - INFO - Iter [100/20000]	lr_generator: 1.993e-04, eta: 0:08:47, time: 0.024, data_time: 0.001, memory: 193, loss_pix: 0.0421, loss: 0.0421
2025-06-18 01:31:32,859 - mmedit - INFO - Iter [150/20000]	lr_generator: 1.990e-04, eta: 0:08:29, time: 0.024, data_time: 0.001, memory: 193, loss_pix: 0.0344, loss: 0.0344
2025-06-18 01:31:34,031 - mmedit - INFO - Iter [200/20000]	lr_generator: 1.987e-04, eta: 0:08:16, time: 0.023, data_time: 0.001, memory: 193, loss_pix: 0.0328, loss: 0.0328
2025-06-18 01:31:35,193 - mmedit - INFO - Iter [250/20000]	lr_generator: 1.983e-04, eta: 0:08:08, time: 0.023, data_time: 0.001, memory: 193, loss_pix: 0.0258, loss: 0.0258
2025-06-18 01:31:36,388 - mmedit - INFO - Iter [300/20000]	lr_generator: 1.980e-04, eta: 0:08:04, time: 0.024, data_time: 0.001, memory: 193, loss_pix: 0.0228, loss: 0.0228
2025-06-18 01:31:37,607 - mmedit - INFO - Iter [350/20000]	lr_generator: 1.976e-04, eta: 0:08:02, time: 0.024, data_time: 0.001, memory: 193, loss_pix: 0.0236, loss: 0.0236
2025-06-18 01:31:38,785 - mmedit - INFO - Iter [400/20000]	lr_generator: 1.973e-04, eta: 0:07:58, time: 0.024, data_time: 0.001, memory: 193, loss_pix: 0.0228, loss: 0.0228
2025-06-18 01:31:39,971 - mmedit - INFO - Iter [450/20000]	lr_generator: 1.970e-04, eta: 0:07:56, time: 0.024, data_time: 0.001, memory: 193, loss_pix: 0.0223, loss: 0.0223
2025-06-18 01:31:41,177 - mmedit - INFO - Iter [500/20000]	lr_generator: 1.966e-04, eta: 0:07:54, time: 0.024, data_time: 0.001, memory: 193, loss_pix: 0.0213, loss: 0.0213
2025-06-18 01:31:42,328 - mmedit - INFO - Iter [550/20000]	lr_generator: 1.963e-04, eta: 0:07:50, time: 0.023, data_time: 0.001, memory: 193, loss_pix: 0.0208, loss: 0.0208
2025-06-18 01:31:43,482 - mmedit - INFO - Iter [600/20000]	lr_generator: 1.960e-04, eta: 0:07:47, time: 0.023, data_time: 0.001, memory: 193, loss_pix: 0.0207, loss: 0.0207
2025-06-18 01:31:44,648 - mmedit - INFO - Iter [650/20000]	lr_generator: 1.956e-04, eta: 0:07:45, time: 0.023, data_time: 0.001, memory: 193, loss_pix: 0.0205, loss: 0.0205
2025-06-18 01:31:45,832 - mmedit - INFO - Iter [700/20000]	lr_generator: 1.953e-04, eta: 0:07:43, time: 0.024, data_time: 0.001, memory: 193, loss_pix: 0.0206, loss: 0.0206
2025-06-18 01:31:47,021 - mmedit - INFO - Iter [750/20000]	lr_generator: 1.949e-04, eta: 0:07:42, time: 0.024, data_time: 0.001, memory: 193, loss_pix: 0.0213, loss: 0.0213
2025-06-18 01:31:48,229 - mmedit - INFO - Iter [800/20000]	lr_generator: 1.946e-04, eta: 0:07:41, time: 0.024, data_time: 0.001, memory: 193, loss_pix: 0.0208, loss: 0.0208
2025-06-18 01:31:49,433 - mmedit - INFO - Iter [850/20000]	lr_generator: 1.943e-04, eta: 0:07:40, time: 0.024, data_time: 0.001, memory: 193, loss_pix: 0.0195, loss: 0.0195
2025-06-18 01:31:50,633 - mmedit - INFO - Iter [900/20000]	lr_generator: 1.939e-04, eta: 0:07:38, time: 0.024, data_time: 0.001, memory: 193, loss_pix: 0.0203, loss: 0.0203
2025-06-18 01:31:51,849 - mmedit - INFO - Iter [950/20000]	lr_generator: 1.936e-04, eta: 0:07:37, time: 0.024, data_time: 0.000, memory: 193, loss_pix: 0.0199, loss: 0.0199
2025-06-18 01:31:56,196 - mmedit - INFO - Exp name: rdn4x
2025-06-18 01:31:56,196 - mmedit - INFO - Iter(val) [1000]	PSNR: 31.1289, SSIM: 0.8785
2025-06-18 01:31:56,197 - mmedit - INFO - Exp name: rdn4x
2025-06-18 01:31:56,197 - mmedit - INFO - Iter(val) [1000]	
2025-06-18 01:31:57,474 - mmedit - INFO - Iter [1050/20000]	lr_generator: 1.929e-04, eta: 0:08:11, time: 0.088, data_time: 0.063, memory: 193, loss_pix: 0.0200, loss: 0.0200
2025-06-18 01:31:58,737 - mmedit - INFO - Iter [1100/20000]	lr_generator: 1.926e-04, eta: 0:08:09, time: 0.025, data_time: 0.001, memory: 193, loss_pix: 0.0190, loss: 0.0190
2025-06-18 01:31:59,978 - mmedit - INFO - Iter [1150/20000]	lr_generator: 1.922e-04, eta: 0:08:07, time: 0.025, data_time: 0.001, memory: 193, loss_pix: 0.0184, loss: 0.0184
2025-06-18 01:32:01,177 - mmedit - INFO - Iter [1200/20000]	lr_generator: 1.919e-04, eta: 0:08:04, time: 0.024, data_time: 0.001, memory: 193, loss_pix: 0.0200, loss: 0.0200
2025-06-18 01:32:02,405 - mmedit - INFO - Iter [1250/20000]	lr_generator: 1.915e-04, eta: 0:08:02, time: 0.025, data_time: 0.001, memory: 193, loss_pix: 0.0193, loss: 0.0193
2025-06-18 01:32:03,709 - mmedit - INFO - Iter [1300/20000]	lr_generator: 1.912e-04, eta: 0:08:01, time: 0.026, data_time: 0.001, memory: 193, loss_pix: 0.0196, loss: 0.0196
2025-06-18 01:32:04,979 - mmedit - INFO - Iter [1350/20000]	lr_generator: 1.909e-04, eta: 0:07:59, time: 0.025, data_time: 0.001, memory: 193, loss_pix: 0.0178, loss: 0.0178
2025-06-18 01:32:06,215 - mmedit - INFO - Iter [1400/20000]	lr_generator: 1.905e-04, eta: 0:07:57, time: 0.025, data_time: 0.001, memory: 193, loss_pix: 0.0174, loss: 0.0174
2025-06-18 01:32:07,385 - mmedit - INFO - Iter [1450/20000]	lr_generator: 1.902e-04, eta: 0:07:55, time: 0.023, data_time: 0.001, memory: 193, loss_pix: 0.0186, loss: 0.0186
2025-06-18 01:32:08,545 - mmedit - INFO - Iter [1500/20000]	lr_generator: 1.898e-04, eta: 0:07:52, time: 0.023, data_time: 0.001, memory: 193, loss_pix: 0.0192, loss: 0.0192
2025-06-18 01:32:09,704 - mmedit - INFO - Iter [1550/20000]	lr_generator: 1.895e-04, eta: 0:07:49, time: 0.023, data_time: 0.000, memory: 193, loss_pix: 0.0192, loss: 0.0192
2025-06-18 01:32:10,858 - mmedit - INFO - Iter [1600/20000]	lr_generator: 1.892e-04, eta: 0:07:47, time: 0.023, data_time: 0.000, memory: 193, loss_pix: 0.0180, loss: 0.0180
2025-06-18 01:32:12,053 - mmedit - INFO - Iter [1650/20000]	lr_generator: 1.888e-04, eta: 0:07:44, time: 0.024, data_time: 0.001, memory: 193, loss_pix: 0.0177, loss: 0.0177
2025-06-18 01:32:13,227 - mmedit - INFO - Iter [1700/20000]	lr_generator: 1.885e-04, eta: 0:07:42, time: 0.023, data_time: 0.000, memory: 193, loss_pix: 0.0183, loss: 0.0183
2025-06-18 01:32:14,371 - mmedit - INFO - Iter [1750/20000]	lr_generator: 1.881e-04, eta: 0:07:40, time: 0.023, data_time: 0.001, memory: 193, loss_pix: 0.0175, loss: 0.0175
2025-06-18 01:32:15,641 - mmedit - INFO - Iter [1800/20000]	lr_generator: 1.878e-04, eta: 0:07:38, time: 0.025, data_time: 0.001, memory: 193, loss_pix: 0.0179, loss: 0.0179
2025-06-18 01:32:16,925 - mmedit - INFO - Iter [1850/20000]	lr_generator: 1.875e-04, eta: 0:07:37, time: 0.026, data_time: 0.001, memory: 193, loss_pix: 0.0184, loss: 0.0184
2025-06-18 01:32:18,193 - mmedit - INFO - Iter [1900/20000]	lr_generator: 1.871e-04, eta: 0:07:36, time: 0.025, data_time: 0.001, memory: 193, loss_pix: 0.0175, loss: 0.0175
2025-06-18 01:32:19,412 - mmedit - INFO - Iter [1950/20000]	lr_generator: 1.868e-04, eta: 0:07:35, time: 0.024, data_time: 0.001, memory: 193, loss_pix: 0.0174, loss: 0.0174
2025-06-18 01:32:23,333 - mmedit - INFO - Exp name: rdn4x
2025-06-18 01:32:23,333 - mmedit - INFO - Iter(val) [2000]	PSNR: 31.4130, SSIM: 0.8869
2025-06-18 01:32:23,333 - mmedit - INFO - Exp name: rdn4x
2025-06-18 01:32:23,333 - mmedit - INFO - Iter(val) [2000]	
2025-06-18 01:32:24,534 - mmedit - INFO - Iter [2050/20000]	lr_generator: 1.861e-04, eta: 0:07:45, time: 0.080, data_time: 0.056, memory: 193, loss_pix: 0.0173, loss: 0.0173
2025-06-18 01:32:25,769 - mmedit - INFO - Iter [2100/20000]	lr_generator: 1.858e-04, eta: 0:07:43, time: 0.025, data_time: 0.001, memory: 193, loss_pix: 0.0172, loss: 0.0172
2025-06-18 01:32:26,958 - mmedit - INFO - Iter [2150/20000]	lr_generator: 1.854e-04, eta: 0:07:41, time: 0.024, data_time: 0.001, memory: 193, loss_pix: 0.0167, loss: 0.0167
2025-06-18 01:32:28,129 - mmedit - INFO - Iter [2200/20000]	lr_generator: 1.851e-04, eta: 0:07:39, time: 0.023, data_time: 0.001, memory: 193, loss_pix: 0.0202, loss: 0.0202
2025-06-18 01:32:29,322 - mmedit - INFO - Iter [2250/20000]	lr_generator: 1.847e-04, eta: 0:07:37, time: 0.024, data_time: 0.001, memory: 193, loss_pix: 0.0177, loss: 0.0177
2025-06-18 01:32:30,467 - mmedit - INFO - Iter [2300/20000]	lr_generator: 1.844e-04, eta: 0:07:34, time: 0.023, data_time: 0.000, memory: 193, loss_pix: 0.0190, loss: 0.0190
2025-06-18 01:32:31,648 - mmedit - INFO - Iter [2350/20000]	lr_generator: 1.840e-04, eta: 0:07:32, time: 0.024, data_time: 0.000, memory: 193, loss_pix: 0.0190, loss: 0.0190
2025-06-18 01:32:32,837 - mmedit - INFO - Iter [2400/20000]	lr_generator: 1.837e-04, eta: 0:07:30, time: 0.024, data_time: 0.001, memory: 193, loss_pix: 0.0168, loss: 0.0168
2025-06-18 01:32:34,018 - mmedit - INFO - Iter [2450/20000]	lr_generator: 1.834e-04, eta: 0:07:28, time: 0.024, data_time: 0.001, memory: 193, loss_pix: 0.0164, loss: 0.0164
2025-06-18 01:32:35,155 - mmedit - INFO - Iter [2500/20000]	lr_generator: 1.830e-04, eta: 0:07:26, time: 0.023, data_time: 0.001, memory: 193, loss_pix: 0.0176, loss: 0.0176
2025-06-18 01:32:36,319 - mmedit - INFO - Iter [2550/20000]	lr_generator: 1.827e-04, eta: 0:07:24, time: 0.023, data_time: 0.001, memory: 193, loss_pix: 0.0175, loss: 0.0175
2025-06-18 01:32:37,501 - mmedit - INFO - Iter [2600/20000]	lr_generator: 1.823e-04, eta: 0:07:22, time: 0.024, data_time: 0.000, memory: 193, loss_pix: 0.0181, loss: 0.0181
2025-06-18 01:32:38,647 - mmedit - INFO - Iter [2650/20000]	lr_generator: 1.820e-04, eta: 0:07:20, time: 0.023, data_time: 0.001, memory: 193, loss_pix: 0.0171, loss: 0.0171
2025-06-18 01:32:39,797 - mmedit - INFO - Iter [2700/20000]	lr_generator: 1.817e-04, eta: 0:07:18, time: 0.023, data_time: 0.001, memory: 193, loss_pix: 0.0178, loss: 0.0178
2025-06-18 01:32:40,948 - mmedit - INFO - Iter [2750/20000]	lr_generator: 1.813e-04, eta: 0:07:16, time: 0.023, data_time: 0.001, memory: 193, loss_pix: 0.0167, loss: 0.0167
2025-06-18 01:32:42,096 - mmedit - INFO - Iter [2800/20000]	lr_generator: 1.810e-04, eta: 0:07:14, time: 0.023, data_time: 0.001, memory: 193, loss_pix: 0.0170, loss: 0.0170
2025-06-18 01:32:43,239 - mmedit - INFO - Iter [2850/20000]	lr_generator: 1.806e-04, eta: 0:07:12, time: 0.023, data_time: 0.001, memory: 193, loss_pix: 0.0178, loss: 0.0178
2025-06-18 01:32:44,418 - mmedit - INFO - Iter [2900/20000]	lr_generator: 1.803e-04, eta: 0:07:10, time: 0.024, data_time: 0.001, memory: 193, loss_pix: 0.0166, loss: 0.0166
2025-06-18 01:32:45,563 - mmedit - INFO - Iter [2950/20000]	lr_generator: 1.799e-04, eta: 0:07:08, time: 0.023, data_time: 0.001, memory: 193, loss_pix: 0.0171, loss: 0.0171
2025-06-18 01:32:49,583 - mmedit - INFO - Exp name: rdn4x
2025-06-18 01:32:49,583 - mmedit - INFO - Iter(val) [3000]	PSNR: 31.8656, SSIM: 0.8913
2025-06-18 01:32:49,584 - mmedit - INFO - Exp name: rdn4x
2025-06-18 01:32:49,584 - mmedit - INFO - Iter(val) [3000]	
2025-06-18 01:32:50,721 - mmedit - INFO - Iter [3050/20000]	lr_generator: 1.793e-04, eta: 0:07:14, time: 0.079, data_time: 0.057, memory: 193, loss_pix: 0.0166, loss: 0.0166
2025-06-18 01:32:51,906 - mmedit - INFO - Iter [3100/20000]	lr_generator: 1.789e-04, eta: 0:07:12, time: 0.024, data_time: 0.001, memory: 193, loss_pix: 0.0170, loss: 0.0170
2025-06-18 01:32:53,065 - mmedit - INFO - Iter [3150/20000]	lr_generator: 1.786e-04, eta: 0:07:10, time: 0.023, data_time: 0.000, memory: 193, loss_pix: 0.0165, loss: 0.0165
2025-06-18 01:32:54,211 - mmedit - INFO - Iter [3200/20000]	lr_generator: 1.782e-04, eta: 0:07:08, time: 0.023, data_time: 0.001, memory: 193, loss_pix: 0.0165, loss: 0.0165
2025-06-18 01:32:55,388 - mmedit - INFO - Iter [3250/20000]	lr_generator: 1.779e-04, eta: 0:07:06, time: 0.024, data_time: 0.001, memory: 193, loss_pix: 0.0173, loss: 0.0173
2025-06-18 01:32:56,557 - mmedit - INFO - Iter [3300/20000]	lr_generator: 1.775e-04, eta: 0:07:05, time: 0.023, data_time: 0.001, memory: 193, loss_pix: 0.0162, loss: 0.0162
2025-06-18 01:32:57,728 - mmedit - INFO - Iter [3350/20000]	lr_generator: 1.772e-04, eta: 0:07:03, time: 0.023, data_time: 0.001, memory: 193, loss_pix: 0.0167, loss: 0.0167
2025-06-18 01:32:58,905 - mmedit - INFO - Iter [3400/20000]	lr_generator: 1.768e-04, eta: 0:07:01, time: 0.024, data_time: 0.001, memory: 193, loss_pix: 0.0179, loss: 0.0179
2025-06-18 01:33:00,068 - mmedit - INFO - Iter [3450/20000]	lr_generator: 1.765e-04, eta: 0:06:59, time: 0.023, data_time: 0.000, memory: 193, loss_pix: 0.0176, loss: 0.0176
2025-06-18 01:33:01,237 - mmedit - INFO - Iter [3500/20000]	lr_generator: 1.762e-04, eta: 0:06:57, time: 0.023, data_time: 0.000, memory: 193, loss_pix: 0.0164, loss: 0.0164
2025-06-18 01:33:02,363 - mmedit - INFO - Iter [3550/20000]	lr_generator: 1.758e-04, eta: 0:06:56, time: 0.023, data_time: 0.000, memory: 193, loss_pix: 0.0167, loss: 0.0167
2025-06-18 01:33:03,537 - mmedit - INFO - Iter [3600/20000]	lr_generator: 1.755e-04, eta: 0:06:54, time: 0.023, data_time: 0.001, memory: 193, loss_pix: 0.0174, loss: 0.0174
2025-06-18 01:33:04,705 - mmedit - INFO - Iter [3650/20000]	lr_generator: 1.751e-04, eta: 0:06:52, time: 0.023, data_time: 0.000, memory: 193, loss_pix: 0.0170, loss: 0.0170
2025-06-18 01:33:05,890 - mmedit - INFO - Iter [3700/20000]	lr_generator: 1.748e-04, eta: 0:06:51, time: 0.024, data_time: 0.001, memory: 193, loss_pix: 0.0166, loss: 0.0166
2025-06-18 01:33:07,071 - mmedit - INFO - Iter [3750/20000]	lr_generator: 1.744e-04, eta: 0:06:49, time: 0.024, data_time: 0.001, memory: 193, loss_pix: 0.0169, loss: 0.0169
2025-06-18 01:33:08,234 - mmedit - INFO - Iter [3800/20000]	lr_generator: 1.741e-04, eta: 0:06:47, time: 0.023, data_time: 0.001, memory: 193, loss_pix: 0.0162, loss: 0.0162
2025-06-18 01:33:09,419 - mmedit - INFO - Iter [3850/20000]	lr_generator: 1.737e-04, eta: 0:06:46, time: 0.024, data_time: 0.001, memory: 193, loss_pix: 0.0170, loss: 0.0170
2025-06-18 01:33:10,603 - mmedit - INFO - Iter [3900/20000]	lr_generator: 1.734e-04, eta: 0:06:44, time: 0.024, data_time: 0.001, memory: 193, loss_pix: 0.0169, loss: 0.0169
2025-06-18 01:33:11,815 - mmedit - INFO - Iter [3950/20000]	lr_generator: 1.731e-04, eta: 0:06:43, time: 0.024, data_time: 0.001, memory: 193, loss_pix: 0.0177, loss: 0.0177
2025-06-18 01:33:15,842 - mmedit - INFO - Exp name: rdn4x
2025-06-18 01:33:15,843 - mmedit - INFO - Iter(val) [4000]	PSNR: 31.5564, SSIM: 0.8944
2025-06-18 01:33:15,843 - mmedit - INFO - Exp name: rdn4x
2025-06-18 01:33:15,843 - mmedit - INFO - Iter(val) [4000]	
2025-06-18 01:33:16,978 - mmedit - INFO - Iter [4050/20000]	lr_generator: 1.724e-04, eta: 0:06:46, time: 0.079, data_time: 0.057, memory: 193, loss_pix: 0.0161, loss: 0.0161
2025-06-18 01:33:18,191 - mmedit - INFO - Iter [4100/20000]	lr_generator: 1.720e-04, eta: 0:06:44, time: 0.024, data_time: 0.001, memory: 193, loss_pix: 0.0171, loss: 0.0171
2025-06-18 01:33:19,365 - mmedit - INFO - Iter [4150/20000]	lr_generator: 1.717e-04, eta: 0:06:43, time: 0.023, data_time: 0.001, memory: 193, loss_pix: 0.0183, loss: 0.0183
2025-06-18 01:33:20,577 - mmedit - INFO - Iter [4200/20000]	lr_generator: 1.713e-04, eta: 0:06:41, time: 0.024, data_time: 0.000, memory: 193, loss_pix: 0.0156, loss: 0.0156
2025-06-18 01:33:21,830 - mmedit - INFO - Iter [4250/20000]	lr_generator: 1.710e-04, eta: 0:06:40, time: 0.025, data_time: 0.001, memory: 193, loss_pix: 0.0162, loss: 0.0162
2025-06-18 01:33:23,086 - mmedit - INFO - Iter [4300/20000]	lr_generator: 1.706e-04, eta: 0:06:39, time: 0.025, data_time: 0.001, memory: 193, loss_pix: 0.0161, loss: 0.0161
2025-06-18 01:33:24,292 - mmedit - INFO - Iter [4350/20000]	lr_generator: 1.703e-04, eta: 0:06:37, time: 0.024, data_time: 0.001, memory: 193, loss_pix: 0.0167, loss: 0.0167
2025-06-18 01:33:25,489 - mmedit - INFO - Iter [4400/20000]	lr_generator: 1.700e-04, eta: 0:06:36, time: 0.024, data_time: 0.001, memory: 193, loss_pix: 0.0165, loss: 0.0165
2025-06-18 01:33:26,672 - mmedit - INFO - Iter [4450/20000]	lr_generator: 1.696e-04, eta: 0:06:34, time: 0.024, data_time: 0.001, memory: 193, loss_pix: 0.0157, loss: 0.0157
2025-06-18 01:33:27,873 - mmedit - INFO - Iter [4500/20000]	lr_generator: 1.693e-04, eta: 0:06:33, time: 0.024, data_time: 0.001, memory: 193, loss_pix: 0.0159, loss: 0.0159
2025-06-18 01:33:29,055 - mmedit - INFO - Iter [4550/20000]	lr_generator: 1.689e-04, eta: 0:06:31, time: 0.024, data_time: 0.001, memory: 193, loss_pix: 0.0161, loss: 0.0161
2025-06-18 01:33:30,241 - mmedit - INFO - Iter [4600/20000]	lr_generator: 1.686e-04, eta: 0:06:29, time: 0.024, data_time: 0.001, memory: 193, loss_pix: 0.0165, loss: 0.0165
2025-06-18 01:33:31,448 - mmedit - INFO - Iter [4650/20000]	lr_generator: 1.682e-04, eta: 0:06:28, time: 0.024, data_time: 0.001, memory: 193, loss_pix: 0.0159, loss: 0.0159
2025-06-18 01:33:32,633 - mmedit - INFO - Iter [4700/20000]	lr_generator: 1.679e-04, eta: 0:06:26, time: 0.024, data_time: 0.001, memory: 193, loss_pix: 0.0153, loss: 0.0153
2025-06-18 01:33:33,825 - mmedit - INFO - Iter [4750/20000]	lr_generator: 1.675e-04, eta: 0:06:25, time: 0.024, data_time: 0.001, memory: 193, loss_pix: 0.0157, loss: 0.0157
2025-06-18 01:33:34,997 - mmedit - INFO - Iter [4800/20000]	lr_generator: 1.672e-04, eta: 0:06:23, time: 0.023, data_time: 0.001, memory: 193, loss_pix: 0.0160, loss: 0.0160
2025-06-18 01:33:36,177 - mmedit - INFO - Iter [4850/20000]	lr_generator: 1.668e-04, eta: 0:06:22, time: 0.024, data_time: 0.001, memory: 193, loss_pix: 0.0176, loss: 0.0176
2025-06-18 01:33:37,394 - mmedit - INFO - Iter [4900/20000]	lr_generator: 1.665e-04, eta: 0:06:20, time: 0.024, data_time: 0.001, memory: 193, loss_pix: 0.0164, loss: 0.0164
2025-06-18 01:33:38,533 - mmedit - INFO - Iter [4950/20000]	lr_generator: 1.661e-04, eta: 0:06:19, time: 0.023, data_time: 0.001, memory: 193, loss_pix: 0.0158, loss: 0.0158
2025-06-18 01:33:42,584 - mmedit - INFO - Exp name: rdn4x
2025-06-18 01:33:42,584 - mmedit - INFO - Iter(val) [5000]	PSNR: 32.1019, SSIM: 0.8984
2025-06-18 01:33:42,585 - mmedit - INFO - Exp name: rdn4x
2025-06-18 01:33:42,585 - mmedit - INFO - Iter(val) [5000]	
2025-06-18 01:33:43,750 - mmedit - INFO - Iter [5050/20000]	lr_generator: 1.654e-04, eta: 0:06:21, time: 0.081, data_time: 0.058, memory: 193, loss_pix: 0.0162, loss: 0.0162
2025-06-18 01:33:44,933 - mmedit - INFO - Iter [5100/20000]	lr_generator: 1.651e-04, eta: 0:06:19, time: 0.024, data_time: 0.001, memory: 193, loss_pix: 0.0161, loss: 0.0161
2025-06-18 01:33:46,111 - mmedit - INFO - Iter [5150/20000]	lr_generator: 1.647e-04, eta: 0:06:18, time: 0.024, data_time: 0.001, memory: 193, loss_pix: 0.0174, loss: 0.0174
2025-06-18 01:33:47,281 - mmedit - INFO - Iter [5200/20000]	lr_generator: 1.644e-04, eta: 0:06:16, time: 0.023, data_time: 0.000, memory: 193, loss_pix: 0.0155, loss: 0.0155
2025-06-18 01:33:48,444 - mmedit - INFO - Iter [5250/20000]	lr_generator: 1.641e-04, eta: 0:06:15, time: 0.023, data_time: 0.001, memory: 193, loss_pix: 0.0167, loss: 0.0167
2025-06-18 01:33:49,608 - mmedit - INFO - Iter [5300/20000]	lr_generator: 1.637e-04, eta: 0:06:13, time: 0.023, data_time: 0.001, memory: 193, loss_pix: 0.0162, loss: 0.0162
2025-06-18 01:33:50,770 - mmedit - INFO - Iter [5350/20000]	lr_generator: 1.634e-04, eta: 0:06:11, time: 0.023, data_time: 0.001, memory: 193, loss_pix: 0.0162, loss: 0.0162
2025-06-18 01:33:51,975 - mmedit - INFO - Iter [5400/20000]	lr_generator: 1.630e-04, eta: 0:06:10, time: 0.024, data_time: 0.001, memory: 193, loss_pix: 0.0179, loss: 0.0179
2025-06-18 01:33:53,163 - mmedit - INFO - Iter [5450/20000]	lr_generator: 1.627e-04, eta: 0:06:09, time: 0.024, data_time: 0.001, memory: 193, loss_pix: 0.0155, loss: 0.0155
2025-06-18 01:33:54,436 - mmedit - INFO - Iter [5500/20000]	lr_generator: 1.623e-04, eta: 0:06:07, time: 0.025, data_time: 0.001, memory: 193, loss_pix: 0.0158, loss: 0.0158
2025-06-18 01:33:55,729 - mmedit - INFO - Iter [5550/20000]	lr_generator: 1.620e-04, eta: 0:06:06, time: 0.026, data_time: 0.001, memory: 193, loss_pix: 0.0156, loss: 0.0156
2025-06-18 01:33:56,958 - mmedit - INFO - Iter [5600/20000]	lr_generator: 1.616e-04, eta: 0:06:05, time: 0.025, data_time: 0.001, memory: 193, loss_pix: 0.0169, loss: 0.0169
2025-06-18 01:33:58,169 - mmedit - INFO - Iter [5650/20000]	lr_generator: 1.613e-04, eta: 0:06:03, time: 0.024, data_time: 0.001, memory: 193, loss_pix: 0.0166, loss: 0.0166
2025-06-18 01:33:59,333 - mmedit - INFO - Iter [5700/20000]	lr_generator: 1.609e-04, eta: 0:06:02, time: 0.023, data_time: 0.001, memory: 193, loss_pix: 0.0173, loss: 0.0173
2025-06-18 01:34:00,542 - mmedit - INFO - Iter [5750/20000]	lr_generator: 1.606e-04, eta: 0:06:00, time: 0.024, data_time: 0.001, memory: 193, loss_pix: 0.0167, loss: 0.0167
2025-06-18 01:34:01,732 - mmedit - INFO - Iter [5800/20000]	lr_generator: 1.602e-04, eta: 0:05:59, time: 0.024, data_time: 0.001, memory: 193, loss_pix: 0.0158, loss: 0.0158
2025-06-18 01:34:02,929 - mmedit - INFO - Iter [5850/20000]	lr_generator: 1.599e-04, eta: 0:05:57, time: 0.024, data_time: 0.001, memory: 193, loss_pix: 0.0162, loss: 0.0162
2025-06-18 01:34:04,140 - mmedit - INFO - Iter [5900/20000]	lr_generator: 1.595e-04, eta: 0:05:56, time: 0.024, data_time: 0.001, memory: 193, loss_pix: 0.0157, loss: 0.0157
2025-06-18 01:34:05,331 - mmedit - INFO - Iter [5950/20000]	lr_generator: 1.592e-04, eta: 0:05:55, time: 0.024, data_time: 0.001, memory: 193, loss_pix: 0.0173, loss: 0.0173
2025-06-18 01:34:09,461 - mmedit - INFO - Exp name: rdn4x
2025-06-18 01:34:09,462 - mmedit - INFO - Iter(val) [6000]	PSNR: 32.1662, SSIM: 0.8997
2025-06-18 01:34:09,462 - mmedit - INFO - Exp name: rdn4x
2025-06-18 01:34:09,462 - mmedit - INFO - Iter(val) [6000]	
2025-06-18 01:34:10,643 - mmedit - INFO - Iter [6050/20000]	lr_generator: 1.585e-04, eta: 0:05:56, time: 0.083, data_time: 0.060, memory: 193, loss_pix: 0.0154, loss: 0.0154
2025-06-18 01:34:11,834 - mmedit - INFO - Iter [6100/20000]	lr_generator: 1.581e-04, eta: 0:05:54, time: 0.024, data_time: 0.001, memory: 193, loss_pix: 0.0166, loss: 0.0166
2025-06-18 01:34:13,023 - mmedit - INFO - Iter [6150/20000]	lr_generator: 1.578e-04, eta: 0:05:53, time: 0.024, data_time: 0.001, memory: 193, loss_pix: 0.0156, loss: 0.0156
2025-06-18 01:34:14,198 - mmedit - INFO - Iter [6200/20000]	lr_generator: 1.574e-04, eta: 0:05:51, time: 0.024, data_time: 0.001, memory: 193, loss_pix: 0.0155, loss: 0.0155
2025-06-18 01:34:15,307 - mmedit - INFO - Iter [6250/20000]	lr_generator: 1.571e-04, eta: 0:05:50, time: 0.022, data_time: 0.001, memory: 193, loss_pix: 0.0164, loss: 0.0164
2025-06-18 01:34:16,481 - mmedit - INFO - Iter [6300/20000]	lr_generator: 1.567e-04, eta: 0:05:48, time: 0.023, data_time: 0.000, memory: 193, loss_pix: 0.0168, loss: 0.0168
2025-06-18 01:34:17,658 - mmedit - INFO - Iter [6350/20000]	lr_generator: 1.564e-04, eta: 0:05:47, time: 0.024, data_time: 0.001, memory: 193, loss_pix: 0.0163, loss: 0.0163
2025-06-18 01:34:18,866 - mmedit - INFO - Iter [6400/20000]	lr_generator: 1.560e-04, eta: 0:05:45, time: 0.024, data_time: 0.001, memory: 193, loss_pix: 0.0164, loss: 0.0164
2025-06-18 01:34:20,040 - mmedit - INFO - Iter [6450/20000]	lr_generator: 1.557e-04, eta: 0:05:44, time: 0.023, data_time: 0.001, memory: 193, loss_pix: 0.0170, loss: 0.0170
2025-06-18 01:34:21,163 - mmedit - INFO - Iter [6500/20000]	lr_generator: 1.553e-04, eta: 0:05:42, time: 0.023, data_time: 0.001, memory: 193, loss_pix: 0.0148, loss: 0.0148
2025-06-18 01:34:22,331 - mmedit - INFO - Iter [6550/20000]	lr_generator: 1.550e-04, eta: 0:05:41, time: 0.023, data_time: 0.001, memory: 193, loss_pix: 0.0162, loss: 0.0162
2025-06-18 01:34:23,501 - mmedit - INFO - Iter [6600/20000]	lr_generator: 1.546e-04, eta: 0:05:39, time: 0.023, data_time: 0.001, memory: 193, loss_pix: 0.0152, loss: 0.0152
2025-06-18 01:34:24,704 - mmedit - INFO - Iter [6650/20000]	lr_generator: 1.543e-04, eta: 0:05:38, time: 0.024, data_time: 0.001, memory: 193, loss_pix: 0.0162, loss: 0.0162
2025-06-18 01:34:25,858 - mmedit - INFO - Iter [6700/20000]	lr_generator: 1.539e-04, eta: 0:05:36, time: 0.023, data_time: 0.001, memory: 193, loss_pix: 0.0163, loss: 0.0163
2025-06-18 01:34:27,019 - mmedit - INFO - Iter [6750/20000]	lr_generator: 1.536e-04, eta: 0:05:35, time: 0.023, data_time: 0.001, memory: 193, loss_pix: 0.0158, loss: 0.0158
2025-06-18 01:34:28,231 - mmedit - INFO - Iter [6800/20000]	lr_generator: 1.532e-04, eta: 0:05:34, time: 0.024, data_time: 0.001, memory: 193, loss_pix: 0.0162, loss: 0.0162
2025-06-18 01:34:29,443 - mmedit - INFO - Iter [6850/20000]	lr_generator: 1.529e-04, eta: 0:05:32, time: 0.024, data_time: 0.001, memory: 193, loss_pix: 0.0162, loss: 0.0162
2025-06-18 01:34:30,637 - mmedit - INFO - Iter [6900/20000]	lr_generator: 1.525e-04, eta: 0:05:31, time: 0.024, data_time: 0.001, memory: 193, loss_pix: 0.0166, loss: 0.0166
2025-06-18 01:34:31,805 - mmedit - INFO - Iter [6950/20000]	lr_generator: 1.522e-04, eta: 0:05:29, time: 0.023, data_time: 0.001, memory: 193, loss_pix: 0.0174, loss: 0.0174
2025-06-18 01:34:35,843 - mmedit - INFO - Exp name: rdn4x
2025-06-18 01:34:35,843 - mmedit - INFO - Iter(val) [7000]	PSNR: 32.1901, SSIM: 0.9003
2025-06-18 01:34:35,844 - mmedit - INFO - Exp name: rdn4x
2025-06-18 01:34:35,844 - mmedit - INFO - Iter(val) [7000]	
2025-06-18 01:34:37,021 - mmedit - INFO - Iter [7050/20000]	lr_generator: 1.514e-04, eta: 0:05:30, time: 0.081, data_time: 0.058, memory: 193, loss_pix: 0.0154, loss: 0.0154
2025-06-18 01:34:38,181 - mmedit - INFO - Iter [7100/20000]	lr_generator: 1.511e-04, eta: 0:05:28, time: 0.023, data_time: 0.001, memory: 193, loss_pix: 0.0159, loss: 0.0159
2025-06-18 01:34:39,356 - mmedit - INFO - Iter [7150/20000]	lr_generator: 1.507e-04, eta: 0:05:27, time: 0.024, data_time: 0.001, memory: 193, loss_pix: 0.0163, loss: 0.0163
2025-06-18 01:34:40,550 - mmedit - INFO - Iter [7200/20000]	lr_generator: 1.504e-04, eta: 0:05:25, time: 0.024, data_time: 0.001, memory: 193, loss_pix: 0.0148, loss: 0.0148
2025-06-18 01:34:41,748 - mmedit - INFO - Iter [7250/20000]	lr_generator: 1.500e-04, eta: 0:05:24, time: 0.024, data_time: 0.001, memory: 193, loss_pix: 0.0155, loss: 0.0155
2025-06-18 01:34:42,922 - mmedit - INFO - Iter [7300/20000]	lr_generator: 1.497e-04, eta: 0:05:22, time: 0.023, data_time: 0.001, memory: 193, loss_pix: 0.0156, loss: 0.0156
2025-06-18 01:34:44,117 - mmedit - INFO - Iter [7350/20000]	lr_generator: 1.493e-04, eta: 0:05:21, time: 0.024, data_time: 0.001, memory: 193, loss_pix: 0.0162, loss: 0.0162
2025-06-18 01:34:45,278 - mmedit - INFO - Iter [7400/20000]	lr_generator: 1.490e-04, eta: 0:05:20, time: 0.023, data_time: 0.000, memory: 193, loss_pix: 0.0164, loss: 0.0164
2025-06-18 01:34:46,459 - mmedit - INFO - Iter [7450/20000]	lr_generator: 1.486e-04, eta: 0:05:18, time: 0.024, data_time: 0.001, memory: 193, loss_pix: 0.0163, loss: 0.0163
2025-06-18 01:34:47,619 - mmedit - INFO - Iter [7500/20000]	lr_generator: 1.483e-04, eta: 0:05:17, time: 0.023, data_time: 0.001, memory: 193, loss_pix: 0.0163, loss: 0.0163
2025-06-18 01:34:48,785 - mmedit - INFO - Iter [7550/20000]	lr_generator: 1.479e-04, eta: 0:05:15, time: 0.023, data_time: 0.001, memory: 193, loss_pix: 0.0165, loss: 0.0165
2025-06-18 01:34:49,957 - mmedit - INFO - Iter [7600/20000]	lr_generator: 1.476e-04, eta: 0:05:14, time: 0.023, data_time: 0.001, memory: 193, loss_pix: 0.0158, loss: 0.0158
2025-06-18 01:34:51,119 - mmedit - INFO - Iter [7650/20000]	lr_generator: 1.472e-04, eta: 0:05:12, time: 0.023, data_time: 0.001, memory: 193, loss_pix: 0.0151, loss: 0.0151
2025-06-18 01:34:52,305 - mmedit - INFO - Iter [7700/20000]	lr_generator: 1.469e-04, eta: 0:05:11, time: 0.024, data_time: 0.001, memory: 193, loss_pix: 0.0156, loss: 0.0156
2025-06-18 01:34:53,453 - mmedit - INFO - Iter [7750/20000]	lr_generator: 1.465e-04, eta: 0:05:10, time: 0.023, data_time: 0.001, memory: 193, loss_pix: 0.0152, loss: 0.0152
2025-06-18 01:34:54,659 - mmedit - INFO - Iter [7800/20000]	lr_generator: 1.461e-04, eta: 0:05:08, time: 0.024, data_time: 0.001, memory: 193, loss_pix: 0.0147, loss: 0.0147
2025-06-18 01:34:55,830 - mmedit - INFO - Iter [7850/20000]	lr_generator: 1.458e-04, eta: 0:05:07, time: 0.023, data_time: 0.001, memory: 193, loss_pix: 0.0160, loss: 0.0160
2025-06-18 01:34:57,023 - mmedit - INFO - Iter [7900/20000]	lr_generator: 1.454e-04, eta: 0:05:05, time: 0.024, data_time: 0.001, memory: 193, loss_pix: 0.0147, loss: 0.0147
2025-06-18 01:34:58,227 - mmedit - INFO - Iter [7950/20000]	lr_generator: 1.451e-04, eta: 0:05:04, time: 0.024, data_time: 0.001, memory: 193, loss_pix: 0.0163, loss: 0.0163
2025-06-18 01:35:02,204 - mmedit - INFO - Exp name: rdn4x
2025-06-18 01:35:02,205 - mmedit - INFO - Iter(val) [8000]	PSNR: 32.2070, SSIM: 0.9004
2025-06-18 01:35:02,205 - mmedit - INFO - Exp name: rdn4x
2025-06-18 01:35:02,205 - mmedit - INFO - Iter(val) [8000]	
2025-06-18 01:35:03,377 - mmedit - INFO - Iter [8050/20000]	lr_generator: 1.444e-04, eta: 0:05:04, time: 0.080, data_time: 0.057, memory: 193, loss_pix: 0.0163, loss: 0.0163
2025-06-18 01:35:04,554 - mmedit - INFO - Iter [8100/20000]	lr_generator: 1.440e-04, eta: 0:05:02, time: 0.024, data_time: 0.001, memory: 193, loss_pix: 0.0159, loss: 0.0159
2025-06-18 01:35:05,715 - mmedit - INFO - Iter [8150/20000]	lr_generator: 1.437e-04, eta: 0:05:01, time: 0.023, data_time: 0.001, memory: 193, loss_pix: 0.0146, loss: 0.0146
2025-06-18 01:35:06,919 - mmedit - INFO - Iter [8200/20000]	lr_generator: 1.433e-04, eta: 0:04:59, time: 0.024, data_time: 0.001, memory: 193, loss_pix: 0.0154, loss: 0.0154
2025-06-18 01:35:08,118 - mmedit - INFO - Iter [8250/20000]	lr_generator: 1.429e-04, eta: 0:04:58, time: 0.024, data_time: 0.001, memory: 193, loss_pix: 0.0158, loss: 0.0158
2025-06-18 01:35:09,284 - mmedit - INFO - Iter [8300/20000]	lr_generator: 1.426e-04, eta: 0:04:57, time: 0.023, data_time: 0.001, memory: 193, loss_pix: 0.0151, loss: 0.0151
2025-06-18 01:35:10,407 - mmedit - INFO - Iter [8350/20000]	lr_generator: 1.422e-04, eta: 0:04:55, time: 0.022, data_time: 0.001, memory: 193, loss_pix: 0.0153, loss: 0.0153
2025-06-18 01:35:11,602 - mmedit - INFO - Iter [8400/20000]	lr_generator: 1.419e-04, eta: 0:04:54, time: 0.024, data_time: 0.001, memory: 193, loss_pix: 0.0155, loss: 0.0155
2025-06-18 01:35:12,790 - mmedit - INFO - Iter [8450/20000]	lr_generator: 1.415e-04, eta: 0:04:52, time: 0.024, data_time: 0.001, memory: 193, loss_pix: 0.0148, loss: 0.0148
2025-06-18 01:35:13,998 - mmedit - INFO - Iter [8500/20000]	lr_generator: 1.412e-04, eta: 0:04:51, time: 0.024, data_time: 0.001, memory: 193, loss_pix: 0.0163, loss: 0.0163
2025-06-18 01:35:15,176 - mmedit - INFO - Iter [8550/20000]	lr_generator: 1.408e-04, eta: 0:04:50, time: 0.024, data_time: 0.001, memory: 193, loss_pix: 0.0159, loss: 0.0159
2025-06-18 01:35:16,336 - mmedit - INFO - Iter [8600/20000]	lr_generator: 1.405e-04, eta: 0:04:48, time: 0.023, data_time: 0.001, memory: 193, loss_pix: 0.0158, loss: 0.0158
2025-06-18 01:35:17,505 - mmedit - INFO - Iter [8650/20000]	lr_generator: 1.401e-04, eta: 0:04:47, time: 0.023, data_time: 0.001, memory: 193, loss_pix: 0.0151, loss: 0.0151
2025-06-18 01:35:18,661 - mmedit - INFO - Iter [8700/20000]	lr_generator: 1.397e-04, eta: 0:04:45, time: 0.023, data_time: 0.001, memory: 193, loss_pix: 0.0153, loss: 0.0153
2025-06-18 01:35:19,849 - mmedit - INFO - Iter [8750/20000]	lr_generator: 1.394e-04, eta: 0:04:44, time: 0.024, data_time: 0.001, memory: 193, loss_pix: 0.0158, loss: 0.0158
2025-06-18 01:35:21,029 - mmedit - INFO - Iter [8800/20000]	lr_generator: 1.390e-04, eta: 0:04:43, time: 0.024, data_time: 0.001, memory: 193, loss_pix: 0.0156, loss: 0.0156
2025-06-18 01:35:22,196 - mmedit - INFO - Iter [8850/20000]	lr_generator: 1.387e-04, eta: 0:04:41, time: 0.023, data_time: 0.000, memory: 193, loss_pix: 0.0160, loss: 0.0160
2025-06-18 01:35:23,410 - mmedit - INFO - Iter [8900/20000]	lr_generator: 1.383e-04, eta: 0:04:40, time: 0.024, data_time: 0.001, memory: 193, loss_pix: 0.0153, loss: 0.0153
2025-06-18 01:35:24,627 - mmedit - INFO - Iter [8950/20000]	lr_generator: 1.379e-04, eta: 0:04:39, time: 0.024, data_time: 0.001, memory: 193, loss_pix: 0.0155, loss: 0.0155
2025-06-18 01:35:28,670 - mmedit - INFO - Exp name: rdn4x
2025-06-18 01:35:28,671 - mmedit - INFO - Iter(val) [9000]	PSNR: 32.2381, SSIM: 0.8976
2025-06-18 01:35:28,671 - mmedit - INFO - Exp name: rdn4x
2025-06-18 01:35:28,671 - mmedit - INFO - Iter(val) [9000]	
2025-06-18 01:35:29,871 - mmedit - INFO - Iter [9050/20000]	lr_generator: 1.372e-04, eta: 0:04:38, time: 0.081, data_time: 0.057, memory: 193, loss_pix: 0.0159, loss: 0.0159
2025-06-18 01:35:31,095 - mmedit - INFO - Iter [9100/20000]	lr_generator: 1.369e-04, eta: 0:04:37, time: 0.024, data_time: 0.001, memory: 193, loss_pix: 0.0150, loss: 0.0150
2025-06-18 01:35:32,273 - mmedit - INFO - Iter [9150/20000]	lr_generator: 1.365e-04, eta: 0:04:35, time: 0.024, data_time: 0.000, memory: 193, loss_pix: 0.0148, loss: 0.0148
2025-06-18 01:35:33,509 - mmedit - INFO - Iter [9200/20000]	lr_generator: 1.362e-04, eta: 0:04:34, time: 0.025, data_time: 0.001, memory: 193, loss_pix: 0.0143, loss: 0.0143
2025-06-18 01:35:34,694 - mmedit - INFO - Iter [9250/20000]	lr_generator: 1.358e-04, eta: 0:04:33, time: 0.024, data_time: 0.001, memory: 193, loss_pix: 0.0160, loss: 0.0160
2025-06-18 01:35:35,870 - mmedit - INFO - Iter [9300/20000]	lr_generator: 1.354e-04, eta: 0:04:31, time: 0.024, data_time: 0.001, memory: 193, loss_pix: 0.0155, loss: 0.0155
2025-06-18 01:35:37,061 - mmedit - INFO - Iter [9350/20000]	lr_generator: 1.351e-04, eta: 0:04:30, time: 0.024, data_time: 0.001, memory: 193, loss_pix: 0.0151, loss: 0.0151
2025-06-18 01:35:38,295 - mmedit - INFO - Iter [9400/20000]	lr_generator: 1.347e-04, eta: 0:04:29, time: 0.025, data_time: 0.001, memory: 193, loss_pix: 0.0146, loss: 0.0146
2025-06-18 01:35:39,476 - mmedit - INFO - Iter [9450/20000]	lr_generator: 1.344e-04, eta: 0:04:27, time: 0.024, data_time: 0.001, memory: 193, loss_pix: 0.0158, loss: 0.0158
2025-06-18 01:35:40,662 - mmedit - INFO - Iter [9500/20000]	lr_generator: 1.340e-04, eta: 0:04:26, time: 0.024, data_time: 0.001, memory: 193, loss_pix: 0.0147, loss: 0.0147
2025-06-18 01:35:41,834 - mmedit - INFO - Iter [9550/20000]	lr_generator: 1.336e-04, eta: 0:04:24, time: 0.023, data_time: 0.001, memory: 193, loss_pix: 0.0167, loss: 0.0167
2025-06-18 01:35:43,003 - mmedit - INFO - Iter [9600/20000]	lr_generator: 1.333e-04, eta: 0:04:23, time: 0.023, data_time: 0.001, memory: 193, loss_pix: 0.0162, loss: 0.0162
2025-06-18 01:35:44,147 - mmedit - INFO - Iter [9650/20000]	lr_generator: 1.329e-04, eta: 0:04:22, time: 0.023, data_time: 0.001, memory: 193, loss_pix: 0.0160, loss: 0.0160
2025-06-18 01:35:45,349 - mmedit - INFO - Iter [9700/20000]	lr_generator: 1.326e-04, eta: 0:04:20, time: 0.024, data_time: 0.001, memory: 193, loss_pix: 0.0159, loss: 0.0159
2025-06-18 01:35:46,527 - mmedit - INFO - Iter [9750/20000]	lr_generator: 1.322e-04, eta: 0:04:19, time: 0.024, data_time: 0.001, memory: 193, loss_pix: 0.0156, loss: 0.0156
2025-06-18 01:35:47,690 - mmedit - INFO - Iter [9800/20000]	lr_generator: 1.318e-04, eta: 0:04:18, time: 0.023, data_time: 0.001, memory: 193, loss_pix: 0.0155, loss: 0.0155
2025-06-18 01:35:48,875 - mmedit - INFO - Iter [9850/20000]	lr_generator: 1.315e-04, eta: 0:04:16, time: 0.024, data_time: 0.001, memory: 193, loss_pix: 0.0148, loss: 0.0148
2025-06-18 01:35:50,086 - mmedit - INFO - Iter [9900/20000]	lr_generator: 1.311e-04, eta: 0:04:15, time: 0.024, data_time: 0.001, memory: 193, loss_pix: 0.0154, loss: 0.0154
2025-06-18 01:35:51,320 - mmedit - INFO - Iter [9950/20000]	lr_generator: 1.308e-04, eta: 0:04:14, time: 0.025, data_time: 0.001, memory: 193, loss_pix: 0.0152, loss: 0.0152
2025-06-18 01:35:52,531 - mmedit - INFO - Saving checkpoint at 10000 iterations
2025-06-18 01:35:55,330 - mmedit - INFO - Exp name: rdn4x
2025-06-18 01:35:55,330 - mmedit - INFO - Iter(val) [10000]	PSNR: 32.0134, SSIM: 0.9014
2025-06-18 01:35:55,330 - mmedit - INFO - Exp name: rdn4x
2025-06-18 01:35:55,330 - mmedit - INFO - Iter(val) [10000]	
2025-06-18 01:35:56,512 - mmedit - INFO - Iter [10050/20000]	lr_generator: 1.300e-04, eta: 0:04:13, time: 0.079, data_time: 0.056, memory: 193, loss_pix: 0.0166, loss: 0.0166
2025-06-18 01:35:57,730 - mmedit - INFO - Iter [10100/20000]	lr_generator: 1.297e-04, eta: 0:04:11, time: 0.024, data_time: 0.001, memory: 193, loss_pix: 0.0155, loss: 0.0155
2025-06-18 01:35:58,929 - mmedit - INFO - Iter [10150/20000]	lr_generator: 1.293e-04, eta: 0:04:10, time: 0.024, data_time: 0.001, memory: 193, loss_pix: 0.0154, loss: 0.0154
2025-06-18 01:36:00,135 - mmedit - INFO - Iter [10200/20000]	lr_generator: 1.289e-04, eta: 0:04:09, time: 0.024, data_time: 0.001, memory: 193, loss_pix: 0.0147, loss: 0.0147
2025-06-18 01:36:01,307 - mmedit - INFO - Iter [10250/20000]	lr_generator: 1.286e-04, eta: 0:04:07, time: 0.023, data_time: 0.001, memory: 193, loss_pix: 0.0150, loss: 0.0150
2025-06-18 01:36:02,460 - mmedit - INFO - Iter [10300/20000]	lr_generator: 1.282e-04, eta: 0:04:06, time: 0.023, data_time: 0.001, memory: 193, loss_pix: 0.0153, loss: 0.0153
2025-06-18 01:36:03,656 - mmedit - INFO - Iter [10350/20000]	lr_generator: 1.279e-04, eta: 0:04:04, time: 0.024, data_time: 0.001, memory: 193, loss_pix: 0.0155, loss: 0.0155
2025-06-18 01:36:04,840 - mmedit - INFO - Iter [10400/20000]	lr_generator: 1.275e-04, eta: 0:04:03, time: 0.024, data_time: 0.001, memory: 193, loss_pix: 0.0154, loss: 0.0154
2025-06-18 01:36:06,007 - mmedit - INFO - Iter [10450/20000]	lr_generator: 1.271e-04, eta: 0:04:02, time: 0.023, data_time: 0.001, memory: 193, loss_pix: 0.0157, loss: 0.0157
2025-06-18 01:36:07,150 - mmedit - INFO - Iter [10500/20000]	lr_generator: 1.268e-04, eta: 0:04:00, time: 0.023, data_time: 0.001, memory: 193, loss_pix: 0.0155, loss: 0.0155
2025-06-18 01:36:08,330 - mmedit - INFO - Iter [10550/20000]	lr_generator: 1.264e-04, eta: 0:03:59, time: 0.024, data_time: 0.001, memory: 193, loss_pix: 0.0173, loss: 0.0173
2025-06-18 01:36:09,501 - mmedit - INFO - Iter [10600/20000]	lr_generator: 1.260e-04, eta: 0:03:58, time: 0.023, data_time: 0.001, memory: 193, loss_pix: 0.0163, loss: 0.0163
2025-06-18 01:36:10,693 - mmedit - INFO - Iter [10650/20000]	lr_generator: 1.257e-04, eta: 0:03:56, time: 0.024, data_time: 0.001, memory: 193, loss_pix: 0.0155, loss: 0.0155
2025-06-18 01:36:11,895 - mmedit - INFO - Iter [10700/20000]	lr_generator: 1.253e-04, eta: 0:03:55, time: 0.024, data_time: 0.001, memory: 193, loss_pix: 0.0161, loss: 0.0161
2025-06-18 01:36:13,071 - mmedit - INFO - Iter [10750/20000]	lr_generator: 1.249e-04, eta: 0:03:54, time: 0.024, data_time: 0.001, memory: 193, loss_pix: 0.0155, loss: 0.0155
2025-06-18 01:36:14,227 - mmedit - INFO - Iter [10800/20000]	lr_generator: 1.246e-04, eta: 0:03:52, time: 0.023, data_time: 0.001, memory: 193, loss_pix: 0.0149, loss: 0.0149
2025-06-18 01:36:15,408 - mmedit - INFO - Iter [10850/20000]	lr_generator: 1.242e-04, eta: 0:03:51, time: 0.024, data_time: 0.001, memory: 193, loss_pix: 0.0155, loss: 0.0155
2025-06-18 01:36:16,562 - mmedit - INFO - Iter [10900/20000]	lr_generator: 1.238e-04, eta: 0:03:50, time: 0.023, data_time: 0.001, memory: 193, loss_pix: 0.0165, loss: 0.0165
2025-06-18 01:36:17,709 - mmedit - INFO - Iter [10950/20000]	lr_generator: 1.235e-04, eta: 0:03:48, time: 0.023, data_time: 0.000, memory: 193, loss_pix: 0.0162, loss: 0.0162
2025-06-18 01:36:21,709 - mmedit - INFO - Exp name: rdn4x
2025-06-18 01:36:21,709 - mmedit - INFO - Iter(val) [11000]	PSNR: 32.3420, SSIM: 0.9029
2025-06-18 01:36:21,709 - mmedit - INFO - Exp name: rdn4x
2025-06-18 01:36:21,710 - mmedit - INFO - Iter(val) [11000]	
2025-06-18 01:36:22,926 - mmedit - INFO - Iter [11050/20000]	lr_generator: 1.228e-04, eta: 0:03:47, time: 0.081, data_time: 0.057, memory: 193, loss_pix: 0.0157, loss: 0.0157
2025-06-18 01:36:24,120 - mmedit - INFO - Iter [11100/20000]	lr_generator: 1.224e-04, eta: 0:03:46, time: 0.024, data_time: 0.001, memory: 193, loss_pix: 0.0146, loss: 0.0146
2025-06-18 01:36:25,312 - mmedit - INFO - Iter [11150/20000]	lr_generator: 1.220e-04, eta: 0:03:44, time: 0.024, data_time: 0.001, memory: 193, loss_pix: 0.0153, loss: 0.0153
2025-06-18 01:36:26,499 - mmedit - INFO - Iter [11200/20000]	lr_generator: 1.217e-04, eta: 0:03:43, time: 0.024, data_time: 0.001, memory: 193, loss_pix: 0.0150, loss: 0.0150
2025-06-18 01:36:27,681 - mmedit - INFO - Iter [11250/20000]	lr_generator: 1.213e-04, eta: 0:03:42, time: 0.024, data_time: 0.001, memory: 193, loss_pix: 0.0153, loss: 0.0153
2025-06-18 01:36:28,858 - mmedit - INFO - Iter [11300/20000]	lr_generator: 1.209e-04, eta: 0:03:40, time: 0.024, data_time: 0.001, memory: 193, loss_pix: 0.0151, loss: 0.0151
2025-06-18 01:36:30,041 - mmedit - INFO - Iter [11350/20000]	lr_generator: 1.206e-04, eta: 0:03:39, time: 0.024, data_time: 0.001, memory: 193, loss_pix: 0.0160, loss: 0.0160
2025-06-18 01:36:31,175 - mmedit - INFO - Iter [11400/20000]	lr_generator: 1.202e-04, eta: 0:03:38, time: 0.023, data_time: 0.001, memory: 193, loss_pix: 0.0160, loss: 0.0160
2025-06-18 01:36:32,368 - mmedit - INFO - Iter [11450/20000]	lr_generator: 1.198e-04, eta: 0:03:36, time: 0.024, data_time: 0.001, memory: 193, loss_pix: 0.0144, loss: 0.0144
2025-06-18 01:36:33,557 - mmedit - INFO - Iter [11500/20000]	lr_generator: 1.195e-04, eta: 0:03:35, time: 0.024, data_time: 0.001, memory: 193, loss_pix: 0.0158, loss: 0.0158
2025-06-18 01:36:34,738 - mmedit - INFO - Iter [11550/20000]	lr_generator: 1.191e-04, eta: 0:03:34, time: 0.024, data_time: 0.001, memory: 193, loss_pix: 0.0150, loss: 0.0150
2025-06-18 01:36:35,993 - mmedit - INFO - Iter [11600/20000]	lr_generator: 1.187e-04, eta: 0:03:32, time: 0.025, data_time: 0.001, memory: 193, loss_pix: 0.0148, loss: 0.0148
2025-06-18 01:36:37,203 - mmedit - INFO - Iter [11650/20000]	lr_generator: 1.183e-04, eta: 0:03:31, time: 0.024, data_time: 0.001, memory: 193, loss_pix: 0.0155, loss: 0.0155
2025-06-18 01:36:38,374 - mmedit - INFO - Iter [11700/20000]	lr_generator: 1.180e-04, eta: 0:03:30, time: 0.023, data_time: 0.000, memory: 193, loss_pix: 0.0153, loss: 0.0153
2025-06-18 01:36:39,585 - mmedit - INFO - Iter [11750/20000]	lr_generator: 1.176e-04, eta: 0:03:28, time: 0.024, data_time: 0.000, memory: 193, loss_pix: 0.0160, loss: 0.0160
2025-06-18 01:36:40,766 - mmedit - INFO - Iter [11800/20000]	lr_generator: 1.172e-04, eta: 0:03:27, time: 0.024, data_time: 0.001, memory: 193, loss_pix: 0.0149, loss: 0.0149
2025-06-18 01:36:41,945 - mmedit - INFO - Iter [11850/20000]	lr_generator: 1.169e-04, eta: 0:03:26, time: 0.024, data_time: 0.001, memory: 193, loss_pix: 0.0145, loss: 0.0145
2025-06-18 01:36:43,135 - mmedit - INFO - Iter [11900/20000]	lr_generator: 1.165e-04, eta: 0:03:24, time: 0.024, data_time: 0.001, memory: 193, loss_pix: 0.0151, loss: 0.0151
2025-06-18 01:36:44,324 - mmedit - INFO - Iter [11950/20000]	lr_generator: 1.161e-04, eta: 0:03:23, time: 0.024, data_time: 0.001, memory: 193, loss_pix: 0.0146, loss: 0.0146
2025-06-18 01:36:48,285 - mmedit - INFO - Exp name: rdn4x
2025-06-18 01:36:48,285 - mmedit - INFO - Iter(val) [12000]	PSNR: 32.3859, SSIM: 0.9027
2025-06-18 01:36:48,286 - mmedit - INFO - Exp name: rdn4x
2025-06-18 01:36:48,286 - mmedit - INFO - Iter(val) [12000]	
2025-06-18 01:36:49,481 - mmedit - INFO - Iter [12050/20000]	lr_generator: 1.154e-04, eta: 0:03:22, time: 0.079, data_time: 0.056, memory: 193, loss_pix: 0.0139, loss: 0.0139
2025-06-18 01:36:50,680 - mmedit - INFO - Iter [12100/20000]	lr_generator: 1.150e-04, eta: 0:03:20, time: 0.024, data_time: 0.001, memory: 193, loss_pix: 0.0137, loss: 0.0137
2025-06-18 01:36:51,866 - mmedit - INFO - Iter [12150/20000]	lr_generator: 1.147e-04, eta: 0:03:19, time: 0.024, data_time: 0.001, memory: 193, loss_pix: 0.0162, loss: 0.0162
2025-06-18 01:36:53,063 - mmedit - INFO - Iter [12200/20000]	lr_generator: 1.143e-04, eta: 0:03:18, time: 0.024, data_time: 0.001, memory: 193, loss_pix: 0.0156, loss: 0.0156
2025-06-18 01:36:54,247 - mmedit - INFO - Iter [12250/20000]	lr_generator: 1.139e-04, eta: 0:03:16, time: 0.024, data_time: 0.001, memory: 193, loss_pix: 0.0162, loss: 0.0162
2025-06-18 01:36:55,425 - mmedit - INFO - Iter [12300/20000]	lr_generator: 1.135e-04, eta: 0:03:15, time: 0.024, data_time: 0.000, memory: 193, loss_pix: 0.0146, loss: 0.0146
2025-06-18 01:36:56,568 - mmedit - INFO - Iter [12350/20000]	lr_generator: 1.132e-04, eta: 0:03:14, time: 0.023, data_time: 0.001, memory: 193, loss_pix: 0.0158, loss: 0.0158
2025-06-18 01:36:57,766 - mmedit - INFO - Iter [12400/20000]	lr_generator: 1.128e-04, eta: 0:03:12, time: 0.024, data_time: 0.001, memory: 193, loss_pix: 0.0152, loss: 0.0152
2025-06-18 01:36:59,086 - mmedit - INFO - Iter [12450/20000]	lr_generator: 1.124e-04, eta: 0:03:11, time: 0.026, data_time: 0.001, memory: 193, loss_pix: 0.0164, loss: 0.0164
2025-06-18 01:37:00,300 - mmedit - INFO - Iter [12500/20000]	lr_generator: 1.121e-04, eta: 0:03:10, time: 0.024, data_time: 0.001, memory: 193, loss_pix: 0.0164, loss: 0.0164
2025-06-18 01:37:01,556 - mmedit - INFO - Iter [12550/20000]	lr_generator: 1.117e-04, eta: 0:03:08, time: 0.025, data_time: 0.001, memory: 193, loss_pix: 0.0155, loss: 0.0155
2025-06-18 01:37:02,751 - mmedit - INFO - Iter [12600/20000]	lr_generator: 1.113e-04, eta: 0:03:07, time: 0.024, data_time: 0.001, memory: 193, loss_pix: 0.0159, loss: 0.0159
2025-06-18 01:37:03,987 - mmedit - INFO - Iter [12650/20000]	lr_generator: 1.109e-04, eta: 0:03:06, time: 0.025, data_time: 0.001, memory: 193, loss_pix: 0.0151, loss: 0.0151
2025-06-18 01:37:05,153 - mmedit - INFO - Iter [12700/20000]	lr_generator: 1.106e-04, eta: 0:03:05, time: 0.023, data_time: 0.000, memory: 193, loss_pix: 0.0153, loss: 0.0153
2025-06-18 01:37:06,313 - mmedit - INFO - Iter [12750/20000]	lr_generator: 1.102e-04, eta: 0:03:03, time: 0.023, data_time: 0.000, memory: 193, loss_pix: 0.0152, loss: 0.0152
2025-06-18 01:37:07,531 - mmedit - INFO - Iter [12800/20000]	lr_generator: 1.098e-04, eta: 0:03:02, time: 0.024, data_time: 0.001, memory: 193, loss_pix: 0.0148, loss: 0.0148
2025-06-18 01:37:08,802 - mmedit - INFO - Iter [12850/20000]	lr_generator: 1.094e-04, eta: 0:03:01, time: 0.025, data_time: 0.001, memory: 193, loss_pix: 0.0148, loss: 0.0148
2025-06-18 01:37:10,028 - mmedit - INFO - Iter [12900/20000]	lr_generator: 1.091e-04, eta: 0:02:59, time: 0.024, data_time: 0.001, memory: 193, loss_pix: 0.0155, loss: 0.0155
2025-06-18 01:37:11,259 - mmedit - INFO - Iter [12950/20000]	lr_generator: 1.087e-04, eta: 0:02:58, time: 0.025, data_time: 0.001, memory: 193, loss_pix: 0.0148, loss: 0.0148
2025-06-18 01:37:15,202 - mmedit - INFO - Exp name: rdn4x
2025-06-18 01:37:15,202 - mmedit - INFO - Iter(val) [13000]	PSNR: 32.3600, SSIM: 0.9035
2025-06-18 01:37:15,203 - mmedit - INFO - Exp name: rdn4x
2025-06-18 01:37:15,203 - mmedit - INFO - Iter(val) [13000]	
2025-06-18 01:37:16,402 - mmedit - INFO - Iter [13050/20000]	lr_generator: 1.079e-04, eta: 0:02:56, time: 0.079, data_time: 0.056, memory: 193, loss_pix: 0.0148, loss: 0.0148
2025-06-18 01:37:17,602 - mmedit - INFO - Iter [13100/20000]	lr_generator: 1.076e-04, eta: 0:02:55, time: 0.024, data_time: 0.001, memory: 193, loss_pix: 0.0153, loss: 0.0153
2025-06-18 01:37:18,800 - mmedit - INFO - Iter [13150/20000]	lr_generator: 1.072e-04, eta: 0:02:54, time: 0.024, data_time: 0.001, memory: 193, loss_pix: 0.0152, loss: 0.0152
2025-06-18 01:37:19,987 - mmedit - INFO - Iter [13200/20000]	lr_generator: 1.068e-04, eta: 0:02:52, time: 0.024, data_time: 0.001, memory: 193, loss_pix: 0.0144, loss: 0.0144
2025-06-18 01:37:21,162 - mmedit - INFO - Iter [13250/20000]	lr_generator: 1.064e-04, eta: 0:02:51, time: 0.024, data_time: 0.001, memory: 193, loss_pix: 0.0160, loss: 0.0160
2025-06-18 01:37:22,349 - mmedit - INFO - Iter [13300/20000]	lr_generator: 1.061e-04, eta: 0:02:50, time: 0.024, data_time: 0.001, memory: 193, loss_pix: 0.0145, loss: 0.0145
2025-06-18 01:37:23,521 - mmedit - INFO - Iter [13350/20000]	lr_generator: 1.057e-04, eta: 0:02:48, time: 0.023, data_time: 0.001, memory: 193, loss_pix: 0.0143, loss: 0.0143
2025-06-18 01:37:24,710 - mmedit - INFO - Iter [13400/20000]	lr_generator: 1.053e-04, eta: 0:02:47, time: 0.024, data_time: 0.001, memory: 193, loss_pix: 0.0152, loss: 0.0152
2025-06-18 01:37:25,884 - mmedit - INFO - Iter [13450/20000]	lr_generator: 1.049e-04, eta: 0:02:46, time: 0.023, data_time: 0.000, memory: 193, loss_pix: 0.0157, loss: 0.0157
2025-06-18 01:37:27,095 - mmedit - INFO - Iter [13500/20000]	lr_generator: 1.046e-04, eta: 0:02:44, time: 0.024, data_time: 0.001, memory: 193, loss_pix: 0.0155, loss: 0.0155
2025-06-18 01:37:28,274 - mmedit - INFO - Iter [13550/20000]	lr_generator: 1.042e-04, eta: 0:02:43, time: 0.024, data_time: 0.001, memory: 193, loss_pix: 0.0151, loss: 0.0151
2025-06-18 01:37:29,471 - mmedit - INFO - Iter [13600/20000]	lr_generator: 1.038e-04, eta: 0:02:42, time: 0.024, data_time: 0.001, memory: 193, loss_pix: 0.0159, loss: 0.0159
2025-06-18 01:37:30,653 - mmedit - INFO - Iter [13650/20000]	lr_generator: 1.034e-04, eta: 0:02:41, time: 0.024, data_time: 0.001, memory: 193, loss_pix: 0.0156, loss: 0.0156
2025-06-18 01:37:31,827 - mmedit - INFO - Iter [13700/20000]	lr_generator: 1.030e-04, eta: 0:02:39, time: 0.023, data_time: 0.001, memory: 193, loss_pix: 0.0155, loss: 0.0155
2025-06-18 01:37:33,026 - mmedit - INFO - Iter [13750/20000]	lr_generator: 1.027e-04, eta: 0:02:38, time: 0.024, data_time: 0.001, memory: 193, loss_pix: 0.0155, loss: 0.0155
2025-06-18 01:37:34,201 - mmedit - INFO - Iter [13800/20000]	lr_generator: 1.023e-04, eta: 0:02:37, time: 0.024, data_time: 0.001, memory: 193, loss_pix: 0.0160, loss: 0.0160
2025-06-18 01:37:35,390 - mmedit - INFO - Iter [13850/20000]	lr_generator: 1.019e-04, eta: 0:02:35, time: 0.024, data_time: 0.001, memory: 193, loss_pix: 0.0161, loss: 0.0161
2025-06-18 01:37:36,569 - mmedit - INFO - Iter [13900/20000]	lr_generator: 1.015e-04, eta: 0:02:34, time: 0.024, data_time: 0.001, memory: 193, loss_pix: 0.0151, loss: 0.0151
2025-06-18 01:37:37,788 - mmedit - INFO - Iter [13950/20000]	lr_generator: 1.011e-04, eta: 0:02:33, time: 0.024, data_time: 0.001, memory: 193, loss_pix: 0.0156, loss: 0.0156
2025-06-18 01:37:41,847 - mmedit - INFO - Exp name: rdn4x
2025-06-18 01:37:41,847 - mmedit - INFO - Iter(val) [14000]	PSNR: 32.4075, SSIM: 0.9035
2025-06-18 01:37:41,847 - mmedit - INFO - Exp name: rdn4x
2025-06-18 01:37:41,847 - mmedit - INFO - Iter(val) [14000]	
2025-06-18 01:37:43,064 - mmedit - INFO - Iter [14050/20000]	lr_generator: 1.004e-04, eta: 0:02:31, time: 0.081, data_time: 0.057, memory: 193, loss_pix: 0.0146, loss: 0.0146
2025-06-18 01:37:44,273 - mmedit - INFO - Iter [14100/20000]	lr_generator: 1.000e-04, eta: 0:02:30, time: 0.024, data_time: 0.001, memory: 193, loss_pix: 0.0153, loss: 0.0153
2025-06-18 01:37:45,477 - mmedit - INFO - Iter [14150/20000]	lr_generator: 9.962e-05, eta: 0:02:28, time: 0.024, data_time: 0.001, memory: 193, loss_pix: 0.0148, loss: 0.0148
2025-06-18 01:37:46,691 - mmedit - INFO - Iter [14200/20000]	lr_generator: 9.924e-05, eta: 0:02:27, time: 0.024, data_time: 0.001, memory: 193, loss_pix: 0.0148, loss: 0.0148
2025-06-18 01:37:47,885 - mmedit - INFO - Iter [14250/20000]	lr_generator: 9.886e-05, eta: 0:02:26, time: 0.024, data_time: 0.001, memory: 193, loss_pix: 0.0155, loss: 0.0155
2025-06-18 01:37:49,062 - mmedit - INFO - Iter [14300/20000]	lr_generator: 9.848e-05, eta: 0:02:24, time: 0.024, data_time: 0.000, memory: 193, loss_pix: 0.0141, loss: 0.0141
2025-06-18 01:37:50,239 - mmedit - INFO - Iter [14350/20000]	lr_generator: 9.809e-05, eta: 0:02:23, time: 0.024, data_time: 0.001, memory: 193, loss_pix: 0.0147, loss: 0.0147
2025-06-18 01:37:51,418 - mmedit - INFO - Iter [14400/20000]	lr_generator: 9.771e-05, eta: 0:02:22, time: 0.024, data_time: 0.001, memory: 193, loss_pix: 0.0156, loss: 0.0156
2025-06-18 01:37:52,589 - mmedit - INFO - Iter [14450/20000]	lr_generator: 9.733e-05, eta: 0:02:20, time: 0.023, data_time: 0.001, memory: 193, loss_pix: 0.0155, loss: 0.0155
2025-06-18 01:37:53,799 - mmedit - INFO - Iter [14500/20000]	lr_generator: 9.694e-05, eta: 0:02:19, time: 0.024, data_time: 0.001, memory: 193, loss_pix: 0.0152, loss: 0.0152
2025-06-18 01:37:55,025 - mmedit - INFO - Iter [14550/20000]	lr_generator: 9.656e-05, eta: 0:02:18, time: 0.025, data_time: 0.001, memory: 193, loss_pix: 0.0146, loss: 0.0146
2025-06-18 01:37:56,257 - mmedit - INFO - Iter [14600/20000]	lr_generator: 9.617e-05, eta: 0:02:17, time: 0.025, data_time: 0.001, memory: 193, loss_pix: 0.0151, loss: 0.0151
2025-06-18 01:37:57,453 - mmedit - INFO - Iter [14650/20000]	lr_generator: 9.579e-05, eta: 0:02:15, time: 0.024, data_time: 0.001, memory: 193, loss_pix: 0.0142, loss: 0.0142
2025-06-18 01:37:58,664 - mmedit - INFO - Iter [14700/20000]	lr_generator: 9.540e-05, eta: 0:02:14, time: 0.024, data_time: 0.001, memory: 193, loss_pix: 0.0144, loss: 0.0144
2025-06-18 01:37:59,869 - mmedit - INFO - Iter [14750/20000]	lr_generator: 9.502e-05, eta: 0:02:13, time: 0.024, data_time: 0.001, memory: 193, loss_pix: 0.0151, loss: 0.0151
2025-06-18 01:38:01,097 - mmedit - INFO - Iter [14800/20000]	lr_generator: 9.463e-05, eta: 0:02:11, time: 0.025, data_time: 0.001, memory: 193, loss_pix: 0.0154, loss: 0.0154
2025-06-18 01:38:02,295 - mmedit - INFO - Iter [14850/20000]	lr_generator: 9.425e-05, eta: 0:02:10, time: 0.024, data_time: 0.001, memory: 193, loss_pix: 0.0162, loss: 0.0162
2025-06-18 01:38:03,516 - mmedit - INFO - Iter [14900/20000]	lr_generator: 9.386e-05, eta: 0:02:09, time: 0.024, data_time: 0.001, memory: 193, loss_pix: 0.0156, loss: 0.0156
2025-06-18 01:38:04,726 - mmedit - INFO - Iter [14950/20000]	lr_generator: 9.347e-05, eta: 0:02:08, time: 0.024, data_time: 0.001, memory: 193, loss_pix: 0.0154, loss: 0.0154
2025-06-18 01:38:08,677 - mmedit - INFO - Exp name: rdn4x
2025-06-18 01:38:08,678 - mmedit - INFO - Iter(val) [15000]	PSNR: 32.4300, SSIM: 0.9035
2025-06-18 01:38:08,678 - mmedit - INFO - Exp name: rdn4x
2025-06-18 01:38:08,679 - mmedit - INFO - Iter(val) [15000]	
2025-06-18 01:38:09,869 - mmedit - INFO - Iter [15050/20000]	lr_generator: 9.270e-05, eta: 0:02:05, time: 0.080, data_time: 0.056, memory: 193, loss_pix: 0.0153, loss: 0.0153
2025-06-18 01:38:11,067 - mmedit - INFO - Iter [15100/20000]	lr_generator: 9.231e-05, eta: 0:02:04, time: 0.024, data_time: 0.001, memory: 193, loss_pix: 0.0156, loss: 0.0156
2025-06-18 01:38:12,228 - mmedit - INFO - Iter [15150/20000]	lr_generator: 9.192e-05, eta: 0:02:03, time: 0.023, data_time: 0.001, memory: 193, loss_pix: 0.0156, loss: 0.0156
2025-06-18 01:38:13,411 - mmedit - INFO - Iter [15200/20000]	lr_generator: 9.153e-05, eta: 0:02:02, time: 0.024, data_time: 0.001, memory: 193, loss_pix: 0.0150, loss: 0.0150
2025-06-18 01:38:14,562 - mmedit - INFO - Iter [15250/20000]	lr_generator: 9.114e-05, eta: 0:02:00, time: 0.023, data_time: 0.000, memory: 193, loss_pix: 0.0156, loss: 0.0156
2025-06-18 01:38:15,722 - mmedit - INFO - Iter [15300/20000]	lr_generator: 9.075e-05, eta: 0:01:59, time: 0.023, data_time: 0.000, memory: 193, loss_pix: 0.0150, loss: 0.0150
2025-06-18 01:38:16,866 - mmedit - INFO - Iter [15350/20000]	lr_generator: 9.036e-05, eta: 0:01:58, time: 0.023, data_time: 0.000, memory: 193, loss_pix: 0.0155, loss: 0.0155
2025-06-18 01:38:18,003 - mmedit - INFO - Iter [15400/20000]	lr_generator: 8.997e-05, eta: 0:01:56, time: 0.023, data_time: 0.000, memory: 193, loss_pix: 0.0148, loss: 0.0148
2025-06-18 01:38:19,219 - mmedit - INFO - Iter [15450/20000]	lr_generator: 8.958e-05, eta: 0:01:55, time: 0.024, data_time: 0.001, memory: 193, loss_pix: 0.0149, loss: 0.0149
2025-06-18 01:38:20,409 - mmedit - INFO - Iter [15500/20000]	lr_generator: 8.919e-05, eta: 0:01:54, time: 0.024, data_time: 0.001, memory: 193, loss_pix: 0.0152, loss: 0.0152
2025-06-18 01:38:21,601 - mmedit - INFO - Iter [15550/20000]	lr_generator: 8.880e-05, eta: 0:01:52, time: 0.024, data_time: 0.001, memory: 193, loss_pix: 0.0150, loss: 0.0150
2025-06-18 01:38:22,763 - mmedit - INFO - Iter [15600/20000]	lr_generator: 8.840e-05, eta: 0:01:51, time: 0.023, data_time: 0.001, memory: 193, loss_pix: 0.0152, loss: 0.0152
2025-06-18 01:38:23,887 - mmedit - INFO - Iter [15650/20000]	lr_generator: 8.801e-05, eta: 0:01:50, time: 0.022, data_time: 0.000, memory: 193, loss_pix: 0.0146, loss: 0.0146
2025-06-18 01:38:25,011 - mmedit - INFO - Iter [15700/20000]	lr_generator: 8.762e-05, eta: 0:01:49, time: 0.022, data_time: 0.001, memory: 193, loss_pix: 0.0153, loss: 0.0153
2025-06-18 01:38:26,080 - mmedit - INFO - Iter [15750/20000]	lr_generator: 8.722e-05, eta: 0:01:47, time: 0.021, data_time: 0.000, memory: 193, loss_pix: 0.0149, loss: 0.0149
2025-06-18 01:38:27,175 - mmedit - INFO - Iter [15800/20000]	lr_generator: 8.683e-05, eta: 0:01:46, time: 0.022, data_time: 0.000, memory: 193, loss_pix: 0.0149, loss: 0.0149
2025-06-18 01:38:28,280 - mmedit - INFO - Iter [15850/20000]	lr_generator: 8.643e-05, eta: 0:01:45, time: 0.022, data_time: 0.000, memory: 193, loss_pix: 0.0149, loss: 0.0149
2025-06-18 01:38:29,428 - mmedit - INFO - Iter [15900/20000]	lr_generator: 8.604e-05, eta: 0:01:43, time: 0.023, data_time: 0.000, memory: 193, loss_pix: 0.0154, loss: 0.0154
2025-06-18 01:38:30,622 - mmedit - INFO - Iter [15950/20000]	lr_generator: 8.564e-05, eta: 0:01:42, time: 0.024, data_time: 0.001, memory: 193, loss_pix: 0.0158, loss: 0.0158
2025-06-18 01:38:34,376 - mmedit - INFO - Exp name: rdn4x
2025-06-18 01:38:34,376 - mmedit - INFO - Iter(val) [16000]	PSNR: 32.4413, SSIM: 0.9031
2025-06-18 01:38:34,377 - mmedit - INFO - Exp name: rdn4x
2025-06-18 01:38:34,377 - mmedit - INFO - Iter(val) [16000]	
2025-06-18 01:38:35,534 - mmedit - INFO - Iter [16050/20000]	lr_generator: 8.485e-05, eta: 0:01:40, time: 0.075, data_time: 0.052, memory: 193, loss_pix: 0.0147, loss: 0.0147
2025-06-18 01:38:36,724 - mmedit - INFO - Iter [16100/20000]	lr_generator: 8.445e-05, eta: 0:01:39, time: 0.024, data_time: 0.000, memory: 193, loss_pix: 0.0148, loss: 0.0148
2025-06-18 01:38:37,883 - mmedit - INFO - Iter [16150/20000]	lr_generator: 8.405e-05, eta: 0:01:37, time: 0.023, data_time: 0.001, memory: 193, loss_pix: 0.0149, loss: 0.0149
2025-06-18 01:38:39,046 - mmedit - INFO - Iter [16200/20000]	lr_generator: 8.366e-05, eta: 0:01:36, time: 0.023, data_time: 0.001, memory: 193, loss_pix: 0.0155, loss: 0.0155
2025-06-18 01:38:40,196 - mmedit - INFO - Iter [16250/20000]	lr_generator: 8.326e-05, eta: 0:01:35, time: 0.023, data_time: 0.001, memory: 193, loss_pix: 0.0146, loss: 0.0146
2025-06-18 01:38:41,327 - mmedit - INFO - Iter [16300/20000]	lr_generator: 8.286e-05, eta: 0:01:33, time: 0.023, data_time: 0.001, memory: 193, loss_pix: 0.0144, loss: 0.0144
2025-06-18 01:38:42,526 - mmedit - INFO - Iter [16350/20000]	lr_generator: 8.246e-05, eta: 0:01:32, time: 0.024, data_time: 0.001, memory: 193, loss_pix: 0.0170, loss: 0.0170
2025-06-18 01:38:43,712 - mmedit - INFO - Iter [16400/20000]	lr_generator: 8.206e-05, eta: 0:01:31, time: 0.024, data_time: 0.001, memory: 193, loss_pix: 0.0164, loss: 0.0164
2025-06-18 01:38:44,901 - mmedit - INFO - Iter [16450/20000]	lr_generator: 8.166e-05, eta: 0:01:29, time: 0.024, data_time: 0.001, memory: 193, loss_pix: 0.0146, loss: 0.0146
2025-06-18 01:38:46,049 - mmedit - INFO - Iter [16500/20000]	lr_generator: 8.126e-05, eta: 0:01:28, time: 0.023, data_time: 0.001, memory: 193, loss_pix: 0.0159, loss: 0.0159
2025-06-18 01:38:47,180 - mmedit - INFO - Iter [16550/20000]	lr_generator: 8.085e-05, eta: 0:01:27, time: 0.023, data_time: 0.001, memory: 193, loss_pix: 0.0153, loss: 0.0153
2025-06-18 01:38:48,299 - mmedit - INFO - Iter [16600/20000]	lr_generator: 8.045e-05, eta: 0:01:26, time: 0.022, data_time: 0.000, memory: 193, loss_pix: 0.0143, loss: 0.0143
2025-06-18 01:38:49,423 - mmedit - INFO - Iter [16650/20000]	lr_generator: 8.005e-05, eta: 0:01:24, time: 0.022, data_time: 0.001, memory: 193, loss_pix: 0.0146, loss: 0.0146
2025-06-18 01:38:50,454 - mmedit - INFO - Iter [16700/20000]	lr_generator: 7.964e-05, eta: 0:01:23, time: 0.021, data_time: 0.001, memory: 193, loss_pix: 0.0149, loss: 0.0149
2025-06-18 01:38:51,626 - mmedit - INFO - Iter [16750/20000]	lr_generator: 7.924e-05, eta: 0:01:22, time: 0.023, data_time: 0.001, memory: 193, loss_pix: 0.0142, loss: 0.0142
2025-06-18 01:38:52,779 - mmedit - INFO - Iter [16800/20000]	lr_generator: 7.884e-05, eta: 0:01:20, time: 0.023, data_time: 0.001, memory: 193, loss_pix: 0.0145, loss: 0.0145
2025-06-18 01:38:53,967 - mmedit - INFO - Iter [16850/20000]	lr_generator: 7.843e-05, eta: 0:01:19, time: 0.024, data_time: 0.001, memory: 193, loss_pix: 0.0154, loss: 0.0154
2025-06-18 01:38:55,138 - mmedit - INFO - Iter [16900/20000]	lr_generator: 7.802e-05, eta: 0:01:18, time: 0.023, data_time: 0.001, memory: 193, loss_pix: 0.0142, loss: 0.0142
2025-06-18 01:38:56,312 - mmedit - INFO - Iter [16950/20000]	lr_generator: 7.762e-05, eta: 0:01:17, time: 0.023, data_time: 0.001, memory: 193, loss_pix: 0.0163, loss: 0.0163
2025-06-18 01:39:00,195 - mmedit - INFO - Exp name: rdn4x
2025-06-18 01:39:00,196 - mmedit - INFO - Iter(val) [17000]	PSNR: 32.4770, SSIM: 0.9044
2025-06-18 01:39:00,196 - mmedit - INFO - Exp name: rdn4x
2025-06-18 01:39:00,196 - mmedit - INFO - Iter(val) [17000]	
2025-06-18 01:39:01,351 - mmedit - INFO - Iter [17050/20000]	lr_generator: 7.680e-05, eta: 0:01:14, time: 0.077, data_time: 0.054, memory: 193, loss_pix: 0.0154, loss: 0.0154
2025-06-18 01:39:02,360 - mmedit - INFO - Iter [17100/20000]	lr_generator: 7.639e-05, eta: 0:01:13, time: 0.020, data_time: 0.001, memory: 193, loss_pix: 0.0152, loss: 0.0152
2025-06-18 01:39:03,417 - mmedit - INFO - Iter [17150/20000]	lr_generator: 7.598e-05, eta: 0:01:12, time: 0.021, data_time: 0.000, memory: 193, loss_pix: 0.0145, loss: 0.0145
2025-06-18 01:39:04,574 - mmedit - INFO - Iter [17200/20000]	lr_generator: 7.557e-05, eta: 0:01:10, time: 0.023, data_time: 0.001, memory: 193, loss_pix: 0.0151, loss: 0.0151
2025-06-18 01:39:05,749 - mmedit - INFO - Iter [17250/20000]	lr_generator: 7.516e-05, eta: 0:01:09, time: 0.023, data_time: 0.001, memory: 193, loss_pix: 0.0158, loss: 0.0158
2025-06-18 01:39:06,929 - mmedit - INFO - Iter [17300/20000]	lr_generator: 7.475e-05, eta: 0:01:08, time: 0.024, data_time: 0.001, memory: 193, loss_pix: 0.0160, loss: 0.0160
2025-06-18 01:39:08,079 - mmedit - INFO - Iter [17350/20000]	lr_generator: 7.434e-05, eta: 0:01:07, time: 0.023, data_time: 0.001, memory: 193, loss_pix: 0.0140, loss: 0.0140
2025-06-18 01:39:09,239 - mmedit - INFO - Iter [17400/20000]	lr_generator: 7.392e-05, eta: 0:01:05, time: 0.023, data_time: 0.001, memory: 193, loss_pix: 0.0150, loss: 0.0150
2025-06-18 01:39:10,387 - mmedit - INFO - Iter [17450/20000]	lr_generator: 7.351e-05, eta: 0:01:04, time: 0.023, data_time: 0.001, memory: 193, loss_pix: 0.0155, loss: 0.0155
2025-06-18 01:39:11,565 - mmedit - INFO - Iter [17500/20000]	lr_generator: 7.309e-05, eta: 0:01:03, time: 0.024, data_time: 0.001, memory: 193, loss_pix: 0.0155, loss: 0.0155
2025-06-18 01:39:12,759 - mmedit - INFO - Iter [17550/20000]	lr_generator: 7.268e-05, eta: 0:01:01, time: 0.024, data_time: 0.001, memory: 193, loss_pix: 0.0148, loss: 0.0148
2025-06-18 01:39:13,914 - mmedit - INFO - Iter [17600/20000]	lr_generator: 7.226e-05, eta: 0:01:00, time: 0.023, data_time: 0.001, memory: 193, loss_pix: 0.0141, loss: 0.0141
2025-06-18 01:39:15,082 - mmedit - INFO - Iter [17650/20000]	lr_generator: 7.184e-05, eta: 0:00:59, time: 0.023, data_time: 0.001, memory: 193, loss_pix: 0.0144, loss: 0.0144
2025-06-18 01:39:16,252 - mmedit - INFO - Iter [17700/20000]	lr_generator: 7.142e-05, eta: 0:00:58, time: 0.023, data_time: 0.001, memory: 193, loss_pix: 0.0149, loss: 0.0149
2025-06-18 01:39:17,417 - mmedit - INFO - Iter [17750/20000]	lr_generator: 7.100e-05, eta: 0:00:56, time: 0.023, data_time: 0.001, memory: 193, loss_pix: 0.0150, loss: 0.0150
2025-06-18 01:39:18,597 - mmedit - INFO - Iter [17800/20000]	lr_generator: 7.058e-05, eta: 0:00:55, time: 0.024, data_time: 0.001, memory: 193, loss_pix: 0.0150, loss: 0.0150
2025-06-18 01:39:19,791 - mmedit - INFO - Iter [17850/20000]	lr_generator: 7.016e-05, eta: 0:00:54, time: 0.024, data_time: 0.001, memory: 193, loss_pix: 0.0158, loss: 0.0158
2025-06-18 01:39:21,001 - mmedit - INFO - Iter [17900/20000]	lr_generator: 6.974e-05, eta: 0:00:53, time: 0.024, data_time: 0.001, memory: 193, loss_pix: 0.0150, loss: 0.0150
2025-06-18 01:39:22,226 - mmedit - INFO - Iter [17950/20000]	lr_generator: 6.932e-05, eta: 0:00:51, time: 0.024, data_time: 0.001, memory: 193, loss_pix: 0.0162, loss: 0.0162
2025-06-18 01:39:26,178 - mmedit - INFO - Exp name: rdn4x
2025-06-18 01:39:26,178 - mmedit - INFO - Iter(val) [18000]	PSNR: 32.5078, SSIM: 0.9046
2025-06-18 01:39:26,179 - mmedit - INFO - Exp name: rdn4x
2025-06-18 01:39:26,179 - mmedit - INFO - Iter(val) [18000]	
2025-06-18 01:39:27,444 - mmedit - INFO - Iter [18050/20000]	lr_generator: 6.847e-05, eta: 0:00:49, time: 0.078, data_time: 0.054, memory: 193, loss_pix: 0.0150, loss: 0.0150
2025-06-18 01:39:28,705 - mmedit - INFO - Iter [18100/20000]	lr_generator: 6.804e-05, eta: 0:00:48, time: 0.025, data_time: 0.001, memory: 193, loss_pix: 0.0157, loss: 0.0157
2025-06-18 01:39:29,955 - mmedit - INFO - Iter [18150/20000]	lr_generator: 6.761e-05, eta: 0:00:46, time: 0.025, data_time: 0.001, memory: 193, loss_pix: 0.0160, loss: 0.0160
2025-06-18 01:39:31,126 - mmedit - INFO - Iter [18200/20000]	lr_generator: 6.718e-05, eta: 0:00:45, time: 0.023, data_time: 0.001, memory: 193, loss_pix: 0.0144, loss: 0.0144
2025-06-18 01:39:32,343 - mmedit - INFO - Iter [18250/20000]	lr_generator: 6.675e-05, eta: 0:00:44, time: 0.024, data_time: 0.001, memory: 193, loss_pix: 0.0137, loss: 0.0137
2025-06-18 01:39:33,536 - mmedit - INFO - Iter [18300/20000]	lr_generator: 6.632e-05, eta: 0:00:43, time: 0.024, data_time: 0.001, memory: 193, loss_pix: 0.0141, loss: 0.0141
2025-06-18 01:39:34,729 - mmedit - INFO - Iter [18350/20000]	lr_generator: 6.589e-05, eta: 0:00:41, time: 0.024, data_time: 0.001, memory: 193, loss_pix: 0.0148, loss: 0.0148
2025-06-18 01:39:35,921 - mmedit - INFO - Iter [18400/20000]	lr_generator: 6.546e-05, eta: 0:00:40, time: 0.024, data_time: 0.001, memory: 193, loss_pix: 0.0148, loss: 0.0148
2025-06-18 01:39:37,117 - mmedit - INFO - Iter [18450/20000]	lr_generator: 6.502e-05, eta: 0:00:39, time: 0.024, data_time: 0.001, memory: 193, loss_pix: 0.0143, loss: 0.0143
2025-06-18 01:39:38,395 - mmedit - INFO - Iter [18500/20000]	lr_generator: 6.459e-05, eta: 0:00:37, time: 0.026, data_time: 0.001, memory: 193, loss_pix: 0.0156, loss: 0.0156
2025-06-18 01:39:39,619 - mmedit - INFO - Iter [18550/20000]	lr_generator: 6.415e-05, eta: 0:00:36, time: 0.024, data_time: 0.001, memory: 193, loss_pix: 0.0149, loss: 0.0149
2025-06-18 01:39:40,766 - mmedit - INFO - Iter [18600/20000]	lr_generator: 6.371e-05, eta: 0:00:35, time: 0.023, data_time: 0.001, memory: 193, loss_pix: 0.0152, loss: 0.0152
2025-06-18 01:39:41,891 - mmedit - INFO - Iter [18650/20000]	lr_generator: 6.327e-05, eta: 0:00:34, time: 0.023, data_time: 0.001, memory: 193, loss_pix: 0.0146, loss: 0.0146
2025-06-18 01:39:42,895 - mmedit - INFO - Iter [18700/20000]	lr_generator: 6.282e-05, eta: 0:00:32, time: 0.020, data_time: 0.001, memory: 193, loss_pix: 0.0163, loss: 0.0163
2025-06-18 01:39:44,054 - mmedit - INFO - Iter [18750/20000]	lr_generator: 6.238e-05, eta: 0:00:31, time: 0.023, data_time: 0.001, memory: 193, loss_pix: 0.0144, loss: 0.0144
2025-06-18 01:39:45,257 - mmedit - INFO - Iter [18800/20000]	lr_generator: 6.193e-05, eta: 0:00:30, time: 0.024, data_time: 0.001, memory: 193, loss_pix: 0.0150, loss: 0.0150
2025-06-18 01:39:46,403 - mmedit - INFO - Iter [18850/20000]	lr_generator: 6.149e-05, eta: 0:00:29, time: 0.023, data_time: 0.001, memory: 193, loss_pix: 0.0156, loss: 0.0156
2025-06-18 01:39:47,457 - mmedit - INFO - Iter [18900/20000]	lr_generator: 6.104e-05, eta: 0:00:27, time: 0.021, data_time: 0.001, memory: 193, loss_pix: 0.0150, loss: 0.0150
2025-06-18 01:39:48,655 - mmedit - INFO - Iter [18950/20000]	lr_generator: 6.058e-05, eta: 0:00:26, time: 0.024, data_time: 0.001, memory: 193, loss_pix: 0.0155, loss: 0.0155
2025-06-18 01:39:52,763 - mmedit - INFO - Exp name: rdn4x
2025-06-18 01:39:52,763 - mmedit - INFO - Iter(val) [19000]	PSNR: 32.5145, SSIM: 0.9045
2025-06-18 01:39:52,764 - mmedit - INFO - Exp name: rdn4x
2025-06-18 01:39:52,764 - mmedit - INFO - Iter(val) [19000]	
2025-06-18 01:39:53,919 - mmedit - INFO - Iter [19050/20000]	lr_generator: 5.967e-05, eta: 0:00:24, time: 0.081, data_time: 0.058, memory: 193, loss_pix: 0.0149, loss: 0.0149
2025-06-18 01:39:55,129 - mmedit - INFO - Iter [19100/20000]	lr_generator: 5.921e-05, eta: 0:00:22, time: 0.024, data_time: 0.001, memory: 193, loss_pix: 0.0152, loss: 0.0152
2025-06-18 01:39:56,285 - mmedit - INFO - Iter [19150/20000]	lr_generator: 5.875e-05, eta: 0:00:21, time: 0.023, data_time: 0.001, memory: 193, loss_pix: 0.0143, loss: 0.0143
2025-06-18 01:39:57,469 - mmedit - INFO - Iter [19200/20000]	lr_generator: 5.829e-05, eta: 0:00:20, time: 0.024, data_time: 0.001, memory: 193, loss_pix: 0.0137, loss: 0.0137
2025-06-18 01:39:58,653 - mmedit - INFO - Iter [19250/20000]	lr_generator: 5.782e-05, eta: 0:00:18, time: 0.024, data_time: 0.001, memory: 193, loss_pix: 0.0156, loss: 0.0156
2025-06-18 01:39:59,823 - mmedit - INFO - Iter [19300/20000]	lr_generator: 5.735e-05, eta: 0:00:17, time: 0.023, data_time: 0.001, memory: 193, loss_pix: 0.0155, loss: 0.0155
2025-06-18 01:40:01,030 - mmedit - INFO - Iter [19350/20000]	lr_generator: 5.688e-05, eta: 0:00:16, time: 0.024, data_time: 0.001, memory: 193, loss_pix: 0.0144, loss: 0.0144
2025-06-18 01:40:02,235 - mmedit - INFO - Iter [19400/20000]	lr_generator: 5.640e-05, eta: 0:00:15, time: 0.024, data_time: 0.001, memory: 193, loss_pix: 0.0150, loss: 0.0150
2025-06-18 01:40:03,429 - mmedit - INFO - Iter [19450/20000]	lr_generator: 5.592e-05, eta: 0:00:13, time: 0.024, data_time: 0.001, memory: 193, loss_pix: 0.0146, loss: 0.0146
2025-06-18 01:40:04,621 - mmedit - INFO - Iter [19500/20000]	lr_generator: 5.543e-05, eta: 0:00:12, time: 0.024, data_time: 0.001, memory: 193, loss_pix: 0.0149, loss: 0.0149
2025-06-18 01:40:05,764 - mmedit - INFO - Iter [19550/20000]	lr_generator: 5.494e-05, eta: 0:00:11, time: 0.023, data_time: 0.001, memory: 193, loss_pix: 0.0148, loss: 0.0148
2025-06-18 01:40:06,956 - mmedit - INFO - Iter [19600/20000]	lr_generator: 5.445e-05, eta: 0:00:10, time: 0.024, data_time: 0.001, memory: 193, loss_pix: 0.0161, loss: 0.0161
2025-06-18 01:40:07,984 - mmedit - INFO - Iter [19650/20000]	lr_generator: 5.394e-05, eta: 0:00:08, time: 0.021, data_time: 0.001, memory: 193, loss_pix: 0.0147, loss: 0.0147
2025-06-18 01:40:09,009 - mmedit - INFO - Iter [19700/20000]	lr_generator: 5.343e-05, eta: 0:00:07, time: 0.021, data_time: 0.001, memory: 193, loss_pix: 0.0144, loss: 0.0144
2025-06-18 01:40:10,164 - mmedit - INFO - Iter [19750/20000]	lr_generator: 5.292e-05, eta: 0:00:06, time: 0.023, data_time: 0.001, memory: 193, loss_pix: 0.0150, loss: 0.0150
2025-06-18 01:40:11,344 - mmedit - INFO - Iter [19800/20000]	lr_generator: 5.239e-05, eta: 0:00:05, time: 0.024, data_time: 0.001, memory: 193, loss_pix: 0.0147, loss: 0.0147
2025-06-18 01:40:12,491 - mmedit - INFO - Iter [19850/20000]	lr_generator: 5.185e-05, eta: 0:00:03, time: 0.023, data_time: 0.001, memory: 193, loss_pix: 0.0157, loss: 0.0157
2025-06-18 01:40:13,641 - mmedit - INFO - Iter [19900/20000]	lr_generator: 5.129e-05, eta: 0:00:02, time: 0.023, data_time: 0.001, memory: 193, loss_pix: 0.0154, loss: 0.0154
2025-06-18 01:40:14,822 - mmedit - INFO - Iter [19950/20000]	lr_generator: 5.069e-05, eta: 0:00:01, time: 0.024, data_time: 0.001, memory: 193, loss_pix: 0.0144, loss: 0.0144
2025-06-18 01:40:16,026 - mmedit - INFO - Saving checkpoint at 20000 iterations
2025-06-18 01:40:19,019 - mmedit - INFO - Exp name: rdn4x
2025-06-18 01:40:19,020 - mmedit - INFO - Iter(val) [20000]	PSNR: 32.5160, SSIM: 0.9052
2025-06-18 01:40:19,020 - mmedit - INFO - Exp name: rdn4x
2025-06-18 01:40:19,021 - mmedit - INFO - Iter(val) [20000]	
