2025-06-17 22:43:33,140 - mmedit - INFO - Environment info:
------------------------------------------------------------
sys.platform: linux
Python: 3.8.20 (default, Oct  3 2024, 15:24:27) [GCC 11.2.0]
CUDA available: True
GPU 0: NVIDIA GeForce RTX 3090
CUDA_HOME: /usr/local/cuda
NVCC: Cuda compilation tools, release 11.7, V11.7.64
GCC: gcc (Ubuntu 9.4.0-1ubuntu1~20.04.2) 9.4.0
PyTorch: 1.10.0+cu113
PyTorch compiling details: PyTorch built with:
  - GCC 7.3
  - C++ Version: 201402
  - Intel(R) Math Kernel Library Version 2020.0.0 Product Build 20191122 for Intel(R) 64 architecture applications
  - Intel(R) MKL-DNN v2.2.3 (Git Hash 7336ca9f055cf1bfa13efb658fe15dc9b41f0740)
  - OpenMP 201511 (a.k.a. OpenMP 4.5)
  - LAPACK is enabled (usually provided by MKL)
  - NNPACK is enabled
  - CPU capability usage: AVX512
  - CUDA Runtime 11.3
  - NVCC architecture flags: -gencode;arch=compute_37,code=sm_37;-gencode;arch=compute_50,code=sm_50;-gencode;arch=compute_60,code=sm_60;-gencode;arch=compute_70,code=sm_70;-gencode;arch=compute_75,code=sm_75;-gencode;arch=compute_80,code=sm_80;-gencode;arch=compute_86,code=sm_86
  - CuDNN 8.2
  - Magma 2.5.2
  - Build settings: BLAS_INFO=mkl, BUILD_TYPE=Release, CUDA_VERSION=11.3, CUDNN_VERSION=8.2.0, CXX_COMPILER=/opt/rh/devtoolset-7/root/usr/bin/c++, CXX_FLAGS= -Wno-deprecated -fvisibility-inlines-hidden -DUSE_PTHREADPOOL -fopenmp -DNDEBUG -DUSE_KINETO -DUSE_FBGEMM -DUSE_QNNPACK -DUSE_PYTORCH_QNNPACK -DUSE_XNNPACK -DSYMBOLICATE_MOBILE_DEBUG_HANDLE -DEDGE_PROFILER_USE_KINETO -O2 -fPIC -Wno-narrowing -Wall -Wextra -Werror=return-type -Wno-missing-field-initializers -Wno-type-limits -Wno-array-bounds -Wno-unknown-pragmas -Wno-sign-compare -Wno-unused-parameter -Wno-unused-variable -Wno-unused-function -Wno-unused-result -Wno-unused-local-typedefs -Wno-strict-overflow -Wno-strict-aliasing -Wno-error=deprecated-declarations -Wno-stringop-overflow -Wno-psabi -Wno-error=pedantic -Wno-error=redundant-decls -Wno-error=old-style-cast -fdiagnostics-color=always -faligned-new -Wno-unused-but-set-variable -Wno-maybe-uninitialized -fno-math-errno -fno-trapping-math -Werror=format -Wno-stringop-overflow, LAPACK_INFO=mkl, PERF_WITH_AVX=1, PERF_WITH_AVX2=1, PERF_WITH_AVX512=1, TORCH_VERSION=1.10.0, USE_CUDA=ON, USE_CUDNN=ON, USE_EXCEPTION_PTR=1, USE_GFLAGS=OFF, USE_GLOG=OFF, USE_MKL=ON, USE_MKLDNN=ON, USE_MPI=OFF, USE_NCCL=ON, USE_NNPACK=ON, USE_OPENMP=ON, 

TorchVision: 0.11.1+cu113
OpenCV: 4.10.0
MMCV: 1.7.0
MMCV Compiler: GCC 9.3
MMCV CUDA Compiler: 11.3
MMEditing: 0.16.0+
------------------------------------------------------------

2025-06-17 22:43:33,141 - mmedit - INFO - Distributed training: True
2025-06-17 22:43:33,141 - mmedit - INFO - mmedit Version: 0.16.0
2025-06-17 22:43:33,141 - mmedit - INFO - Config:
/data/code2025/Q2/2025-06-02-01/my_config_4x/swinir4x.py
# model settings
scale = 4
img_size = 64
window_size = 8
height = (1024 // scale // window_size + 1) * window_size
width = (720 // scale // window_size + 1) * window_size
model = dict(
    type='BasicRestorer',
    generator=dict(
        type='swinIR',
        upscale=scale,
        img_size=(64, 64),
        window_size=window_size,
        img_range=1.,
        depths=[2, 2, 2, 2],
        embed_dim=16,
        num_heads=[2, 2, 2, 2],
        mlp_ratio=2,
        upsampler='pixelshuffle'
    ),
    pixel_loss=dict(type='L1Loss', loss_weight=1.0, reduction='mean'))
# model training and testing settings
train_cfg = None
test_cfg = dict(metrics=['PSNR', 'SSIM'], crop_border=scale)

# dataset settings
train_dataset_type = 'SRFolderDataset'
val_dataset_type = 'SRFolderDataset'
train_pipeline = [
    dict(
        type='LoadImageFromFile',
        io_backend='disk',
        key='lq',
        flag='unchanged'),
    dict(
        type='LoadImageFromFile',
        io_backend='disk',
        key='gt',
        flag='unchanged'),
    dict(type='RescaleToZeroOne', keys=['lq', 'gt']),
    dict(
        type='Normalize',
        keys=['lq', 'gt'],
        mean=[0, 0, 0],
        std=[1, 1, 1],
        to_rgb=False),
    dict(type='PairedRandomCrop', gt_patch_size=img_size*scale),
    dict(
        type='Flip', keys=['lq', 'gt'], flip_ratio=0.5,
        direction='horizontal'),
    dict(type='Flip', keys=['lq', 'gt'], flip_ratio=0.5, direction='vertical'),
    dict(type='RandomTransposeHW', keys=['lq', 'gt'], transpose_ratio=0.5),
    dict(type='Collect', keys=['lq', 'gt'], meta_keys=['lq_path', 'gt_path']),
    dict(type='ImageToTensor', keys=['lq', 'gt'])
]
test_pipeline = [
    dict(
        type='LoadImageFromFile',
        io_backend='disk',
        key='lq',
        flag='unchanged'),
    dict(
        type='LoadImageFromFile',
        io_backend='disk',
        key='gt',
        flag='unchanged'),
    dict(type='RescaleToZeroOne', keys=['lq', 'gt']),
    dict(
        type='Normalize',
        keys=['lq', 'gt'],
        mean=[0, 0, 0],
        std=[1, 1, 1],
        to_rgb=False),
    dict(type='Collect', keys=['lq', 'gt'], meta_keys=['lq_path', 'gt_path']),
    dict(type='ImageToTensor', keys=['lq', 'gt'])
]

data = dict(
    workers_per_gpu=2,
    train_dataloader=dict(samples_per_gpu=4, drop_last=True),
    val_dataloader=dict(samples_per_gpu=1),
    test_dataloader=dict(samples_per_gpu=1),
    train=dict(
        type=train_dataset_type,
        lq_folder='../datasets/train/LRx4',
        gt_folder='../datasets/train/HRx4',
        pipeline=train_pipeline,
        scale=scale,
        filename_tmpl='{}'),
    val=dict(
        type=val_dataset_type,
        lq_folder='../datasets/test/LRx4',
        gt_folder='../datasets/test/HRx4',
        pipeline=test_pipeline,
        scale=scale,
        filename_tmpl='{}'),
    test=dict(
        type=val_dataset_type,
        lq_folder='../datasets/test/LRx4',
        gt_folder='../datasets/test/HRx4',
        pipeline=test_pipeline,
        scale=scale,
        filename_tmpl='{}'))

# optimizer
optimizers = dict(generator=dict(type='Adam', lr=2e-4, betas=(0.5, 0.999)))

# learning policy
lr_config = dict(
    policy='poly',
    power=0.9,  # The power of polynomial decay.
    min_lr=5e-5,  # The minimum learning rate to stable the training.
    by_epoch=False,  # Whethe count by epoch or not.)
)
evaluation = dict(interval=1000)
# checkpoint saving
checkpoint_config = dict(interval=10000, save_optimizer=False, by_epoch=False)
log_config = dict(
    interval=50,
    hooks=[
        dict(type='TextLoggerHook', by_epoch=False),
        dict(type='TensorboardLoggerHook')
    ])
visual_config = None
# runtime settings
total_iters = 20000
cudnn_benchmark = False
find_unused_parameters = True
dist_params = dict(backend='nccl')
log_level = 'INFO'
load_from = None
resume_from = None
workflow = [('train', 1)]
work_dir = f'./work_dirs_4x/{{ fileBasenameNoExtension }}'

2025-06-17 22:43:33,141 - mmedit - INFO - Set random seed to 0, deterministic: False
2025-06-17 22:44:34,515 - mmedit - INFO - Start running, host: wuyou@wuyou-desktop, work_dir: /data/code2025/Q2/2025-06-02-01/work_dirs_4x/swinir4x
2025-06-17 22:44:34,516 - mmedit - INFO - Hooks will be executed in the following order:
before_run:
(VERY_HIGH   ) PolyLrUpdaterHook                  
(NORMAL      ) CheckpointHook                     
(VERY_LOW    ) TextLoggerHook                     
(VERY_LOW    ) TensorboardLoggerHook              
 -------------------- 
before_train_epoch:
(VERY_HIGH   ) PolyLrUpdaterHook                  
(LOW         ) IterTimerHook                      
(VERY_LOW    ) TextLoggerHook                     
(VERY_LOW    ) TensorboardLoggerHook              
 -------------------- 
before_train_iter:
(VERY_HIGH   ) PolyLrUpdaterHook                  
(LOW         ) IterTimerHook                      
 -------------------- 
after_train_iter:
(NORMAL      ) CheckpointHook                     
(LOW         ) IterTimerHook                      
(LOW         ) DistEvalIterHook                   
(VERY_LOW    ) TextLoggerHook                     
(VERY_LOW    ) TensorboardLoggerHook              
 -------------------- 
after_train_epoch:
(NORMAL      ) CheckpointHook                     
(VERY_LOW    ) TextLoggerHook                     
(VERY_LOW    ) TensorboardLoggerHook              
 -------------------- 
before_val_epoch:
(LOW         ) IterTimerHook                      
(VERY_LOW    ) TextLoggerHook                     
(VERY_LOW    ) TensorboardLoggerHook              
 -------------------- 
before_val_iter:
(LOW         ) IterTimerHook                      
 -------------------- 
after_val_iter:
(LOW         ) IterTimerHook                      
 -------------------- 
after_val_epoch:
(VERY_LOW    ) TextLoggerHook                     
(VERY_LOW    ) TensorboardLoggerHook              
 -------------------- 
after_run:
(VERY_LOW    ) TextLoggerHook                     
(VERY_LOW    ) TensorboardLoggerHook              
 -------------------- 
2025-06-17 22:44:34,516 - mmedit - INFO - workflow: [('train', 1)], max: 20000 iters
2025-06-17 22:44:34,516 - mmedit - INFO - Checkpoints will be saved to /data/code2025/Q2/2025-06-02-01/work_dirs_4x/swinir4x by HardDiskBackend.
2025-06-17 22:44:39,600 - mmedit - INFO - Iter [50/20000]	lr_generator: 1.997e-04, eta: 0:19:47, time: 0.060, data_time: 0.009, memory: 470, loss_pix: 0.0917, loss: 0.0917
2025-06-17 22:44:42,147 - mmedit - INFO - Iter [100/20000]	lr_generator: 1.993e-04, eta: 0:18:19, time: 0.051, data_time: 0.001, memory: 470, loss_pix: 0.0510, loss: 0.0510
2025-06-17 22:44:44,562 - mmedit - INFO - Iter [150/20000]	lr_generator: 1.990e-04, eta: 0:17:30, time: 0.048, data_time: 0.001, memory: 470, loss_pix: 0.0428, loss: 0.0428
2025-06-17 22:44:46,839 - mmedit - INFO - Iter [200/20000]	lr_generator: 1.987e-04, eta: 0:16:51, time: 0.046, data_time: 0.001, memory: 470, loss_pix: 0.0389, loss: 0.0389
2025-06-17 22:44:49,494 - mmedit - INFO - Iter [250/20000]	lr_generator: 1.983e-04, eta: 0:16:56, time: 0.053, data_time: 0.001, memory: 470, loss_pix: 0.0359, loss: 0.0359
2025-06-17 22:44:51,961 - mmedit - INFO - Iter [300/20000]	lr_generator: 1.980e-04, eta: 0:16:47, time: 0.049, data_time: 0.001, memory: 470, loss_pix: 0.0333, loss: 0.0333
2025-06-17 22:44:54,415 - mmedit - INFO - Iter [350/20000]	lr_generator: 1.976e-04, eta: 0:16:38, time: 0.049, data_time: 0.001, memory: 470, loss_pix: 0.0322, loss: 0.0322
2025-06-17 22:44:56,868 - mmedit - INFO - Iter [400/20000]	lr_generator: 1.973e-04, eta: 0:16:31, time: 0.049, data_time: 0.001, memory: 470, loss_pix: 0.0307, loss: 0.0307
2025-06-17 22:44:59,087 - mmedit - INFO - Iter [450/20000]	lr_generator: 1.970e-04, eta: 0:16:15, time: 0.044, data_time: 0.001, memory: 470, loss_pix: 0.0323, loss: 0.0323
2025-06-17 22:45:01,534 - mmedit - INFO - Iter [500/20000]	lr_generator: 1.966e-04, eta: 0:16:11, time: 0.049, data_time: 0.001, memory: 470, loss_pix: 0.0277, loss: 0.0277
2025-06-17 22:45:03,930 - mmedit - INFO - Iter [550/20000]	lr_generator: 1.963e-04, eta: 0:16:05, time: 0.048, data_time: 0.001, memory: 470, loss_pix: 0.0308, loss: 0.0308
2025-06-17 22:45:06,307 - mmedit - INFO - Iter [600/20000]	lr_generator: 1.960e-04, eta: 0:15:59, time: 0.048, data_time: 0.001, memory: 470, loss_pix: 0.0288, loss: 0.0288
2025-06-17 22:45:08,481 - mmedit - INFO - Iter [650/20000]	lr_generator: 1.956e-04, eta: 0:15:48, time: 0.043, data_time: 0.001, memory: 470, loss_pix: 0.0268, loss: 0.0268
2025-06-17 22:45:10,974 - mmedit - INFO - Iter [700/20000]	lr_generator: 1.953e-04, eta: 0:15:47, time: 0.050, data_time: 0.001, memory: 470, loss_pix: 0.0284, loss: 0.0284
2025-06-17 22:45:13,175 - mmedit - INFO - Iter [750/20000]	lr_generator: 1.949e-04, eta: 0:15:38, time: 0.044, data_time: 0.001, memory: 470, loss_pix: 0.0291, loss: 0.0291
2025-06-17 22:45:15,438 - mmedit - INFO - Iter [800/20000]	lr_generator: 1.946e-04, eta: 0:15:31, time: 0.045, data_time: 0.001, memory: 470, loss_pix: 0.0257, loss: 0.0257
2025-06-17 22:45:17,649 - mmedit - INFO - Iter [850/20000]	lr_generator: 1.943e-04, eta: 0:15:24, time: 0.044, data_time: 0.001, memory: 470, loss_pix: 0.0257, loss: 0.0257
2025-06-17 22:45:19,869 - mmedit - INFO - Iter [900/20000]	lr_generator: 1.939e-04, eta: 0:15:17, time: 0.044, data_time: 0.001, memory: 470, loss_pix: 0.0263, loss: 0.0263
2025-06-17 22:45:22,035 - mmedit - INFO - Iter [950/20000]	lr_generator: 1.936e-04, eta: 0:15:10, time: 0.043, data_time: 0.001, memory: 470, loss_pix: 0.0267, loss: 0.0267
2025-06-17 22:45:29,910 - mmedit - INFO - Exp name: swinir4x
2025-06-17 22:45:29,911 - mmedit - INFO - Iter(val) [1000]	PSNR: 28.6551, SSIM: 0.9598
2025-06-17 22:45:29,911 - mmedit - INFO - Exp name: swinir4x
2025-06-17 22:45:29,912 - mmedit - INFO - Iter(val) [1000]	
2025-06-17 22:45:32,041 - mmedit - INFO - Iter [1050/20000]	lr_generator: 1.929e-04, eta: 0:15:57, time: 0.153, data_time: 0.111, memory: 470, loss_pix: 0.0247, loss: 0.0247
2025-06-17 22:45:34,193 - mmedit - INFO - Iter [1100/20000]	lr_generator: 1.926e-04, eta: 0:15:48, time: 0.043, data_time: 0.001, memory: 470, loss_pix: 0.0249, loss: 0.0249
2025-06-17 22:45:36,376 - mmedit - INFO - Iter [1150/20000]	lr_generator: 1.922e-04, eta: 0:15:40, time: 0.044, data_time: 0.001, memory: 470, loss_pix: 0.0256, loss: 0.0256
2025-06-17 22:45:38,542 - mmedit - INFO - Iter [1200/20000]	lr_generator: 1.919e-04, eta: 0:15:32, time: 0.043, data_time: 0.001, memory: 470, loss_pix: 0.0248, loss: 0.0248
2025-06-17 22:45:40,694 - mmedit - INFO - Iter [1250/20000]	lr_generator: 1.915e-04, eta: 0:15:25, time: 0.043, data_time: 0.001, memory: 470, loss_pix: 0.0258, loss: 0.0258
2025-06-17 22:45:42,818 - mmedit - INFO - Iter [1300/20000]	lr_generator: 1.912e-04, eta: 0:15:18, time: 0.042, data_time: 0.001, memory: 470, loss_pix: 0.0241, loss: 0.0241
2025-06-17 22:45:44,995 - mmedit - INFO - Iter [1350/20000]	lr_generator: 1.909e-04, eta: 0:15:11, time: 0.044, data_time: 0.001, memory: 470, loss_pix: 0.0240, loss: 0.0240
2025-06-17 22:45:47,181 - mmedit - INFO - Iter [1400/20000]	lr_generator: 1.905e-04, eta: 0:15:05, time: 0.044, data_time: 0.001, memory: 470, loss_pix: 0.0233, loss: 0.0233
2025-06-17 22:45:49,357 - mmedit - INFO - Iter [1450/20000]	lr_generator: 1.902e-04, eta: 0:15:00, time: 0.044, data_time: 0.001, memory: 470, loss_pix: 0.0243, loss: 0.0243
2025-06-17 22:45:51,528 - mmedit - INFO - Iter [1500/20000]	lr_generator: 1.898e-04, eta: 0:14:54, time: 0.043, data_time: 0.001, memory: 470, loss_pix: 0.0243, loss: 0.0243
2025-06-17 22:45:53,672 - mmedit - INFO - Iter [1550/20000]	lr_generator: 1.895e-04, eta: 0:14:48, time: 0.043, data_time: 0.001, memory: 470, loss_pix: 0.0247, loss: 0.0247
2025-06-17 22:45:55,817 - mmedit - INFO - Iter [1600/20000]	lr_generator: 1.892e-04, eta: 0:14:43, time: 0.043, data_time: 0.001, memory: 470, loss_pix: 0.0238, loss: 0.0238
2025-06-17 22:45:58,009 - mmedit - INFO - Iter [1650/20000]	lr_generator: 1.888e-04, eta: 0:14:38, time: 0.044, data_time: 0.001, memory: 470, loss_pix: 0.0236, loss: 0.0236
2025-06-17 22:46:00,511 - mmedit - INFO - Iter [1700/20000]	lr_generator: 1.885e-04, eta: 0:14:37, time: 0.050, data_time: 0.001, memory: 470, loss_pix: 0.0266, loss: 0.0266
2025-06-17 22:46:02,942 - mmedit - INFO - Iter [1750/20000]	lr_generator: 1.881e-04, eta: 0:14:35, time: 0.049, data_time: 0.001, memory: 470, loss_pix: 0.0231, loss: 0.0231
2025-06-17 22:46:05,178 - mmedit - INFO - Iter [1800/20000]	lr_generator: 1.878e-04, eta: 0:14:31, time: 0.045, data_time: 0.001, memory: 470, loss_pix: 0.0241, loss: 0.0241
2025-06-17 22:46:07,689 - mmedit - INFO - Iter [1850/20000]	lr_generator: 1.875e-04, eta: 0:14:30, time: 0.050, data_time: 0.001, memory: 470, loss_pix: 0.0229, loss: 0.0229
2025-06-17 22:46:10,221 - mmedit - INFO - Iter [1900/20000]	lr_generator: 1.871e-04, eta: 0:14:29, time: 0.051, data_time: 0.001, memory: 470, loss_pix: 0.0229, loss: 0.0229
2025-06-17 22:46:12,781 - mmedit - INFO - Iter [1950/20000]	lr_generator: 1.868e-04, eta: 0:14:28, time: 0.051, data_time: 0.001, memory: 470, loss_pix: 0.0228, loss: 0.0228
2025-06-17 22:46:20,260 - mmedit - INFO - Exp name: swinir4x
2025-06-17 22:46:20,260 - mmedit - INFO - Iter(val) [2000]	PSNR: 30.8050, SSIM: 0.9806
2025-06-17 22:46:20,260 - mmedit - INFO - Exp name: swinir4x
2025-06-17 22:46:20,261 - mmedit - INFO - Iter(val) [2000]	
2025-06-17 22:46:22,441 - mmedit - INFO - Iter [2050/20000]	lr_generator: 1.861e-04, eta: 0:14:46, time: 0.149, data_time: 0.106, memory: 470, loss_pix: 0.0220, loss: 0.0220
2025-06-17 22:46:24,772 - mmedit - INFO - Iter [2100/20000]	lr_generator: 1.858e-04, eta: 0:14:42, time: 0.047, data_time: 0.001, memory: 470, loss_pix: 0.0226, loss: 0.0226
2025-06-17 22:46:26,927 - mmedit - INFO - Iter [2150/20000]	lr_generator: 1.854e-04, eta: 0:14:37, time: 0.043, data_time: 0.001, memory: 470, loss_pix: 0.0212, loss: 0.0212
2025-06-17 22:46:29,071 - mmedit - INFO - Iter [2200/20000]	lr_generator: 1.851e-04, eta: 0:14:32, time: 0.043, data_time: 0.001, memory: 470, loss_pix: 0.0247, loss: 0.0247
2025-06-17 22:46:31,408 - mmedit - INFO - Iter [2250/20000]	lr_generator: 1.847e-04, eta: 0:14:29, time: 0.047, data_time: 0.001, memory: 470, loss_pix: 0.0226, loss: 0.0226
2025-06-17 22:46:33,684 - mmedit - INFO - Iter [2300/20000]	lr_generator: 1.844e-04, eta: 0:14:25, time: 0.046, data_time: 0.001, memory: 470, loss_pix: 0.0224, loss: 0.0224
2025-06-17 22:46:35,801 - mmedit - INFO - Iter [2350/20000]	lr_generator: 1.840e-04, eta: 0:14:20, time: 0.042, data_time: 0.001, memory: 470, loss_pix: 0.0238, loss: 0.0238
2025-06-17 22:46:37,917 - mmedit - INFO - Iter [2400/20000]	lr_generator: 1.837e-04, eta: 0:14:15, time: 0.042, data_time: 0.001, memory: 470, loss_pix: 0.0217, loss: 0.0217
2025-06-17 22:46:40,060 - mmedit - INFO - Iter [2450/20000]	lr_generator: 1.834e-04, eta: 0:14:11, time: 0.043, data_time: 0.001, memory: 470, loss_pix: 0.0224, loss: 0.0224
2025-06-17 22:46:42,177 - mmedit - INFO - Iter [2500/20000]	lr_generator: 1.830e-04, eta: 0:14:06, time: 0.042, data_time: 0.001, memory: 470, loss_pix: 0.0216, loss: 0.0216
2025-06-17 22:46:44,322 - mmedit - INFO - Iter [2550/20000]	lr_generator: 1.827e-04, eta: 0:14:02, time: 0.043, data_time: 0.001, memory: 470, loss_pix: 0.0221, loss: 0.0221
2025-06-17 22:46:46,663 - mmedit - INFO - Iter [2600/20000]	lr_generator: 1.823e-04, eta: 0:13:59, time: 0.047, data_time: 0.001, memory: 470, loss_pix: 0.0203, loss: 0.0203
2025-06-17 22:46:49,063 - mmedit - INFO - Iter [2650/20000]	lr_generator: 1.820e-04, eta: 0:13:57, time: 0.048, data_time: 0.001, memory: 470, loss_pix: 0.0224, loss: 0.0224
2025-06-17 22:46:51,356 - mmedit - INFO - Iter [2700/20000]	lr_generator: 1.817e-04, eta: 0:13:53, time: 0.046, data_time: 0.001, memory: 470, loss_pix: 0.0238, loss: 0.0238
2025-06-17 22:46:53,718 - mmedit - INFO - Iter [2750/20000]	lr_generator: 1.813e-04, eta: 0:13:51, time: 0.047, data_time: 0.001, memory: 470, loss_pix: 0.0213, loss: 0.0213
2025-06-17 22:46:56,194 - mmedit - INFO - Iter [2800/20000]	lr_generator: 1.810e-04, eta: 0:13:49, time: 0.050, data_time: 0.001, memory: 470, loss_pix: 0.0216, loss: 0.0216
2025-06-17 22:46:58,708 - mmedit - INFO - Iter [2850/20000]	lr_generator: 1.806e-04, eta: 0:13:47, time: 0.050, data_time: 0.001, memory: 470, loss_pix: 0.0228, loss: 0.0228
2025-06-17 22:47:01,228 - mmedit - INFO - Iter [2900/20000]	lr_generator: 1.803e-04, eta: 0:13:45, time: 0.050, data_time: 0.001, memory: 470, loss_pix: 0.0206, loss: 0.0206
2025-06-17 22:47:03,728 - mmedit - INFO - Iter [2950/20000]	lr_generator: 1.799e-04, eta: 0:13:43, time: 0.050, data_time: 0.001, memory: 470, loss_pix: 0.0216, loss: 0.0216
2025-06-17 22:47:11,466 - mmedit - INFO - Exp name: swinir4x
2025-06-17 22:47:11,466 - mmedit - INFO - Iter(val) [3000]	PSNR: 30.6549, SSIM: 0.9808
2025-06-17 22:47:11,467 - mmedit - INFO - Exp name: swinir4x
2025-06-17 22:47:11,467 - mmedit - INFO - Iter(val) [3000]	
2025-06-17 22:47:13,627 - mmedit - INFO - Iter [3050/20000]	lr_generator: 1.793e-04, eta: 0:13:53, time: 0.148, data_time: 0.106, memory: 470, loss_pix: 0.0220, loss: 0.0220
2025-06-17 22:47:15,787 - mmedit - INFO - Iter [3100/20000]	lr_generator: 1.789e-04, eta: 0:13:49, time: 0.043, data_time: 0.001, memory: 470, loss_pix: 0.0218, loss: 0.0218
2025-06-17 22:47:17,987 - mmedit - INFO - Iter [3150/20000]	lr_generator: 1.786e-04, eta: 0:13:45, time: 0.044, data_time: 0.001, memory: 470, loss_pix: 0.0207, loss: 0.0207
2025-06-17 22:47:20,184 - mmedit - INFO - Iter [3200/20000]	lr_generator: 1.782e-04, eta: 0:13:41, time: 0.044, data_time: 0.001, memory: 470, loss_pix: 0.0210, loss: 0.0210
2025-06-17 22:47:22,495 - mmedit - INFO - Iter [3250/20000]	lr_generator: 1.779e-04, eta: 0:13:38, time: 0.046, data_time: 0.001, memory: 470, loss_pix: 0.0212, loss: 0.0212
2025-06-17 22:47:24,860 - mmedit - INFO - Iter [3300/20000]	lr_generator: 1.775e-04, eta: 0:13:35, time: 0.047, data_time: 0.001, memory: 470, loss_pix: 0.0206, loss: 0.0206
2025-06-17 22:47:27,066 - mmedit - INFO - Iter [3350/20000]	lr_generator: 1.772e-04, eta: 0:13:31, time: 0.044, data_time: 0.001, memory: 470, loss_pix: 0.0208, loss: 0.0208
2025-06-17 22:47:29,271 - mmedit - INFO - Iter [3400/20000]	lr_generator: 1.768e-04, eta: 0:13:28, time: 0.044, data_time: 0.001, memory: 470, loss_pix: 0.0227, loss: 0.0227
2025-06-17 22:47:31,460 - mmedit - INFO - Iter [3450/20000]	lr_generator: 1.765e-04, eta: 0:13:24, time: 0.044, data_time: 0.001, memory: 470, loss_pix: 0.0216, loss: 0.0216
2025-06-17 22:47:33,657 - mmedit - INFO - Iter [3500/20000]	lr_generator: 1.762e-04, eta: 0:13:21, time: 0.044, data_time: 0.001, memory: 470, loss_pix: 0.0204, loss: 0.0204
2025-06-17 22:47:35,824 - mmedit - INFO - Iter [3550/20000]	lr_generator: 1.758e-04, eta: 0:13:17, time: 0.043, data_time: 0.001, memory: 470, loss_pix: 0.0198, loss: 0.0198
2025-06-17 22:47:38,063 - mmedit - INFO - Iter [3600/20000]	lr_generator: 1.755e-04, eta: 0:13:14, time: 0.045, data_time: 0.001, memory: 470, loss_pix: 0.0216, loss: 0.0216
2025-06-17 22:47:40,229 - mmedit - INFO - Iter [3650/20000]	lr_generator: 1.751e-04, eta: 0:13:10, time: 0.043, data_time: 0.001, memory: 470, loss_pix: 0.0203, loss: 0.0203
2025-06-17 22:47:42,390 - mmedit - INFO - Iter [3700/20000]	lr_generator: 1.748e-04, eta: 0:13:07, time: 0.043, data_time: 0.001, memory: 470, loss_pix: 0.0211, loss: 0.0211
2025-06-17 22:47:44,751 - mmedit - INFO - Iter [3750/20000]	lr_generator: 1.744e-04, eta: 0:13:04, time: 0.047, data_time: 0.001, memory: 470, loss_pix: 0.0204, loss: 0.0204
2025-06-17 22:47:47,149 - mmedit - INFO - Iter [3800/20000]	lr_generator: 1.741e-04, eta: 0:13:02, time: 0.048, data_time: 0.001, memory: 470, loss_pix: 0.0198, loss: 0.0198
2025-06-17 22:47:49,313 - mmedit - INFO - Iter [3850/20000]	lr_generator: 1.737e-04, eta: 0:12:58, time: 0.043, data_time: 0.001, memory: 470, loss_pix: 0.0222, loss: 0.0222
2025-06-17 22:47:51,495 - mmedit - INFO - Iter [3900/20000]	lr_generator: 1.734e-04, eta: 0:12:55, time: 0.044, data_time: 0.001, memory: 470, loss_pix: 0.0209, loss: 0.0209
2025-06-17 22:47:53,671 - mmedit - INFO - Iter [3950/20000]	lr_generator: 1.731e-04, eta: 0:12:51, time: 0.044, data_time: 0.001, memory: 470, loss_pix: 0.0216, loss: 0.0216
2025-06-17 22:48:01,151 - mmedit - INFO - Exp name: swinir4x
2025-06-17 22:48:01,151 - mmedit - INFO - Iter(val) [4000]	PSNR: 31.0211, SSIM: 0.9774
2025-06-17 22:48:01,152 - mmedit - INFO - Exp name: swinir4x
2025-06-17 22:48:01,152 - mmedit - INFO - Iter(val) [4000]	
2025-06-17 22:48:03,311 - mmedit - INFO - Iter [4050/20000]	lr_generator: 1.724e-04, eta: 0:12:57, time: 0.149, data_time: 0.106, memory: 470, loss_pix: 0.0198, loss: 0.0198
2025-06-17 22:48:05,551 - mmedit - INFO - Iter [4100/20000]	lr_generator: 1.720e-04, eta: 0:12:54, time: 0.045, data_time: 0.001, memory: 470, loss_pix: 0.0214, loss: 0.0214
2025-06-17 22:48:07,745 - mmedit - INFO - Iter [4150/20000]	lr_generator: 1.717e-04, eta: 0:12:50, time: 0.044, data_time: 0.001, memory: 470, loss_pix: 0.0220, loss: 0.0220
2025-06-17 22:48:10,005 - mmedit - INFO - Iter [4200/20000]	lr_generator: 1.713e-04, eta: 0:12:47, time: 0.045, data_time: 0.001, memory: 470, loss_pix: 0.0203, loss: 0.0203
2025-06-17 22:48:12,258 - mmedit - INFO - Iter [4250/20000]	lr_generator: 1.710e-04, eta: 0:12:44, time: 0.045, data_time: 0.001, memory: 470, loss_pix: 0.0203, loss: 0.0203
2025-06-17 22:48:14,418 - mmedit - INFO - Iter [4300/20000]	lr_generator: 1.706e-04, eta: 0:12:41, time: 0.043, data_time: 0.001, memory: 470, loss_pix: 0.0199, loss: 0.0199
2025-06-17 22:48:16,810 - mmedit - INFO - Iter [4350/20000]	lr_generator: 1.703e-04, eta: 0:12:38, time: 0.048, data_time: 0.001, memory: 470, loss_pix: 0.0203, loss: 0.0203
2025-06-17 22:48:19,099 - mmedit - INFO - Iter [4400/20000]	lr_generator: 1.700e-04, eta: 0:12:35, time: 0.046, data_time: 0.001, memory: 470, loss_pix: 0.0198, loss: 0.0198
2025-06-17 22:48:21,509 - mmedit - INFO - Iter [4450/20000]	lr_generator: 1.696e-04, eta: 0:12:33, time: 0.048, data_time: 0.001, memory: 470, loss_pix: 0.0198, loss: 0.0198
2025-06-17 22:48:23,730 - mmedit - INFO - Iter [4500/20000]	lr_generator: 1.693e-04, eta: 0:12:30, time: 0.044, data_time: 0.001, memory: 470, loss_pix: 0.0206, loss: 0.0206
2025-06-17 22:48:25,940 - mmedit - INFO - Iter [4550/20000]	lr_generator: 1.689e-04, eta: 0:12:27, time: 0.044, data_time: 0.001, memory: 470, loss_pix: 0.0200, loss: 0.0200
2025-06-17 22:48:28,216 - mmedit - INFO - Iter [4600/20000]	lr_generator: 1.686e-04, eta: 0:12:24, time: 0.046, data_time: 0.001, memory: 470, loss_pix: 0.0198, loss: 0.0198
2025-06-17 22:48:30,526 - mmedit - INFO - Iter [4650/20000]	lr_generator: 1.682e-04, eta: 0:12:21, time: 0.046, data_time: 0.001, memory: 470, loss_pix: 0.0196, loss: 0.0196
2025-06-17 22:48:32,833 - mmedit - INFO - Iter [4700/20000]	lr_generator: 1.679e-04, eta: 0:12:18, time: 0.046, data_time: 0.001, memory: 470, loss_pix: 0.0204, loss: 0.0204
2025-06-17 22:48:34,985 - mmedit - INFO - Iter [4750/20000]	lr_generator: 1.675e-04, eta: 0:12:15, time: 0.043, data_time: 0.001, memory: 470, loss_pix: 0.0198, loss: 0.0198
2025-06-17 22:48:37,137 - mmedit - INFO - Iter [4800/20000]	lr_generator: 1.672e-04, eta: 0:12:12, time: 0.043, data_time: 0.001, memory: 470, loss_pix: 0.0194, loss: 0.0194
2025-06-17 22:48:39,428 - mmedit - INFO - Iter [4850/20000]	lr_generator: 1.668e-04, eta: 0:12:09, time: 0.046, data_time: 0.001, memory: 470, loss_pix: 0.0209, loss: 0.0209
2025-06-17 22:48:41,777 - mmedit - INFO - Iter [4900/20000]	lr_generator: 1.665e-04, eta: 0:12:06, time: 0.047, data_time: 0.001, memory: 470, loss_pix: 0.0196, loss: 0.0196
2025-06-17 22:48:44,068 - mmedit - INFO - Iter [4950/20000]	lr_generator: 1.661e-04, eta: 0:12:04, time: 0.046, data_time: 0.001, memory: 470, loss_pix: 0.0192, loss: 0.0192
2025-06-17 22:48:51,592 - mmedit - INFO - Exp name: swinir4x
2025-06-17 22:48:51,592 - mmedit - INFO - Iter(val) [5000]	PSNR: 30.8433, SSIM: 0.9745
2025-06-17 22:48:51,592 - mmedit - INFO - Exp name: swinir4x
2025-06-17 22:48:51,592 - mmedit - INFO - Iter(val) [5000]	
2025-06-17 22:48:53,760 - mmedit - INFO - Iter [5050/20000]	lr_generator: 1.654e-04, eta: 0:12:06, time: 0.148, data_time: 0.105, memory: 470, loss_pix: 0.0194, loss: 0.0194
2025-06-17 22:48:55,941 - mmedit - INFO - Iter [5100/20000]	lr_generator: 1.651e-04, eta: 0:12:03, time: 0.044, data_time: 0.001, memory: 470, loss_pix: 0.0200, loss: 0.0200
2025-06-17 22:48:58,238 - mmedit - INFO - Iter [5150/20000]	lr_generator: 1.647e-04, eta: 0:12:00, time: 0.046, data_time: 0.001, memory: 470, loss_pix: 0.0208, loss: 0.0208
2025-06-17 22:49:00,662 - mmedit - INFO - Iter [5200/20000]	lr_generator: 1.644e-04, eta: 0:11:58, time: 0.048, data_time: 0.001, memory: 470, loss_pix: 0.0193, loss: 0.0193
2025-06-17 22:49:03,055 - mmedit - INFO - Iter [5250/20000]	lr_generator: 1.641e-04, eta: 0:11:55, time: 0.048, data_time: 0.001, memory: 470, loss_pix: 0.0201, loss: 0.0201
2025-06-17 22:49:05,236 - mmedit - INFO - Iter [5300/20000]	lr_generator: 1.637e-04, eta: 0:11:52, time: 0.044, data_time: 0.001, memory: 470, loss_pix: 0.0195, loss: 0.0195
2025-06-17 22:49:07,401 - mmedit - INFO - Iter [5350/20000]	lr_generator: 1.634e-04, eta: 0:11:49, time: 0.043, data_time: 0.001, memory: 470, loss_pix: 0.0202, loss: 0.0202
2025-06-17 22:49:09,591 - mmedit - INFO - Iter [5400/20000]	lr_generator: 1.630e-04, eta: 0:11:46, time: 0.044, data_time: 0.001, memory: 470, loss_pix: 0.0208, loss: 0.0208
2025-06-17 22:49:11,817 - mmedit - INFO - Iter [5450/20000]	lr_generator: 1.627e-04, eta: 0:11:43, time: 0.045, data_time: 0.001, memory: 470, loss_pix: 0.0187, loss: 0.0187
2025-06-17 22:49:14,486 - mmedit - INFO - Iter [5500/20000]	lr_generator: 1.623e-04, eta: 0:11:41, time: 0.053, data_time: 0.001, memory: 470, loss_pix: 0.0191, loss: 0.0191
2025-06-17 22:49:16,889 - mmedit - INFO - Iter [5550/20000]	lr_generator: 1.620e-04, eta: 0:11:39, time: 0.048, data_time: 0.001, memory: 470, loss_pix: 0.0190, loss: 0.0190
2025-06-17 22:49:19,367 - mmedit - INFO - Iter [5600/20000]	lr_generator: 1.616e-04, eta: 0:11:37, time: 0.050, data_time: 0.001, memory: 470, loss_pix: 0.0199, loss: 0.0199
2025-06-17 22:49:21,556 - mmedit - INFO - Iter [5650/20000]	lr_generator: 1.613e-04, eta: 0:11:34, time: 0.044, data_time: 0.001, memory: 470, loss_pix: 0.0195, loss: 0.0195
2025-06-17 22:49:23,787 - mmedit - INFO - Iter [5700/20000]	lr_generator: 1.609e-04, eta: 0:11:31, time: 0.045, data_time: 0.001, memory: 470, loss_pix: 0.0207, loss: 0.0207
2025-06-17 22:49:25,962 - mmedit - INFO - Iter [5750/20000]	lr_generator: 1.606e-04, eta: 0:11:28, time: 0.044, data_time: 0.001, memory: 470, loss_pix: 0.0196, loss: 0.0196
2025-06-17 22:49:28,165 - mmedit - INFO - Iter [5800/20000]	lr_generator: 1.602e-04, eta: 0:11:25, time: 0.044, data_time: 0.001, memory: 470, loss_pix: 0.0184, loss: 0.0184
2025-06-17 22:49:30,397 - mmedit - INFO - Iter [5850/20000]	lr_generator: 1.599e-04, eta: 0:11:22, time: 0.045, data_time: 0.001, memory: 470, loss_pix: 0.0199, loss: 0.0199
2025-06-17 22:49:32,582 - mmedit - INFO - Iter [5900/20000]	lr_generator: 1.595e-04, eta: 0:11:19, time: 0.044, data_time: 0.001, memory: 470, loss_pix: 0.0184, loss: 0.0184
2025-06-17 22:49:35,215 - mmedit - INFO - Iter [5950/20000]	lr_generator: 1.592e-04, eta: 0:11:17, time: 0.053, data_time: 0.001, memory: 470, loss_pix: 0.0205, loss: 0.0205
2025-06-17 22:49:42,495 - mmedit - INFO - Exp name: swinir4x
2025-06-17 22:49:42,495 - mmedit - INFO - Iter(val) [6000]	PSNR: 31.5098, SSIM: 0.9855
2025-06-17 22:49:42,496 - mmedit - INFO - Exp name: swinir4x
2025-06-17 22:49:42,496 - mmedit - INFO - Iter(val) [6000]	
2025-06-17 22:49:44,616 - mmedit - INFO - Iter [6050/20000]	lr_generator: 1.585e-04, eta: 0:11:18, time: 0.142, data_time: 0.100, memory: 470, loss_pix: 0.0187, loss: 0.0187
2025-06-17 22:49:46,866 - mmedit - INFO - Iter [6100/20000]	lr_generator: 1.581e-04, eta: 0:11:15, time: 0.045, data_time: 0.001, memory: 470, loss_pix: 0.0197, loss: 0.0197
2025-06-17 22:49:49,364 - mmedit - INFO - Iter [6150/20000]	lr_generator: 1.578e-04, eta: 0:11:12, time: 0.050, data_time: 0.001, memory: 470, loss_pix: 0.0192, loss: 0.0192
2025-06-17 22:49:51,870 - mmedit - INFO - Iter [6200/20000]	lr_generator: 1.574e-04, eta: 0:11:10, time: 0.050, data_time: 0.001, memory: 470, loss_pix: 0.0187, loss: 0.0187
2025-06-17 22:49:54,336 - mmedit - INFO - Iter [6250/20000]	lr_generator: 1.571e-04, eta: 0:11:08, time: 0.049, data_time: 0.001, memory: 470, loss_pix: 0.0193, loss: 0.0193
2025-06-17 22:49:56,814 - mmedit - INFO - Iter [6300/20000]	lr_generator: 1.567e-04, eta: 0:11:06, time: 0.050, data_time: 0.001, memory: 470, loss_pix: 0.0197, loss: 0.0197
2025-06-17 22:49:59,291 - mmedit - INFO - Iter [6350/20000]	lr_generator: 1.564e-04, eta: 0:11:03, time: 0.050, data_time: 0.001, memory: 470, loss_pix: 0.0185, loss: 0.0185
2025-06-17 22:50:01,722 - mmedit - INFO - Iter [6400/20000]	lr_generator: 1.560e-04, eta: 0:11:01, time: 0.049, data_time: 0.001, memory: 470, loss_pix: 0.0195, loss: 0.0195
2025-06-17 22:50:04,069 - mmedit - INFO - Iter [6450/20000]	lr_generator: 1.557e-04, eta: 0:10:58, time: 0.047, data_time: 0.001, memory: 470, loss_pix: 0.0211, loss: 0.0211
2025-06-17 22:50:06,598 - mmedit - INFO - Iter [6500/20000]	lr_generator: 1.553e-04, eta: 0:10:56, time: 0.051, data_time: 0.001, memory: 470, loss_pix: 0.0178, loss: 0.0178
2025-06-17 22:50:09,110 - mmedit - INFO - Iter [6550/20000]	lr_generator: 1.550e-04, eta: 0:10:54, time: 0.050, data_time: 0.001, memory: 470, loss_pix: 0.0199, loss: 0.0199
2025-06-17 22:50:11,523 - mmedit - INFO - Iter [6600/20000]	lr_generator: 1.546e-04, eta: 0:10:51, time: 0.048, data_time: 0.001, memory: 470, loss_pix: 0.0185, loss: 0.0185
2025-06-17 22:50:13,715 - mmedit - INFO - Iter [6650/20000]	lr_generator: 1.543e-04, eta: 0:10:48, time: 0.044, data_time: 0.001, memory: 470, loss_pix: 0.0190, loss: 0.0190
2025-06-17 22:50:15,969 - mmedit - INFO - Iter [6700/20000]	lr_generator: 1.539e-04, eta: 0:10:45, time: 0.045, data_time: 0.001, memory: 470, loss_pix: 0.0189, loss: 0.0189
2025-06-17 22:50:18,204 - mmedit - INFO - Iter [6750/20000]	lr_generator: 1.536e-04, eta: 0:10:43, time: 0.045, data_time: 0.001, memory: 470, loss_pix: 0.0186, loss: 0.0186
2025-06-17 22:50:20,539 - mmedit - INFO - Iter [6800/20000]	lr_generator: 1.532e-04, eta: 0:10:40, time: 0.047, data_time: 0.001, memory: 470, loss_pix: 0.0190, loss: 0.0190
2025-06-17 22:50:22,935 - mmedit - INFO - Iter [6850/20000]	lr_generator: 1.529e-04, eta: 0:10:38, time: 0.048, data_time: 0.001, memory: 470, loss_pix: 0.0195, loss: 0.0195
2025-06-17 22:50:25,317 - mmedit - INFO - Iter [6900/20000]	lr_generator: 1.525e-04, eta: 0:10:35, time: 0.048, data_time: 0.001, memory: 470, loss_pix: 0.0194, loss: 0.0194
2025-06-17 22:50:27,724 - mmedit - INFO - Iter [6950/20000]	lr_generator: 1.522e-04, eta: 0:10:33, time: 0.048, data_time: 0.001, memory: 470, loss_pix: 0.0193, loss: 0.0193
2025-06-17 22:50:35,281 - mmedit - INFO - Exp name: swinir4x
2025-06-17 22:50:35,281 - mmedit - INFO - Iter(val) [7000]	PSNR: 30.0293, SSIM: 0.9658
2025-06-17 22:50:35,282 - mmedit - INFO - Exp name: swinir4x
2025-06-17 22:50:35,282 - mmedit - INFO - Iter(val) [7000]	
2025-06-17 22:50:37,471 - mmedit - INFO - Iter [7050/20000]	lr_generator: 1.514e-04, eta: 0:10:33, time: 0.150, data_time: 0.107, memory: 470, loss_pix: 0.0182, loss: 0.0182
2025-06-17 22:50:39,965 - mmedit - INFO - Iter [7100/20000]	lr_generator: 1.511e-04, eta: 0:10:30, time: 0.050, data_time: 0.001, memory: 470, loss_pix: 0.0189, loss: 0.0189
2025-06-17 22:50:42,408 - mmedit - INFO - Iter [7150/20000]	lr_generator: 1.507e-04, eta: 0:10:28, time: 0.049, data_time: 0.001, memory: 470, loss_pix: 0.0193, loss: 0.0193
2025-06-17 22:50:44,814 - mmedit - INFO - Iter [7200/20000]	lr_generator: 1.504e-04, eta: 0:10:25, time: 0.048, data_time: 0.001, memory: 470, loss_pix: 0.0178, loss: 0.0178
2025-06-17 22:50:47,279 - mmedit - INFO - Iter [7250/20000]	lr_generator: 1.500e-04, eta: 0:10:23, time: 0.049, data_time: 0.001, memory: 470, loss_pix: 0.0184, loss: 0.0184
2025-06-17 22:50:49,643 - mmedit - INFO - Iter [7300/20000]	lr_generator: 1.497e-04, eta: 0:10:20, time: 0.047, data_time: 0.001, memory: 470, loss_pix: 0.0188, loss: 0.0188
2025-06-17 22:50:51,933 - mmedit - INFO - Iter [7350/20000]	lr_generator: 1.493e-04, eta: 0:10:18, time: 0.046, data_time: 0.001, memory: 470, loss_pix: 0.0189, loss: 0.0189
2025-06-17 22:50:54,310 - mmedit - INFO - Iter [7400/20000]	lr_generator: 1.490e-04, eta: 0:10:15, time: 0.048, data_time: 0.001, memory: 470, loss_pix: 0.0185, loss: 0.0185
2025-06-17 22:50:56,871 - mmedit - INFO - Iter [7450/20000]	lr_generator: 1.486e-04, eta: 0:10:13, time: 0.051, data_time: 0.001, memory: 470, loss_pix: 0.0188, loss: 0.0188
2025-06-17 22:50:59,408 - mmedit - INFO - Iter [7500/20000]	lr_generator: 1.483e-04, eta: 0:10:11, time: 0.051, data_time: 0.001, memory: 470, loss_pix: 0.0192, loss: 0.0192
2025-06-17 22:51:01,936 - mmedit - INFO - Iter [7550/20000]	lr_generator: 1.479e-04, eta: 0:10:08, time: 0.051, data_time: 0.001, memory: 470, loss_pix: 0.0194, loss: 0.0194
2025-06-17 22:51:04,340 - mmedit - INFO - Iter [7600/20000]	lr_generator: 1.476e-04, eta: 0:10:06, time: 0.048, data_time: 0.001, memory: 470, loss_pix: 0.0185, loss: 0.0185
2025-06-17 22:51:06,731 - mmedit - INFO - Iter [7650/20000]	lr_generator: 1.472e-04, eta: 0:10:03, time: 0.048, data_time: 0.001, memory: 470, loss_pix: 0.0181, loss: 0.0181
2025-06-17 22:51:09,194 - mmedit - INFO - Iter [7700/20000]	lr_generator: 1.469e-04, eta: 0:10:01, time: 0.049, data_time: 0.001, memory: 470, loss_pix: 0.0183, loss: 0.0183
2025-06-17 22:51:11,530 - mmedit - INFO - Iter [7750/20000]	lr_generator: 1.465e-04, eta: 0:09:58, time: 0.047, data_time: 0.001, memory: 470, loss_pix: 0.0177, loss: 0.0177
2025-06-17 22:51:13,800 - mmedit - INFO - Iter [7800/20000]	lr_generator: 1.461e-04, eta: 0:09:55, time: 0.045, data_time: 0.001, memory: 470, loss_pix: 0.0176, loss: 0.0176
2025-06-17 22:51:15,986 - mmedit - INFO - Iter [7850/20000]	lr_generator: 1.458e-04, eta: 0:09:53, time: 0.044, data_time: 0.001, memory: 470, loss_pix: 0.0187, loss: 0.0187
2025-06-17 22:51:18,319 - mmedit - INFO - Iter [7900/20000]	lr_generator: 1.454e-04, eta: 0:09:50, time: 0.047, data_time: 0.001, memory: 470, loss_pix: 0.0179, loss: 0.0179
2025-06-17 22:51:20,508 - mmedit - INFO - Iter [7950/20000]	lr_generator: 1.451e-04, eta: 0:09:47, time: 0.044, data_time: 0.001, memory: 470, loss_pix: 0.0192, loss: 0.0192
2025-06-17 22:51:27,987 - mmedit - INFO - Exp name: swinir4x
2025-06-17 22:51:27,987 - mmedit - INFO - Iter(val) [8000]	PSNR: 31.3050, SSIM: 0.9834
2025-06-17 22:51:27,988 - mmedit - INFO - Exp name: swinir4x
2025-06-17 22:51:27,988 - mmedit - INFO - Iter(val) [8000]	
2025-06-17 22:51:30,125 - mmedit - INFO - Iter [8050/20000]	lr_generator: 1.444e-04, eta: 0:09:46, time: 0.149, data_time: 0.107, memory: 470, loss_pix: 0.0193, loss: 0.0193
2025-06-17 22:51:32,279 - mmedit - INFO - Iter [8100/20000]	lr_generator: 1.440e-04, eta: 0:09:43, time: 0.043, data_time: 0.001, memory: 470, loss_pix: 0.0189, loss: 0.0189
2025-06-17 22:51:34,815 - mmedit - INFO - Iter [8150/20000]	lr_generator: 1.437e-04, eta: 0:09:41, time: 0.051, data_time: 0.001, memory: 470, loss_pix: 0.0180, loss: 0.0180
2025-06-17 22:51:37,421 - mmedit - INFO - Iter [8200/20000]	lr_generator: 1.433e-04, eta: 0:09:39, time: 0.052, data_time: 0.001, memory: 470, loss_pix: 0.0182, loss: 0.0182
2025-06-17 22:51:39,879 - mmedit - INFO - Iter [8250/20000]	lr_generator: 1.429e-04, eta: 0:09:36, time: 0.049, data_time: 0.001, memory: 470, loss_pix: 0.0183, loss: 0.0183
2025-06-17 22:51:42,270 - mmedit - INFO - Iter [8300/20000]	lr_generator: 1.426e-04, eta: 0:09:34, time: 0.048, data_time: 0.001, memory: 470, loss_pix: 0.0178, loss: 0.0178
2025-06-17 22:51:44,716 - mmedit - INFO - Iter [8350/20000]	lr_generator: 1.422e-04, eta: 0:09:31, time: 0.049, data_time: 0.001, memory: 470, loss_pix: 0.0180, loss: 0.0180
2025-06-17 22:51:46,866 - mmedit - INFO - Iter [8400/20000]	lr_generator: 1.419e-04, eta: 0:09:28, time: 0.043, data_time: 0.001, memory: 470, loss_pix: 0.0187, loss: 0.0187
2025-06-17 22:51:49,077 - mmedit - INFO - Iter [8450/20000]	lr_generator: 1.415e-04, eta: 0:09:26, time: 0.044, data_time: 0.001, memory: 470, loss_pix: 0.0177, loss: 0.0177
2025-06-17 22:51:51,490 - mmedit - INFO - Iter [8500/20000]	lr_generator: 1.412e-04, eta: 0:09:23, time: 0.048, data_time: 0.001, memory: 470, loss_pix: 0.0184, loss: 0.0184
2025-06-17 22:51:53,858 - mmedit - INFO - Iter [8550/20000]	lr_generator: 1.408e-04, eta: 0:09:20, time: 0.047, data_time: 0.001, memory: 470, loss_pix: 0.0184, loss: 0.0184
2025-06-17 22:51:56,190 - mmedit - INFO - Iter [8600/20000]	lr_generator: 1.405e-04, eta: 0:09:18, time: 0.047, data_time: 0.001, memory: 470, loss_pix: 0.0177, loss: 0.0177
2025-06-17 22:51:58,386 - mmedit - INFO - Iter [8650/20000]	lr_generator: 1.401e-04, eta: 0:09:15, time: 0.044, data_time: 0.001, memory: 470, loss_pix: 0.0173, loss: 0.0173
2025-06-17 22:52:00,594 - mmedit - INFO - Iter [8700/20000]	lr_generator: 1.397e-04, eta: 0:09:12, time: 0.044, data_time: 0.001, memory: 470, loss_pix: 0.0183, loss: 0.0183
2025-06-17 22:52:02,787 - mmedit - INFO - Iter [8750/20000]	lr_generator: 1.394e-04, eta: 0:09:10, time: 0.044, data_time: 0.001, memory: 470, loss_pix: 0.0190, loss: 0.0190
2025-06-17 22:52:05,363 - mmedit - INFO - Iter [8800/20000]	lr_generator: 1.390e-04, eta: 0:09:07, time: 0.052, data_time: 0.001, memory: 470, loss_pix: 0.0175, loss: 0.0175
2025-06-17 22:52:07,962 - mmedit - INFO - Iter [8850/20000]	lr_generator: 1.387e-04, eta: 0:09:05, time: 0.052, data_time: 0.001, memory: 470, loss_pix: 0.0181, loss: 0.0181
2025-06-17 22:52:10,509 - mmedit - INFO - Iter [8900/20000]	lr_generator: 1.383e-04, eta: 0:09:03, time: 0.051, data_time: 0.001, memory: 470, loss_pix: 0.0175, loss: 0.0175
2025-06-17 22:52:12,690 - mmedit - INFO - Iter [8950/20000]	lr_generator: 1.379e-04, eta: 0:09:00, time: 0.044, data_time: 0.001, memory: 470, loss_pix: 0.0180, loss: 0.0180
2025-06-17 22:52:20,387 - mmedit - INFO - Exp name: swinir4x
2025-06-17 22:52:20,387 - mmedit - INFO - Iter(val) [9000]	PSNR: 31.6543, SSIM: 0.9861
2025-06-17 22:52:20,387 - mmedit - INFO - Exp name: swinir4x
2025-06-17 22:52:20,388 - mmedit - INFO - Iter(val) [9000]	
2025-06-17 22:52:22,592 - mmedit - INFO - Iter [9050/20000]	lr_generator: 1.372e-04, eta: 0:08:58, time: 0.150, data_time: 0.106, memory: 470, loss_pix: 0.0182, loss: 0.0182
2025-06-17 22:52:25,070 - mmedit - INFO - Iter [9100/20000]	lr_generator: 1.369e-04, eta: 0:08:56, time: 0.050, data_time: 0.001, memory: 470, loss_pix: 0.0174, loss: 0.0174
2025-06-17 22:52:27,546 - mmedit - INFO - Iter [9150/20000]	lr_generator: 1.365e-04, eta: 0:08:53, time: 0.050, data_time: 0.001, memory: 470, loss_pix: 0.0178, loss: 0.0178
2025-06-17 22:52:30,043 - mmedit - INFO - Iter [9200/20000]	lr_generator: 1.362e-04, eta: 0:08:51, time: 0.050, data_time: 0.001, memory: 470, loss_pix: 0.0169, loss: 0.0169
2025-06-17 22:52:32,520 - mmedit - INFO - Iter [9250/20000]	lr_generator: 1.358e-04, eta: 0:08:48, time: 0.050, data_time: 0.001, memory: 470, loss_pix: 0.0177, loss: 0.0177
2025-06-17 22:52:34,828 - mmedit - INFO - Iter [9300/20000]	lr_generator: 1.354e-04, eta: 0:08:46, time: 0.046, data_time: 0.001, memory: 470, loss_pix: 0.0180, loss: 0.0180
2025-06-17 22:52:37,167 - mmedit - INFO - Iter [9350/20000]	lr_generator: 1.351e-04, eta: 0:08:43, time: 0.047, data_time: 0.001, memory: 470, loss_pix: 0.0173, loss: 0.0173
2025-06-17 22:52:39,686 - mmedit - INFO - Iter [9400/20000]	lr_generator: 1.347e-04, eta: 0:08:41, time: 0.050, data_time: 0.001, memory: 470, loss_pix: 0.0167, loss: 0.0167
2025-06-17 22:52:42,214 - mmedit - INFO - Iter [9450/20000]	lr_generator: 1.344e-04, eta: 0:08:38, time: 0.051, data_time: 0.001, memory: 470, loss_pix: 0.0180, loss: 0.0180
2025-06-17 22:52:44,675 - mmedit - INFO - Iter [9500/20000]	lr_generator: 1.340e-04, eta: 0:08:36, time: 0.049, data_time: 0.001, memory: 470, loss_pix: 0.0174, loss: 0.0174
2025-06-17 22:52:47,167 - mmedit - INFO - Iter [9550/20000]	lr_generator: 1.336e-04, eta: 0:08:34, time: 0.050, data_time: 0.001, memory: 470, loss_pix: 0.0191, loss: 0.0191
2025-06-17 22:52:49,825 - mmedit - INFO - Iter [9600/20000]	lr_generator: 1.333e-04, eta: 0:08:31, time: 0.053, data_time: 0.001, memory: 470, loss_pix: 0.0185, loss: 0.0185
2025-06-17 22:52:52,509 - mmedit - INFO - Iter [9650/20000]	lr_generator: 1.329e-04, eta: 0:08:29, time: 0.054, data_time: 0.001, memory: 470, loss_pix: 0.0177, loss: 0.0177
2025-06-17 22:52:55,079 - mmedit - INFO - Iter [9700/20000]	lr_generator: 1.326e-04, eta: 0:08:27, time: 0.051, data_time: 0.001, memory: 470, loss_pix: 0.0178, loss: 0.0178
2025-06-17 22:52:57,601 - mmedit - INFO - Iter [9750/20000]	lr_generator: 1.322e-04, eta: 0:08:24, time: 0.050, data_time: 0.001, memory: 470, loss_pix: 0.0177, loss: 0.0177
2025-06-17 22:53:00,113 - mmedit - INFO - Iter [9800/20000]	lr_generator: 1.318e-04, eta: 0:08:22, time: 0.050, data_time: 0.001, memory: 470, loss_pix: 0.0177, loss: 0.0177
2025-06-17 22:53:02,625 - mmedit - INFO - Iter [9850/20000]	lr_generator: 1.315e-04, eta: 0:08:20, time: 0.050, data_time: 0.001, memory: 470, loss_pix: 0.0171, loss: 0.0171
2025-06-17 22:53:05,145 - mmedit - INFO - Iter [9900/20000]	lr_generator: 1.311e-04, eta: 0:08:17, time: 0.050, data_time: 0.001, memory: 470, loss_pix: 0.0182, loss: 0.0182
2025-06-17 22:53:08,001 - mmedit - INFO - Iter [9950/20000]	lr_generator: 1.308e-04, eta: 0:08:15, time: 0.057, data_time: 0.001, memory: 470, loss_pix: 0.0175, loss: 0.0175
2025-06-17 22:53:10,468 - mmedit - INFO - Saving checkpoint at 10000 iterations
2025-06-17 22:53:15,692 - mmedit - INFO - Exp name: swinir4x
2025-06-17 22:53:15,692 - mmedit - INFO - Iter(val) [10000]	PSNR: 31.4507, SSIM: 0.9825
2025-06-17 22:53:15,692 - mmedit - INFO - Exp name: swinir4x
2025-06-17 22:53:15,693 - mmedit - INFO - Iter(val) [10000]	
2025-06-17 22:53:17,856 - mmedit - INFO - Iter [10050/20000]	lr_generator: 1.300e-04, eta: 0:08:13, time: 0.147, data_time: 0.105, memory: 470, loss_pix: 0.0187, loss: 0.0187
2025-06-17 22:53:20,020 - mmedit - INFO - Iter [10100/20000]	lr_generator: 1.297e-04, eta: 0:08:10, time: 0.043, data_time: 0.001, memory: 470, loss_pix: 0.0174, loss: 0.0174
2025-06-17 22:53:22,241 - mmedit - INFO - Iter [10150/20000]	lr_generator: 1.293e-04, eta: 0:08:07, time: 0.044, data_time: 0.001, memory: 470, loss_pix: 0.0178, loss: 0.0178
2025-06-17 22:53:24,445 - mmedit - INFO - Iter [10200/20000]	lr_generator: 1.289e-04, eta: 0:08:04, time: 0.044, data_time: 0.001, memory: 470, loss_pix: 0.0172, loss: 0.0172
2025-06-17 22:53:26,647 - mmedit - INFO - Iter [10250/20000]	lr_generator: 1.286e-04, eta: 0:08:02, time: 0.044, data_time: 0.001, memory: 470, loss_pix: 0.0170, loss: 0.0170
2025-06-17 22:53:28,946 - mmedit - INFO - Iter [10300/20000]	lr_generator: 1.282e-04, eta: 0:07:59, time: 0.046, data_time: 0.001, memory: 470, loss_pix: 0.0180, loss: 0.0180
2025-06-17 22:53:31,129 - mmedit - INFO - Iter [10350/20000]	lr_generator: 1.279e-04, eta: 0:07:56, time: 0.044, data_time: 0.001, memory: 470, loss_pix: 0.0176, loss: 0.0176
2025-06-17 22:53:33,291 - mmedit - INFO - Iter [10400/20000]	lr_generator: 1.275e-04, eta: 0:07:53, time: 0.043, data_time: 0.001, memory: 470, loss_pix: 0.0174, loss: 0.0174
2025-06-17 22:53:35,611 - mmedit - INFO - Iter [10450/20000]	lr_generator: 1.271e-04, eta: 0:07:51, time: 0.046, data_time: 0.001, memory: 470, loss_pix: 0.0181, loss: 0.0181
2025-06-17 22:53:38,099 - mmedit - INFO - Iter [10500/20000]	lr_generator: 1.268e-04, eta: 0:07:48, time: 0.050, data_time: 0.001, memory: 470, loss_pix: 0.0175, loss: 0.0175
2025-06-17 22:53:40,486 - mmedit - INFO - Iter [10550/20000]	lr_generator: 1.264e-04, eta: 0:07:46, time: 0.048, data_time: 0.001, memory: 470, loss_pix: 0.0199, loss: 0.0199
2025-06-17 22:53:43,019 - mmedit - INFO - Iter [10600/20000]	lr_generator: 1.260e-04, eta: 0:07:43, time: 0.051, data_time: 0.001, memory: 470, loss_pix: 0.0184, loss: 0.0184
2025-06-17 22:53:45,520 - mmedit - INFO - Iter [10650/20000]	lr_generator: 1.257e-04, eta: 0:07:41, time: 0.050, data_time: 0.001, memory: 470, loss_pix: 0.0180, loss: 0.0180
2025-06-17 22:53:48,000 - mmedit - INFO - Iter [10700/20000]	lr_generator: 1.253e-04, eta: 0:07:39, time: 0.050, data_time: 0.001, memory: 470, loss_pix: 0.0180, loss: 0.0180
2025-06-17 22:53:50,461 - mmedit - INFO - Iter [10750/20000]	lr_generator: 1.249e-04, eta: 0:07:36, time: 0.049, data_time: 0.001, memory: 470, loss_pix: 0.0176, loss: 0.0176
2025-06-17 22:53:52,621 - mmedit - INFO - Iter [10800/20000]	lr_generator: 1.246e-04, eta: 0:07:33, time: 0.043, data_time: 0.001, memory: 470, loss_pix: 0.0177, loss: 0.0177
2025-06-17 22:53:54,794 - mmedit - INFO - Iter [10850/20000]	lr_generator: 1.242e-04, eta: 0:07:31, time: 0.043, data_time: 0.001, memory: 470, loss_pix: 0.0174, loss: 0.0174
2025-06-17 22:53:57,020 - mmedit - INFO - Iter [10900/20000]	lr_generator: 1.238e-04, eta: 0:07:28, time: 0.045, data_time: 0.001, memory: 470, loss_pix: 0.0184, loss: 0.0184
2025-06-17 22:53:59,194 - mmedit - INFO - Iter [10950/20000]	lr_generator: 1.235e-04, eta: 0:07:25, time: 0.043, data_time: 0.001, memory: 470, loss_pix: 0.0189, loss: 0.0189
2025-06-17 22:54:06,640 - mmedit - INFO - Exp name: swinir4x
2025-06-17 22:54:06,640 - mmedit - INFO - Iter(val) [11000]	PSNR: 31.7063, SSIM: 0.9860
2025-06-17 22:54:06,640 - mmedit - INFO - Exp name: swinir4x
2025-06-17 22:54:06,640 - mmedit - INFO - Iter(val) [11000]	
2025-06-17 22:54:08,782 - mmedit - INFO - Iter [11050/20000]	lr_generator: 1.228e-04, eta: 0:07:22, time: 0.149, data_time: 0.107, memory: 470, loss_pix: 0.0183, loss: 0.0183
2025-06-17 22:54:10,946 - mmedit - INFO - Iter [11100/20000]	lr_generator: 1.224e-04, eta: 0:07:20, time: 0.043, data_time: 0.001, memory: 470, loss_pix: 0.0165, loss: 0.0165
2025-06-17 22:54:13,412 - mmedit - INFO - Iter [11150/20000]	lr_generator: 1.220e-04, eta: 0:07:17, time: 0.049, data_time: 0.001, memory: 470, loss_pix: 0.0175, loss: 0.0175
2025-06-17 22:54:15,802 - mmedit - INFO - Iter [11200/20000]	lr_generator: 1.217e-04, eta: 0:07:15, time: 0.048, data_time: 0.001, memory: 470, loss_pix: 0.0175, loss: 0.0175
2025-06-17 22:54:18,403 - mmedit - INFO - Iter [11250/20000]	lr_generator: 1.213e-04, eta: 0:07:12, time: 0.052, data_time: 0.001, memory: 470, loss_pix: 0.0176, loss: 0.0176
2025-06-17 22:54:20,878 - mmedit - INFO - Iter [11300/20000]	lr_generator: 1.209e-04, eta: 0:07:10, time: 0.050, data_time: 0.001, memory: 470, loss_pix: 0.0171, loss: 0.0171
2025-06-17 22:54:23,401 - mmedit - INFO - Iter [11350/20000]	lr_generator: 1.206e-04, eta: 0:07:07, time: 0.050, data_time: 0.001, memory: 470, loss_pix: 0.0179, loss: 0.0179
2025-06-17 22:54:25,854 - mmedit - INFO - Iter [11400/20000]	lr_generator: 1.202e-04, eta: 0:07:05, time: 0.049, data_time: 0.001, memory: 470, loss_pix: 0.0180, loss: 0.0180
2025-06-17 22:54:28,457 - mmedit - INFO - Iter [11450/20000]	lr_generator: 1.198e-04, eta: 0:07:02, time: 0.052, data_time: 0.001, memory: 470, loss_pix: 0.0166, loss: 0.0166
2025-06-17 22:54:31,177 - mmedit - INFO - Iter [11500/20000]	lr_generator: 1.195e-04, eta: 0:07:00, time: 0.054, data_time: 0.001, memory: 470, loss_pix: 0.0176, loss: 0.0176
2025-06-17 22:54:33,660 - mmedit - INFO - Iter [11550/20000]	lr_generator: 1.191e-04, eta: 0:06:58, time: 0.050, data_time: 0.001, memory: 470, loss_pix: 0.0173, loss: 0.0173
2025-06-17 22:54:36,165 - mmedit - INFO - Iter [11600/20000]	lr_generator: 1.187e-04, eta: 0:06:55, time: 0.050, data_time: 0.001, memory: 470, loss_pix: 0.0169, loss: 0.0169
2025-06-17 22:54:38,659 - mmedit - INFO - Iter [11650/20000]	lr_generator: 1.183e-04, eta: 0:06:53, time: 0.050, data_time: 0.001, memory: 470, loss_pix: 0.0176, loss: 0.0176
2025-06-17 22:54:41,185 - mmedit - INFO - Iter [11700/20000]	lr_generator: 1.180e-04, eta: 0:06:50, time: 0.051, data_time: 0.001, memory: 470, loss_pix: 0.0175, loss: 0.0175
2025-06-17 22:54:43,789 - mmedit - INFO - Iter [11750/20000]	lr_generator: 1.176e-04, eta: 0:06:48, time: 0.052, data_time: 0.001, memory: 470, loss_pix: 0.0179, loss: 0.0179
2025-06-17 22:54:46,247 - mmedit - INFO - Iter [11800/20000]	lr_generator: 1.172e-04, eta: 0:06:45, time: 0.049, data_time: 0.001, memory: 470, loss_pix: 0.0168, loss: 0.0168
2025-06-17 22:54:48,429 - mmedit - INFO - Iter [11850/20000]	lr_generator: 1.169e-04, eta: 0:06:43, time: 0.044, data_time: 0.001, memory: 470, loss_pix: 0.0170, loss: 0.0170
2025-06-17 22:54:50,618 - mmedit - INFO - Iter [11900/20000]	lr_generator: 1.165e-04, eta: 0:06:40, time: 0.044, data_time: 0.001, memory: 470, loss_pix: 0.0173, loss: 0.0173
2025-06-17 22:54:52,979 - mmedit - INFO - Iter [11950/20000]	lr_generator: 1.161e-04, eta: 0:06:38, time: 0.047, data_time: 0.001, memory: 470, loss_pix: 0.0169, loss: 0.0169
2025-06-17 22:55:00,818 - mmedit - INFO - Exp name: swinir4x
2025-06-17 22:55:00,818 - mmedit - INFO - Iter(val) [12000]	PSNR: 31.7453, SSIM: 0.9867
2025-06-17 22:55:00,818 - mmedit - INFO - Exp name: swinir4x
2025-06-17 22:55:00,819 - mmedit - INFO - Iter(val) [12000]	
2025-06-17 22:55:02,976 - mmedit - INFO - Iter [12050/20000]	lr_generator: 1.154e-04, eta: 0:06:34, time: 0.152, data_time: 0.110, memory: 470, loss_pix: 0.0158, loss: 0.0158
2025-06-17 22:55:05,145 - mmedit - INFO - Iter [12100/20000]	lr_generator: 1.150e-04, eta: 0:06:32, time: 0.043, data_time: 0.001, memory: 470, loss_pix: 0.0164, loss: 0.0164
2025-06-17 22:55:07,288 - mmedit - INFO - Iter [12150/20000]	lr_generator: 1.147e-04, eta: 0:06:29, time: 0.043, data_time: 0.001, memory: 470, loss_pix: 0.0183, loss: 0.0183
2025-06-17 22:55:09,459 - mmedit - INFO - Iter [12200/20000]	lr_generator: 1.143e-04, eta: 0:06:26, time: 0.043, data_time: 0.001, memory: 470, loss_pix: 0.0177, loss: 0.0177
2025-06-17 22:55:11,654 - mmedit - INFO - Iter [12250/20000]	lr_generator: 1.139e-04, eta: 0:06:24, time: 0.044, data_time: 0.001, memory: 470, loss_pix: 0.0180, loss: 0.0180
2025-06-17 22:55:13,891 - mmedit - INFO - Iter [12300/20000]	lr_generator: 1.135e-04, eta: 0:06:21, time: 0.045, data_time: 0.001, memory: 470, loss_pix: 0.0165, loss: 0.0165
2025-06-17 22:55:16,052 - mmedit - INFO - Iter [12350/20000]	lr_generator: 1.132e-04, eta: 0:06:18, time: 0.043, data_time: 0.001, memory: 470, loss_pix: 0.0177, loss: 0.0177
2025-06-17 22:55:18,232 - mmedit - INFO - Iter [12400/20000]	lr_generator: 1.128e-04, eta: 0:06:16, time: 0.044, data_time: 0.001, memory: 470, loss_pix: 0.0170, loss: 0.0170
2025-06-17 22:55:20,624 - mmedit - INFO - Iter [12450/20000]	lr_generator: 1.124e-04, eta: 0:06:13, time: 0.048, data_time: 0.001, memory: 470, loss_pix: 0.0181, loss: 0.0181
2025-06-17 22:55:22,964 - mmedit - INFO - Iter [12500/20000]	lr_generator: 1.121e-04, eta: 0:06:11, time: 0.047, data_time: 0.001, memory: 470, loss_pix: 0.0183, loss: 0.0183
2025-06-17 22:55:25,132 - mmedit - INFO - Iter [12550/20000]	lr_generator: 1.117e-04, eta: 0:06:08, time: 0.043, data_time: 0.001, memory: 470, loss_pix: 0.0172, loss: 0.0172
2025-06-17 22:55:27,313 - mmedit - INFO - Iter [12600/20000]	lr_generator: 1.113e-04, eta: 0:06:05, time: 0.044, data_time: 0.001, memory: 470, loss_pix: 0.0183, loss: 0.0183
2025-06-17 22:55:29,804 - mmedit - INFO - Iter [12650/20000]	lr_generator: 1.109e-04, eta: 0:06:03, time: 0.050, data_time: 0.001, memory: 470, loss_pix: 0.0174, loss: 0.0174
2025-06-17 22:55:32,363 - mmedit - INFO - Iter [12700/20000]	lr_generator: 1.106e-04, eta: 0:06:00, time: 0.051, data_time: 0.001, memory: 470, loss_pix: 0.0175, loss: 0.0175
2025-06-17 22:55:34,895 - mmedit - INFO - Iter [12750/20000]	lr_generator: 1.102e-04, eta: 0:05:58, time: 0.051, data_time: 0.001, memory: 470, loss_pix: 0.0172, loss: 0.0172
2025-06-17 22:55:37,345 - mmedit - INFO - Iter [12800/20000]	lr_generator: 1.098e-04, eta: 0:05:56, time: 0.049, data_time: 0.001, memory: 470, loss_pix: 0.0169, loss: 0.0169
2025-06-17 22:55:39,676 - mmedit - INFO - Iter [12850/20000]	lr_generator: 1.094e-04, eta: 0:05:53, time: 0.047, data_time: 0.001, memory: 470, loss_pix: 0.0168, loss: 0.0168
2025-06-17 22:55:42,033 - mmedit - INFO - Iter [12900/20000]	lr_generator: 1.091e-04, eta: 0:05:50, time: 0.047, data_time: 0.001, memory: 470, loss_pix: 0.0175, loss: 0.0175
2025-06-17 22:55:44,428 - mmedit - INFO - Iter [12950/20000]	lr_generator: 1.087e-04, eta: 0:05:48, time: 0.048, data_time: 0.001, memory: 470, loss_pix: 0.0169, loss: 0.0169
2025-06-17 22:55:52,140 - mmedit - INFO - Exp name: swinir4x
2025-06-17 22:55:52,140 - mmedit - INFO - Iter(val) [13000]	PSNR: 31.2151, SSIM: 0.9752
2025-06-17 22:55:52,140 - mmedit - INFO - Exp name: swinir4x
2025-06-17 22:55:52,140 - mmedit - INFO - Iter(val) [13000]	
2025-06-17 22:55:54,268 - mmedit - INFO - Iter [13050/20000]	lr_generator: 1.079e-04, eta: 0:05:44, time: 0.149, data_time: 0.107, memory: 470, loss_pix: 0.0170, loss: 0.0170
2025-06-17 22:55:56,625 - mmedit - INFO - Iter [13100/20000]	lr_generator: 1.076e-04, eta: 0:05:42, time: 0.047, data_time: 0.001, memory: 470, loss_pix: 0.0170, loss: 0.0170
2025-06-17 22:55:59,063 - mmedit - INFO - Iter [13150/20000]	lr_generator: 1.072e-04, eta: 0:05:39, time: 0.049, data_time: 0.001, memory: 470, loss_pix: 0.0169, loss: 0.0169
2025-06-17 22:56:01,244 - mmedit - INFO - Iter [13200/20000]	lr_generator: 1.068e-04, eta: 0:05:37, time: 0.044, data_time: 0.001, memory: 470, loss_pix: 0.0166, loss: 0.0166
2025-06-17 22:56:03,437 - mmedit - INFO - Iter [13250/20000]	lr_generator: 1.064e-04, eta: 0:05:34, time: 0.044, data_time: 0.001, memory: 470, loss_pix: 0.0178, loss: 0.0178
2025-06-17 22:56:05,791 - mmedit - INFO - Iter [13300/20000]	lr_generator: 1.061e-04, eta: 0:05:31, time: 0.047, data_time: 0.001, memory: 470, loss_pix: 0.0163, loss: 0.0163
2025-06-17 22:56:07,989 - mmedit - INFO - Iter [13350/20000]	lr_generator: 1.057e-04, eta: 0:05:29, time: 0.044, data_time: 0.001, memory: 470, loss_pix: 0.0164, loss: 0.0164
2025-06-17 22:56:10,185 - mmedit - INFO - Iter [13400/20000]	lr_generator: 1.053e-04, eta: 0:05:26, time: 0.044, data_time: 0.001, memory: 470, loss_pix: 0.0173, loss: 0.0173
2025-06-17 22:56:12,379 - mmedit - INFO - Iter [13450/20000]	lr_generator: 1.049e-04, eta: 0:05:24, time: 0.044, data_time: 0.001, memory: 470, loss_pix: 0.0175, loss: 0.0175
2025-06-17 22:56:14,582 - mmedit - INFO - Iter [13500/20000]	lr_generator: 1.046e-04, eta: 0:05:21, time: 0.044, data_time: 0.001, memory: 470, loss_pix: 0.0172, loss: 0.0172
2025-06-17 22:56:17,010 - mmedit - INFO - Iter [13550/20000]	lr_generator: 1.042e-04, eta: 0:05:19, time: 0.049, data_time: 0.001, memory: 470, loss_pix: 0.0173, loss: 0.0173
2025-06-17 22:56:19,299 - mmedit - INFO - Iter [13600/20000]	lr_generator: 1.038e-04, eta: 0:05:16, time: 0.046, data_time: 0.001, memory: 470, loss_pix: 0.0178, loss: 0.0178
2025-06-17 22:56:21,552 - mmedit - INFO - Iter [13650/20000]	lr_generator: 1.034e-04, eta: 0:05:13, time: 0.045, data_time: 0.001, memory: 470, loss_pix: 0.0176, loss: 0.0176
2025-06-17 22:56:23,887 - mmedit - INFO - Iter [13700/20000]	lr_generator: 1.030e-04, eta: 0:05:11, time: 0.047, data_time: 0.001, memory: 470, loss_pix: 0.0173, loss: 0.0173
2025-06-17 22:56:26,083 - mmedit - INFO - Iter [13750/20000]	lr_generator: 1.027e-04, eta: 0:05:08, time: 0.044, data_time: 0.001, memory: 470, loss_pix: 0.0177, loss: 0.0177
2025-06-17 22:56:28,309 - mmedit - INFO - Iter [13800/20000]	lr_generator: 1.023e-04, eta: 0:05:06, time: 0.045, data_time: 0.001, memory: 470, loss_pix: 0.0178, loss: 0.0178
2025-06-17 22:56:30,636 - mmedit - INFO - Iter [13850/20000]	lr_generator: 1.019e-04, eta: 0:05:03, time: 0.047, data_time: 0.001, memory: 470, loss_pix: 0.0179, loss: 0.0179
2025-06-17 22:56:32,940 - mmedit - INFO - Iter [13900/20000]	lr_generator: 1.015e-04, eta: 0:05:01, time: 0.046, data_time: 0.001, memory: 470, loss_pix: 0.0165, loss: 0.0165
2025-06-17 22:56:35,282 - mmedit - INFO - Iter [13950/20000]	lr_generator: 1.011e-04, eta: 0:04:58, time: 0.047, data_time: 0.001, memory: 470, loss_pix: 0.0176, loss: 0.0176
2025-06-17 22:56:42,681 - mmedit - INFO - Exp name: swinir4x
2025-06-17 22:56:42,682 - mmedit - INFO - Iter(val) [14000]	PSNR: 31.7723, SSIM: 0.9870
2025-06-17 22:56:42,682 - mmedit - INFO - Exp name: swinir4x
2025-06-17 22:56:42,682 - mmedit - INFO - Iter(val) [14000]	
2025-06-17 22:56:44,849 - mmedit - INFO - Iter [14050/20000]	lr_generator: 1.004e-04, eta: 0:04:54, time: 0.147, data_time: 0.104, memory: 470, loss_pix: 0.0164, loss: 0.0164
2025-06-17 22:56:47,164 - mmedit - INFO - Iter [14100/20000]	lr_generator: 1.000e-04, eta: 0:04:52, time: 0.046, data_time: 0.001, memory: 470, loss_pix: 0.0171, loss: 0.0171
2025-06-17 22:56:49,660 - mmedit - INFO - Iter [14150/20000]	lr_generator: 9.962e-05, eta: 0:04:49, time: 0.050, data_time: 0.001, memory: 470, loss_pix: 0.0170, loss: 0.0170
2025-06-17 22:56:51,969 - mmedit - INFO - Iter [14200/20000]	lr_generator: 9.924e-05, eta: 0:04:47, time: 0.046, data_time: 0.001, memory: 470, loss_pix: 0.0167, loss: 0.0167
2025-06-17 22:56:54,144 - mmedit - INFO - Iter [14250/20000]	lr_generator: 9.886e-05, eta: 0:04:44, time: 0.044, data_time: 0.001, memory: 470, loss_pix: 0.0173, loss: 0.0173
2025-06-17 22:56:56,396 - mmedit - INFO - Iter [14300/20000]	lr_generator: 9.848e-05, eta: 0:04:41, time: 0.045, data_time: 0.001, memory: 470, loss_pix: 0.0162, loss: 0.0162
2025-06-17 22:56:58,754 - mmedit - INFO - Iter [14350/20000]	lr_generator: 9.809e-05, eta: 0:04:39, time: 0.047, data_time: 0.001, memory: 470, loss_pix: 0.0166, loss: 0.0166
2025-06-17 22:57:00,905 - mmedit - INFO - Iter [14400/20000]	lr_generator: 9.771e-05, eta: 0:04:36, time: 0.043, data_time: 0.001, memory: 470, loss_pix: 0.0173, loss: 0.0173
2025-06-17 22:57:03,036 - mmedit - INFO - Iter [14450/20000]	lr_generator: 9.733e-05, eta: 0:04:34, time: 0.043, data_time: 0.001, memory: 470, loss_pix: 0.0173, loss: 0.0173
2025-06-17 22:57:05,336 - mmedit - INFO - Iter [14500/20000]	lr_generator: 9.694e-05, eta: 0:04:31, time: 0.046, data_time: 0.001, memory: 470, loss_pix: 0.0169, loss: 0.0169
2025-06-17 22:57:07,493 - mmedit - INFO - Iter [14550/20000]	lr_generator: 9.656e-05, eta: 0:04:29, time: 0.043, data_time: 0.001, memory: 470, loss_pix: 0.0167, loss: 0.0167
2025-06-17 22:57:09,870 - mmedit - INFO - Iter [14600/20000]	lr_generator: 9.617e-05, eta: 0:04:26, time: 0.048, data_time: 0.001, memory: 470, loss_pix: 0.0171, loss: 0.0171
2025-06-17 22:57:12,176 - mmedit - INFO - Iter [14650/20000]	lr_generator: 9.579e-05, eta: 0:04:24, time: 0.046, data_time: 0.001, memory: 470, loss_pix: 0.0157, loss: 0.0157
2025-06-17 22:57:14,484 - mmedit - INFO - Iter [14700/20000]	lr_generator: 9.540e-05, eta: 0:04:21, time: 0.046, data_time: 0.001, memory: 470, loss_pix: 0.0158, loss: 0.0158
2025-06-17 22:57:16,953 - mmedit - INFO - Iter [14750/20000]	lr_generator: 9.502e-05, eta: 0:04:19, time: 0.049, data_time: 0.001, memory: 470, loss_pix: 0.0171, loss: 0.0171
2025-06-17 22:57:19,460 - mmedit - INFO - Iter [14800/20000]	lr_generator: 9.463e-05, eta: 0:04:16, time: 0.050, data_time: 0.001, memory: 470, loss_pix: 0.0175, loss: 0.0175
2025-06-17 22:57:21,959 - mmedit - INFO - Iter [14850/20000]	lr_generator: 9.425e-05, eta: 0:04:14, time: 0.050, data_time: 0.001, memory: 470, loss_pix: 0.0185, loss: 0.0185
2025-06-17 22:57:24,425 - mmedit - INFO - Iter [14900/20000]	lr_generator: 9.386e-05, eta: 0:04:11, time: 0.049, data_time: 0.001, memory: 470, loss_pix: 0.0173, loss: 0.0173
2025-06-17 22:57:26,650 - mmedit - INFO - Iter [14950/20000]	lr_generator: 9.347e-05, eta: 0:04:09, time: 0.045, data_time: 0.001, memory: 470, loss_pix: 0.0174, loss: 0.0174
2025-06-17 22:57:34,139 - mmedit - INFO - Exp name: swinir4x
2025-06-17 22:57:34,139 - mmedit - INFO - Iter(val) [15000]	PSNR: 31.7843, SSIM: 0.9871
2025-06-17 22:57:34,140 - mmedit - INFO - Exp name: swinir4x
2025-06-17 22:57:34,141 - mmedit - INFO - Iter(val) [15000]	
2025-06-17 22:57:36,576 - mmedit - INFO - Iter [15050/20000]	lr_generator: 9.270e-05, eta: 0:04:05, time: 0.152, data_time: 0.104, memory: 470, loss_pix: 0.0169, loss: 0.0169
2025-06-17 22:57:39,400 - mmedit - INFO - Iter [15100/20000]	lr_generator: 9.231e-05, eta: 0:04:02, time: 0.056, data_time: 0.001, memory: 470, loss_pix: 0.0176, loss: 0.0176
2025-06-17 22:57:42,197 - mmedit - INFO - Iter [15150/20000]	lr_generator: 9.192e-05, eta: 0:04:00, time: 0.056, data_time: 0.001, memory: 470, loss_pix: 0.0174, loss: 0.0174
2025-06-17 22:57:44,725 - mmedit - INFO - Iter [15200/20000]	lr_generator: 9.153e-05, eta: 0:03:57, time: 0.051, data_time: 0.001, memory: 470, loss_pix: 0.0165, loss: 0.0165
2025-06-17 22:57:47,219 - mmedit - INFO - Iter [15250/20000]	lr_generator: 9.114e-05, eta: 0:03:55, time: 0.050, data_time: 0.001, memory: 470, loss_pix: 0.0171, loss: 0.0171
2025-06-17 22:57:49,743 - mmedit - INFO - Iter [15300/20000]	lr_generator: 9.075e-05, eta: 0:03:52, time: 0.050, data_time: 0.001, memory: 470, loss_pix: 0.0166, loss: 0.0166
2025-06-17 22:57:52,410 - mmedit - INFO - Iter [15350/20000]	lr_generator: 9.036e-05, eta: 0:03:50, time: 0.053, data_time: 0.001, memory: 470, loss_pix: 0.0171, loss: 0.0171
2025-06-17 22:57:54,580 - mmedit - INFO - Iter [15400/20000]	lr_generator: 8.997e-05, eta: 0:03:47, time: 0.043, data_time: 0.001, memory: 470, loss_pix: 0.0164, loss: 0.0164
2025-06-17 22:57:56,877 - mmedit - INFO - Iter [15450/20000]	lr_generator: 8.958e-05, eta: 0:03:45, time: 0.046, data_time: 0.001, memory: 470, loss_pix: 0.0167, loss: 0.0167
2025-06-17 22:57:59,442 - mmedit - INFO - Iter [15500/20000]	lr_generator: 8.919e-05, eta: 0:03:42, time: 0.051, data_time: 0.001, memory: 470, loss_pix: 0.0168, loss: 0.0168
2025-06-17 22:58:01,767 - mmedit - INFO - Iter [15550/20000]	lr_generator: 8.880e-05, eta: 0:03:40, time: 0.046, data_time: 0.001, memory: 470, loss_pix: 0.0168, loss: 0.0168
2025-06-17 22:58:04,353 - mmedit - INFO - Iter [15600/20000]	lr_generator: 8.840e-05, eta: 0:03:38, time: 0.052, data_time: 0.001, memory: 470, loss_pix: 0.0171, loss: 0.0171
2025-06-17 22:58:06,821 - mmedit - INFO - Iter [15650/20000]	lr_generator: 8.801e-05, eta: 0:03:35, time: 0.049, data_time: 0.001, memory: 470, loss_pix: 0.0163, loss: 0.0163
2025-06-17 22:58:09,022 - mmedit - INFO - Iter [15700/20000]	lr_generator: 8.762e-05, eta: 0:03:32, time: 0.044, data_time: 0.001, memory: 470, loss_pix: 0.0170, loss: 0.0170
2025-06-17 22:58:11,300 - mmedit - INFO - Iter [15750/20000]	lr_generator: 8.722e-05, eta: 0:03:30, time: 0.046, data_time: 0.001, memory: 470, loss_pix: 0.0164, loss: 0.0164
2025-06-17 22:58:13,849 - mmedit - INFO - Iter [15800/20000]	lr_generator: 8.683e-05, eta: 0:03:28, time: 0.051, data_time: 0.001, memory: 470, loss_pix: 0.0167, loss: 0.0167
2025-06-17 22:58:16,420 - mmedit - INFO - Iter [15850/20000]	lr_generator: 8.643e-05, eta: 0:03:25, time: 0.051, data_time: 0.001, memory: 470, loss_pix: 0.0168, loss: 0.0168
2025-06-17 22:58:18,866 - mmedit - INFO - Iter [15900/20000]	lr_generator: 8.604e-05, eta: 0:03:23, time: 0.049, data_time: 0.001, memory: 470, loss_pix: 0.0170, loss: 0.0170
2025-06-17 22:58:21,364 - mmedit - INFO - Iter [15950/20000]	lr_generator: 8.564e-05, eta: 0:03:20, time: 0.050, data_time: 0.001, memory: 470, loss_pix: 0.0177, loss: 0.0177
2025-06-17 22:58:29,121 - mmedit - INFO - Exp name: swinir4x
2025-06-17 22:58:29,121 - mmedit - INFO - Iter(val) [16000]	PSNR: 31.7944, SSIM: 0.9861
2025-06-17 22:58:29,122 - mmedit - INFO - Exp name: swinir4x
2025-06-17 22:58:29,122 - mmedit - INFO - Iter(val) [16000]	
2025-06-17 22:58:31,312 - mmedit - INFO - Iter [16050/20000]	lr_generator: 8.485e-05, eta: 0:03:16, time: 0.147, data_time: 0.104, memory: 470, loss_pix: 0.0165, loss: 0.0165
2025-06-17 22:58:33,454 - mmedit - INFO - Iter [16100/20000]	lr_generator: 8.445e-05, eta: 0:03:13, time: 0.043, data_time: 0.001, memory: 470, loss_pix: 0.0163, loss: 0.0163
2025-06-17 22:58:35,870 - mmedit - INFO - Iter [16150/20000]	lr_generator: 8.405e-05, eta: 0:03:11, time: 0.048, data_time: 0.001, memory: 470, loss_pix: 0.0166, loss: 0.0166
2025-06-17 22:58:38,491 - mmedit - INFO - Iter [16200/20000]	lr_generator: 8.366e-05, eta: 0:03:08, time: 0.052, data_time: 0.001, memory: 470, loss_pix: 0.0174, loss: 0.0174
2025-06-17 22:58:41,123 - mmedit - INFO - Iter [16250/20000]	lr_generator: 8.326e-05, eta: 0:03:06, time: 0.053, data_time: 0.001, memory: 470, loss_pix: 0.0163, loss: 0.0163
2025-06-17 22:58:43,295 - mmedit - INFO - Iter [16300/20000]	lr_generator: 8.286e-05, eta: 0:03:03, time: 0.043, data_time: 0.001, memory: 470, loss_pix: 0.0159, loss: 0.0159
2025-06-17 22:58:45,559 - mmedit - INFO - Iter [16350/20000]	lr_generator: 8.246e-05, eta: 0:03:01, time: 0.045, data_time: 0.001, memory: 470, loss_pix: 0.0186, loss: 0.0186
2025-06-17 22:58:47,755 - mmedit - INFO - Iter [16400/20000]	lr_generator: 8.206e-05, eta: 0:02:58, time: 0.044, data_time: 0.001, memory: 470, loss_pix: 0.0177, loss: 0.0177
2025-06-17 22:58:50,048 - mmedit - INFO - Iter [16450/20000]	lr_generator: 8.166e-05, eta: 0:02:56, time: 0.046, data_time: 0.001, memory: 470, loss_pix: 0.0162, loss: 0.0162
2025-06-17 22:58:52,353 - mmedit - INFO - Iter [16500/20000]	lr_generator: 8.126e-05, eta: 0:02:53, time: 0.046, data_time: 0.001, memory: 470, loss_pix: 0.0177, loss: 0.0177
2025-06-17 22:58:54,640 - mmedit - INFO - Iter [16550/20000]	lr_generator: 8.085e-05, eta: 0:02:51, time: 0.046, data_time: 0.001, memory: 470, loss_pix: 0.0169, loss: 0.0169
2025-06-17 22:58:57,179 - mmedit - INFO - Iter [16600/20000]	lr_generator: 8.045e-05, eta: 0:02:48, time: 0.051, data_time: 0.001, memory: 470, loss_pix: 0.0160, loss: 0.0160
2025-06-17 22:58:59,473 - mmedit - INFO - Iter [16650/20000]	lr_generator: 8.005e-05, eta: 0:02:46, time: 0.046, data_time: 0.001, memory: 470, loss_pix: 0.0161, loss: 0.0161
2025-06-17 22:59:01,821 - mmedit - INFO - Iter [16700/20000]	lr_generator: 7.964e-05, eta: 0:02:43, time: 0.047, data_time: 0.001, memory: 470, loss_pix: 0.0167, loss: 0.0167
2025-06-17 22:59:04,177 - mmedit - INFO - Iter [16750/20000]	lr_generator: 7.924e-05, eta: 0:02:41, time: 0.047, data_time: 0.001, memory: 470, loss_pix: 0.0158, loss: 0.0158
2025-06-17 22:59:06,547 - mmedit - INFO - Iter [16800/20000]	lr_generator: 7.884e-05, eta: 0:02:38, time: 0.047, data_time: 0.001, memory: 470, loss_pix: 0.0163, loss: 0.0163
2025-06-17 22:59:09,017 - mmedit - INFO - Iter [16850/20000]	lr_generator: 7.843e-05, eta: 0:02:36, time: 0.049, data_time: 0.001, memory: 470, loss_pix: 0.0172, loss: 0.0172
2025-06-17 22:59:11,536 - mmedit - INFO - Iter [16900/20000]	lr_generator: 7.802e-05, eta: 0:02:33, time: 0.050, data_time: 0.001, memory: 470, loss_pix: 0.0156, loss: 0.0156
2025-06-17 22:59:13,996 - mmedit - INFO - Iter [16950/20000]	lr_generator: 7.762e-05, eta: 0:02:31, time: 0.049, data_time: 0.001, memory: 470, loss_pix: 0.0180, loss: 0.0180
2025-06-17 22:59:21,832 - mmedit - INFO - Exp name: swinir4x
2025-06-17 22:59:21,832 - mmedit - INFO - Iter(val) [17000]	PSNR: 31.8386, SSIM: 0.9873
2025-06-17 22:59:21,832 - mmedit - INFO - Exp name: swinir4x
2025-06-17 22:59:21,832 - mmedit - INFO - Iter(val) [17000]	
2025-06-17 22:59:23,971 - mmedit - INFO - Iter [17050/20000]	lr_generator: 7.680e-05, eta: 0:02:26, time: 0.148, data_time: 0.106, memory: 470, loss_pix: 0.0174, loss: 0.0174
2025-06-17 22:59:26,343 - mmedit - INFO - Iter [17100/20000]	lr_generator: 7.639e-05, eta: 0:02:24, time: 0.047, data_time: 0.001, memory: 470, loss_pix: 0.0168, loss: 0.0168
2025-06-17 22:59:28,545 - mmedit - INFO - Iter [17150/20000]	lr_generator: 7.598e-05, eta: 0:02:21, time: 0.044, data_time: 0.001, memory: 470, loss_pix: 0.0161, loss: 0.0161
2025-06-17 22:59:31,140 - mmedit - INFO - Iter [17200/20000]	lr_generator: 7.557e-05, eta: 0:02:19, time: 0.052, data_time: 0.001, memory: 470, loss_pix: 0.0167, loss: 0.0167
2025-06-17 22:59:33,616 - mmedit - INFO - Iter [17250/20000]	lr_generator: 7.516e-05, eta: 0:02:16, time: 0.050, data_time: 0.001, memory: 470, loss_pix: 0.0177, loss: 0.0177
2025-06-17 22:59:36,150 - mmedit - INFO - Iter [17300/20000]	lr_generator: 7.475e-05, eta: 0:02:14, time: 0.051, data_time: 0.001, memory: 470, loss_pix: 0.0175, loss: 0.0175
2025-06-17 22:59:38,520 - mmedit - INFO - Iter [17350/20000]	lr_generator: 7.434e-05, eta: 0:02:11, time: 0.047, data_time: 0.001, memory: 470, loss_pix: 0.0155, loss: 0.0155
2025-06-17 22:59:40,906 - mmedit - INFO - Iter [17400/20000]	lr_generator: 7.392e-05, eta: 0:02:09, time: 0.048, data_time: 0.001, memory: 470, loss_pix: 0.0165, loss: 0.0165
2025-06-17 22:59:43,328 - mmedit - INFO - Iter [17450/20000]	lr_generator: 7.351e-05, eta: 0:02:06, time: 0.048, data_time: 0.001, memory: 470, loss_pix: 0.0173, loss: 0.0173
2025-06-17 22:59:45,782 - mmedit - INFO - Iter [17500/20000]	lr_generator: 7.309e-05, eta: 0:02:04, time: 0.049, data_time: 0.001, memory: 470, loss_pix: 0.0170, loss: 0.0170
2025-06-17 22:59:47,984 - mmedit - INFO - Iter [17550/20000]	lr_generator: 7.268e-05, eta: 0:02:01, time: 0.044, data_time: 0.001, memory: 470, loss_pix: 0.0164, loss: 0.0164
2025-06-17 22:59:50,325 - mmedit - INFO - Iter [17600/20000]	lr_generator: 7.226e-05, eta: 0:01:59, time: 0.047, data_time: 0.001, memory: 470, loss_pix: 0.0157, loss: 0.0157
2025-06-17 22:59:52,731 - mmedit - INFO - Iter [17650/20000]	lr_generator: 7.184e-05, eta: 0:01:56, time: 0.048, data_time: 0.001, memory: 470, loss_pix: 0.0158, loss: 0.0158
2025-06-17 22:59:55,120 - mmedit - INFO - Iter [17700/20000]	lr_generator: 7.142e-05, eta: 0:01:54, time: 0.048, data_time: 0.001, memory: 470, loss_pix: 0.0163, loss: 0.0163
2025-06-17 22:59:57,487 - mmedit - INFO - Iter [17750/20000]	lr_generator: 7.100e-05, eta: 0:01:51, time: 0.047, data_time: 0.001, memory: 470, loss_pix: 0.0168, loss: 0.0168
2025-06-17 22:59:59,910 - mmedit - INFO - Iter [17800/20000]	lr_generator: 7.058e-05, eta: 0:01:49, time: 0.048, data_time: 0.001, memory: 470, loss_pix: 0.0165, loss: 0.0165
2025-06-17 23:00:02,306 - mmedit - INFO - Iter [17850/20000]	lr_generator: 7.016e-05, eta: 0:01:46, time: 0.048, data_time: 0.001, memory: 470, loss_pix: 0.0173, loss: 0.0173
2025-06-17 23:00:04,667 - mmedit - INFO - Iter [17900/20000]	lr_generator: 6.974e-05, eta: 0:01:44, time: 0.047, data_time: 0.001, memory: 470, loss_pix: 0.0165, loss: 0.0165
2025-06-17 23:00:06,992 - mmedit - INFO - Iter [17950/20000]	lr_generator: 6.932e-05, eta: 0:01:41, time: 0.047, data_time: 0.001, memory: 470, loss_pix: 0.0179, loss: 0.0179
2025-06-17 23:00:14,708 - mmedit - INFO - Exp name: swinir4x
2025-06-17 23:00:14,708 - mmedit - INFO - Iter(val) [18000]	PSNR: 31.8614, SSIM: 0.9871
2025-06-17 23:00:14,709 - mmedit - INFO - Exp name: swinir4x
2025-06-17 23:00:14,709 - mmedit - INFO - Iter(val) [18000]	
2025-06-17 23:00:16,948 - mmedit - INFO - Iter [18050/20000]	lr_generator: 6.847e-05, eta: 0:01:37, time: 0.153, data_time: 0.108, memory: 470, loss_pix: 0.0164, loss: 0.0164
2025-06-17 23:00:19,159 - mmedit - INFO - Iter [18100/20000]	lr_generator: 6.804e-05, eta: 0:01:34, time: 0.044, data_time: 0.001, memory: 470, loss_pix: 0.0170, loss: 0.0170
2025-06-17 23:00:21,636 - mmedit - INFO - Iter [18150/20000]	lr_generator: 6.761e-05, eta: 0:01:32, time: 0.050, data_time: 0.001, memory: 470, loss_pix: 0.0174, loss: 0.0174
2025-06-17 23:00:24,271 - mmedit - INFO - Iter [18200/20000]	lr_generator: 6.718e-05, eta: 0:01:29, time: 0.053, data_time: 0.001, memory: 470, loss_pix: 0.0159, loss: 0.0159
2025-06-17 23:00:26,898 - mmedit - INFO - Iter [18250/20000]	lr_generator: 6.675e-05, eta: 0:01:27, time: 0.053, data_time: 0.001, memory: 470, loss_pix: 0.0153, loss: 0.0153
2025-06-17 23:00:29,094 - mmedit - INFO - Iter [18300/20000]	lr_generator: 6.632e-05, eta: 0:01:24, time: 0.044, data_time: 0.001, memory: 470, loss_pix: 0.0155, loss: 0.0155
2025-06-17 23:00:31,304 - mmedit - INFO - Iter [18350/20000]	lr_generator: 6.589e-05, eta: 0:01:22, time: 0.044, data_time: 0.001, memory: 470, loss_pix: 0.0162, loss: 0.0162
2025-06-17 23:00:33,636 - mmedit - INFO - Iter [18400/20000]	lr_generator: 6.546e-05, eta: 0:01:19, time: 0.047, data_time: 0.001, memory: 470, loss_pix: 0.0165, loss: 0.0165
2025-06-17 23:00:36,221 - mmedit - INFO - Iter [18450/20000]	lr_generator: 6.502e-05, eta: 0:01:17, time: 0.052, data_time: 0.001, memory: 470, loss_pix: 0.0159, loss: 0.0159
2025-06-17 23:00:38,619 - mmedit - INFO - Iter [18500/20000]	lr_generator: 6.459e-05, eta: 0:01:14, time: 0.048, data_time: 0.001, memory: 470, loss_pix: 0.0170, loss: 0.0170
2025-06-17 23:00:40,985 - mmedit - INFO - Iter [18550/20000]	lr_generator: 6.415e-05, eta: 0:01:12, time: 0.047, data_time: 0.001, memory: 470, loss_pix: 0.0164, loss: 0.0164
2025-06-17 23:00:43,364 - mmedit - INFO - Iter [18600/20000]	lr_generator: 6.371e-05, eta: 0:01:09, time: 0.048, data_time: 0.001, memory: 470, loss_pix: 0.0166, loss: 0.0166
2025-06-17 23:00:45,770 - mmedit - INFO - Iter [18650/20000]	lr_generator: 6.327e-05, eta: 0:01:07, time: 0.048, data_time: 0.001, memory: 470, loss_pix: 0.0163, loss: 0.0163
2025-06-17 23:00:48,184 - mmedit - INFO - Iter [18700/20000]	lr_generator: 6.282e-05, eta: 0:01:04, time: 0.048, data_time: 0.001, memory: 470, loss_pix: 0.0179, loss: 0.0179
2025-06-17 23:00:50,594 - mmedit - INFO - Iter [18750/20000]	lr_generator: 6.238e-05, eta: 0:01:02, time: 0.048, data_time: 0.001, memory: 470, loss_pix: 0.0158, loss: 0.0158
2025-06-17 23:00:52,891 - mmedit - INFO - Iter [18800/20000]	lr_generator: 6.193e-05, eta: 0:00:59, time: 0.046, data_time: 0.001, memory: 470, loss_pix: 0.0165, loss: 0.0165
2025-06-17 23:00:55,382 - mmedit - INFO - Iter [18850/20000]	lr_generator: 6.149e-05, eta: 0:00:57, time: 0.050, data_time: 0.001, memory: 470, loss_pix: 0.0171, loss: 0.0171
2025-06-17 23:00:57,963 - mmedit - INFO - Iter [18900/20000]	lr_generator: 6.104e-05, eta: 0:00:54, time: 0.052, data_time: 0.001, memory: 470, loss_pix: 0.0166, loss: 0.0166
2025-06-17 23:01:00,509 - mmedit - INFO - Iter [18950/20000]	lr_generator: 6.058e-05, eta: 0:00:52, time: 0.051, data_time: 0.001, memory: 470, loss_pix: 0.0169, loss: 0.0169
2025-06-17 23:01:08,135 - mmedit - INFO - Exp name: swinir4x
2025-06-17 23:01:08,135 - mmedit - INFO - Iter(val) [19000]	PSNR: 31.8787, SSIM: 0.9874
2025-06-17 23:01:08,136 - mmedit - INFO - Exp name: swinir4x
2025-06-17 23:01:08,136 - mmedit - INFO - Iter(val) [19000]	
2025-06-17 23:01:10,324 - mmedit - INFO - Iter [19050/20000]	lr_generator: 5.967e-05, eta: 0:00:47, time: 0.149, data_time: 0.106, memory: 470, loss_pix: 0.0163, loss: 0.0163
2025-06-17 23:01:12,563 - mmedit - INFO - Iter [19100/20000]	lr_generator: 5.921e-05, eta: 0:00:44, time: 0.045, data_time: 0.001, memory: 470, loss_pix: 0.0165, loss: 0.0165
2025-06-17 23:01:15,087 - mmedit - INFO - Iter [19150/20000]	lr_generator: 5.875e-05, eta: 0:00:42, time: 0.050, data_time: 0.001, memory: 470, loss_pix: 0.0156, loss: 0.0156
2025-06-17 23:01:17,597 - mmedit - INFO - Iter [19200/20000]	lr_generator: 5.829e-05, eta: 0:00:39, time: 0.050, data_time: 0.001, memory: 470, loss_pix: 0.0152, loss: 0.0152
2025-06-17 23:01:20,115 - mmedit - INFO - Iter [19250/20000]	lr_generator: 5.782e-05, eta: 0:00:37, time: 0.050, data_time: 0.001, memory: 470, loss_pix: 0.0171, loss: 0.0171
2025-06-17 23:01:22,647 - mmedit - INFO - Iter [19300/20000]	lr_generator: 5.735e-05, eta: 0:00:34, time: 0.051, data_time: 0.001, memory: 470, loss_pix: 0.0171, loss: 0.0171
2025-06-17 23:01:24,895 - mmedit - INFO - Iter [19350/20000]	lr_generator: 5.688e-05, eta: 0:00:32, time: 0.045, data_time: 0.001, memory: 470, loss_pix: 0.0157, loss: 0.0157
2025-06-17 23:01:27,103 - mmedit - INFO - Iter [19400/20000]	lr_generator: 5.640e-05, eta: 0:00:29, time: 0.044, data_time: 0.001, memory: 470, loss_pix: 0.0166, loss: 0.0166
2025-06-17 23:01:29,361 - mmedit - INFO - Iter [19450/20000]	lr_generator: 5.592e-05, eta: 0:00:27, time: 0.045, data_time: 0.001, memory: 470, loss_pix: 0.0161, loss: 0.0161
2025-06-17 23:01:31,710 - mmedit - INFO - Iter [19500/20000]	lr_generator: 5.543e-05, eta: 0:00:24, time: 0.047, data_time: 0.001, memory: 470, loss_pix: 0.0164, loss: 0.0164
2025-06-17 23:01:34,122 - mmedit - INFO - Iter [19550/20000]	lr_generator: 5.494e-05, eta: 0:00:22, time: 0.048, data_time: 0.001, memory: 470, loss_pix: 0.0161, loss: 0.0161
2025-06-17 23:01:36,457 - mmedit - INFO - Iter [19600/20000]	lr_generator: 5.445e-05, eta: 0:00:19, time: 0.047, data_time: 0.001, memory: 470, loss_pix: 0.0173, loss: 0.0173
2025-06-17 23:01:38,797 - mmedit - INFO - Iter [19650/20000]	lr_generator: 5.394e-05, eta: 0:00:17, time: 0.047, data_time: 0.001, memory: 470, loss_pix: 0.0161, loss: 0.0161
2025-06-17 23:01:41,307 - mmedit - INFO - Iter [19700/20000]	lr_generator: 5.343e-05, eta: 0:00:14, time: 0.050, data_time: 0.001, memory: 470, loss_pix: 0.0158, loss: 0.0158
2025-06-17 23:01:43,794 - mmedit - INFO - Iter [19750/20000]	lr_generator: 5.292e-05, eta: 0:00:12, time: 0.050, data_time: 0.001, memory: 470, loss_pix: 0.0165, loss: 0.0165
2025-06-17 23:01:46,307 - mmedit - INFO - Iter [19800/20000]	lr_generator: 5.239e-05, eta: 0:00:09, time: 0.050, data_time: 0.001, memory: 470, loss_pix: 0.0164, loss: 0.0164
2025-06-17 23:01:48,784 - mmedit - INFO - Iter [19850/20000]	lr_generator: 5.185e-05, eta: 0:00:07, time: 0.050, data_time: 0.001, memory: 470, loss_pix: 0.0170, loss: 0.0170
2025-06-17 23:01:51,247 - mmedit - INFO - Iter [19900/20000]	lr_generator: 5.129e-05, eta: 0:00:04, time: 0.049, data_time: 0.001, memory: 470, loss_pix: 0.0166, loss: 0.0166
2025-06-17 23:01:53,737 - mmedit - INFO - Iter [19950/20000]	lr_generator: 5.069e-05, eta: 0:00:02, time: 0.050, data_time: 0.001, memory: 470, loss_pix: 0.0157, loss: 0.0157
2025-06-17 23:01:56,150 - mmedit - INFO - Saving checkpoint at 20000 iterations
2025-06-17 23:02:01,310 - mmedit - INFO - Exp name: swinir4x
2025-06-17 23:02:01,310 - mmedit - INFO - Iter(val) [20000]	PSNR: 31.8801, SSIM: 0.9874
2025-06-17 23:02:01,311 - mmedit - INFO - Exp name: swinir4x
2025-06-17 23:02:01,311 - mmedit - INFO - Iter(val) [20000]	
