2025-06-18 01:18:57,622 - mmedit - INFO - Environment info:
------------------------------------------------------------
sys.platform: linux
Python: 3.8.20 (default, Oct  3 2024, 15:24:27) [GCC 11.2.0]
CUDA available: True
GPU 0: NVIDIA GeForce RTX 3090
CUDA_HOME: /usr/local/cuda
NVCC: Cuda compilation tools, release 11.7, V11.7.64
GCC: gcc (Ubuntu 9.4.0-1ubuntu1~20.04.2) 9.4.0
PyTorch: 1.10.0+cu113
PyTorch compiling details: PyTorch built with:
  - GCC 7.3
  - C++ Version: 201402
  - Intel(R) Math Kernel Library Version 2020.0.0 Product Build 20191122 for Intel(R) 64 architecture applications
  - Intel(R) MKL-DNN v2.2.3 (Git Hash 7336ca9f055cf1bfa13efb658fe15dc9b41f0740)
  - OpenMP 201511 (a.k.a. OpenMP 4.5)
  - LAPACK is enabled (usually provided by MKL)
  - NNPACK is enabled
  - CPU capability usage: AVX512
  - CUDA Runtime 11.3
  - NVCC architecture flags: -gencode;arch=compute_37,code=sm_37;-gencode;arch=compute_50,code=sm_50;-gencode;arch=compute_60,code=sm_60;-gencode;arch=compute_70,code=sm_70;-gencode;arch=compute_75,code=sm_75;-gencode;arch=compute_80,code=sm_80;-gencode;arch=compute_86,code=sm_86
  - CuDNN 8.2
  - Magma 2.5.2
  - Build settings: BLAS_INFO=mkl, BUILD_TYPE=Release, CUDA_VERSION=11.3, CUDNN_VERSION=8.2.0, CXX_COMPILER=/opt/rh/devtoolset-7/root/usr/bin/c++, CXX_FLAGS= -Wno-deprecated -fvisibility-inlines-hidden -DUSE_PTHREADPOOL -fopenmp -DNDEBUG -DUSE_KINETO -DUSE_FBGEMM -DUSE_QNNPACK -DUSE_PYTORCH_QNNPACK -DUSE_XNNPACK -DSYMBOLICATE_MOBILE_DEBUG_HANDLE -DEDGE_PROFILER_USE_KINETO -O2 -fPIC -Wno-narrowing -Wall -Wextra -Werror=return-type -Wno-missing-field-initializers -Wno-type-limits -Wno-array-bounds -Wno-unknown-pragmas -Wno-sign-compare -Wno-unused-parameter -Wno-unused-variable -Wno-unused-function -Wno-unused-result -Wno-unused-local-typedefs -Wno-strict-overflow -Wno-strict-aliasing -Wno-error=deprecated-declarations -Wno-stringop-overflow -Wno-psabi -Wno-error=pedantic -Wno-error=redundant-decls -Wno-error=old-style-cast -fdiagnostics-color=always -faligned-new -Wno-unused-but-set-variable -Wno-maybe-uninitialized -fno-math-errno -fno-trapping-math -Werror=format -Wno-stringop-overflow, LAPACK_INFO=mkl, PERF_WITH_AVX=1, PERF_WITH_AVX2=1, PERF_WITH_AVX512=1, TORCH_VERSION=1.10.0, USE_CUDA=ON, USE_CUDNN=ON, USE_EXCEPTION_PTR=1, USE_GFLAGS=OFF, USE_GLOG=OFF, USE_MKL=ON, USE_MKLDNN=ON, USE_MPI=OFF, USE_NCCL=ON, USE_NNPACK=ON, USE_OPENMP=ON, 

TorchVision: 0.11.1+cu113
OpenCV: 4.10.0
MMCV: 1.7.0
MMCV Compiler: GCC 9.3
MMCV CUDA Compiler: 11.3
MMEditing: 0.16.0+
------------------------------------------------------------

2025-06-18 01:18:57,623 - mmedit - INFO - Distributed training: True
2025-06-18 01:18:57,623 - mmedit - INFO - mmedit Version: 0.16.0
2025-06-18 01:18:57,623 - mmedit - INFO - Config:
/data/code2025/Q2/2025-06-02-01/my_config_2x/rcan2x.py
# model settings
img_size = 64
scale = 2
model = dict(
    type='BasicRestorer',
    generator=dict(
        type='RCAN',
        n_resgroups=2,
        n_resblocks=2,
        n_feats=128,
        reduction=4,
        scale=scale),
    pixel_loss=dict(type='L1Loss', loss_weight=1.0, reduction='mean'))
# model training and testing settings
# model training and testing settings
train_cfg = None
test_cfg = dict(metrics=['PSNR', 'SSIM'], crop_border=scale)

# dataset settings
train_dataset_type = 'SRFolderDataset'
val_dataset_type = 'SRFolderDataset'
train_pipeline = [
    dict(
        type='LoadImageFromFile',
        io_backend='disk',
        key='lq',
        flag='unchanged'),
    dict(
        type='LoadImageFromFile',
        io_backend='disk',
        key='gt',
        flag='unchanged'),
    dict(type='RescaleToZeroOne', keys=['lq', 'gt']),
    dict(
        type='Normalize',
        keys=['lq', 'gt'],
        mean=[0, 0, 0],
        std=[1, 1, 1],
        to_rgb=False),
    dict(type='PairedRandomCrop', gt_patch_size=img_size*scale),
    dict(
        type='Flip', keys=['lq', 'gt'], flip_ratio=0.5,
        direction='horizontal'),
    dict(type='Flip', keys=['lq', 'gt'], flip_ratio=0.5, direction='vertical'),
    dict(type='RandomTransposeHW', keys=['lq', 'gt'], transpose_ratio=0.5),
    dict(type='Collect', keys=['lq', 'gt'], meta_keys=['lq_path', 'gt_path']),
    dict(type='ImageToTensor', keys=['lq', 'gt'])
]
test_pipeline = [
    dict(
        type='LoadImageFromFile',
        io_backend='disk',
        key='lq',
        flag='unchanged'),
    dict(
        type='LoadImageFromFile',
        io_backend='disk',
        key='gt',
        flag='unchanged'),
    dict(type='RescaleToZeroOne', keys=['lq', 'gt']),
    dict(
        type='Normalize',
        keys=['lq', 'gt'],
        mean=[0, 0, 0],
        std=[1, 1, 1],
        to_rgb=False),
    dict(type='Collect', keys=['lq', 'gt'], meta_keys=['lq_path', 'gt_path']),
    dict(type='ImageToTensor', keys=['lq', 'gt'])
]

data = dict(
    workers_per_gpu=2,
    train_dataloader=dict(samples_per_gpu=4, drop_last=True),
    val_dataloader=dict(samples_per_gpu=1),
    test_dataloader=dict(samples_per_gpu=1),
    train=dict(
        type=train_dataset_type,
        lq_folder='../datasets/train/LRx2',
        gt_folder='../datasets/train/HRx2',
        pipeline=train_pipeline,
        scale=scale,
        filename_tmpl='{}'),
    val=dict(
        type=val_dataset_type,
        lq_folder='../datasets/test/LRx2',
        gt_folder='../datasets/test/HRx2',
        pipeline=test_pipeline,
        scale=scale,
        filename_tmpl='{}'),
    test=dict(
        type=val_dataset_type,
        lq_folder='../datasets/test/LRx2',
        gt_folder='../datasets/test/HRx2',
        pipeline=test_pipeline,
        scale=scale,
        filename_tmpl='{}'))

# optimizer
optimizers = dict(generator=dict(type='Adam', lr=2e-4, betas=(0.5, 0.999)))

# learning policy
lr_config = dict(
    policy='poly',
    power=0.9,  # The power of polynomial decay.
    min_lr=5e-5,  # The minimum learning rate to stable the training.
    by_epoch=False,  # Whethe count by epoch or not.)
)
evaluation = dict(interval=1000)
# checkpoint saving
checkpoint_config = dict(interval=10000, save_optimizer=False, by_epoch=False)
log_config = dict(
    interval=50,
    hooks=[
        dict(type='TextLoggerHook', by_epoch=False),
        dict(type='TensorboardLoggerHook')
    ])
visual_config = None
# runtime settings
total_iters = 20000
cudnn_benchmark = False
find_unused_parameters = True
dist_params = dict(backend='nccl')
log_level = 'INFO'
load_from = None
resume_from = None
workflow = [('train', 1)]
work_dir = f'./work_dirs_2x/{{ fileBasenameNoExtension }}'
2025-06-18 01:18:57,623 - mmedit - INFO - Set random seed to 0, deterministic: False
2025-06-18 01:20:00,741 - mmedit - INFO - Start running, host: wuyou@wuyou-desktop, work_dir: /data/code2025/Q2/2025-06-02-01/work_dirs_2x/rcan2x
2025-06-18 01:20:00,742 - mmedit - INFO - Hooks will be executed in the following order:
before_run:
(VERY_HIGH   ) PolyLrUpdaterHook                  
(NORMAL      ) CheckpointHook                     
(VERY_LOW    ) TextLoggerHook                     
(VERY_LOW    ) TensorboardLoggerHook              
 -------------------- 
before_train_epoch:
(VERY_HIGH   ) PolyLrUpdaterHook                  
(LOW         ) IterTimerHook                      
(VERY_LOW    ) TextLoggerHook                     
(VERY_LOW    ) TensorboardLoggerHook              
 -------------------- 
before_train_iter:
(VERY_HIGH   ) PolyLrUpdaterHook                  
(LOW         ) IterTimerHook                      
 -------------------- 
after_train_iter:
(NORMAL      ) CheckpointHook                     
(LOW         ) IterTimerHook                      
(LOW         ) DistEvalIterHook                   
(VERY_LOW    ) TextLoggerHook                     
(VERY_LOW    ) TensorboardLoggerHook              
 -------------------- 
after_train_epoch:
(NORMAL      ) CheckpointHook                     
(VERY_LOW    ) TextLoggerHook                     
(VERY_LOW    ) TensorboardLoggerHook              
 -------------------- 
before_val_epoch:
(LOW         ) IterTimerHook                      
(VERY_LOW    ) TextLoggerHook                     
(VERY_LOW    ) TensorboardLoggerHook              
 -------------------- 
before_val_iter:
(LOW         ) IterTimerHook                      
 -------------------- 
after_val_iter:
(LOW         ) IterTimerHook                      
 -------------------- 
after_val_epoch:
(VERY_LOW    ) TextLoggerHook                     
(VERY_LOW    ) TensorboardLoggerHook              
 -------------------- 
after_run:
(VERY_LOW    ) TextLoggerHook                     
(VERY_LOW    ) TensorboardLoggerHook              
 -------------------- 
2025-06-18 01:20:00,742 - mmedit - INFO - workflow: [('train', 1)], max: 20000 iters
2025-06-18 01:20:00,743 - mmedit - INFO - Checkpoints will be saved to /data/code2025/Q2/2025-06-02-01/work_dirs_2x/rcan2x by HardDiskBackend.
2025-06-18 01:20:04,061 - mmedit - INFO - Iter [50/20000]	lr_generator: 1.997e-04, eta: 0:10:04, time: 0.030, data_time: 0.004, memory: 314, loss_pix: 0.0462, loss: 0.0462
2025-06-18 01:20:05,333 - mmedit - INFO - Iter [100/20000]	lr_generator: 1.993e-04, eta: 0:09:14, time: 0.025, data_time: 0.001, memory: 314, loss_pix: 0.0239, loss: 0.0239
2025-06-18 01:20:06,569 - mmedit - INFO - Iter [150/20000]	lr_generator: 1.990e-04, eta: 0:08:52, time: 0.025, data_time: 0.001, memory: 314, loss_pix: 0.0195, loss: 0.0195
2025-06-18 01:20:07,850 - mmedit - INFO - Iter [200/20000]	lr_generator: 1.987e-04, eta: 0:08:45, time: 0.026, data_time: 0.001, memory: 314, loss_pix: 0.0171, loss: 0.0171
2025-06-18 01:20:09,110 - mmedit - INFO - Iter [250/20000]	lr_generator: 1.983e-04, eta: 0:08:38, time: 0.025, data_time: 0.001, memory: 314, loss_pix: 0.0170, loss: 0.0170
2025-06-18 01:20:10,377 - mmedit - INFO - Iter [300/20000]	lr_generator: 1.980e-04, eta: 0:08:34, time: 0.025, data_time: 0.001, memory: 314, loss_pix: 0.0179, loss: 0.0179
2025-06-18 01:20:11,629 - mmedit - INFO - Iter [350/20000]	lr_generator: 1.976e-04, eta: 0:08:29, time: 0.025, data_time: 0.001, memory: 314, loss_pix: 0.0144, loss: 0.0144
2025-06-18 01:20:12,928 - mmedit - INFO - Iter [400/20000]	lr_generator: 1.973e-04, eta: 0:08:28, time: 0.026, data_time: 0.001, memory: 314, loss_pix: 0.0164, loss: 0.0164
2025-06-18 01:20:14,183 - mmedit - INFO - Iter [450/20000]	lr_generator: 1.970e-04, eta: 0:08:25, time: 0.025, data_time: 0.001, memory: 314, loss_pix: 0.0131, loss: 0.0131
2025-06-18 01:20:15,434 - mmedit - INFO - Iter [500/20000]	lr_generator: 1.966e-04, eta: 0:08:22, time: 0.025, data_time: 0.001, memory: 314, loss_pix: 0.0142, loss: 0.0142
2025-06-18 01:20:16,726 - mmedit - INFO - Iter [550/20000]	lr_generator: 1.963e-04, eta: 0:08:21, time: 0.026, data_time: 0.001, memory: 314, loss_pix: 0.0136, loss: 0.0136
2025-06-18 01:20:18,015 - mmedit - INFO - Iter [600/20000]	lr_generator: 1.960e-04, eta: 0:08:20, time: 0.026, data_time: 0.001, memory: 314, loss_pix: 0.0113, loss: 0.0113
2025-06-18 01:20:19,288 - mmedit - INFO - Iter [650/20000]	lr_generator: 1.956e-04, eta: 0:08:18, time: 0.025, data_time: 0.001, memory: 314, loss_pix: 0.0129, loss: 0.0129
2025-06-18 01:20:20,586 - mmedit - INFO - Iter [700/20000]	lr_generator: 1.953e-04, eta: 0:08:17, time: 0.026, data_time: 0.001, memory: 314, loss_pix: 0.0130, loss: 0.0130
2025-06-18 01:20:21,854 - mmedit - INFO - Iter [750/20000]	lr_generator: 1.949e-04, eta: 0:08:15, time: 0.025, data_time: 0.001, memory: 314, loss_pix: 0.0128, loss: 0.0128
2025-06-18 01:20:23,155 - mmedit - INFO - Iter [800/20000]	lr_generator: 1.946e-04, eta: 0:08:14, time: 0.026, data_time: 0.001, memory: 314, loss_pix: 0.0123, loss: 0.0123
2025-06-18 01:20:24,427 - mmedit - INFO - Iter [850/20000]	lr_generator: 1.943e-04, eta: 0:08:12, time: 0.025, data_time: 0.001, memory: 314, loss_pix: 0.0133, loss: 0.0133
2025-06-18 01:20:25,682 - mmedit - INFO - Iter [900/20000]	lr_generator: 1.939e-04, eta: 0:08:10, time: 0.025, data_time: 0.001, memory: 314, loss_pix: 0.0121, loss: 0.0121
2025-06-18 01:20:26,915 - mmedit - INFO - Iter [950/20000]	lr_generator: 1.936e-04, eta: 0:08:08, time: 0.025, data_time: 0.001, memory: 314, loss_pix: 0.0146, loss: 0.0146
2025-06-18 01:20:31,883 - mmedit - INFO - Exp name: rcan2x
2025-06-18 01:20:31,883 - mmedit - INFO - Iter(val) [1000]	PSNR: 37.5885, SSIM: 0.9390
2025-06-18 01:20:31,884 - mmedit - INFO - Exp name: rcan2x
2025-06-18 01:20:31,884 - mmedit - INFO - Iter(val) [1000]	
2025-06-18 01:20:33,096 - mmedit - INFO - Iter [1050/20000]	lr_generator: 1.929e-04, eta: 0:08:48, time: 0.099, data_time: 0.075, memory: 771, loss_pix: 0.0112, loss: 0.0112
2025-06-18 01:20:34,325 - mmedit - INFO - Iter [1100/20000]	lr_generator: 1.926e-04, eta: 0:08:44, time: 0.025, data_time: 0.001, memory: 771, loss_pix: 0.0116, loss: 0.0116
2025-06-18 01:20:35,603 - mmedit - INFO - Iter [1150/20000]	lr_generator: 1.922e-04, eta: 0:08:41, time: 0.026, data_time: 0.001, memory: 771, loss_pix: 0.0114, loss: 0.0114
2025-06-18 01:20:36,848 - mmedit - INFO - Iter [1200/20000]	lr_generator: 1.919e-04, eta: 0:08:37, time: 0.025, data_time: 0.001, memory: 771, loss_pix: 0.0118, loss: 0.0118
2025-06-18 01:20:38,112 - mmedit - INFO - Iter [1250/20000]	lr_generator: 1.915e-04, eta: 0:08:34, time: 0.025, data_time: 0.001, memory: 771, loss_pix: 0.0104, loss: 0.0104
2025-06-18 01:20:39,354 - mmedit - INFO - Iter [1300/20000]	lr_generator: 1.912e-04, eta: 0:08:31, time: 0.025, data_time: 0.001, memory: 771, loss_pix: 0.0113, loss: 0.0113
2025-06-18 01:20:40,591 - mmedit - INFO - Iter [1350/20000]	lr_generator: 1.909e-04, eta: 0:08:28, time: 0.025, data_time: 0.001, memory: 771, loss_pix: 0.0098, loss: 0.0098
2025-06-18 01:20:41,848 - mmedit - INFO - Iter [1400/20000]	lr_generator: 1.905e-04, eta: 0:08:25, time: 0.025, data_time: 0.001, memory: 771, loss_pix: 0.0095, loss: 0.0095
2025-06-18 01:20:43,079 - mmedit - INFO - Iter [1450/20000]	lr_generator: 1.902e-04, eta: 0:08:22, time: 0.025, data_time: 0.001, memory: 771, loss_pix: 0.0100, loss: 0.0100
2025-06-18 01:20:44,337 - mmedit - INFO - Iter [1500/20000]	lr_generator: 1.898e-04, eta: 0:08:19, time: 0.025, data_time: 0.001, memory: 771, loss_pix: 0.0110, loss: 0.0110
2025-06-18 01:20:45,743 - mmedit - INFO - Iter [1550/20000]	lr_generator: 1.895e-04, eta: 0:08:19, time: 0.028, data_time: 0.001, memory: 771, loss_pix: 0.0119, loss: 0.0119
2025-06-18 01:20:47,011 - mmedit - INFO - Iter [1600/20000]	lr_generator: 1.892e-04, eta: 0:08:16, time: 0.025, data_time: 0.001, memory: 771, loss_pix: 0.0101, loss: 0.0101
2025-06-18 01:20:48,302 - mmedit - INFO - Iter [1650/20000]	lr_generator: 1.888e-04, eta: 0:08:14, time: 0.026, data_time: 0.001, memory: 771, loss_pix: 0.0100, loss: 0.0100
2025-06-18 01:20:49,555 - mmedit - INFO - Iter [1700/20000]	lr_generator: 1.885e-04, eta: 0:08:12, time: 0.025, data_time: 0.001, memory: 771, loss_pix: 0.0108, loss: 0.0108
2025-06-18 01:20:50,834 - mmedit - INFO - Iter [1750/20000]	lr_generator: 1.881e-04, eta: 0:08:10, time: 0.026, data_time: 0.001, memory: 771, loss_pix: 0.0095, loss: 0.0095
2025-06-18 01:20:52,078 - mmedit - INFO - Iter [1800/20000]	lr_generator: 1.878e-04, eta: 0:08:08, time: 0.025, data_time: 0.001, memory: 771, loss_pix: 0.0107, loss: 0.0107
2025-06-18 01:20:53,345 - mmedit - INFO - Iter [1850/20000]	lr_generator: 1.875e-04, eta: 0:08:06, time: 0.025, data_time: 0.001, memory: 771, loss_pix: 0.0095, loss: 0.0095
2025-06-18 01:20:54,625 - mmedit - INFO - Iter [1900/20000]	lr_generator: 1.871e-04, eta: 0:08:04, time: 0.026, data_time: 0.001, memory: 771, loss_pix: 62.9894, loss: 62.9894
2025-06-18 01:20:55,924 - mmedit - INFO - Iter [1950/20000]	lr_generator: 1.868e-04, eta: 0:08:02, time: 0.026, data_time: 0.001, memory: 771, loss_pix: 0.1082, loss: 0.1082
2025-06-18 01:21:00,842 - mmedit - INFO - Exp name: rcan2x
2025-06-18 01:21:00,842 - mmedit - INFO - Iter(val) [2000]	PSNR: 27.1869, SSIM: 0.7684
2025-06-18 01:21:00,842 - mmedit - INFO - Exp name: rcan2x
2025-06-18 01:21:00,842 - mmedit - INFO - Iter(val) [2000]	
2025-06-18 01:21:02,140 - mmedit - INFO - Iter [2050/20000]	lr_generator: 1.861e-04, eta: 0:08:19, time: 0.098, data_time: 0.073, memory: 771, loss_pix: 0.0396, loss: 0.0396
2025-06-18 01:21:03,471 - mmedit - INFO - Iter [2100/20000]	lr_generator: 1.858e-04, eta: 0:08:17, time: 0.027, data_time: 0.001, memory: 771, loss_pix: 0.0339, loss: 0.0339
2025-06-18 01:21:04,780 - mmedit - INFO - Iter [2150/20000]	lr_generator: 1.854e-04, eta: 0:08:15, time: 0.026, data_time: 0.001, memory: 771, loss_pix: 0.0277, loss: 0.0277
2025-06-18 01:21:06,072 - mmedit - INFO - Iter [2200/20000]	lr_generator: 1.851e-04, eta: 0:08:13, time: 0.026, data_time: 0.001, memory: 771, loss_pix: 0.0280, loss: 0.0280
2025-06-18 01:21:07,359 - mmedit - INFO - Iter [2250/20000]	lr_generator: 1.847e-04, eta: 0:08:10, time: 0.026, data_time: 0.001, memory: 771, loss_pix: 0.0249, loss: 0.0249
2025-06-18 01:21:08,639 - mmedit - INFO - Iter [2300/20000]	lr_generator: 1.844e-04, eta: 0:08:08, time: 0.026, data_time: 0.001, memory: 771, loss_pix: 0.0233, loss: 0.0233
2025-06-18 01:21:09,895 - mmedit - INFO - Iter [2350/20000]	lr_generator: 1.840e-04, eta: 0:08:06, time: 0.025, data_time: 0.001, memory: 771, loss_pix: 0.0214, loss: 0.0214
2025-06-18 01:21:11,173 - mmedit - INFO - Iter [2400/20000]	lr_generator: 1.837e-04, eta: 0:08:04, time: 0.026, data_time: 0.001, memory: 771, loss_pix: 0.0196, loss: 0.0196
2025-06-18 01:21:12,419 - mmedit - INFO - Iter [2450/20000]	lr_generator: 1.834e-04, eta: 0:08:02, time: 0.025, data_time: 0.001, memory: 771, loss_pix: 0.0174, loss: 0.0174
2025-06-18 01:21:13,704 - mmedit - INFO - Iter [2500/20000]	lr_generator: 1.830e-04, eta: 0:08:00, time: 0.026, data_time: 0.001, memory: 771, loss_pix: 0.0183, loss: 0.0183
2025-06-18 01:21:14,969 - mmedit - INFO - Iter [2550/20000]	lr_generator: 1.827e-04, eta: 0:07:57, time: 0.025, data_time: 0.001, memory: 771, loss_pix: 0.0167, loss: 0.0167
2025-06-18 01:21:16,195 - mmedit - INFO - Iter [2600/20000]	lr_generator: 1.823e-04, eta: 0:07:55, time: 0.025, data_time: 0.001, memory: 771, loss_pix: 0.0162, loss: 0.0162
2025-06-18 01:21:17,443 - mmedit - INFO - Iter [2650/20000]	lr_generator: 1.820e-04, eta: 0:07:53, time: 0.025, data_time: 0.001, memory: 771, loss_pix: 0.0154, loss: 0.0154
2025-06-18 01:21:18,585 - mmedit - INFO - Iter [2700/20000]	lr_generator: 1.817e-04, eta: 0:07:50, time: 0.023, data_time: 0.001, memory: 771, loss_pix: 0.0155, loss: 0.0155
2025-06-18 01:21:19,715 - mmedit - INFO - Iter [2750/20000]	lr_generator: 1.813e-04, eta: 0:07:47, time: 0.023, data_time: 0.001, memory: 771, loss_pix: 0.0149, loss: 0.0149
2025-06-18 01:21:20,988 - mmedit - INFO - Iter [2800/20000]	lr_generator: 1.810e-04, eta: 0:07:46, time: 0.025, data_time: 0.001, memory: 771, loss_pix: 0.0150, loss: 0.0150
2025-06-18 01:21:22,231 - mmedit - INFO - Iter [2850/20000]	lr_generator: 1.806e-04, eta: 0:07:43, time: 0.025, data_time: 0.001, memory: 771, loss_pix: 0.0137, loss: 0.0137
2025-06-18 01:21:23,378 - mmedit - INFO - Iter [2900/20000]	lr_generator: 1.803e-04, eta: 0:07:41, time: 0.023, data_time: 0.001, memory: 771, loss_pix: 0.0128, loss: 0.0128
2025-06-18 01:21:24,536 - mmedit - INFO - Iter [2950/20000]	lr_generator: 1.799e-04, eta: 0:07:38, time: 0.023, data_time: 0.001, memory: 771, loss_pix: 0.0126, loss: 0.0126
2025-06-18 01:21:29,262 - mmedit - INFO - Exp name: rcan2x
2025-06-18 01:21:29,262 - mmedit - INFO - Iter(val) [3000]	PSNR: 37.8449, SSIM: 0.9583
2025-06-18 01:21:29,262 - mmedit - INFO - Exp name: rcan2x
2025-06-18 01:21:29,263 - mmedit - INFO - Iter(val) [3000]	
2025-06-18 01:21:30,419 - mmedit - INFO - Iter [3050/20000]	lr_generator: 1.793e-04, eta: 0:07:47, time: 0.093, data_time: 0.071, memory: 771, loss_pix: 0.0122, loss: 0.0122
2025-06-18 01:21:31,545 - mmedit - INFO - Iter [3100/20000]	lr_generator: 1.789e-04, eta: 0:07:44, time: 0.023, data_time: 0.001, memory: 771, loss_pix: 0.0116, loss: 0.0116
2025-06-18 01:21:32,774 - mmedit - INFO - Iter [3150/20000]	lr_generator: 1.786e-04, eta: 0:07:42, time: 0.025, data_time: 0.001, memory: 771, loss_pix: 0.0121, loss: 0.0121
2025-06-18 01:21:34,023 - mmedit - INFO - Iter [3200/20000]	lr_generator: 1.782e-04, eta: 0:07:40, time: 0.025, data_time: 0.001, memory: 771, loss_pix: 0.0111, loss: 0.0111
2025-06-18 01:21:35,254 - mmedit - INFO - Iter [3250/20000]	lr_generator: 1.779e-04, eta: 0:07:38, time: 0.025, data_time: 0.001, memory: 771, loss_pix: 0.0132, loss: 0.0132
2025-06-18 01:21:36,485 - mmedit - INFO - Iter [3300/20000]	lr_generator: 1.775e-04, eta: 0:07:36, time: 0.025, data_time: 0.001, memory: 771, loss_pix: 0.0108, loss: 0.0108
2025-06-18 01:21:37,703 - mmedit - INFO - Iter [3350/20000]	lr_generator: 1.772e-04, eta: 0:07:34, time: 0.024, data_time: 0.001, memory: 771, loss_pix: 0.0114, loss: 0.0114
2025-06-18 01:21:38,871 - mmedit - INFO - Iter [3400/20000]	lr_generator: 1.768e-04, eta: 0:07:31, time: 0.023, data_time: 0.001, memory: 771, loss_pix: 0.0124, loss: 0.0124
2025-06-18 01:21:40,120 - mmedit - INFO - Iter [3450/20000]	lr_generator: 1.765e-04, eta: 0:07:29, time: 0.025, data_time: 0.001, memory: 771, loss_pix: 0.0113, loss: 0.0113
2025-06-18 01:21:41,351 - mmedit - INFO - Iter [3500/20000]	lr_generator: 1.762e-04, eta: 0:07:27, time: 0.025, data_time: 0.001, memory: 771, loss_pix: 0.0103, loss: 0.0103
2025-06-18 01:21:42,610 - mmedit - INFO - Iter [3550/20000]	lr_generator: 1.758e-04, eta: 0:07:26, time: 0.025, data_time: 0.001, memory: 771, loss_pix: 0.0099, loss: 0.0099
2025-06-18 01:21:43,860 - mmedit - INFO - Iter [3600/20000]	lr_generator: 1.755e-04, eta: 0:07:24, time: 0.025, data_time: 0.001, memory: 771, loss_pix: 0.0107, loss: 0.0107
2025-06-18 01:21:45,135 - mmedit - INFO - Iter [3650/20000]	lr_generator: 1.751e-04, eta: 0:07:22, time: 0.025, data_time: 0.001, memory: 771, loss_pix: 0.0106, loss: 0.0106
2025-06-18 01:21:46,391 - mmedit - INFO - Iter [3700/20000]	lr_generator: 1.748e-04, eta: 0:07:20, time: 0.025, data_time: 0.001, memory: 771, loss_pix: 0.0100, loss: 0.0100
2025-06-18 01:21:47,666 - mmedit - INFO - Iter [3750/20000]	lr_generator: 1.744e-04, eta: 0:07:19, time: 0.025, data_time: 0.001, memory: 771, loss_pix: 0.0100, loss: 0.0100
2025-06-18 01:21:48,949 - mmedit - INFO - Iter [3800/20000]	lr_generator: 1.741e-04, eta: 0:07:17, time: 0.026, data_time: 0.001, memory: 771, loss_pix: 0.0092, loss: 0.0092
2025-06-18 01:21:50,155 - mmedit - INFO - Iter [3850/20000]	lr_generator: 1.737e-04, eta: 0:07:15, time: 0.024, data_time: 0.001, memory: 771, loss_pix: 0.0101, loss: 0.0101
2025-06-18 01:21:51,403 - mmedit - INFO - Iter [3900/20000]	lr_generator: 1.734e-04, eta: 0:07:13, time: 0.025, data_time: 0.001, memory: 771, loss_pix: 0.0101, loss: 0.0101
2025-06-18 01:21:52,660 - mmedit - INFO - Iter [3950/20000]	lr_generator: 1.731e-04, eta: 0:07:11, time: 0.025, data_time: 0.001, memory: 771, loss_pix: 0.0107, loss: 0.0107
2025-06-18 01:21:57,328 - mmedit - INFO - Exp name: rcan2x
2025-06-18 01:21:57,328 - mmedit - INFO - Iter(val) [4000]	PSNR: 37.6438, SSIM: 0.9385
2025-06-18 01:21:57,329 - mmedit - INFO - Exp name: rcan2x
2025-06-18 01:21:57,329 - mmedit - INFO - Iter(val) [4000]	
2025-06-18 01:21:58,560 - mmedit - INFO - Iter [4050/20000]	lr_generator: 1.724e-04, eta: 0:07:17, time: 0.093, data_time: 0.069, memory: 771, loss_pix: 0.0098, loss: 0.0098
2025-06-18 01:21:59,813 - mmedit - INFO - Iter [4100/20000]	lr_generator: 1.720e-04, eta: 0:07:15, time: 0.025, data_time: 0.001, memory: 771, loss_pix: 0.0098, loss: 0.0098
2025-06-18 01:22:01,122 - mmedit - INFO - Iter [4150/20000]	lr_generator: 1.717e-04, eta: 0:07:13, time: 0.026, data_time: 0.001, memory: 771, loss_pix: 0.0116, loss: 0.0116
2025-06-18 01:22:02,416 - mmedit - INFO - Iter [4200/20000]	lr_generator: 1.713e-04, eta: 0:07:11, time: 0.026, data_time: 0.001, memory: 771, loss_pix: 0.0092, loss: 0.0092
2025-06-18 01:22:03,702 - mmedit - INFO - Iter [4250/20000]	lr_generator: 1.710e-04, eta: 0:07:10, time: 0.026, data_time: 0.001, memory: 771, loss_pix: 0.0092, loss: 0.0092
2025-06-18 01:22:05,031 - mmedit - INFO - Iter [4300/20000]	lr_generator: 1.706e-04, eta: 0:07:08, time: 0.027, data_time: 0.001, memory: 771, loss_pix: 0.0090, loss: 0.0090
2025-06-18 01:22:06,295 - mmedit - INFO - Iter [4350/20000]	lr_generator: 1.703e-04, eta: 0:07:07, time: 0.025, data_time: 0.001, memory: 771, loss_pix: 0.0099, loss: 0.0099
2025-06-18 01:22:07,573 - mmedit - INFO - Iter [4400/20000]	lr_generator: 1.700e-04, eta: 0:07:05, time: 0.026, data_time: 0.001, memory: 771, loss_pix: 0.0100, loss: 0.0100
2025-06-18 01:22:08,863 - mmedit - INFO - Iter [4450/20000]	lr_generator: 1.696e-04, eta: 0:07:03, time: 0.026, data_time: 0.001, memory: 771, loss_pix: 0.0098, loss: 0.0098
2025-06-18 01:22:10,163 - mmedit - INFO - Iter [4500/20000]	lr_generator: 1.693e-04, eta: 0:07:02, time: 0.026, data_time: 0.001, memory: 771, loss_pix: 0.0089, loss: 0.0089
2025-06-18 01:22:11,457 - mmedit - INFO - Iter [4550/20000]	lr_generator: 1.689e-04, eta: 0:07:00, time: 0.026, data_time: 0.001, memory: 771, loss_pix: 0.0094, loss: 0.0094
2025-06-18 01:22:12,752 - mmedit - INFO - Iter [4600/20000]	lr_generator: 1.686e-04, eta: 0:06:58, time: 0.026, data_time: 0.001, memory: 771, loss_pix: 0.0096, loss: 0.0096
2025-06-18 01:22:14,058 - mmedit - INFO - Iter [4650/20000]	lr_generator: 1.682e-04, eta: 0:06:57, time: 0.026, data_time: 0.001, memory: 771, loss_pix: 0.0091, loss: 0.0091
2025-06-18 01:22:15,345 - mmedit - INFO - Iter [4700/20000]	lr_generator: 1.679e-04, eta: 0:06:55, time: 0.026, data_time: 0.001, memory: 771, loss_pix: 0.0087, loss: 0.0087
2025-06-18 01:22:16,627 - mmedit - INFO - Iter [4750/20000]	lr_generator: 1.675e-04, eta: 0:06:54, time: 0.026, data_time: 0.001, memory: 771, loss_pix: 0.0096, loss: 0.0096
2025-06-18 01:22:17,875 - mmedit - INFO - Iter [4800/20000]	lr_generator: 1.672e-04, eta: 0:06:52, time: 0.025, data_time: 0.001, memory: 771, loss_pix: 0.0103, loss: 0.0103
2025-06-18 01:22:19,101 - mmedit - INFO - Iter [4850/20000]	lr_generator: 1.668e-04, eta: 0:06:50, time: 0.025, data_time: 0.001, memory: 771, loss_pix: 0.0103, loss: 0.0103
2025-06-18 01:22:20,301 - mmedit - INFO - Iter [4900/20000]	lr_generator: 1.665e-04, eta: 0:06:48, time: 0.024, data_time: 0.001, memory: 771, loss_pix: 0.0093, loss: 0.0093
2025-06-18 01:22:21,566 - mmedit - INFO - Iter [4950/20000]	lr_generator: 1.661e-04, eta: 0:06:47, time: 0.025, data_time: 0.001, memory: 771, loss_pix: 0.0094, loss: 0.0094
2025-06-18 01:22:26,112 - mmedit - INFO - Exp name: rcan2x
2025-06-18 01:22:26,112 - mmedit - INFO - Iter(val) [5000]	PSNR: 39.5358, SSIM: 0.9648
2025-06-18 01:22:26,112 - mmedit - INFO - Exp name: rcan2x
2025-06-18 01:22:26,112 - mmedit - INFO - Iter(val) [5000]	
2025-06-18 01:22:27,238 - mmedit - INFO - Iter [5050/20000]	lr_generator: 1.654e-04, eta: 0:06:50, time: 0.092, data_time: 0.070, memory: 771, loss_pix: 0.0091, loss: 0.0091
2025-06-18 01:22:28,446 - mmedit - INFO - Iter [5100/20000]	lr_generator: 1.651e-04, eta: 0:06:48, time: 0.024, data_time: 0.001, memory: 771, loss_pix: 0.0096, loss: 0.0096
2025-06-18 01:22:29,722 - mmedit - INFO - Iter [5150/20000]	lr_generator: 1.647e-04, eta: 0:06:46, time: 0.025, data_time: 0.001, memory: 771, loss_pix: 0.0101, loss: 0.0101
2025-06-18 01:22:30,967 - mmedit - INFO - Iter [5200/20000]	lr_generator: 1.644e-04, eta: 0:06:44, time: 0.025, data_time: 0.001, memory: 771, loss_pix: 0.0087, loss: 0.0087
2025-06-18 01:22:32,156 - mmedit - INFO - Iter [5250/20000]	lr_generator: 1.641e-04, eta: 0:06:43, time: 0.024, data_time: 0.001, memory: 771, loss_pix: 0.0091, loss: 0.0091
2025-06-18 01:22:33,439 - mmedit - INFO - Iter [5300/20000]	lr_generator: 1.637e-04, eta: 0:06:41, time: 0.026, data_time: 0.001, memory: 771, loss_pix: 0.0094, loss: 0.0094
2025-06-18 01:22:34,693 - mmedit - INFO - Iter [5350/20000]	lr_generator: 1.634e-04, eta: 0:06:39, time: 0.025, data_time: 0.001, memory: 771, loss_pix: 0.0090, loss: 0.0090
2025-06-18 01:22:35,932 - mmedit - INFO - Iter [5400/20000]	lr_generator: 1.630e-04, eta: 0:06:38, time: 0.025, data_time: 0.001, memory: 771, loss_pix: 0.0102, loss: 0.0102
2025-06-18 01:22:37,197 - mmedit - INFO - Iter [5450/20000]	lr_generator: 1.627e-04, eta: 0:06:36, time: 0.025, data_time: 0.001, memory: 771, loss_pix: 0.0096, loss: 0.0096
2025-06-18 01:22:38,462 - mmedit - INFO - Iter [5500/20000]	lr_generator: 1.623e-04, eta: 0:06:34, time: 0.025, data_time: 0.001, memory: 771, loss_pix: 0.0092, loss: 0.0092
2025-06-18 01:22:39,744 - mmedit - INFO - Iter [5550/20000]	lr_generator: 1.620e-04, eta: 0:06:33, time: 0.026, data_time: 0.001, memory: 771, loss_pix: 0.0086, loss: 0.0086
2025-06-18 01:22:41,024 - mmedit - INFO - Iter [5600/20000]	lr_generator: 1.616e-04, eta: 0:06:31, time: 0.026, data_time: 0.001, memory: 771, loss_pix: 0.0089, loss: 0.0089
2025-06-18 01:22:42,250 - mmedit - INFO - Iter [5650/20000]	lr_generator: 1.613e-04, eta: 0:06:30, time: 0.025, data_time: 0.001, memory: 771, loss_pix: 0.0093, loss: 0.0093
2025-06-18 01:22:43,554 - mmedit - INFO - Iter [5700/20000]	lr_generator: 1.609e-04, eta: 0:06:28, time: 0.026, data_time: 0.001, memory: 771, loss_pix: 0.0100, loss: 0.0100
2025-06-18 01:22:44,800 - mmedit - INFO - Iter [5750/20000]	lr_generator: 1.606e-04, eta: 0:06:26, time: 0.025, data_time: 0.001, memory: 771, loss_pix: 0.0094, loss: 0.0094
2025-06-18 01:22:46,042 - mmedit - INFO - Iter [5800/20000]	lr_generator: 1.602e-04, eta: 0:06:25, time: 0.025, data_time: 0.001, memory: 771, loss_pix: 0.0092, loss: 0.0092
2025-06-18 01:22:47,297 - mmedit - INFO - Iter [5850/20000]	lr_generator: 1.599e-04, eta: 0:06:23, time: 0.025, data_time: 0.001, memory: 771, loss_pix: 0.0089, loss: 0.0089
2025-06-18 01:22:48,538 - mmedit - INFO - Iter [5900/20000]	lr_generator: 1.595e-04, eta: 0:06:21, time: 0.025, data_time: 0.001, memory: 771, loss_pix: 0.0089, loss: 0.0089
2025-06-18 01:22:49,784 - mmedit - INFO - Iter [5950/20000]	lr_generator: 1.592e-04, eta: 0:06:20, time: 0.025, data_time: 0.001, memory: 771, loss_pix: 0.0094, loss: 0.0094
2025-06-18 01:22:54,544 - mmedit - INFO - Exp name: rcan2x
2025-06-18 01:22:54,544 - mmedit - INFO - Iter(val) [6000]	PSNR: 38.3217, SSIM: 0.9484
2025-06-18 01:22:54,545 - mmedit - INFO - Exp name: rcan2x
2025-06-18 01:22:54,545 - mmedit - INFO - Iter(val) [6000]	
2025-06-18 01:22:55,732 - mmedit - INFO - Iter [6050/20000]	lr_generator: 1.585e-04, eta: 0:06:22, time: 0.093, data_time: 0.070, memory: 771, loss_pix: 0.0086, loss: 0.0086
2025-06-18 01:22:56,860 - mmedit - INFO - Iter [6100/20000]	lr_generator: 1.581e-04, eta: 0:06:20, time: 0.023, data_time: 0.001, memory: 771, loss_pix: 0.0099, loss: 0.0099
2025-06-18 01:22:58,076 - mmedit - INFO - Iter [6150/20000]	lr_generator: 1.578e-04, eta: 0:06:18, time: 0.024, data_time: 0.001, memory: 771, loss_pix: 0.0088, loss: 0.0088
2025-06-18 01:22:59,198 - mmedit - INFO - Iter [6200/20000]	lr_generator: 1.574e-04, eta: 0:06:16, time: 0.022, data_time: 0.001, memory: 771, loss_pix: 0.0088, loss: 0.0088
2025-06-18 01:23:00,295 - mmedit - INFO - Iter [6250/20000]	lr_generator: 1.571e-04, eta: 0:06:14, time: 0.022, data_time: 0.001, memory: 771, loss_pix: 0.0100, loss: 0.0100
2025-06-18 01:23:01,423 - mmedit - INFO - Iter [6300/20000]	lr_generator: 1.567e-04, eta: 0:06:12, time: 0.023, data_time: 0.001, memory: 771, loss_pix: 0.0093, loss: 0.0093
2025-06-18 01:23:02,677 - mmedit - INFO - Iter [6350/20000]	lr_generator: 1.564e-04, eta: 0:06:11, time: 0.025, data_time: 0.001, memory: 771, loss_pix: 0.0094, loss: 0.0094
2025-06-18 01:23:03,955 - mmedit - INFO - Iter [6400/20000]	lr_generator: 1.560e-04, eta: 0:06:09, time: 0.026, data_time: 0.001, memory: 771, loss_pix: 0.0122, loss: 0.0122
2025-06-18 01:23:05,236 - mmedit - INFO - Iter [6450/20000]	lr_generator: 1.557e-04, eta: 0:06:08, time: 0.026, data_time: 0.001, memory: 771, loss_pix: 0.0105, loss: 0.0105
2025-06-18 01:23:06,531 - mmedit - INFO - Iter [6500/20000]	lr_generator: 1.553e-04, eta: 0:06:06, time: 0.026, data_time: 0.001, memory: 771, loss_pix: 0.0091, loss: 0.0091
2025-06-18 01:23:07,767 - mmedit - INFO - Iter [6550/20000]	lr_generator: 1.550e-04, eta: 0:06:05, time: 0.025, data_time: 0.001, memory: 771, loss_pix: 0.0091, loss: 0.0091
2025-06-18 01:23:08,974 - mmedit - INFO - Iter [6600/20000]	lr_generator: 1.546e-04, eta: 0:06:03, time: 0.024, data_time: 0.001, memory: 771, loss_pix: 0.0084, loss: 0.0084
2025-06-18 01:23:10,217 - mmedit - INFO - Iter [6650/20000]	lr_generator: 1.543e-04, eta: 0:06:01, time: 0.025, data_time: 0.001, memory: 771, loss_pix: 0.0091, loss: 0.0091
2025-06-18 01:23:11,363 - mmedit - INFO - Iter [6700/20000]	lr_generator: 1.539e-04, eta: 0:06:00, time: 0.023, data_time: 0.001, memory: 771, loss_pix: 0.0093, loss: 0.0093
2025-06-18 01:23:12,511 - mmedit - INFO - Iter [6750/20000]	lr_generator: 1.536e-04, eta: 0:05:58, time: 0.023, data_time: 0.001, memory: 771, loss_pix: 0.0094, loss: 0.0094
2025-06-18 01:23:13,747 - mmedit - INFO - Iter [6800/20000]	lr_generator: 1.532e-04, eta: 0:05:56, time: 0.025, data_time: 0.001, memory: 771, loss_pix: 0.0093, loss: 0.0093
2025-06-18 01:23:15,007 - mmedit - INFO - Iter [6850/20000]	lr_generator: 1.529e-04, eta: 0:05:55, time: 0.025, data_time: 0.001, memory: 771, loss_pix: 0.0101, loss: 0.0101
2025-06-18 01:23:16,225 - mmedit - INFO - Iter [6900/20000]	lr_generator: 1.525e-04, eta: 0:05:53, time: 0.024, data_time: 0.001, memory: 771, loss_pix: 0.0091, loss: 0.0091
2025-06-18 01:23:17,383 - mmedit - INFO - Iter [6950/20000]	lr_generator: 1.522e-04, eta: 0:05:51, time: 0.023, data_time: 0.001, memory: 771, loss_pix: 0.0087, loss: 0.0087
2025-06-18 01:23:22,199 - mmedit - INFO - Exp name: rcan2x
2025-06-18 01:23:22,199 - mmedit - INFO - Iter(val) [7000]	PSNR: 38.6634, SSIM: 0.9643
2025-06-18 01:23:22,200 - mmedit - INFO - Exp name: rcan2x
2025-06-18 01:23:22,200 - mmedit - INFO - Iter(val) [7000]	
2025-06-18 01:23:23,408 - mmedit - INFO - Iter [7050/20000]	lr_generator: 1.514e-04, eta: 0:05:52, time: 0.095, data_time: 0.071, memory: 771, loss_pix: 0.0100, loss: 0.0100
2025-06-18 01:23:24,679 - mmedit - INFO - Iter [7100/20000]	lr_generator: 1.511e-04, eta: 0:05:51, time: 0.025, data_time: 0.001, memory: 771, loss_pix: 0.0095, loss: 0.0095
2025-06-18 01:23:25,923 - mmedit - INFO - Iter [7150/20000]	lr_generator: 1.507e-04, eta: 0:05:49, time: 0.025, data_time: 0.001, memory: 771, loss_pix: 0.0092, loss: 0.0092
2025-06-18 01:23:27,185 - mmedit - INFO - Iter [7200/20000]	lr_generator: 1.504e-04, eta: 0:05:48, time: 0.025, data_time: 0.001, memory: 771, loss_pix: 0.0088, loss: 0.0088
2025-06-18 01:23:28,428 - mmedit - INFO - Iter [7250/20000]	lr_generator: 1.500e-04, eta: 0:05:46, time: 0.025, data_time: 0.001, memory: 771, loss_pix: 0.0091, loss: 0.0091
2025-06-18 01:23:29,688 - mmedit - INFO - Iter [7300/20000]	lr_generator: 1.497e-04, eta: 0:05:45, time: 0.025, data_time: 0.001, memory: 771, loss_pix: 0.0086, loss: 0.0086
2025-06-18 01:23:30,941 - mmedit - INFO - Iter [7350/20000]	lr_generator: 1.493e-04, eta: 0:05:43, time: 0.025, data_time: 0.001, memory: 771, loss_pix: 0.0095, loss: 0.0095
2025-06-18 01:23:32,223 - mmedit - INFO - Iter [7400/20000]	lr_generator: 1.490e-04, eta: 0:05:42, time: 0.026, data_time: 0.001, memory: 771, loss_pix: 0.0637, loss: 0.0637
2025-06-18 01:23:33,507 - mmedit - INFO - Iter [7450/20000]	lr_generator: 1.486e-04, eta: 0:05:40, time: 0.026, data_time: 0.001, memory: 771, loss_pix: 0.0095, loss: 0.0095
2025-06-18 01:23:34,748 - mmedit - INFO - Iter [7500/20000]	lr_generator: 1.483e-04, eta: 0:05:39, time: 0.025, data_time: 0.001, memory: 771, loss_pix: 0.0100, loss: 0.0100
2025-06-18 01:23:35,992 - mmedit - INFO - Iter [7550/20000]	lr_generator: 1.479e-04, eta: 0:05:37, time: 0.025, data_time: 0.001, memory: 771, loss_pix: 0.0091, loss: 0.0091
2025-06-18 01:23:37,241 - mmedit - INFO - Iter [7600/20000]	lr_generator: 1.476e-04, eta: 0:05:36, time: 0.025, data_time: 0.001, memory: 771, loss_pix: 0.0093, loss: 0.0093
2025-06-18 01:23:38,527 - mmedit - INFO - Iter [7650/20000]	lr_generator: 1.472e-04, eta: 0:05:34, time: 0.026, data_time: 0.001, memory: 771, loss_pix: 0.0087, loss: 0.0087
2025-06-18 01:23:39,787 - mmedit - INFO - Iter [7700/20000]	lr_generator: 1.469e-04, eta: 0:05:33, time: 0.025, data_time: 0.001, memory: 771, loss_pix: 0.0090, loss: 0.0090
2025-06-18 01:23:41,039 - mmedit - INFO - Iter [7750/20000]	lr_generator: 1.465e-04, eta: 0:05:31, time: 0.025, data_time: 0.001, memory: 771, loss_pix: 0.0083, loss: 0.0083
2025-06-18 01:23:42,284 - mmedit - INFO - Iter [7800/20000]	lr_generator: 1.461e-04, eta: 0:05:30, time: 0.025, data_time: 0.001, memory: 771, loss_pix: 0.0091, loss: 0.0091
2025-06-18 01:23:43,547 - mmedit - INFO - Iter [7850/20000]	lr_generator: 1.458e-04, eta: 0:05:28, time: 0.025, data_time: 0.001, memory: 771, loss_pix: 0.0091, loss: 0.0091
2025-06-18 01:23:44,795 - mmedit - INFO - Iter [7900/20000]	lr_generator: 1.454e-04, eta: 0:05:27, time: 0.025, data_time: 0.001, memory: 771, loss_pix: 0.0085, loss: 0.0085
2025-06-18 01:23:46,045 - mmedit - INFO - Iter [7950/20000]	lr_generator: 1.451e-04, eta: 0:05:25, time: 0.025, data_time: 0.001, memory: 771, loss_pix: 0.0089, loss: 0.0089
2025-06-18 01:23:50,873 - mmedit - INFO - Exp name: rcan2x
2025-06-18 01:23:50,873 - mmedit - INFO - Iter(val) [8000]	PSNR: 39.1763, SSIM: 0.9649
2025-06-18 01:23:50,873 - mmedit - INFO - Exp name: rcan2x
2025-06-18 01:23:50,873 - mmedit - INFO - Iter(val) [8000]	
2025-06-18 01:23:52,129 - mmedit - INFO - Iter [8050/20000]	lr_generator: 1.444e-04, eta: 0:05:25, time: 0.096, data_time: 0.072, memory: 771, loss_pix: 0.0096, loss: 0.0096
2025-06-18 01:23:53,375 - mmedit - INFO - Iter [8100/20000]	lr_generator: 1.440e-04, eta: 0:05:24, time: 0.025, data_time: 0.001, memory: 771, loss_pix: 0.0093, loss: 0.0093
2025-06-18 01:23:54,622 - mmedit - INFO - Iter [8150/20000]	lr_generator: 1.437e-04, eta: 0:05:22, time: 0.025, data_time: 0.001, memory: 771, loss_pix: 0.0086, loss: 0.0086
2025-06-18 01:23:55,872 - mmedit - INFO - Iter [8200/20000]	lr_generator: 1.433e-04, eta: 0:05:21, time: 0.025, data_time: 0.001, memory: 771, loss_pix: 0.0088, loss: 0.0088
2025-06-18 01:23:57,135 - mmedit - INFO - Iter [8250/20000]	lr_generator: 1.429e-04, eta: 0:05:19, time: 0.025, data_time: 0.001, memory: 771, loss_pix: 0.0092, loss: 0.0092
2025-06-18 01:23:58,399 - mmedit - INFO - Iter [8300/20000]	lr_generator: 1.426e-04, eta: 0:05:18, time: 0.025, data_time: 0.001, memory: 771, loss_pix: 0.0085, loss: 0.0085
2025-06-18 01:23:59,668 - mmedit - INFO - Iter [8350/20000]	lr_generator: 1.422e-04, eta: 0:05:16, time: 0.025, data_time: 0.001, memory: 771, loss_pix: 0.0086, loss: 0.0086
2025-06-18 01:24:00,926 - mmedit - INFO - Iter [8400/20000]	lr_generator: 1.419e-04, eta: 0:05:15, time: 0.025, data_time: 0.001, memory: 771, loss_pix: 0.0093, loss: 0.0093
2025-06-18 01:24:02,182 - mmedit - INFO - Iter [8450/20000]	lr_generator: 1.415e-04, eta: 0:05:13, time: 0.025, data_time: 0.001, memory: 771, loss_pix: 0.0089, loss: 0.0089
2025-06-18 01:24:03,432 - mmedit - INFO - Iter [8500/20000]	lr_generator: 1.412e-04, eta: 0:05:12, time: 0.025, data_time: 0.001, memory: 771, loss_pix: 0.0096, loss: 0.0096
2025-06-18 01:24:04,697 - mmedit - INFO - Iter [8550/20000]	lr_generator: 1.408e-04, eta: 0:05:10, time: 0.025, data_time: 0.001, memory: 771, loss_pix: 0.0094, loss: 0.0094
2025-06-18 01:24:05,963 - mmedit - INFO - Iter [8600/20000]	lr_generator: 1.405e-04, eta: 0:05:09, time: 0.025, data_time: 0.001, memory: 771, loss_pix: 0.0086, loss: 0.0086
2025-06-18 01:24:07,201 - mmedit - INFO - Iter [8650/20000]	lr_generator: 1.401e-04, eta: 0:05:07, time: 0.025, data_time: 0.001, memory: 771, loss_pix: 0.0096, loss: 0.0096
2025-06-18 01:24:08,437 - mmedit - INFO - Iter [8700/20000]	lr_generator: 1.397e-04, eta: 0:05:06, time: 0.025, data_time: 0.001, memory: 771, loss_pix: 0.0087, loss: 0.0087
2025-06-18 01:24:09,680 - mmedit - INFO - Iter [8750/20000]	lr_generator: 1.394e-04, eta: 0:05:04, time: 0.025, data_time: 0.001, memory: 771, loss_pix: 0.0099, loss: 0.0099
2025-06-18 01:24:10,906 - mmedit - INFO - Iter [8800/20000]	lr_generator: 1.390e-04, eta: 0:05:03, time: 0.025, data_time: 0.001, memory: 771, loss_pix: 0.0093, loss: 0.0093
2025-06-18 01:24:12,113 - mmedit - INFO - Iter [8850/20000]	lr_generator: 1.387e-04, eta: 0:05:01, time: 0.024, data_time: 0.001, memory: 771, loss_pix: 0.0088, loss: 0.0088
2025-06-18 01:24:13,309 - mmedit - INFO - Iter [8900/20000]	lr_generator: 1.383e-04, eta: 0:05:00, time: 0.024, data_time: 0.001, memory: 771, loss_pix: 0.0086, loss: 0.0086
2025-06-18 01:24:14,497 - mmedit - INFO - Iter [8950/20000]	lr_generator: 1.379e-04, eta: 0:04:58, time: 0.024, data_time: 0.001, memory: 771, loss_pix: 0.0089, loss: 0.0089
2025-06-18 01:24:19,208 - mmedit - INFO - Exp name: rcan2x
2025-06-18 01:24:19,208 - mmedit - INFO - Iter(val) [9000]	PSNR: 39.8717, SSIM: 0.9653
2025-06-18 01:24:19,209 - mmedit - INFO - Exp name: rcan2x
2025-06-18 01:24:19,209 - mmedit - INFO - Iter(val) [9000]	
2025-06-18 01:24:20,433 - mmedit - INFO - Iter [9050/20000]	lr_generator: 1.372e-04, eta: 0:04:58, time: 0.095, data_time: 0.071, memory: 771, loss_pix: 0.0087, loss: 0.0087
2025-06-18 01:24:21,668 - mmedit - INFO - Iter [9100/20000]	lr_generator: 1.369e-04, eta: 0:04:56, time: 0.025, data_time: 0.001, memory: 771, loss_pix: 0.0086, loss: 0.0086
2025-06-18 01:24:22,903 - mmedit - INFO - Iter [9150/20000]	lr_generator: 1.365e-04, eta: 0:04:55, time: 0.025, data_time: 0.001, memory: 771, loss_pix: 0.0090, loss: 0.0090
2025-06-18 01:24:24,150 - mmedit - INFO - Iter [9200/20000]	lr_generator: 1.362e-04, eta: 0:04:53, time: 0.025, data_time: 0.001, memory: 771, loss_pix: 0.4037, loss: 0.4037
2025-06-18 01:24:25,459 - mmedit - INFO - Iter [9250/20000]	lr_generator: 1.358e-04, eta: 0:04:52, time: 0.026, data_time: 0.001, memory: 771, loss_pix: 0.0189, loss: 0.0189
2025-06-18 01:24:26,706 - mmedit - INFO - Iter [9300/20000]	lr_generator: 1.354e-04, eta: 0:04:51, time: 0.025, data_time: 0.001, memory: 771, loss_pix: 0.0110, loss: 0.0110
2025-06-18 01:24:27,958 - mmedit - INFO - Iter [9350/20000]	lr_generator: 1.351e-04, eta: 0:04:49, time: 0.025, data_time: 0.001, memory: 771, loss_pix: 0.0096, loss: 0.0096
2025-06-18 01:24:29,200 - mmedit - INFO - Iter [9400/20000]	lr_generator: 1.347e-04, eta: 0:04:48, time: 0.025, data_time: 0.001, memory: 771, loss_pix: 0.0095, loss: 0.0095
2025-06-18 01:24:30,450 - mmedit - INFO - Iter [9450/20000]	lr_generator: 1.344e-04, eta: 0:04:46, time: 0.025, data_time: 0.001, memory: 771, loss_pix: 0.0094, loss: 0.0094
2025-06-18 01:24:31,670 - mmedit - INFO - Iter [9500/20000]	lr_generator: 1.340e-04, eta: 0:04:45, time: 0.024, data_time: 0.001, memory: 771, loss_pix: 0.0085, loss: 0.0085
2025-06-18 01:24:32,922 - mmedit - INFO - Iter [9550/20000]	lr_generator: 1.336e-04, eta: 0:04:43, time: 0.025, data_time: 0.001, memory: 771, loss_pix: 0.0103, loss: 0.0103
2025-06-18 01:24:34,244 - mmedit - INFO - Iter [9600/20000]	lr_generator: 1.333e-04, eta: 0:04:42, time: 0.026, data_time: 0.001, memory: 771, loss_pix: 0.0099, loss: 0.0099
2025-06-18 01:24:35,487 - mmedit - INFO - Iter [9650/20000]	lr_generator: 1.329e-04, eta: 0:04:40, time: 0.025, data_time: 0.001, memory: 771, loss_pix: 0.0090, loss: 0.0090
2025-06-18 01:24:36,703 - mmedit - INFO - Iter [9700/20000]	lr_generator: 1.326e-04, eta: 0:04:39, time: 0.024, data_time: 0.001, memory: 771, loss_pix: 0.0095, loss: 0.0095
2025-06-18 01:24:37,947 - mmedit - INFO - Iter [9750/20000]	lr_generator: 1.322e-04, eta: 0:04:37, time: 0.025, data_time: 0.001, memory: 771, loss_pix: 0.0088, loss: 0.0088
2025-06-18 01:24:39,234 - mmedit - INFO - Iter [9800/20000]	lr_generator: 1.318e-04, eta: 0:04:36, time: 0.026, data_time: 0.001, memory: 771, loss_pix: 0.0097, loss: 0.0097
2025-06-18 01:24:40,536 - mmedit - INFO - Iter [9850/20000]	lr_generator: 1.315e-04, eta: 0:04:34, time: 0.026, data_time: 0.001, memory: 771, loss_pix: 0.0085, loss: 0.0085
2025-06-18 01:24:41,899 - mmedit - INFO - Iter [9900/20000]	lr_generator: 1.311e-04, eta: 0:04:33, time: 0.027, data_time: 0.001, memory: 771, loss_pix: 0.0091, loss: 0.0091
2025-06-18 01:24:43,192 - mmedit - INFO - Iter [9950/20000]	lr_generator: 1.308e-04, eta: 0:04:32, time: 0.026, data_time: 0.001, memory: 771, loss_pix: 0.0091, loss: 0.0091
2025-06-18 01:24:44,496 - mmedit - INFO - Saving checkpoint at 10000 iterations
2025-06-18 01:24:48,035 - mmedit - INFO - Exp name: rcan2x
2025-06-18 01:24:48,035 - mmedit - INFO - Iter(val) [10000]	PSNR: 39.0005, SSIM: 0.9660
2025-06-18 01:24:48,035 - mmedit - INFO - Exp name: rcan2x
2025-06-18 01:24:48,036 - mmedit - INFO - Iter(val) [10000]	
2025-06-18 01:24:49,414 - mmedit - INFO - Iter [10050/20000]	lr_generator: 1.300e-04, eta: 0:04:31, time: 0.098, data_time: 0.071, memory: 771, loss_pix: 0.0098, loss: 0.0098
2025-06-18 01:24:50,728 - mmedit - INFO - Iter [10100/20000]	lr_generator: 1.297e-04, eta: 0:04:30, time: 0.026, data_time: 0.001, memory: 771, loss_pix: 0.0089, loss: 0.0089
2025-06-18 01:24:52,105 - mmedit - INFO - Iter [10150/20000]	lr_generator: 1.293e-04, eta: 0:04:28, time: 0.028, data_time: 0.001, memory: 771, loss_pix: 0.0089, loss: 0.0089
2025-06-18 01:24:53,423 - mmedit - INFO - Iter [10200/20000]	lr_generator: 1.289e-04, eta: 0:04:27, time: 0.026, data_time: 0.001, memory: 771, loss_pix: 0.0077, loss: 0.0077
2025-06-18 01:24:54,745 - mmedit - INFO - Iter [10250/20000]	lr_generator: 1.286e-04, eta: 0:04:25, time: 0.026, data_time: 0.001, memory: 771, loss_pix: 0.0089, loss: 0.0089
2025-06-18 01:24:56,073 - mmedit - INFO - Iter [10300/20000]	lr_generator: 1.282e-04, eta: 0:04:24, time: 0.027, data_time: 0.001, memory: 771, loss_pix: 0.0091, loss: 0.0091
2025-06-18 01:24:57,428 - mmedit - INFO - Iter [10350/20000]	lr_generator: 1.279e-04, eta: 0:04:23, time: 0.027, data_time: 0.001, memory: 771, loss_pix: 0.0080, loss: 0.0080
2025-06-18 01:24:58,697 - mmedit - INFO - Iter [10400/20000]	lr_generator: 1.275e-04, eta: 0:04:21, time: 0.025, data_time: 0.001, memory: 771, loss_pix: 0.0084, loss: 0.0084
2025-06-18 01:24:59,955 - mmedit - INFO - Iter [10450/20000]	lr_generator: 1.271e-04, eta: 0:04:20, time: 0.025, data_time: 0.001, memory: 771, loss_pix: 0.0088, loss: 0.0088
2025-06-18 01:25:01,249 - mmedit - INFO - Iter [10500/20000]	lr_generator: 1.268e-04, eta: 0:04:18, time: 0.026, data_time: 0.001, memory: 771, loss_pix: 0.0092, loss: 0.0092
2025-06-18 01:25:02,496 - mmedit - INFO - Iter [10550/20000]	lr_generator: 1.264e-04, eta: 0:04:17, time: 0.025, data_time: 0.001, memory: 771, loss_pix: 0.0099, loss: 0.0099
2025-06-18 01:25:03,773 - mmedit - INFO - Iter [10600/20000]	lr_generator: 1.260e-04, eta: 0:04:15, time: 0.026, data_time: 0.001, memory: 771, loss_pix: 0.0089, loss: 0.0089
2025-06-18 01:25:05,083 - mmedit - INFO - Iter [10650/20000]	lr_generator: 1.257e-04, eta: 0:04:14, time: 0.026, data_time: 0.001, memory: 771, loss_pix: 0.0087, loss: 0.0087
2025-06-18 01:25:06,382 - mmedit - INFO - Iter [10700/20000]	lr_generator: 1.253e-04, eta: 0:04:13, time: 0.026, data_time: 0.001, memory: 771, loss_pix: 0.0090, loss: 0.0090
2025-06-18 01:25:07,650 - mmedit - INFO - Iter [10750/20000]	lr_generator: 1.249e-04, eta: 0:04:11, time: 0.025, data_time: 0.001, memory: 771, loss_pix: 0.0088, loss: 0.0088
2025-06-18 01:25:08,912 - mmedit - INFO - Iter [10800/20000]	lr_generator: 1.246e-04, eta: 0:04:10, time: 0.025, data_time: 0.001, memory: 771, loss_pix: 0.0089, loss: 0.0089
2025-06-18 01:25:10,180 - mmedit - INFO - Iter [10850/20000]	lr_generator: 1.242e-04, eta: 0:04:08, time: 0.025, data_time: 0.001, memory: 771, loss_pix: 0.0089, loss: 0.0089
2025-06-18 01:25:11,457 - mmedit - INFO - Iter [10900/20000]	lr_generator: 1.238e-04, eta: 0:04:07, time: 0.026, data_time: 0.001, memory: 771, loss_pix: 0.0095, loss: 0.0095
2025-06-18 01:25:12,691 - mmedit - INFO - Iter [10950/20000]	lr_generator: 1.235e-04, eta: 0:04:05, time: 0.025, data_time: 0.001, memory: 771, loss_pix: 0.0096, loss: 0.0096
2025-06-18 01:25:17,360 - mmedit - INFO - Exp name: rcan2x
2025-06-18 01:25:17,360 - mmedit - INFO - Iter(val) [11000]	PSNR: 39.9006, SSIM: 0.9665
2025-06-18 01:25:17,360 - mmedit - INFO - Exp name: rcan2x
2025-06-18 01:25:17,360 - mmedit - INFO - Iter(val) [11000]	
2025-06-18 01:25:18,573 - mmedit - INFO - Iter [11050/20000]	lr_generator: 1.228e-04, eta: 0:04:04, time: 0.092, data_time: 0.069, memory: 771, loss_pix: 0.0083, loss: 0.0083
2025-06-18 01:25:19,849 - mmedit - INFO - Iter [11100/20000]	lr_generator: 1.224e-04, eta: 0:04:03, time: 0.026, data_time: 0.001, memory: 771, loss_pix: 0.0079, loss: 0.0079
2025-06-18 01:25:21,115 - mmedit - INFO - Iter [11150/20000]	lr_generator: 1.220e-04, eta: 0:04:01, time: 0.025, data_time: 0.001, memory: 771, loss_pix: 0.0093, loss: 0.0093
2025-06-18 01:25:22,396 - mmedit - INFO - Iter [11200/20000]	lr_generator: 1.217e-04, eta: 0:04:00, time: 0.026, data_time: 0.001, memory: 771, loss_pix: 0.0087, loss: 0.0087
2025-06-18 01:25:23,674 - mmedit - INFO - Iter [11250/20000]	lr_generator: 1.213e-04, eta: 0:03:59, time: 0.026, data_time: 0.001, memory: 771, loss_pix: 0.0092, loss: 0.0092
2025-06-18 01:25:24,944 - mmedit - INFO - Iter [11300/20000]	lr_generator: 1.209e-04, eta: 0:03:57, time: 0.025, data_time: 0.001, memory: 771, loss_pix: 0.0084, loss: 0.0084
2025-06-18 01:25:26,311 - mmedit - INFO - Iter [11350/20000]	lr_generator: 1.206e-04, eta: 0:03:56, time: 0.027, data_time: 0.001, memory: 771, loss_pix: 0.0101, loss: 0.0101
2025-06-18 01:25:27,613 - mmedit - INFO - Iter [11400/20000]	lr_generator: 1.202e-04, eta: 0:03:54, time: 0.026, data_time: 0.001, memory: 771, loss_pix: 0.0096, loss: 0.0096
2025-06-18 01:25:28,894 - mmedit - INFO - Iter [11450/20000]	lr_generator: 1.198e-04, eta: 0:03:53, time: 0.026, data_time: 0.001, memory: 771, loss_pix: 0.0085, loss: 0.0085
2025-06-18 01:25:30,153 - mmedit - INFO - Iter [11500/20000]	lr_generator: 1.195e-04, eta: 0:03:51, time: 0.025, data_time: 0.001, memory: 771, loss_pix: 0.0089, loss: 0.0089
2025-06-18 01:25:31,415 - mmedit - INFO - Iter [11550/20000]	lr_generator: 1.191e-04, eta: 0:03:50, time: 0.025, data_time: 0.001, memory: 771, loss_pix: 0.0078, loss: 0.0078
2025-06-18 01:25:32,697 - mmedit - INFO - Iter [11600/20000]	lr_generator: 1.187e-04, eta: 0:03:49, time: 0.026, data_time: 0.001, memory: 771, loss_pix: 0.0084, loss: 0.0084
2025-06-18 01:25:33,936 - mmedit - INFO - Iter [11650/20000]	lr_generator: 1.183e-04, eta: 0:03:47, time: 0.025, data_time: 0.001, memory: 771, loss_pix: 0.0087, loss: 0.0087
2025-06-18 01:25:35,185 - mmedit - INFO - Iter [11700/20000]	lr_generator: 1.180e-04, eta: 0:03:46, time: 0.025, data_time: 0.001, memory: 771, loss_pix: 0.0085, loss: 0.0085
2025-06-18 01:25:36,422 - mmedit - INFO - Iter [11750/20000]	lr_generator: 1.176e-04, eta: 0:03:44, time: 0.025, data_time: 0.001, memory: 771, loss_pix: 0.0094, loss: 0.0094
2025-06-18 01:25:37,661 - mmedit - INFO - Iter [11800/20000]	lr_generator: 1.172e-04, eta: 0:03:43, time: 0.025, data_time: 0.001, memory: 771, loss_pix: 0.0091, loss: 0.0091
2025-06-18 01:25:38,874 - mmedit - INFO - Iter [11850/20000]	lr_generator: 1.169e-04, eta: 0:03:41, time: 0.024, data_time: 0.001, memory: 771, loss_pix: 0.0085, loss: 0.0085
2025-06-18 01:25:40,170 - mmedit - INFO - Iter [11900/20000]	lr_generator: 1.165e-04, eta: 0:03:40, time: 0.026, data_time: 0.001, memory: 771, loss_pix: 0.0089, loss: 0.0089
2025-06-18 01:25:41,422 - mmedit - INFO - Iter [11950/20000]	lr_generator: 1.161e-04, eta: 0:03:38, time: 0.025, data_time: 0.001, memory: 771, loss_pix: 0.0082, loss: 0.0082
2025-06-18 01:25:46,182 - mmedit - INFO - Exp name: rcan2x
2025-06-18 01:25:46,182 - mmedit - INFO - Iter(val) [12000]	PSNR: 39.4277, SSIM: 0.9393
2025-06-18 01:25:46,182 - mmedit - INFO - Exp name: rcan2x
2025-06-18 01:25:46,182 - mmedit - INFO - Iter(val) [12000]	
2025-06-18 01:25:47,423 - mmedit - INFO - Iter [12050/20000]	lr_generator: 1.154e-04, eta: 0:03:37, time: 0.095, data_time: 0.071, memory: 771, loss_pix: 0.0082, loss: 0.0082
2025-06-18 01:25:48,651 - mmedit - INFO - Iter [12100/20000]	lr_generator: 1.150e-04, eta: 0:03:36, time: 0.025, data_time: 0.001, memory: 771, loss_pix: 0.0074, loss: 0.0074
2025-06-18 01:25:49,888 - mmedit - INFO - Iter [12150/20000]	lr_generator: 1.147e-04, eta: 0:03:34, time: 0.025, data_time: 0.001, memory: 771, loss_pix: 0.0100, loss: 0.0100
2025-06-18 01:25:51,138 - mmedit - INFO - Iter [12200/20000]	lr_generator: 1.143e-04, eta: 0:03:33, time: 0.025, data_time: 0.001, memory: 771, loss_pix: 0.0092, loss: 0.0092
2025-06-18 01:25:52,428 - mmedit - INFO - Iter [12250/20000]	lr_generator: 1.139e-04, eta: 0:03:31, time: 0.026, data_time: 0.001, memory: 771, loss_pix: 0.0085, loss: 0.0085
2025-06-18 01:25:53,693 - mmedit - INFO - Iter [12300/20000]	lr_generator: 1.135e-04, eta: 0:03:30, time: 0.025, data_time: 0.001, memory: 771, loss_pix: 0.0089, loss: 0.0089
2025-06-18 01:25:54,924 - mmedit - INFO - Iter [12350/20000]	lr_generator: 1.132e-04, eta: 0:03:28, time: 0.025, data_time: 0.001, memory: 771, loss_pix: 0.0091, loss: 0.0091
2025-06-18 01:25:56,181 - mmedit - INFO - Iter [12400/20000]	lr_generator: 1.128e-04, eta: 0:03:27, time: 0.025, data_time: 0.001, memory: 771, loss_pix: 0.0086, loss: 0.0086
2025-06-18 01:25:57,419 - mmedit - INFO - Iter [12450/20000]	lr_generator: 1.124e-04, eta: 0:03:26, time: 0.025, data_time: 0.001, memory: 771, loss_pix: 0.0095, loss: 0.0095
2025-06-18 01:25:58,662 - mmedit - INFO - Iter [12500/20000]	lr_generator: 1.121e-04, eta: 0:03:24, time: 0.025, data_time: 0.001, memory: 771, loss_pix: 0.0086, loss: 0.0086
2025-06-18 01:25:59,888 - mmedit - INFO - Iter [12550/20000]	lr_generator: 1.117e-04, eta: 0:03:23, time: 0.025, data_time: 0.001, memory: 771, loss_pix: 0.0090, loss: 0.0090
2025-06-18 01:26:01,130 - mmedit - INFO - Iter [12600/20000]	lr_generator: 1.113e-04, eta: 0:03:21, time: 0.025, data_time: 0.001, memory: 771, loss_pix: 0.0090, loss: 0.0090
2025-06-18 01:26:02,393 - mmedit - INFO - Iter [12650/20000]	lr_generator: 1.109e-04, eta: 0:03:20, time: 0.025, data_time: 0.001, memory: 771, loss_pix: 0.0087, loss: 0.0087
2025-06-18 01:26:03,620 - mmedit - INFO - Iter [12700/20000]	lr_generator: 1.106e-04, eta: 0:03:18, time: 0.025, data_time: 0.001, memory: 771, loss_pix: 0.0087, loss: 0.0087
2025-06-18 01:26:04,861 - mmedit - INFO - Iter [12750/20000]	lr_generator: 1.102e-04, eta: 0:03:17, time: 0.025, data_time: 0.001, memory: 771, loss_pix: 0.0095, loss: 0.0095
2025-06-18 01:26:06,150 - mmedit - INFO - Iter [12800/20000]	lr_generator: 1.098e-04, eta: 0:03:16, time: 0.026, data_time: 0.001, memory: 771, loss_pix: 1.4134, loss: 1.4134
2025-06-18 01:26:07,398 - mmedit - INFO - Iter [12850/20000]	lr_generator: 1.094e-04, eta: 0:03:14, time: 0.025, data_time: 0.001, memory: 771, loss_pix: 0.0637, loss: 0.0637
2025-06-18 01:26:08,610 - mmedit - INFO - Iter [12900/20000]	lr_generator: 1.091e-04, eta: 0:03:13, time: 0.024, data_time: 0.001, memory: 771, loss_pix: 0.0318, loss: 0.0318
2025-06-18 01:26:09,857 - mmedit - INFO - Iter [12950/20000]	lr_generator: 1.087e-04, eta: 0:03:11, time: 0.025, data_time: 0.001, memory: 771, loss_pix: 0.0236, loss: 0.0236
2025-06-18 01:26:14,662 - mmedit - INFO - Exp name: rcan2x
2025-06-18 01:26:14,662 - mmedit - INFO - Iter(val) [13000]	PSNR: 37.3490, SSIM: 0.9579
2025-06-18 01:26:14,662 - mmedit - INFO - Exp name: rcan2x
2025-06-18 01:26:14,663 - mmedit - INFO - Iter(val) [13000]	
2025-06-18 01:26:15,916 - mmedit - INFO - Iter [13050/20000]	lr_generator: 1.079e-04, eta: 0:03:10, time: 0.096, data_time: 0.072, memory: 771, loss_pix: 0.0173, loss: 0.0173
2025-06-18 01:26:17,188 - mmedit - INFO - Iter [13100/20000]	lr_generator: 1.076e-04, eta: 0:03:08, time: 0.025, data_time: 0.001, memory: 771, loss_pix: 0.0154, loss: 0.0154
2025-06-18 01:26:18,439 - mmedit - INFO - Iter [13150/20000]	lr_generator: 1.072e-04, eta: 0:03:07, time: 0.025, data_time: 0.001, memory: 771, loss_pix: 0.0156, loss: 0.0156
2025-06-18 01:26:19,706 - mmedit - INFO - Iter [13200/20000]	lr_generator: 1.068e-04, eta: 0:03:05, time: 0.025, data_time: 0.001, memory: 771, loss_pix: 0.0135, loss: 0.0135
2025-06-18 01:26:20,968 - mmedit - INFO - Iter [13250/20000]	lr_generator: 1.064e-04, eta: 0:03:04, time: 0.025, data_time: 0.001, memory: 771, loss_pix: 0.0145, loss: 0.0145
2025-06-18 01:26:22,234 - mmedit - INFO - Iter [13300/20000]	lr_generator: 1.061e-04, eta: 0:03:03, time: 0.025, data_time: 0.001, memory: 771, loss_pix: 0.0132, loss: 0.0132
2025-06-18 01:26:23,480 - mmedit - INFO - Iter [13350/20000]	lr_generator: 1.057e-04, eta: 0:03:01, time: 0.025, data_time: 0.001, memory: 771, loss_pix: 0.0133, loss: 0.0133
2025-06-18 01:26:24,761 - mmedit - INFO - Iter [13400/20000]	lr_generator: 1.053e-04, eta: 0:03:00, time: 0.026, data_time: 0.001, memory: 771, loss_pix: 0.0125, loss: 0.0125
2025-06-18 01:26:26,060 - mmedit - INFO - Iter [13450/20000]	lr_generator: 1.049e-04, eta: 0:02:58, time: 0.026, data_time: 0.001, memory: 771, loss_pix: 0.0134, loss: 0.0134
2025-06-18 01:26:27,315 - mmedit - INFO - Iter [13500/20000]	lr_generator: 1.046e-04, eta: 0:02:57, time: 0.025, data_time: 0.001, memory: 771, loss_pix: 0.0124, loss: 0.0124
2025-06-18 01:26:28,573 - mmedit - INFO - Iter [13550/20000]	lr_generator: 1.042e-04, eta: 0:02:55, time: 0.025, data_time: 0.001, memory: 771, loss_pix: 0.0116, loss: 0.0116
2025-06-18 01:26:29,878 - mmedit - INFO - Iter [13600/20000]	lr_generator: 1.038e-04, eta: 0:02:54, time: 0.026, data_time: 0.001, memory: 771, loss_pix: 0.0118, loss: 0.0118
2025-06-18 01:26:31,148 - mmedit - INFO - Iter [13650/20000]	lr_generator: 1.034e-04, eta: 0:02:53, time: 0.025, data_time: 0.001, memory: 771, loss_pix: 0.0114, loss: 0.0114
2025-06-18 01:26:32,395 - mmedit - INFO - Iter [13700/20000]	lr_generator: 1.030e-04, eta: 0:02:51, time: 0.025, data_time: 0.001, memory: 771, loss_pix: 0.0101, loss: 0.0101
2025-06-18 01:26:33,712 - mmedit - INFO - Iter [13750/20000]	lr_generator: 1.027e-04, eta: 0:02:50, time: 0.026, data_time: 0.001, memory: 771, loss_pix: 0.0118, loss: 0.0118
2025-06-18 01:26:35,041 - mmedit - INFO - Iter [13800/20000]	lr_generator: 1.023e-04, eta: 0:02:48, time: 0.027, data_time: 0.001, memory: 771, loss_pix: 0.0116, loss: 0.0116
2025-06-18 01:26:36,293 - mmedit - INFO - Iter [13850/20000]	lr_generator: 1.019e-04, eta: 0:02:47, time: 0.025, data_time: 0.001, memory: 771, loss_pix: 0.0103, loss: 0.0103
2025-06-18 01:26:37,569 - mmedit - INFO - Iter [13900/20000]	lr_generator: 1.015e-04, eta: 0:02:46, time: 0.026, data_time: 0.001, memory: 771, loss_pix: 0.0104, loss: 0.0104
2025-06-18 01:26:38,803 - mmedit - INFO - Iter [13950/20000]	lr_generator: 1.011e-04, eta: 0:02:44, time: 0.025, data_time: 0.001, memory: 771, loss_pix: 0.0109, loss: 0.0109
2025-06-18 01:26:43,659 - mmedit - INFO - Exp name: rcan2x
2025-06-18 01:26:43,659 - mmedit - INFO - Iter(val) [14000]	PSNR: 39.3265, SSIM: 0.9533
2025-06-18 01:26:43,659 - mmedit - INFO - Exp name: rcan2x
2025-06-18 01:26:43,659 - mmedit - INFO - Iter(val) [14000]	
2025-06-18 01:26:44,909 - mmedit - INFO - Iter [14050/20000]	lr_generator: 1.004e-04, eta: 0:02:42, time: 0.097, data_time: 0.073, memory: 771, loss_pix: 0.0092, loss: 0.0092
2025-06-18 01:26:46,213 - mmedit - INFO - Iter [14100/20000]	lr_generator: 1.000e-04, eta: 0:02:41, time: 0.026, data_time: 0.001, memory: 771, loss_pix: 0.0108, loss: 0.0108
2025-06-18 01:26:47,531 - mmedit - INFO - Iter [14150/20000]	lr_generator: 9.962e-05, eta: 0:02:40, time: 0.026, data_time: 0.001, memory: 771, loss_pix: 0.0100, loss: 0.0100
2025-06-18 01:26:48,827 - mmedit - INFO - Iter [14200/20000]	lr_generator: 9.924e-05, eta: 0:02:38, time: 0.026, data_time: 0.001, memory: 771, loss_pix: 0.0093, loss: 0.0093
2025-06-18 01:26:50,048 - mmedit - INFO - Iter [14250/20000]	lr_generator: 9.886e-05, eta: 0:02:37, time: 0.024, data_time: 0.001, memory: 771, loss_pix: 0.0096, loss: 0.0096
2025-06-18 01:26:51,331 - mmedit - INFO - Iter [14300/20000]	lr_generator: 9.848e-05, eta: 0:02:35, time: 0.026, data_time: 0.001, memory: 771, loss_pix: 0.0094, loss: 0.0094
2025-06-18 01:26:52,578 - mmedit - INFO - Iter [14350/20000]	lr_generator: 9.809e-05, eta: 0:02:34, time: 0.025, data_time: 0.001, memory: 771, loss_pix: 0.0096, loss: 0.0096
2025-06-18 01:26:53,835 - mmedit - INFO - Iter [14400/20000]	lr_generator: 9.771e-05, eta: 0:02:33, time: 0.025, data_time: 0.001, memory: 771, loss_pix: 0.0093, loss: 0.0093
2025-06-18 01:26:55,109 - mmedit - INFO - Iter [14450/20000]	lr_generator: 9.733e-05, eta: 0:02:31, time: 0.025, data_time: 0.001, memory: 771, loss_pix: 0.0097, loss: 0.0097
2025-06-18 01:26:56,342 - mmedit - INFO - Iter [14500/20000]	lr_generator: 9.694e-05, eta: 0:02:30, time: 0.025, data_time: 0.001, memory: 771, loss_pix: 0.0102, loss: 0.0102
2025-06-18 01:26:57,441 - mmedit - INFO - Iter [14550/20000]	lr_generator: 9.656e-05, eta: 0:02:28, time: 0.022, data_time: 0.001, memory: 771, loss_pix: 0.0098, loss: 0.0098
2025-06-18 01:26:58,625 - mmedit - INFO - Iter [14600/20000]	lr_generator: 9.617e-05, eta: 0:02:27, time: 0.024, data_time: 0.001, memory: 771, loss_pix: 0.0097, loss: 0.0097
2025-06-18 01:26:59,793 - mmedit - INFO - Iter [14650/20000]	lr_generator: 9.579e-05, eta: 0:02:25, time: 0.023, data_time: 0.001, memory: 771, loss_pix: 0.0092, loss: 0.0092
2025-06-18 01:27:00,963 - mmedit - INFO - Iter [14700/20000]	lr_generator: 9.540e-05, eta: 0:02:24, time: 0.023, data_time: 0.001, memory: 771, loss_pix: 0.0094, loss: 0.0094
2025-06-18 01:27:02,197 - mmedit - INFO - Iter [14750/20000]	lr_generator: 9.502e-05, eta: 0:02:23, time: 0.025, data_time: 0.001, memory: 771, loss_pix: 0.0091, loss: 0.0091
2025-06-18 01:27:03,449 - mmedit - INFO - Iter [14800/20000]	lr_generator: 9.463e-05, eta: 0:02:21, time: 0.025, data_time: 0.001, memory: 771, loss_pix: 0.0095, loss: 0.0095
2025-06-18 01:27:04,660 - mmedit - INFO - Iter [14850/20000]	lr_generator: 9.425e-05, eta: 0:02:20, time: 0.024, data_time: 0.001, memory: 771, loss_pix: 0.0102, loss: 0.0102
2025-06-18 01:27:05,896 - mmedit - INFO - Iter [14900/20000]	lr_generator: 9.386e-05, eta: 0:02:18, time: 0.025, data_time: 0.001, memory: 771, loss_pix: 0.0095, loss: 0.0095
2025-06-18 01:27:07,151 - mmedit - INFO - Iter [14950/20000]	lr_generator: 9.347e-05, eta: 0:02:17, time: 0.025, data_time: 0.001, memory: 771, loss_pix: 0.0094, loss: 0.0094
2025-06-18 01:27:11,957 - mmedit - INFO - Exp name: rcan2x
2025-06-18 01:27:11,957 - mmedit - INFO - Iter(val) [15000]	PSNR: 38.5147, SSIM: 0.8956
2025-06-18 01:27:11,957 - mmedit - INFO - Exp name: rcan2x
2025-06-18 01:27:11,958 - mmedit - INFO - Iter(val) [15000]	
2025-06-18 01:27:13,181 - mmedit - INFO - Iter [15050/20000]	lr_generator: 9.270e-05, eta: 0:02:15, time: 0.095, data_time: 0.071, memory: 771, loss_pix: 0.0095, loss: 0.0095
2025-06-18 01:27:14,456 - mmedit - INFO - Iter [15100/20000]	lr_generator: 9.231e-05, eta: 0:02:14, time: 0.025, data_time: 0.001, memory: 771, loss_pix: 0.0098, loss: 0.0098
2025-06-18 01:27:15,706 - mmedit - INFO - Iter [15150/20000]	lr_generator: 9.192e-05, eta: 0:02:12, time: 0.025, data_time: 0.001, memory: 771, loss_pix: 0.0096, loss: 0.0096
2025-06-18 01:27:16,978 - mmedit - INFO - Iter [15200/20000]	lr_generator: 9.153e-05, eta: 0:02:11, time: 0.025, data_time: 0.001, memory: 771, loss_pix: 0.0090, loss: 0.0090
2025-06-18 01:27:18,250 - mmedit - INFO - Iter [15250/20000]	lr_generator: 9.114e-05, eta: 0:02:09, time: 0.025, data_time: 0.001, memory: 771, loss_pix: 0.0098, loss: 0.0098
2025-06-18 01:27:19,516 - mmedit - INFO - Iter [15300/20000]	lr_generator: 9.075e-05, eta: 0:02:08, time: 0.025, data_time: 0.001, memory: 771, loss_pix: 0.0093, loss: 0.0093
2025-06-18 01:27:20,774 - mmedit - INFO - Iter [15350/20000]	lr_generator: 9.036e-05, eta: 0:02:07, time: 0.025, data_time: 0.001, memory: 771, loss_pix: 0.0092, loss: 0.0092
2025-06-18 01:27:22,035 - mmedit - INFO - Iter [15400/20000]	lr_generator: 8.997e-05, eta: 0:02:05, time: 0.025, data_time: 0.001, memory: 771, loss_pix: 0.0081, loss: 0.0081
2025-06-18 01:27:23,275 - mmedit - INFO - Iter [15450/20000]	lr_generator: 8.958e-05, eta: 0:02:04, time: 0.025, data_time: 0.001, memory: 771, loss_pix: 0.0094, loss: 0.0094
2025-06-18 01:27:24,536 - mmedit - INFO - Iter [15500/20000]	lr_generator: 8.919e-05, eta: 0:02:02, time: 0.025, data_time: 0.001, memory: 771, loss_pix: 0.0089, loss: 0.0089
2025-06-18 01:27:25,823 - mmedit - INFO - Iter [15550/20000]	lr_generator: 8.880e-05, eta: 0:02:01, time: 0.026, data_time: 0.001, memory: 771, loss_pix: 0.0091, loss: 0.0091
2025-06-18 01:27:27,093 - mmedit - INFO - Iter [15600/20000]	lr_generator: 8.840e-05, eta: 0:02:00, time: 0.025, data_time: 0.001, memory: 771, loss_pix: 0.0096, loss: 0.0096
2025-06-18 01:27:28,411 - mmedit - INFO - Iter [15650/20000]	lr_generator: 8.801e-05, eta: 0:01:58, time: 0.026, data_time: 0.001, memory: 771, loss_pix: 0.0090, loss: 0.0090
2025-06-18 01:27:29,708 - mmedit - INFO - Iter [15700/20000]	lr_generator: 8.762e-05, eta: 0:01:57, time: 0.026, data_time: 0.001, memory: 771, loss_pix: 0.0091, loss: 0.0091
2025-06-18 01:27:30,964 - mmedit - INFO - Iter [15750/20000]	lr_generator: 8.722e-05, eta: 0:01:55, time: 0.025, data_time: 0.001, memory: 771, loss_pix: 0.0095, loss: 0.0095
2025-06-18 01:27:32,173 - mmedit - INFO - Iter [15800/20000]	lr_generator: 8.683e-05, eta: 0:01:54, time: 0.024, data_time: 0.001, memory: 771, loss_pix: 0.0094, loss: 0.0094
2025-06-18 01:27:33,423 - mmedit - INFO - Iter [15850/20000]	lr_generator: 8.643e-05, eta: 0:01:53, time: 0.025, data_time: 0.001, memory: 771, loss_pix: 0.0088, loss: 0.0088
2025-06-18 01:27:34,685 - mmedit - INFO - Iter [15900/20000]	lr_generator: 8.604e-05, eta: 0:01:51, time: 0.025, data_time: 0.001, memory: 771, loss_pix: 0.0097, loss: 0.0097
2025-06-18 01:27:35,969 - mmedit - INFO - Iter [15950/20000]	lr_generator: 8.564e-05, eta: 0:01:50, time: 0.026, data_time: 0.001, memory: 771, loss_pix: 0.0090, loss: 0.0090
2025-06-18 01:27:40,823 - mmedit - INFO - Exp name: rcan2x
2025-06-18 01:27:40,823 - mmedit - INFO - Iter(val) [16000]	PSNR: 39.1607, SSIM: 0.9295
2025-06-18 01:27:40,824 - mmedit - INFO - Exp name: rcan2x
2025-06-18 01:27:40,824 - mmedit - INFO - Iter(val) [16000]	
2025-06-18 01:27:42,103 - mmedit - INFO - Iter [16050/20000]	lr_generator: 8.485e-05, eta: 0:01:48, time: 0.097, data_time: 0.072, memory: 771, loss_pix: 0.0091, loss: 0.0091
2025-06-18 01:27:43,410 - mmedit - INFO - Iter [16100/20000]	lr_generator: 8.445e-05, eta: 0:01:46, time: 0.026, data_time: 0.001, memory: 771, loss_pix: 0.0084, loss: 0.0084
2025-06-18 01:27:44,688 - mmedit - INFO - Iter [16150/20000]	lr_generator: 8.405e-05, eta: 0:01:45, time: 0.026, data_time: 0.001, memory: 771, loss_pix: 0.0088, loss: 0.0088
2025-06-18 01:27:45,947 - mmedit - INFO - Iter [16200/20000]	lr_generator: 8.366e-05, eta: 0:01:43, time: 0.025, data_time: 0.001, memory: 771, loss_pix: 0.0087, loss: 0.0087
2025-06-18 01:27:47,200 - mmedit - INFO - Iter [16250/20000]	lr_generator: 8.326e-05, eta: 0:01:42, time: 0.025, data_time: 0.001, memory: 771, loss_pix: 0.0079, loss: 0.0079
2025-06-18 01:27:48,428 - mmedit - INFO - Iter [16300/20000]	lr_generator: 8.286e-05, eta: 0:01:41, time: 0.025, data_time: 0.001, memory: 771, loss_pix: 0.0083, loss: 0.0083
2025-06-18 01:27:49,687 - mmedit - INFO - Iter [16350/20000]	lr_generator: 8.246e-05, eta: 0:01:39, time: 0.025, data_time: 0.001, memory: 771, loss_pix: 0.0096, loss: 0.0096
2025-06-18 01:27:50,924 - mmedit - INFO - Iter [16400/20000]	lr_generator: 8.206e-05, eta: 0:01:38, time: 0.025, data_time: 0.001, memory: 771, loss_pix: 0.0095, loss: 0.0095
2025-06-18 01:27:52,191 - mmedit - INFO - Iter [16450/20000]	lr_generator: 8.166e-05, eta: 0:01:36, time: 0.025, data_time: 0.001, memory: 771, loss_pix: 0.0090, loss: 0.0090
2025-06-18 01:27:53,430 - mmedit - INFO - Iter [16500/20000]	lr_generator: 8.126e-05, eta: 0:01:35, time: 0.025, data_time: 0.001, memory: 771, loss_pix: 0.0086, loss: 0.0086
2025-06-18 01:27:54,670 - mmedit - INFO - Iter [16550/20000]	lr_generator: 8.085e-05, eta: 0:01:34, time: 0.025, data_time: 0.001, memory: 771, loss_pix: 0.0091, loss: 0.0091
2025-06-18 01:27:55,928 - mmedit - INFO - Iter [16600/20000]	lr_generator: 8.045e-05, eta: 0:01:32, time: 0.025, data_time: 0.001, memory: 771, loss_pix: 0.0084, loss: 0.0084
2025-06-18 01:27:57,172 - mmedit - INFO - Iter [16650/20000]	lr_generator: 8.005e-05, eta: 0:01:31, time: 0.025, data_time: 0.001, memory: 771, loss_pix: 0.0081, loss: 0.0081
2025-06-18 01:27:58,446 - mmedit - INFO - Iter [16700/20000]	lr_generator: 7.964e-05, eta: 0:01:30, time: 0.025, data_time: 0.001, memory: 771, loss_pix: 0.0088, loss: 0.0088
2025-06-18 01:27:59,714 - mmedit - INFO - Iter [16750/20000]	lr_generator: 7.924e-05, eta: 0:01:28, time: 0.025, data_time: 0.001, memory: 771, loss_pix: 0.0083, loss: 0.0083
2025-06-18 01:28:00,956 - mmedit - INFO - Iter [16800/20000]	lr_generator: 7.884e-05, eta: 0:01:27, time: 0.025, data_time: 0.001, memory: 771, loss_pix: 0.0084, loss: 0.0084
2025-06-18 01:28:02,220 - mmedit - INFO - Iter [16850/20000]	lr_generator: 7.843e-05, eta: 0:01:25, time: 0.025, data_time: 0.001, memory: 771, loss_pix: 0.0093, loss: 0.0093
2025-06-18 01:28:03,484 - mmedit - INFO - Iter [16900/20000]	lr_generator: 7.802e-05, eta: 0:01:24, time: 0.025, data_time: 0.001, memory: 771, loss_pix: 0.0085, loss: 0.0085
2025-06-18 01:28:04,733 - mmedit - INFO - Iter [16950/20000]	lr_generator: 7.762e-05, eta: 0:01:23, time: 0.025, data_time: 0.001, memory: 771, loss_pix: 0.0093, loss: 0.0093
2025-06-18 01:28:09,424 - mmedit - INFO - Exp name: rcan2x
2025-06-18 01:28:09,424 - mmedit - INFO - Iter(val) [17000]	PSNR: 39.9293, SSIM: 0.9667
2025-06-18 01:28:09,425 - mmedit - INFO - Exp name: rcan2x
2025-06-18 01:28:09,425 - mmedit - INFO - Iter(val) [17000]	
2025-06-18 01:28:10,773 - mmedit - INFO - Iter [17050/20000]	lr_generator: 7.680e-05, eta: 0:01:20, time: 0.095, data_time: 0.069, memory: 771, loss_pix: 0.0090, loss: 0.0090
2025-06-18 01:28:12,141 - mmedit - INFO - Iter [17100/20000]	lr_generator: 7.639e-05, eta: 0:01:19, time: 0.027, data_time: 0.001, memory: 771, loss_pix: 0.0086, loss: 0.0086
2025-06-18 01:28:13,502 - mmedit - INFO - Iter [17150/20000]	lr_generator: 7.598e-05, eta: 0:01:18, time: 0.027, data_time: 0.001, memory: 771, loss_pix: 0.0087, loss: 0.0087
2025-06-18 01:28:14,856 - mmedit - INFO - Iter [17200/20000]	lr_generator: 7.557e-05, eta: 0:01:16, time: 0.027, data_time: 0.001, memory: 771, loss_pix: 0.0087, loss: 0.0087
2025-06-18 01:28:16,221 - mmedit - INFO - Iter [17250/20000]	lr_generator: 7.516e-05, eta: 0:01:15, time: 0.027, data_time: 0.001, memory: 771, loss_pix: 0.0094, loss: 0.0094
2025-06-18 01:28:17,544 - mmedit - INFO - Iter [17300/20000]	lr_generator: 7.475e-05, eta: 0:01:13, time: 0.026, data_time: 0.001, memory: 771, loss_pix: 0.0094, loss: 0.0094
2025-06-18 01:28:18,795 - mmedit - INFO - Iter [17350/20000]	lr_generator: 7.434e-05, eta: 0:01:12, time: 0.025, data_time: 0.001, memory: 771, loss_pix: 0.0087, loss: 0.0087
2025-06-18 01:28:20,026 - mmedit - INFO - Iter [17400/20000]	lr_generator: 7.392e-05, eta: 0:01:11, time: 0.025, data_time: 0.001, memory: 771, loss_pix: 0.0083, loss: 0.0083
2025-06-18 01:28:21,268 - mmedit - INFO - Iter [17450/20000]	lr_generator: 7.351e-05, eta: 0:01:09, time: 0.025, data_time: 0.001, memory: 771, loss_pix: 0.0085, loss: 0.0085
2025-06-18 01:28:22,525 - mmedit - INFO - Iter [17500/20000]	lr_generator: 7.309e-05, eta: 0:01:08, time: 0.025, data_time: 0.001, memory: 771, loss_pix: 0.0094, loss: 0.0094
2025-06-18 01:28:23,784 - mmedit - INFO - Iter [17550/20000]	lr_generator: 7.268e-05, eta: 0:01:06, time: 0.025, data_time: 0.001, memory: 771, loss_pix: 0.0090, loss: 0.0090
2025-06-18 01:28:25,055 - mmedit - INFO - Iter [17600/20000]	lr_generator: 7.226e-05, eta: 0:01:05, time: 0.025, data_time: 0.001, memory: 771, loss_pix: 0.0085, loss: 0.0085
2025-06-18 01:28:26,328 - mmedit - INFO - Iter [17650/20000]	lr_generator: 7.184e-05, eta: 0:01:04, time: 0.025, data_time: 0.001, memory: 771, loss_pix: 0.0089, loss: 0.0089
2025-06-18 01:28:27,586 - mmedit - INFO - Iter [17700/20000]	lr_generator: 7.142e-05, eta: 0:01:02, time: 0.025, data_time: 0.001, memory: 771, loss_pix: 0.0087, loss: 0.0087
2025-06-18 01:28:28,847 - mmedit - INFO - Iter [17750/20000]	lr_generator: 7.100e-05, eta: 0:01:01, time: 0.025, data_time: 0.001, memory: 771, loss_pix: 0.0089, loss: 0.0089
2025-06-18 01:28:30,087 - mmedit - INFO - Iter [17800/20000]	lr_generator: 7.058e-05, eta: 0:01:00, time: 0.025, data_time: 0.001, memory: 771, loss_pix: 0.0086, loss: 0.0086
2025-06-18 01:28:31,327 - mmedit - INFO - Iter [17850/20000]	lr_generator: 7.016e-05, eta: 0:00:58, time: 0.025, data_time: 0.001, memory: 771, loss_pix: 0.0091, loss: 0.0091
2025-06-18 01:28:32,558 - mmedit - INFO - Iter [17900/20000]	lr_generator: 6.974e-05, eta: 0:00:57, time: 0.025, data_time: 0.001, memory: 771, loss_pix: 0.0087, loss: 0.0087
2025-06-18 01:28:33,803 - mmedit - INFO - Iter [17950/20000]	lr_generator: 6.932e-05, eta: 0:00:55, time: 0.025, data_time: 0.001, memory: 771, loss_pix: 0.0095, loss: 0.0095
2025-06-18 01:28:38,460 - mmedit - INFO - Exp name: rcan2x
2025-06-18 01:28:38,460 - mmedit - INFO - Iter(val) [18000]	PSNR: 39.0817, SSIM: 0.9650
2025-06-18 01:28:38,460 - mmedit - INFO - Exp name: rcan2x
2025-06-18 01:28:38,460 - mmedit - INFO - Iter(val) [18000]	
2025-06-18 01:28:39,718 - mmedit - INFO - Iter [18050/20000]	lr_generator: 6.847e-05, eta: 0:00:53, time: 0.093, data_time: 0.069, memory: 771, loss_pix: 0.0091, loss: 0.0091
2025-06-18 01:28:41,023 - mmedit - INFO - Iter [18100/20000]	lr_generator: 6.804e-05, eta: 0:00:52, time: 0.026, data_time: 0.001, memory: 771, loss_pix: 0.0089, loss: 0.0089
2025-06-18 01:28:42,300 - mmedit - INFO - Iter [18150/20000]	lr_generator: 6.761e-05, eta: 0:00:50, time: 0.026, data_time: 0.001, memory: 771, loss_pix: 0.0089, loss: 0.0089
2025-06-18 01:28:43,523 - mmedit - INFO - Iter [18200/20000]	lr_generator: 6.718e-05, eta: 0:00:49, time: 0.024, data_time: 0.001, memory: 771, loss_pix: 0.0082, loss: 0.0082
2025-06-18 01:28:44,766 - mmedit - INFO - Iter [18250/20000]	lr_generator: 6.675e-05, eta: 0:00:47, time: 0.025, data_time: 0.001, memory: 771, loss_pix: 0.0082, loss: 0.0082
2025-06-18 01:28:46,026 - mmedit - INFO - Iter [18300/20000]	lr_generator: 6.632e-05, eta: 0:00:46, time: 0.025, data_time: 0.001, memory: 771, loss_pix: 0.0083, loss: 0.0083
2025-06-18 01:28:47,236 - mmedit - INFO - Iter [18350/20000]	lr_generator: 6.589e-05, eta: 0:00:45, time: 0.024, data_time: 0.001, memory: 771, loss_pix: 0.0095, loss: 0.0095
2025-06-18 01:28:48,432 - mmedit - INFO - Iter [18400/20000]	lr_generator: 6.546e-05, eta: 0:00:43, time: 0.024, data_time: 0.001, memory: 771, loss_pix: 0.0094, loss: 0.0094
2025-06-18 01:28:49,598 - mmedit - INFO - Iter [18450/20000]	lr_generator: 6.502e-05, eta: 0:00:42, time: 0.023, data_time: 0.001, memory: 771, loss_pix: 0.0089, loss: 0.0089
2025-06-18 01:28:50,784 - mmedit - INFO - Iter [18500/20000]	lr_generator: 6.459e-05, eta: 0:00:40, time: 0.024, data_time: 0.001, memory: 771, loss_pix: 0.0089, loss: 0.0089
2025-06-18 01:28:52,021 - mmedit - INFO - Iter [18550/20000]	lr_generator: 6.415e-05, eta: 0:00:39, time: 0.025, data_time: 0.001, memory: 771, loss_pix: 0.0086, loss: 0.0086
2025-06-18 01:28:53,212 - mmedit - INFO - Iter [18600/20000]	lr_generator: 6.371e-05, eta: 0:00:38, time: 0.024, data_time: 0.001, memory: 771, loss_pix: 0.0094, loss: 0.0094
2025-06-18 01:28:54,364 - mmedit - INFO - Iter [18650/20000]	lr_generator: 6.327e-05, eta: 0:00:36, time: 0.023, data_time: 0.001, memory: 771, loss_pix: 0.0079, loss: 0.0079
2025-06-18 01:28:55,582 - mmedit - INFO - Iter [18700/20000]	lr_generator: 6.282e-05, eta: 0:00:35, time: 0.024, data_time: 0.001, memory: 771, loss_pix: 0.0095, loss: 0.0095
2025-06-18 01:28:56,820 - mmedit - INFO - Iter [18750/20000]	lr_generator: 6.238e-05, eta: 0:00:34, time: 0.025, data_time: 0.001, memory: 771, loss_pix: 0.0081, loss: 0.0081
2025-06-18 01:28:58,062 - mmedit - INFO - Iter [18800/20000]	lr_generator: 6.193e-05, eta: 0:00:32, time: 0.025, data_time: 0.001, memory: 771, loss_pix: 0.0082, loss: 0.0082
2025-06-18 01:28:59,347 - mmedit - INFO - Iter [18850/20000]	lr_generator: 6.149e-05, eta: 0:00:31, time: 0.026, data_time: 0.001, memory: 771, loss_pix: 0.0085, loss: 0.0085
2025-06-18 01:29:00,640 - mmedit - INFO - Iter [18900/20000]	lr_generator: 6.104e-05, eta: 0:00:29, time: 0.026, data_time: 0.001, memory: 771, loss_pix: 0.0089, loss: 0.0089
2025-06-18 01:29:01,910 - mmedit - INFO - Iter [18950/20000]	lr_generator: 6.058e-05, eta: 0:00:28, time: 0.025, data_time: 0.001, memory: 771, loss_pix: 0.0082, loss: 0.0082
2025-06-18 01:29:06,616 - mmedit - INFO - Exp name: rcan2x
2025-06-18 01:29:06,616 - mmedit - INFO - Iter(val) [19000]	PSNR: 40.0211, SSIM: 0.9669
2025-06-18 01:29:06,616 - mmedit - INFO - Exp name: rcan2x
2025-06-18 01:29:06,616 - mmedit - INFO - Iter(val) [19000]	
2025-06-18 01:29:07,855 - mmedit - INFO - Iter [19050/20000]	lr_generator: 5.967e-05, eta: 0:00:25, time: 0.094, data_time: 0.070, memory: 771, loss_pix: 0.0088, loss: 0.0088
2025-06-18 01:29:09,123 - mmedit - INFO - Iter [19100/20000]	lr_generator: 5.921e-05, eta: 0:00:24, time: 0.025, data_time: 0.001, memory: 771, loss_pix: 0.0087, loss: 0.0087
2025-06-18 01:29:10,373 - mmedit - INFO - Iter [19150/20000]	lr_generator: 5.875e-05, eta: 0:00:23, time: 0.025, data_time: 0.001, memory: 771, loss_pix: 0.0088, loss: 0.0088
2025-06-18 01:29:11,649 - mmedit - INFO - Iter [19200/20000]	lr_generator: 5.829e-05, eta: 0:00:21, time: 0.026, data_time: 0.001, memory: 771, loss_pix: 0.0076, loss: 0.0076
2025-06-18 01:29:12,924 - mmedit - INFO - Iter [19250/20000]	lr_generator: 5.782e-05, eta: 0:00:20, time: 0.026, data_time: 0.001, memory: 771, loss_pix: 0.0089, loss: 0.0089
2025-06-18 01:29:14,192 - mmedit - INFO - Iter [19300/20000]	lr_generator: 5.735e-05, eta: 0:00:19, time: 0.025, data_time: 0.001, memory: 771, loss_pix: 0.0085, loss: 0.0085
2025-06-18 01:29:15,440 - mmedit - INFO - Iter [19350/20000]	lr_generator: 5.688e-05, eta: 0:00:17, time: 0.025, data_time: 0.001, memory: 771, loss_pix: 0.0084, loss: 0.0084
2025-06-18 01:29:16,696 - mmedit - INFO - Iter [19400/20000]	lr_generator: 5.640e-05, eta: 0:00:16, time: 0.025, data_time: 0.001, memory: 771, loss_pix: 0.0083, loss: 0.0083
2025-06-18 01:29:17,904 - mmedit - INFO - Iter [19450/20000]	lr_generator: 5.592e-05, eta: 0:00:15, time: 0.024, data_time: 0.001, memory: 771, loss_pix: 0.0089, loss: 0.0089
2025-06-18 01:29:19,195 - mmedit - INFO - Iter [19500/20000]	lr_generator: 5.543e-05, eta: 0:00:13, time: 0.026, data_time: 0.001, memory: 771, loss_pix: 0.0095, loss: 0.0095
2025-06-18 01:29:20,504 - mmedit - INFO - Iter [19550/20000]	lr_generator: 5.494e-05, eta: 0:00:12, time: 0.026, data_time: 0.001, memory: 771, loss_pix: 0.0084, loss: 0.0084
2025-06-18 01:29:21,784 - mmedit - INFO - Iter [19600/20000]	lr_generator: 5.445e-05, eta: 0:00:10, time: 0.026, data_time: 0.001, memory: 771, loss_pix: 0.0098, loss: 0.0098
2025-06-18 01:29:23,121 - mmedit - INFO - Iter [19650/20000]	lr_generator: 5.394e-05, eta: 0:00:09, time: 0.027, data_time: 0.001, memory: 771, loss_pix: 0.0088, loss: 0.0088
2025-06-18 01:29:24,486 - mmedit - INFO - Iter [19700/20000]	lr_generator: 5.343e-05, eta: 0:00:08, time: 0.027, data_time: 0.001, memory: 771, loss_pix: 0.0073, loss: 0.0073
2025-06-18 01:29:25,804 - mmedit - INFO - Iter [19750/20000]	lr_generator: 5.292e-05, eta: 0:00:06, time: 0.026, data_time: 0.001, memory: 771, loss_pix: 0.0085, loss: 0.0085
2025-06-18 01:29:27,177 - mmedit - INFO - Iter [19800/20000]	lr_generator: 5.239e-05, eta: 0:00:05, time: 0.027, data_time: 0.001, memory: 771, loss_pix: 0.0084, loss: 0.0084
2025-06-18 01:29:28,446 - mmedit - INFO - Iter [19850/20000]	lr_generator: 5.185e-05, eta: 0:00:04, time: 0.025, data_time: 0.001, memory: 771, loss_pix: 0.0084, loss: 0.0084
2025-06-18 01:29:29,729 - mmedit - INFO - Iter [19900/20000]	lr_generator: 5.129e-05, eta: 0:00:02, time: 0.026, data_time: 0.001, memory: 771, loss_pix: 0.0091, loss: 0.0091
2025-06-18 01:29:30,953 - mmedit - INFO - Iter [19950/20000]	lr_generator: 5.069e-05, eta: 0:00:01, time: 0.024, data_time: 0.001, memory: 771, loss_pix: 0.0081, loss: 0.0081
2025-06-18 01:29:32,202 - mmedit - INFO - Saving checkpoint at 20000 iterations
2025-06-18 01:29:35,665 - mmedit - INFO - Exp name: rcan2x
2025-06-18 01:29:35,665 - mmedit - INFO - Iter(val) [20000]	PSNR: 39.7523, SSIM: 0.9601
2025-06-18 01:29:35,665 - mmedit - INFO - Exp name: rcan2x
2025-06-18 01:29:35,665 - mmedit - INFO - Iter(val) [20000]	
