2025-06-17 15:32:57,139 - mmedit - INFO - Environment info:
------------------------------------------------------------
sys.platform: linux
Python: 3.8.20 (default, Oct  3 2024, 15:24:27) [GCC 11.2.0]
CUDA available: True
GPU 0: NVIDIA GeForce RTX 3090
CUDA_HOME: /usr/local/cuda
NVCC: Cuda compilation tools, release 11.7, V11.7.64
GCC: gcc (Ubuntu 9.4.0-1ubuntu1~20.04.2) 9.4.0
PyTorch: 1.10.0+cu113
PyTorch compiling details: PyTorch built with:
  - GCC 7.3
  - C++ Version: 201402
  - Intel(R) Math Kernel Library Version 2020.0.0 Product Build 20191122 for Intel(R) 64 architecture applications
  - Intel(R) MKL-DNN v2.2.3 (Git Hash 7336ca9f055cf1bfa13efb658fe15dc9b41f0740)
  - OpenMP 201511 (a.k.a. OpenMP 4.5)
  - LAPACK is enabled (usually provided by MKL)
  - NNPACK is enabled
  - CPU capability usage: AVX512
  - CUDA Runtime 11.3
  - NVCC architecture flags: -gencode;arch=compute_37,code=sm_37;-gencode;arch=compute_50,code=sm_50;-gencode;arch=compute_60,code=sm_60;-gencode;arch=compute_70,code=sm_70;-gencode;arch=compute_75,code=sm_75;-gencode;arch=compute_80,code=sm_80;-gencode;arch=compute_86,code=sm_86
  - CuDNN 8.2
  - Magma 2.5.2
  - Build settings: BLAS_INFO=mkl, BUILD_TYPE=Release, CUDA_VERSION=11.3, CUDNN_VERSION=8.2.0, CXX_COMPILER=/opt/rh/devtoolset-7/root/usr/bin/c++, CXX_FLAGS= -Wno-deprecated -fvisibility-inlines-hidden -DUSE_PTHREADPOOL -fopenmp -DNDEBUG -DUSE_KINETO -DUSE_FBGEMM -DUSE_QNNPACK -DUSE_PYTORCH_QNNPACK -DUSE_XNNPACK -DSYMBOLICATE_MOBILE_DEBUG_HANDLE -DEDGE_PROFILER_USE_KINETO -O2 -fPIC -Wno-narrowing -Wall -Wextra -Werror=return-type -Wno-missing-field-initializers -Wno-type-limits -Wno-array-bounds -Wno-unknown-pragmas -Wno-sign-compare -Wno-unused-parameter -Wno-unused-variable -Wno-unused-function -Wno-unused-result -Wno-unused-local-typedefs -Wno-strict-overflow -Wno-strict-aliasing -Wno-error=deprecated-declarations -Wno-stringop-overflow -Wno-psabi -Wno-error=pedantic -Wno-error=redundant-decls -Wno-error=old-style-cast -fdiagnostics-color=always -faligned-new -Wno-unused-but-set-variable -Wno-maybe-uninitialized -fno-math-errno -fno-trapping-math -Werror=format -Wno-stringop-overflow, LAPACK_INFO=mkl, PERF_WITH_AVX=1, PERF_WITH_AVX2=1, PERF_WITH_AVX512=1, TORCH_VERSION=1.10.0, USE_CUDA=ON, USE_CUDNN=ON, USE_EXCEPTION_PTR=1, USE_GFLAGS=OFF, USE_GLOG=OFF, USE_MKL=ON, USE_MKLDNN=ON, USE_MPI=OFF, USE_NCCL=ON, USE_NNPACK=ON, USE_OPENMP=ON, 

TorchVision: 0.11.1+cu113
OpenCV: 4.10.0
MMCV: 1.7.0
MMCV Compiler: GCC 9.3
MMCV CUDA Compiler: 11.3
MMEditing: 0.16.0+
------------------------------------------------------------

2025-06-17 15:32:57,140 - mmedit - INFO - Distributed training: True
2025-06-17 15:32:57,140 - mmedit - INFO - mmedit Version: 0.16.0
2025-06-17 15:32:57,140 - mmedit - INFO - Config:
/data/code2025/Q2/2025-06-02-01/my_config_2x/swinir2x.py
# model settings
scale = 2
img_size = 64
window_size = 8
height = (1024 // scale // window_size + 1) * window_size
width = (720 // scale // window_size + 1) * window_size
model = dict(
    type='BasicRestorer',
    generator=dict(
        type='swinIR',
        upscale=scale,
        img_size=(64, 64),
        window_size=window_size,
        img_range=1.,
        depths=[2, 2, 2, 2],
        embed_dim=32,
        num_heads=[2, 2, 2, 2],
        mlp_ratio=2,
        upsampler='pixelshuffle'
    ),
    pixel_loss=dict(type='L1Loss', loss_weight=1.0, reduction='mean'))
# model training and testing settings
train_cfg = None
test_cfg = dict(metrics=['PSNR', 'SSIM'], crop_border=scale)

# dataset settings
train_dataset_type = 'SRFolderDataset'
val_dataset_type = 'SRFolderDataset'
train_pipeline = [
    dict(
        type='LoadImageFromFile',
        io_backend='disk',
        key='lq',
        flag='unchanged'),
    dict(
        type='LoadImageFromFile',
        io_backend='disk',
        key='gt',
        flag='unchanged'),
    dict(type='RescaleToZeroOne', keys=['lq', 'gt']),
    dict(
        type='Normalize',
        keys=['lq', 'gt'],
        mean=[0, 0, 0],
        std=[1, 1, 1],
        to_rgb=False),
    dict(type='PairedRandomCrop', gt_patch_size=img_size*scale),
    dict(
        type='Flip', keys=['lq', 'gt'], flip_ratio=0.5,
        direction='horizontal'),
    dict(type='Flip', keys=['lq', 'gt'], flip_ratio=0.5, direction='vertical'),
    dict(type='RandomTransposeHW', keys=['lq', 'gt'], transpose_ratio=0.5),
    dict(type='Collect', keys=['lq', 'gt'], meta_keys=['lq_path', 'gt_path']),
    dict(type='ImageToTensor', keys=['lq', 'gt'])
]
test_pipeline = [
    dict(
        type='LoadImageFromFile',
        io_backend='disk',
        key='lq',
        flag='unchanged'),
    dict(
        type='LoadImageFromFile',
        io_backend='disk',
        key='gt',
        flag='unchanged'),
    dict(type='RescaleToZeroOne', keys=['lq', 'gt']),
    dict(
        type='Normalize',
        keys=['lq', 'gt'],
        mean=[0, 0, 0],
        std=[1, 1, 1],
        to_rgb=False),
    dict(type='Collect', keys=['lq', 'gt'], meta_keys=['lq_path', 'gt_path']),
    dict(type='ImageToTensor', keys=['lq', 'gt'])
]

data = dict(
    workers_per_gpu=2,
    train_dataloader=dict(samples_per_gpu=4, drop_last=True),
    val_dataloader=dict(samples_per_gpu=1),
    test_dataloader=dict(samples_per_gpu=1),
    train=dict(
        type=train_dataset_type,
        lq_folder='../datasets/train/LRx2',
        gt_folder='../datasets/train/HRx2',
        pipeline=train_pipeline,
        scale=scale,
        filename_tmpl='{}'),
    val=dict(
        type=val_dataset_type,
        lq_folder='../datasets/test/LRx2',
        gt_folder='../datasets/test/HRx2',
        pipeline=test_pipeline,
        scale=scale,
        filename_tmpl='{}'),
    test=dict(
        type=val_dataset_type,
        lq_folder='../datasets/test/LRx2',
        gt_folder='../datasets/test/HRx2',
        pipeline=test_pipeline,
        scale=scale,
        filename_tmpl='{}'))

# optimizer
optimizers = dict(generator=dict(type='Adam', lr=2e-4, betas=(0.5, 0.999)))

# learning policy
lr_config = dict(
    policy='poly',
    power=0.9,  # The power of polynomial decay.
    min_lr=5e-5,  # The minimum learning rate to stable the training.
    by_epoch=False,  # Whethe count by epoch or not.)
)
evaluation = dict(interval=1000)
# checkpoint saving
checkpoint_config = dict(interval=10000, save_optimizer=False, by_epoch=False)
log_config = dict(
    interval=50,
    hooks=[
        dict(type='TextLoggerHook', by_epoch=False),
        dict(type='TensorboardLoggerHook')
    ])
visual_config = None
# runtime settings
total_iters = 20000
cudnn_benchmark = False
find_unused_parameters = True
dist_params = dict(backend='nccl')
log_level = 'INFO'
load_from = None
resume_from = None
workflow = [('train', 1)]
work_dir = f'./work_dirs_2x/{{ fileBasenameNoExtension }}'

2025-06-17 15:32:57,140 - mmedit - INFO - Set random seed to 0, deterministic: False
2025-06-17 15:33:57,267 - mmedit - INFO - Start running, host: wuyou@wuyou-desktop, work_dir: /data/code2025/Q2/2025-06-02-01/work_dirs_2x/swinir2x
2025-06-17 15:33:57,267 - mmedit - INFO - Hooks will be executed in the following order:
before_run:
(VERY_HIGH   ) PolyLrUpdaterHook                  
(NORMAL      ) CheckpointHook                     
(VERY_LOW    ) TextLoggerHook                     
(VERY_LOW    ) TensorboardLoggerHook              
 -------------------- 
before_train_epoch:
(VERY_HIGH   ) PolyLrUpdaterHook                  
(LOW         ) IterTimerHook                      
(VERY_LOW    ) TextLoggerHook                     
(VERY_LOW    ) TensorboardLoggerHook              
 -------------------- 
before_train_iter:
(VERY_HIGH   ) PolyLrUpdaterHook                  
(LOW         ) IterTimerHook                      
 -------------------- 
after_train_iter:
(NORMAL      ) CheckpointHook                     
(LOW         ) IterTimerHook                      
(LOW         ) DistEvalIterHook                   
(VERY_LOW    ) TextLoggerHook                     
(VERY_LOW    ) TensorboardLoggerHook              
 -------------------- 
after_train_epoch:
(NORMAL      ) CheckpointHook                     
(VERY_LOW    ) TextLoggerHook                     
(VERY_LOW    ) TensorboardLoggerHook              
 -------------------- 
before_val_epoch:
(LOW         ) IterTimerHook                      
(VERY_LOW    ) TextLoggerHook                     
(VERY_LOW    ) TensorboardLoggerHook              
 -------------------- 
before_val_iter:
(LOW         ) IterTimerHook                      
 -------------------- 
after_val_iter:
(LOW         ) IterTimerHook                      
 -------------------- 
after_val_epoch:
(VERY_LOW    ) TextLoggerHook                     
(VERY_LOW    ) TensorboardLoggerHook              
 -------------------- 
after_run:
(VERY_LOW    ) TextLoggerHook                     
(VERY_LOW    ) TensorboardLoggerHook              
 -------------------- 
2025-06-17 15:33:57,268 - mmedit - INFO - workflow: [('train', 1)], max: 20000 iters
2025-06-17 15:33:57,268 - mmedit - INFO - Checkpoints will be saved to /data/code2025/Q2/2025-06-02-01/work_dirs_2x/swinir2x by HardDiskBackend.
2025-06-17 15:34:01,386 - mmedit - INFO - Iter [50/20000]	lr_generator: 1.997e-04, eta: 0:15:32, time: 0.047, data_time: 0.003, memory: 407, loss_pix: 0.0642, loss: 0.0642
2025-06-17 15:34:03,598 - mmedit - INFO - Iter [100/20000]	lr_generator: 1.993e-04, eta: 0:15:05, time: 0.044, data_time: 0.001, memory: 407, loss_pix: 0.0413, loss: 0.0413
2025-06-17 15:34:06,033 - mmedit - INFO - Iter [150/20000]	lr_generator: 1.990e-04, eta: 0:15:24, time: 0.049, data_time: 0.001, memory: 407, loss_pix: 0.0337, loss: 0.0337
2025-06-17 15:34:08,150 - mmedit - INFO - Iter [200/20000]	lr_generator: 1.987e-04, eta: 0:15:00, time: 0.042, data_time: 0.001, memory: 407, loss_pix: 0.0286, loss: 0.0286
2025-06-17 15:34:10,283 - mmedit - INFO - Iter [250/20000]	lr_generator: 1.983e-04, eta: 0:14:47, time: 0.043, data_time: 0.001, memory: 407, loss_pix: 0.0260, loss: 0.0260
2025-06-17 15:34:12,653 - mmedit - INFO - Iter [300/20000]	lr_generator: 1.980e-04, eta: 0:14:53, time: 0.047, data_time: 0.001, memory: 407, loss_pix: 0.0265, loss: 0.0265
2025-06-17 15:34:14,663 - mmedit - INFO - Iter [350/20000]	lr_generator: 1.976e-04, eta: 0:14:36, time: 0.040, data_time: 0.001, memory: 407, loss_pix: 0.0262, loss: 0.0262
2025-06-17 15:34:16,727 - mmedit - INFO - Iter [400/20000]	lr_generator: 1.973e-04, eta: 0:14:26, time: 0.041, data_time: 0.001, memory: 407, loss_pix: 0.0242, loss: 0.0242
2025-06-17 15:34:18,838 - mmedit - INFO - Iter [450/20000]	lr_generator: 1.970e-04, eta: 0:14:19, time: 0.042, data_time: 0.001, memory: 407, loss_pix: 0.0229, loss: 0.0229
2025-06-17 15:34:20,895 - mmedit - INFO - Iter [500/20000]	lr_generator: 1.966e-04, eta: 0:14:11, time: 0.041, data_time: 0.001, memory: 407, loss_pix: 0.0222, loss: 0.0222
2025-06-17 15:34:22,956 - mmedit - INFO - Iter [550/20000]	lr_generator: 1.963e-04, eta: 0:14:05, time: 0.041, data_time: 0.001, memory: 407, loss_pix: 0.0212, loss: 0.0212
2025-06-17 15:34:25,121 - mmedit - INFO - Iter [600/20000]	lr_generator: 1.960e-04, eta: 0:14:02, time: 0.043, data_time: 0.001, memory: 407, loss_pix: 0.0216, loss: 0.0216
2025-06-17 15:34:27,521 - mmedit - INFO - Iter [650/20000]	lr_generator: 1.956e-04, eta: 0:14:07, time: 0.048, data_time: 0.001, memory: 407, loss_pix: 0.0200, loss: 0.0200
2025-06-17 15:34:29,932 - mmedit - INFO - Iter [700/20000]	lr_generator: 1.953e-04, eta: 0:14:11, time: 0.048, data_time: 0.001, memory: 407, loss_pix: 0.0198, loss: 0.0198
2025-06-17 15:34:32,351 - mmedit - INFO - Iter [750/20000]	lr_generator: 1.949e-04, eta: 0:14:14, time: 0.048, data_time: 0.001, memory: 407, loss_pix: 0.0215, loss: 0.0215
2025-06-17 15:34:34,729 - mmedit - INFO - Iter [800/20000]	lr_generator: 1.946e-04, eta: 0:14:16, time: 0.048, data_time: 0.001, memory: 407, loss_pix: 0.0184, loss: 0.0184
2025-06-17 15:34:37,134 - mmedit - INFO - Iter [850/20000]	lr_generator: 1.943e-04, eta: 0:14:17, time: 0.048, data_time: 0.001, memory: 407, loss_pix: 0.0190, loss: 0.0190
2025-06-17 15:34:39,449 - mmedit - INFO - Iter [900/20000]	lr_generator: 1.939e-04, eta: 0:14:17, time: 0.046, data_time: 0.001, memory: 407, loss_pix: 0.0184, loss: 0.0184
2025-06-17 15:34:41,481 - mmedit - INFO - Iter [950/20000]	lr_generator: 1.936e-04, eta: 0:14:10, time: 0.041, data_time: 0.001, memory: 407, loss_pix: 0.0184, loss: 0.0184
2025-06-17 15:35:00,182 - mmedit - INFO - Exp name: swinir2x
2025-06-17 15:35:00,182 - mmedit - INFO - Iter(val) [1000]	PSNR: 32.9154, SSIM: 0.9727
2025-06-17 15:35:00,183 - mmedit - INFO - Exp name: swinir2x
2025-06-17 15:35:00,184 - mmedit - INFO - Iter(val) [1000]	
2025-06-17 15:35:02,315 - mmedit - INFO - Iter [1050/20000]	lr_generator: 1.929e-04, eta: 0:18:24, time: 0.375, data_time: 0.333, memory: 407, loss_pix: 0.0175, loss: 0.0175
2025-06-17 15:35:04,411 - mmedit - INFO - Iter [1100/20000]	lr_generator: 1.926e-04, eta: 0:18:07, time: 0.042, data_time: 0.001, memory: 407, loss_pix: 0.0182, loss: 0.0182
2025-06-17 15:35:06,507 - mmedit - INFO - Iter [1150/20000]	lr_generator: 1.922e-04, eta: 0:17:51, time: 0.042, data_time: 0.001, memory: 407, loss_pix: 0.0165, loss: 0.0165
2025-06-17 15:35:08,638 - mmedit - INFO - Iter [1200/20000]	lr_generator: 1.919e-04, eta: 0:17:37, time: 0.043, data_time: 0.001, memory: 407, loss_pix: 0.0167, loss: 0.0167
2025-06-17 15:35:10,765 - mmedit - INFO - Iter [1250/20000]	lr_generator: 1.915e-04, eta: 0:17:24, time: 0.043, data_time: 0.001, memory: 407, loss_pix: 0.0162, loss: 0.0162
2025-06-17 15:35:13,071 - mmedit - INFO - Iter [1300/20000]	lr_generator: 1.912e-04, eta: 0:17:14, time: 0.046, data_time: 0.001, memory: 407, loss_pix: 0.0167, loss: 0.0167
2025-06-17 15:35:15,573 - mmedit - INFO - Iter [1350/20000]	lr_generator: 1.909e-04, eta: 0:17:08, time: 0.050, data_time: 0.001, memory: 407, loss_pix: 0.0157, loss: 0.0157
2025-06-17 15:35:17,843 - mmedit - INFO - Iter [1400/20000]	lr_generator: 1.905e-04, eta: 0:16:59, time: 0.045, data_time: 0.001, memory: 407, loss_pix: 0.0150, loss: 0.0150
2025-06-17 15:35:20,091 - mmedit - INFO - Iter [1450/20000]	lr_generator: 1.902e-04, eta: 0:16:50, time: 0.045, data_time: 0.001, memory: 407, loss_pix: 0.0174, loss: 0.0174
2025-06-17 15:35:22,109 - mmedit - INFO - Iter [1500/20000]	lr_generator: 1.898e-04, eta: 0:16:38, time: 0.040, data_time: 0.001, memory: 407, loss_pix: 0.0173, loss: 0.0173
2025-06-17 15:35:24,449 - mmedit - INFO - Iter [1550/20000]	lr_generator: 1.895e-04, eta: 0:16:31, time: 0.047, data_time: 0.001, memory: 407, loss_pix: 0.0167, loss: 0.0167
2025-06-17 15:35:26,619 - mmedit - INFO - Iter [1600/20000]	lr_generator: 1.892e-04, eta: 0:16:23, time: 0.043, data_time: 0.001, memory: 407, loss_pix: 0.0157, loss: 0.0157
2025-06-17 15:35:28,727 - mmedit - INFO - Iter [1650/20000]	lr_generator: 1.888e-04, eta: 0:16:14, time: 0.042, data_time: 0.001, memory: 407, loss_pix: 0.0153, loss: 0.0153
2025-06-17 15:35:31,167 - mmedit - INFO - Iter [1700/20000]	lr_generator: 1.885e-04, eta: 0:16:09, time: 0.049, data_time: 0.001, memory: 407, loss_pix: 0.0164, loss: 0.0164
2025-06-17 15:35:33,578 - mmedit - INFO - Iter [1750/20000]	lr_generator: 1.881e-04, eta: 0:16:04, time: 0.048, data_time: 0.001, memory: 407, loss_pix: 0.0152, loss: 0.0152
2025-06-17 15:35:35,995 - mmedit - INFO - Iter [1800/20000]	lr_generator: 1.878e-04, eta: 0:15:59, time: 0.048, data_time: 0.001, memory: 407, loss_pix: 0.0154, loss: 0.0154
2025-06-17 15:35:38,444 - mmedit - INFO - Iter [1850/20000]	lr_generator: 1.875e-04, eta: 0:15:54, time: 0.049, data_time: 0.001, memory: 407, loss_pix: 0.0154, loss: 0.0154
2025-06-17 15:35:40,845 - mmedit - INFO - Iter [1900/20000]	lr_generator: 1.871e-04, eta: 0:15:49, time: 0.048, data_time: 0.001, memory: 407, loss_pix: 0.0176, loss: 0.0176
2025-06-17 15:35:43,376 - mmedit - INFO - Iter [1950/20000]	lr_generator: 1.868e-04, eta: 0:15:46, time: 0.051, data_time: 0.001, memory: 407, loss_pix: 0.0145, loss: 0.0145
2025-06-17 15:35:55,702 - mmedit - INFO - Exp name: swinir2x
2025-06-17 15:35:55,703 - mmedit - INFO - Iter(val) [2000]	PSNR: 36.8390, SSIM: 0.9850
2025-06-17 15:35:55,703 - mmedit - INFO - Exp name: swinir2x
2025-06-17 15:35:55,703 - mmedit - INFO - Iter(val) [2000]	
2025-06-17 15:35:57,792 - mmedit - INFO - Iter [2050/20000]	lr_generator: 1.861e-04, eta: 0:16:38, time: 0.236, data_time: 0.195, memory: 407, loss_pix: 0.0147, loss: 0.0147
2025-06-17 15:35:59,913 - mmedit - INFO - Iter [2100/20000]	lr_generator: 1.858e-04, eta: 0:16:30, time: 0.042, data_time: 0.001, memory: 407, loss_pix: 0.0145, loss: 0.0145
2025-06-17 15:36:02,028 - mmedit - INFO - Iter [2150/20000]	lr_generator: 1.854e-04, eta: 0:16:22, time: 0.042, data_time: 0.001, memory: 407, loss_pix: 0.0132, loss: 0.0132
2025-06-17 15:36:04,105 - mmedit - INFO - Iter [2200/20000]	lr_generator: 1.851e-04, eta: 0:16:13, time: 0.042, data_time: 0.001, memory: 407, loss_pix: 0.0160, loss: 0.0160
2025-06-17 15:36:06,310 - mmedit - INFO - Iter [2250/20000]	lr_generator: 1.847e-04, eta: 0:16:07, time: 0.044, data_time: 0.001, memory: 407, loss_pix: 0.0144, loss: 0.0144
2025-06-17 15:36:08,548 - mmedit - INFO - Iter [2300/20000]	lr_generator: 1.844e-04, eta: 0:16:00, time: 0.045, data_time: 0.001, memory: 407, loss_pix: 0.0141, loss: 0.0141
2025-06-17 15:36:10,753 - mmedit - INFO - Iter [2350/20000]	lr_generator: 1.840e-04, eta: 0:15:54, time: 0.044, data_time: 0.001, memory: 407, loss_pix: 0.0152, loss: 0.0152
2025-06-17 15:36:13,030 - mmedit - INFO - Iter [2400/20000]	lr_generator: 1.837e-04, eta: 0:15:48, time: 0.046, data_time: 0.001, memory: 407, loss_pix: 0.0140, loss: 0.0140
2025-06-17 15:36:15,146 - mmedit - INFO - Iter [2450/20000]	lr_generator: 1.834e-04, eta: 0:15:41, time: 0.042, data_time: 0.001, memory: 407, loss_pix: 0.0137, loss: 0.0137
2025-06-17 15:36:17,467 - mmedit - INFO - Iter [2500/20000]	lr_generator: 1.830e-04, eta: 0:15:36, time: 0.046, data_time: 0.001, memory: 407, loss_pix: 0.0142, loss: 0.0142
2025-06-17 15:36:19,940 - mmedit - INFO - Iter [2550/20000]	lr_generator: 1.827e-04, eta: 0:15:32, time: 0.049, data_time: 0.001, memory: 407, loss_pix: 0.0155, loss: 0.0155
2025-06-17 15:36:22,381 - mmedit - INFO - Iter [2600/20000]	lr_generator: 1.823e-04, eta: 0:15:27, time: 0.049, data_time: 0.001, memory: 407, loss_pix: 0.0152, loss: 0.0152
2025-06-17 15:36:24,516 - mmedit - INFO - Iter [2650/20000]	lr_generator: 1.820e-04, eta: 0:15:21, time: 0.043, data_time: 0.001, memory: 407, loss_pix: 0.0144, loss: 0.0144
2025-06-17 15:36:26,652 - mmedit - INFO - Iter [2700/20000]	lr_generator: 1.817e-04, eta: 0:15:15, time: 0.043, data_time: 0.001, memory: 407, loss_pix: 0.0139, loss: 0.0139
2025-06-17 15:36:28,799 - mmedit - INFO - Iter [2750/20000]	lr_generator: 1.813e-04, eta: 0:15:09, time: 0.043, data_time: 0.001, memory: 407, loss_pix: 0.0138, loss: 0.0138
2025-06-17 15:36:30,970 - mmedit - INFO - Iter [2800/20000]	lr_generator: 1.810e-04, eta: 0:15:04, time: 0.043, data_time: 0.001, memory: 407, loss_pix: 0.0142, loss: 0.0142
2025-06-17 15:36:33,112 - mmedit - INFO - Iter [2850/20000]	lr_generator: 1.806e-04, eta: 0:14:58, time: 0.043, data_time: 0.001, memory: 407, loss_pix: 0.0142, loss: 0.0142
2025-06-17 15:36:35,647 - mmedit - INFO - Iter [2900/20000]	lr_generator: 1.803e-04, eta: 0:14:55, time: 0.051, data_time: 0.001, memory: 407, loss_pix: 0.0142, loss: 0.0142
2025-06-17 15:36:38,358 - mmedit - INFO - Iter [2950/20000]	lr_generator: 1.799e-04, eta: 0:14:53, time: 0.054, data_time: 0.001, memory: 407, loss_pix: 0.0127, loss: 0.0127
2025-06-17 15:36:48,263 - mmedit - INFO - Exp name: swinir2x
2025-06-17 15:36:48,263 - mmedit - INFO - Iter(val) [3000]	PSNR: 35.1517, SSIM: 0.9777
2025-06-17 15:36:48,264 - mmedit - INFO - Exp name: swinir2x
2025-06-17 15:36:48,264 - mmedit - INFO - Iter(val) [3000]	
2025-06-17 15:36:50,495 - mmedit - INFO - Iter [3050/20000]	lr_generator: 1.793e-04, eta: 0:15:13, time: 0.196, data_time: 0.152, memory: 407, loss_pix: 0.0133, loss: 0.0133
2025-06-17 15:36:52,879 - mmedit - INFO - Iter [3100/20000]	lr_generator: 1.789e-04, eta: 0:15:09, time: 0.048, data_time: 0.001, memory: 407, loss_pix: 0.0132, loss: 0.0132
2025-06-17 15:36:55,185 - mmedit - INFO - Iter [3150/20000]	lr_generator: 1.786e-04, eta: 0:15:04, time: 0.046, data_time: 0.001, memory: 407, loss_pix: 0.0135, loss: 0.0135
2025-06-17 15:36:57,368 - mmedit - INFO - Iter [3200/20000]	lr_generator: 1.782e-04, eta: 0:14:59, time: 0.044, data_time: 0.001, memory: 407, loss_pix: 0.0138, loss: 0.0138
2025-06-17 15:36:59,612 - mmedit - INFO - Iter [3250/20000]	lr_generator: 1.779e-04, eta: 0:14:54, time: 0.045, data_time: 0.001, memory: 407, loss_pix: 0.0149, loss: 0.0149
2025-06-17 15:37:02,109 - mmedit - INFO - Iter [3300/20000]	lr_generator: 1.775e-04, eta: 0:14:50, time: 0.050, data_time: 0.001, memory: 407, loss_pix: 0.0129, loss: 0.0129
2025-06-17 15:37:04,826 - mmedit - INFO - Iter [3350/20000]	lr_generator: 1.772e-04, eta: 0:14:48, time: 0.054, data_time: 0.001, memory: 407, loss_pix: 0.0128, loss: 0.0128
2025-06-17 15:37:07,599 - mmedit - INFO - Iter [3400/20000]	lr_generator: 1.768e-04, eta: 0:14:46, time: 0.055, data_time: 0.001, memory: 407, loss_pix: 0.0149, loss: 0.0149
2025-06-17 15:37:10,155 - mmedit - INFO - Iter [3450/20000]	lr_generator: 1.765e-04, eta: 0:14:43, time: 0.051, data_time: 0.001, memory: 407, loss_pix: 0.0138, loss: 0.0138
2025-06-17 15:37:12,355 - mmedit - INFO - Iter [3500/20000]	lr_generator: 1.762e-04, eta: 0:14:38, time: 0.044, data_time: 0.001, memory: 407, loss_pix: 0.0123, loss: 0.0123
2025-06-17 15:37:14,810 - mmedit - INFO - Iter [3550/20000]	lr_generator: 1.758e-04, eta: 0:14:34, time: 0.049, data_time: 0.001, memory: 407, loss_pix: 0.0119, loss: 0.0119
2025-06-17 15:37:17,253 - mmedit - INFO - Iter [3600/20000]	lr_generator: 1.755e-04, eta: 0:14:30, time: 0.049, data_time: 0.001, memory: 407, loss_pix: 0.0124, loss: 0.0124
2025-06-17 15:37:19,724 - mmedit - INFO - Iter [3650/20000]	lr_generator: 1.751e-04, eta: 0:14:27, time: 0.049, data_time: 0.001, memory: 407, loss_pix: 0.0128, loss: 0.0128
2025-06-17 15:37:22,206 - mmedit - INFO - Iter [3700/20000]	lr_generator: 1.748e-04, eta: 0:14:24, time: 0.050, data_time: 0.001, memory: 407, loss_pix: 0.0128, loss: 0.0128
2025-06-17 15:37:24,653 - mmedit - INFO - Iter [3750/20000]	lr_generator: 1.744e-04, eta: 0:14:20, time: 0.049, data_time: 0.001, memory: 407, loss_pix: 0.0132, loss: 0.0132
2025-06-17 15:37:27,000 - mmedit - INFO - Iter [3800/20000]	lr_generator: 1.741e-04, eta: 0:14:16, time: 0.047, data_time: 0.001, memory: 407, loss_pix: 0.0120, loss: 0.0120
2025-06-17 15:37:29,633 - mmedit - INFO - Iter [3850/20000]	lr_generator: 1.737e-04, eta: 0:14:13, time: 0.053, data_time: 0.001, memory: 407, loss_pix: 0.0129, loss: 0.0129
2025-06-17 15:37:32,331 - mmedit - INFO - Iter [3900/20000]	lr_generator: 1.734e-04, eta: 0:14:11, time: 0.054, data_time: 0.001, memory: 407, loss_pix: 0.0124, loss: 0.0124
2025-06-17 15:37:34,412 - mmedit - INFO - Iter [3950/20000]	lr_generator: 1.731e-04, eta: 0:14:06, time: 0.042, data_time: 0.001, memory: 407, loss_pix: 0.0128, loss: 0.0128
2025-06-17 15:37:44,338 - mmedit - INFO - Exp name: swinir2x
2025-06-17 15:37:44,338 - mmedit - INFO - Iter(val) [4000]	PSNR: 35.2517, SSIM: 0.9815
2025-06-17 15:37:44,339 - mmedit - INFO - Exp name: swinir2x
2025-06-17 15:37:44,339 - mmedit - INFO - Iter(val) [4000]	
2025-06-17 15:37:46,681 - mmedit - INFO - Iter [4050/20000]	lr_generator: 1.724e-04, eta: 0:14:19, time: 0.200, data_time: 0.154, memory: 407, loss_pix: 0.0126, loss: 0.0126
2025-06-17 15:37:49,063 - mmedit - INFO - Iter [4100/20000]	lr_generator: 1.720e-04, eta: 0:14:16, time: 0.048, data_time: 0.001, memory: 407, loss_pix: 0.0123, loss: 0.0123
2025-06-17 15:37:51,253 - mmedit - INFO - Iter [4150/20000]	lr_generator: 1.717e-04, eta: 0:14:11, time: 0.044, data_time: 0.001, memory: 407, loss_pix: 0.0141, loss: 0.0141
2025-06-17 15:37:53,468 - mmedit - INFO - Iter [4200/20000]	lr_generator: 1.713e-04, eta: 0:14:06, time: 0.044, data_time: 0.001, memory: 407, loss_pix: 0.0119, loss: 0.0119
2025-06-17 15:37:55,892 - mmedit - INFO - Iter [4250/20000]	lr_generator: 1.710e-04, eta: 0:14:03, time: 0.048, data_time: 0.001, memory: 407, loss_pix: 0.0120, loss: 0.0120
2025-06-17 15:37:58,205 - mmedit - INFO - Iter [4300/20000]	lr_generator: 1.706e-04, eta: 0:13:59, time: 0.046, data_time: 0.001, memory: 407, loss_pix: 0.0114, loss: 0.0114
2025-06-17 15:38:00,638 - mmedit - INFO - Iter [4350/20000]	lr_generator: 1.703e-04, eta: 0:13:55, time: 0.049, data_time: 0.001, memory: 407, loss_pix: 0.0127, loss: 0.0127
2025-06-17 15:38:03,095 - mmedit - INFO - Iter [4400/20000]	lr_generator: 1.700e-04, eta: 0:13:52, time: 0.049, data_time: 0.001, memory: 407, loss_pix: 0.0122, loss: 0.0122
2025-06-17 15:38:05,519 - mmedit - INFO - Iter [4450/20000]	lr_generator: 1.696e-04, eta: 0:13:48, time: 0.048, data_time: 0.001, memory: 407, loss_pix: 0.0126, loss: 0.0126
2025-06-17 15:38:07,835 - mmedit - INFO - Iter [4500/20000]	lr_generator: 1.693e-04, eta: 0:13:44, time: 0.046, data_time: 0.001, memory: 407, loss_pix: 0.0109, loss: 0.0109
2025-06-17 15:38:10,027 - mmedit - INFO - Iter [4550/20000]	lr_generator: 1.689e-04, eta: 0:13:40, time: 0.044, data_time: 0.001, memory: 407, loss_pix: 0.0121, loss: 0.0121
2025-06-17 15:38:12,193 - mmedit - INFO - Iter [4600/20000]	lr_generator: 1.686e-04, eta: 0:13:36, time: 0.043, data_time: 0.001, memory: 407, loss_pix: 0.0131, loss: 0.0131
2025-06-17 15:38:14,323 - mmedit - INFO - Iter [4650/20000]	lr_generator: 1.682e-04, eta: 0:13:32, time: 0.043, data_time: 0.001, memory: 407, loss_pix: 0.0125, loss: 0.0125
2025-06-17 15:38:16,893 - mmedit - INFO - Iter [4700/20000]	lr_generator: 1.679e-04, eta: 0:13:29, time: 0.051, data_time: 0.001, memory: 407, loss_pix: 0.0125, loss: 0.0125
2025-06-17 15:38:19,691 - mmedit - INFO - Iter [4750/20000]	lr_generator: 1.675e-04, eta: 0:13:27, time: 0.056, data_time: 0.001, memory: 407, loss_pix: 0.0117, loss: 0.0117
2025-06-17 15:38:22,439 - mmedit - INFO - Iter [4800/20000]	lr_generator: 1.672e-04, eta: 0:13:24, time: 0.055, data_time: 0.001, memory: 407, loss_pix: 0.0123, loss: 0.0123
2025-06-17 15:38:24,635 - mmedit - INFO - Iter [4850/20000]	lr_generator: 1.668e-04, eta: 0:13:20, time: 0.044, data_time: 0.001, memory: 407, loss_pix: 0.0131, loss: 0.0131
2025-06-17 15:38:26,767 - mmedit - INFO - Iter [4900/20000]	lr_generator: 1.665e-04, eta: 0:13:16, time: 0.043, data_time: 0.001, memory: 407, loss_pix: 0.0117, loss: 0.0117
2025-06-17 15:38:29,138 - mmedit - INFO - Iter [4950/20000]	lr_generator: 1.661e-04, eta: 0:13:12, time: 0.047, data_time: 0.001, memory: 407, loss_pix: 0.0112, loss: 0.0112
2025-06-17 15:38:42,267 - mmedit - INFO - Exp name: swinir2x
2025-06-17 15:38:42,267 - mmedit - INFO - Iter(val) [5000]	PSNR: 37.8691, SSIM: 0.9947
2025-06-17 15:38:42,268 - mmedit - INFO - Exp name: swinir2x
2025-06-17 15:38:42,269 - mmedit - INFO - Iter(val) [5000]	
2025-06-17 15:38:44,425 - mmedit - INFO - Iter [5050/20000]	lr_generator: 1.654e-04, eta: 0:13:29, time: 0.255, data_time: 0.213, memory: 407, loss_pix: 0.0113, loss: 0.0113
2025-06-17 15:38:46,667 - mmedit - INFO - Iter [5100/20000]	lr_generator: 1.651e-04, eta: 0:13:25, time: 0.045, data_time: 0.001, memory: 407, loss_pix: 0.0115, loss: 0.0115
2025-06-17 15:38:48,921 - mmedit - INFO - Iter [5150/20000]	lr_generator: 1.647e-04, eta: 0:13:21, time: 0.045, data_time: 0.001, memory: 407, loss_pix: 0.0124, loss: 0.0124
2025-06-17 15:38:51,192 - mmedit - INFO - Iter [5200/20000]	lr_generator: 1.644e-04, eta: 0:13:17, time: 0.045, data_time: 0.001, memory: 407, loss_pix: 0.0105, loss: 0.0105
2025-06-17 15:38:54,175 - mmedit - INFO - Iter [5250/20000]	lr_generator: 1.641e-04, eta: 0:13:16, time: 0.060, data_time: 0.001, memory: 407, loss_pix: 0.0123, loss: 0.0123
2025-06-17 15:38:57,063 - mmedit - INFO - Iter [5300/20000]	lr_generator: 1.637e-04, eta: 0:13:13, time: 0.058, data_time: 0.001, memory: 407, loss_pix: 0.0117, loss: 0.0117
2025-06-17 15:38:59,813 - mmedit - INFO - Iter [5350/20000]	lr_generator: 1.634e-04, eta: 0:13:11, time: 0.055, data_time: 0.001, memory: 407, loss_pix: 0.0112, loss: 0.0112
2025-06-17 15:39:01,997 - mmedit - INFO - Iter [5400/20000]	lr_generator: 1.630e-04, eta: 0:13:07, time: 0.044, data_time: 0.001, memory: 407, loss_pix: 0.0123, loss: 0.0123
2025-06-17 15:39:04,231 - mmedit - INFO - Iter [5450/20000]	lr_generator: 1.627e-04, eta: 0:13:03, time: 0.045, data_time: 0.001, memory: 407, loss_pix: 0.0118, loss: 0.0118
2025-06-17 15:39:06,583 - mmedit - INFO - Iter [5500/20000]	lr_generator: 1.623e-04, eta: 0:12:59, time: 0.047, data_time: 0.001, memory: 407, loss_pix: 0.0107, loss: 0.0107
2025-06-17 15:39:08,927 - mmedit - INFO - Iter [5550/20000]	lr_generator: 1.620e-04, eta: 0:12:56, time: 0.047, data_time: 0.001, memory: 407, loss_pix: 0.0114, loss: 0.0114
2025-06-17 15:39:11,712 - mmedit - INFO - Iter [5600/20000]	lr_generator: 1.616e-04, eta: 0:12:53, time: 0.056, data_time: 0.001, memory: 407, loss_pix: 0.0109, loss: 0.0109
2025-06-17 15:39:14,524 - mmedit - INFO - Iter [5650/20000]	lr_generator: 1.613e-04, eta: 0:12:51, time: 0.056, data_time: 0.001, memory: 407, loss_pix: 0.0119, loss: 0.0119
2025-06-17 15:39:16,982 - mmedit - INFO - Iter [5700/20000]	lr_generator: 1.609e-04, eta: 0:12:48, time: 0.049, data_time: 0.001, memory: 407, loss_pix: 0.0113, loss: 0.0113
2025-06-17 15:39:19,476 - mmedit - INFO - Iter [5750/20000]	lr_generator: 1.606e-04, eta: 0:12:44, time: 0.050, data_time: 0.001, memory: 407, loss_pix: 0.0110, loss: 0.0110
2025-06-17 15:39:22,037 - mmedit - INFO - Iter [5800/20000]	lr_generator: 1.602e-04, eta: 0:12:41, time: 0.051, data_time: 0.001, memory: 407, loss_pix: 0.0113, loss: 0.0113
2025-06-17 15:39:24,690 - mmedit - INFO - Iter [5850/20000]	lr_generator: 1.599e-04, eta: 0:12:39, time: 0.053, data_time: 0.001, memory: 407, loss_pix: 0.0114, loss: 0.0114
2025-06-17 15:39:27,192 - mmedit - INFO - Iter [5900/20000]	lr_generator: 1.595e-04, eta: 0:12:36, time: 0.050, data_time: 0.001, memory: 407, loss_pix: 0.0103, loss: 0.0103
2025-06-17 15:39:29,610 - mmedit - INFO - Iter [5950/20000]	lr_generator: 1.592e-04, eta: 0:12:32, time: 0.048, data_time: 0.001, memory: 407, loss_pix: 0.0117, loss: 0.0117
2025-06-17 15:39:43,336 - mmedit - INFO - Exp name: swinir2x
2025-06-17 15:39:43,337 - mmedit - INFO - Iter(val) [6000]	PSNR: 38.5430, SSIM: 0.9950
2025-06-17 15:39:43,337 - mmedit - INFO - Exp name: swinir2x
2025-06-17 15:39:43,338 - mmedit - INFO - Iter(val) [6000]	
2025-06-17 15:39:45,471 - mmedit - INFO - Iter [6050/20000]	lr_generator: 1.585e-04, eta: 0:12:46, time: 0.273, data_time: 0.231, memory: 407, loss_pix: 0.0104, loss: 0.0104
2025-06-17 15:39:47,622 - mmedit - INFO - Iter [6100/20000]	lr_generator: 1.581e-04, eta: 0:12:42, time: 0.043, data_time: 0.001, memory: 407, loss_pix: 0.0116, loss: 0.0116
2025-06-17 15:39:49,942 - mmedit - INFO - Iter [6150/20000]	lr_generator: 1.578e-04, eta: 0:12:38, time: 0.046, data_time: 0.001, memory: 407, loss_pix: 0.0106, loss: 0.0106
2025-06-17 15:39:52,129 - mmedit - INFO - Iter [6200/20000]	lr_generator: 1.574e-04, eta: 0:12:34, time: 0.044, data_time: 0.001, memory: 407, loss_pix: 0.0113, loss: 0.0113
2025-06-17 15:39:54,387 - mmedit - INFO - Iter [6250/20000]	lr_generator: 1.571e-04, eta: 0:12:30, time: 0.045, data_time: 0.001, memory: 407, loss_pix: 0.0114, loss: 0.0114
2025-06-17 15:39:56,670 - mmedit - INFO - Iter [6300/20000]	lr_generator: 1.567e-04, eta: 0:12:27, time: 0.046, data_time: 0.001, memory: 407, loss_pix: 0.0111, loss: 0.0111
2025-06-17 15:39:59,000 - mmedit - INFO - Iter [6350/20000]	lr_generator: 1.564e-04, eta: 0:12:23, time: 0.047, data_time: 0.001, memory: 407, loss_pix: 0.0107, loss: 0.0107
2025-06-17 15:40:01,421 - mmedit - INFO - Iter [6400/20000]	lr_generator: 1.560e-04, eta: 0:12:20, time: 0.048, data_time: 0.001, memory: 407, loss_pix: 0.0120, loss: 0.0120
2025-06-17 15:40:04,057 - mmedit - INFO - Iter [6450/20000]	lr_generator: 1.557e-04, eta: 0:12:17, time: 0.053, data_time: 0.001, memory: 407, loss_pix: 0.0115, loss: 0.0115
2025-06-17 15:40:06,685 - mmedit - INFO - Iter [6500/20000]	lr_generator: 1.553e-04, eta: 0:12:14, time: 0.053, data_time: 0.001, memory: 407, loss_pix: 0.0110, loss: 0.0110
2025-06-17 15:40:09,211 - mmedit - INFO - Iter [6550/20000]	lr_generator: 1.550e-04, eta: 0:12:11, time: 0.051, data_time: 0.001, memory: 407, loss_pix: 0.0108, loss: 0.0108
2025-06-17 15:40:11,328 - mmedit - INFO - Iter [6600/20000]	lr_generator: 1.546e-04, eta: 0:12:07, time: 0.042, data_time: 0.001, memory: 407, loss_pix: 0.0102, loss: 0.0102
2025-06-17 15:40:13,425 - mmedit - INFO - Iter [6650/20000]	lr_generator: 1.543e-04, eta: 0:12:03, time: 0.042, data_time: 0.001, memory: 407, loss_pix: 0.0113, loss: 0.0113
2025-06-17 15:40:15,483 - mmedit - INFO - Iter [6700/20000]	lr_generator: 1.539e-04, eta: 0:11:59, time: 0.041, data_time: 0.001, memory: 407, loss_pix: 0.0110, loss: 0.0110
2025-06-17 15:40:17,534 - mmedit - INFO - Iter [6750/20000]	lr_generator: 1.536e-04, eta: 0:11:55, time: 0.041, data_time: 0.001, memory: 407, loss_pix: 0.0111, loss: 0.0111
2025-06-17 15:40:19,960 - mmedit - INFO - Iter [6800/20000]	lr_generator: 1.532e-04, eta: 0:11:52, time: 0.049, data_time: 0.001, memory: 407, loss_pix: 0.0108, loss: 0.0108
2025-06-17 15:40:22,351 - mmedit - INFO - Iter [6850/20000]	lr_generator: 1.529e-04, eta: 0:11:48, time: 0.048, data_time: 0.001, memory: 407, loss_pix: 0.0120, loss: 0.0120
2025-06-17 15:40:24,460 - mmedit - INFO - Iter [6900/20000]	lr_generator: 1.525e-04, eta: 0:11:45, time: 0.042, data_time: 0.001, memory: 407, loss_pix: 0.0113, loss: 0.0113
2025-06-17 15:40:26,610 - mmedit - INFO - Iter [6950/20000]	lr_generator: 1.522e-04, eta: 0:11:41, time: 0.043, data_time: 0.001, memory: 407, loss_pix: 0.0107, loss: 0.0107
2025-06-17 15:40:40,286 - mmedit - INFO - Exp name: swinir2x
2025-06-17 15:40:40,286 - mmedit - INFO - Iter(val) [7000]	PSNR: 33.9167, SSIM: 0.9728
2025-06-17 15:40:40,287 - mmedit - INFO - Exp name: swinir2x
2025-06-17 15:40:40,287 - mmedit - INFO - Iter(val) [7000]	
2025-06-17 15:40:42,441 - mmedit - INFO - Iter [7050/20000]	lr_generator: 1.514e-04, eta: 0:11:51, time: 0.274, data_time: 0.231, memory: 407, loss_pix: 0.0097, loss: 0.0097
2025-06-17 15:40:44,948 - mmedit - INFO - Iter [7100/20000]	lr_generator: 1.511e-04, eta: 0:11:48, time: 0.050, data_time: 0.001, memory: 407, loss_pix: 0.0105, loss: 0.0105
2025-06-17 15:40:47,680 - mmedit - INFO - Iter [7150/20000]	lr_generator: 1.507e-04, eta: 0:11:45, time: 0.055, data_time: 0.001, memory: 407, loss_pix: 0.0111, loss: 0.0111
2025-06-17 15:40:50,548 - mmedit - INFO - Iter [7200/20000]	lr_generator: 1.504e-04, eta: 0:11:42, time: 0.057, data_time: 0.001, memory: 407, loss_pix: 0.0096, loss: 0.0096
2025-06-17 15:40:52,879 - mmedit - INFO - Iter [7250/20000]	lr_generator: 1.500e-04, eta: 0:11:39, time: 0.047, data_time: 0.001, memory: 407, loss_pix: 0.0104, loss: 0.0104
2025-06-17 15:40:55,074 - mmedit - INFO - Iter [7300/20000]	lr_generator: 1.497e-04, eta: 0:11:35, time: 0.044, data_time: 0.001, memory: 407, loss_pix: 0.0116, loss: 0.0116
2025-06-17 15:40:57,847 - mmedit - INFO - Iter [7350/20000]	lr_generator: 1.493e-04, eta: 0:11:32, time: 0.055, data_time: 0.001, memory: 407, loss_pix: 0.0114, loss: 0.0114
2025-06-17 15:41:00,625 - mmedit - INFO - Iter [7400/20000]	lr_generator: 1.490e-04, eta: 0:11:30, time: 0.056, data_time: 0.001, memory: 407, loss_pix: 0.0110, loss: 0.0110
2025-06-17 15:41:02,882 - mmedit - INFO - Iter [7450/20000]	lr_generator: 1.486e-04, eta: 0:11:26, time: 0.045, data_time: 0.001, memory: 407, loss_pix: 0.0106, loss: 0.0106
2025-06-17 15:41:05,071 - mmedit - INFO - Iter [7500/20000]	lr_generator: 1.483e-04, eta: 0:11:23, time: 0.044, data_time: 0.001, memory: 407, loss_pix: 0.0105, loss: 0.0105
2025-06-17 15:41:07,363 - mmedit - INFO - Iter [7550/20000]	lr_generator: 1.479e-04, eta: 0:11:19, time: 0.046, data_time: 0.001, memory: 407, loss_pix: 0.0106, loss: 0.0106
2025-06-17 15:41:09,536 - mmedit - INFO - Iter [7600/20000]	lr_generator: 1.476e-04, eta: 0:11:16, time: 0.043, data_time: 0.001, memory: 407, loss_pix: 0.0097, loss: 0.0097
2025-06-17 15:41:11,694 - mmedit - INFO - Iter [7650/20000]	lr_generator: 1.472e-04, eta: 0:11:12, time: 0.043, data_time: 0.001, memory: 407, loss_pix: 0.0103, loss: 0.0103
2025-06-17 15:41:13,812 - mmedit - INFO - Iter [7700/20000]	lr_generator: 1.469e-04, eta: 0:11:08, time: 0.042, data_time: 0.001, memory: 407, loss_pix: 0.0109, loss: 0.0109
2025-06-17 15:41:15,918 - mmedit - INFO - Iter [7750/20000]	lr_generator: 1.465e-04, eta: 0:11:05, time: 0.042, data_time: 0.001, memory: 407, loss_pix: 0.0097, loss: 0.0097
2025-06-17 15:41:18,062 - mmedit - INFO - Iter [7800/20000]	lr_generator: 1.461e-04, eta: 0:11:01, time: 0.043, data_time: 0.001, memory: 407, loss_pix: 0.0099, loss: 0.0099
2025-06-17 15:41:20,158 - mmedit - INFO - Iter [7850/20000]	lr_generator: 1.458e-04, eta: 0:10:57, time: 0.042, data_time: 0.001, memory: 407, loss_pix: 0.0100, loss: 0.0100
2025-06-17 15:41:22,325 - mmedit - INFO - Iter [7900/20000]	lr_generator: 1.454e-04, eta: 0:10:54, time: 0.043, data_time: 0.001, memory: 407, loss_pix: 0.0098, loss: 0.0098
2025-06-17 15:41:24,522 - mmedit - INFO - Iter [7950/20000]	lr_generator: 1.451e-04, eta: 0:10:50, time: 0.044, data_time: 0.001, memory: 407, loss_pix: 0.0107, loss: 0.0107
2025-06-17 15:41:35,188 - mmedit - INFO - Exp name: swinir2x
2025-06-17 15:41:35,188 - mmedit - INFO - Iter(val) [8000]	PSNR: 38.1121, SSIM: 0.9948
2025-06-17 15:41:35,188 - mmedit - INFO - Exp name: swinir2x
2025-06-17 15:41:35,189 - mmedit - INFO - Iter(val) [8000]	
2025-06-17 15:41:37,546 - mmedit - INFO - Iter [8050/20000]	lr_generator: 1.444e-04, eta: 0:10:53, time: 0.218, data_time: 0.171, memory: 407, loss_pix: 0.0107, loss: 0.0107
2025-06-17 15:41:40,231 - mmedit - INFO - Iter [8100/20000]	lr_generator: 1.440e-04, eta: 0:10:50, time: 0.054, data_time: 0.001, memory: 407, loss_pix: 0.0112, loss: 0.0112
2025-06-17 15:41:42,371 - mmedit - INFO - Iter [8150/20000]	lr_generator: 1.437e-04, eta: 0:10:47, time: 0.043, data_time: 0.001, memory: 407, loss_pix: 0.0096, loss: 0.0096
2025-06-17 15:41:44,580 - mmedit - INFO - Iter [8200/20000]	lr_generator: 1.433e-04, eta: 0:10:43, time: 0.044, data_time: 0.001, memory: 407, loss_pix: 0.0098, loss: 0.0098
2025-06-17 15:41:47,010 - mmedit - INFO - Iter [8250/20000]	lr_generator: 1.429e-04, eta: 0:10:40, time: 0.049, data_time: 0.001, memory: 407, loss_pix: 0.0102, loss: 0.0102
2025-06-17 15:41:49,623 - mmedit - INFO - Iter [8300/20000]	lr_generator: 1.426e-04, eta: 0:10:37, time: 0.052, data_time: 0.001, memory: 407, loss_pix: 0.0101, loss: 0.0101
2025-06-17 15:41:52,257 - mmedit - INFO - Iter [8350/20000]	lr_generator: 1.422e-04, eta: 0:10:34, time: 0.053, data_time: 0.001, memory: 407, loss_pix: 0.0102, loss: 0.0102
2025-06-17 15:41:54,486 - mmedit - INFO - Iter [8400/20000]	lr_generator: 1.419e-04, eta: 0:10:31, time: 0.045, data_time: 0.001, memory: 407, loss_pix: 0.0106, loss: 0.0106
2025-06-17 15:41:57,096 - mmedit - INFO - Iter [8450/20000]	lr_generator: 1.415e-04, eta: 0:10:28, time: 0.052, data_time: 0.001, memory: 407, loss_pix: 0.0099, loss: 0.0099
2025-06-17 15:42:00,056 - mmedit - INFO - Iter [8500/20000]	lr_generator: 1.412e-04, eta: 0:10:26, time: 0.059, data_time: 0.001, memory: 407, loss_pix: 0.0105, loss: 0.0105
2025-06-17 15:42:02,804 - mmedit - INFO - Iter [8550/20000]	lr_generator: 1.408e-04, eta: 0:10:23, time: 0.055, data_time: 0.001, memory: 407, loss_pix: 0.0104, loss: 0.0104
2025-06-17 15:42:05,314 - mmedit - INFO - Iter [8600/20000]	lr_generator: 1.405e-04, eta: 0:10:20, time: 0.050, data_time: 0.001, memory: 407, loss_pix: 0.0098, loss: 0.0098
2025-06-17 15:42:07,911 - mmedit - INFO - Iter [8650/20000]	lr_generator: 1.401e-04, eta: 0:10:17, time: 0.052, data_time: 0.001, memory: 407, loss_pix: 0.0100, loss: 0.0100
2025-06-17 15:42:10,500 - mmedit - INFO - Iter [8700/20000]	lr_generator: 1.397e-04, eta: 0:10:14, time: 0.052, data_time: 0.001, memory: 407, loss_pix: 0.0097, loss: 0.0097
2025-06-17 15:42:13,004 - mmedit - INFO - Iter [8750/20000]	lr_generator: 1.394e-04, eta: 0:10:11, time: 0.050, data_time: 0.001, memory: 407, loss_pix: 0.0102, loss: 0.0102
2025-06-17 15:42:15,226 - mmedit - INFO - Iter [8800/20000]	lr_generator: 1.390e-04, eta: 0:10:08, time: 0.044, data_time: 0.001, memory: 407, loss_pix: 0.0097, loss: 0.0097
2025-06-17 15:42:17,374 - mmedit - INFO - Iter [8850/20000]	lr_generator: 1.387e-04, eta: 0:10:04, time: 0.043, data_time: 0.001, memory: 407, loss_pix: 0.0101, loss: 0.0101
2025-06-17 15:42:19,624 - mmedit - INFO - Iter [8900/20000]	lr_generator: 1.383e-04, eta: 0:10:01, time: 0.045, data_time: 0.001, memory: 407, loss_pix: 0.0103, loss: 0.0103
2025-06-17 15:42:22,071 - mmedit - INFO - Iter [8950/20000]	lr_generator: 1.379e-04, eta: 0:09:58, time: 0.049, data_time: 0.001, memory: 407, loss_pix: 0.0096, loss: 0.0096
2025-06-17 15:43:48,856 - mmedit - INFO - Exp name: swinir2x
2025-06-17 15:43:48,856 - mmedit - INFO - Iter(val) [9000]	PSNR: 39.1275, SSIM: 0.9950
2025-06-17 15:43:48,857 - mmedit - INFO - Exp name: swinir2x
2025-06-17 15:43:48,857 - mmedit - INFO - Iter(val) [9000]	
2025-06-17 15:43:51,798 - mmedit - INFO - Iter [9050/20000]	lr_generator: 1.372e-04, eta: 0:11:32, time: 1.745, data_time: 1.687, memory: 407, loss_pix: 0.0099, loss: 0.0099
2025-06-17 15:43:54,715 - mmedit - INFO - Iter [9100/20000]	lr_generator: 1.369e-04, eta: 0:11:28, time: 0.058, data_time: 0.001, memory: 407, loss_pix: 0.0095, loss: 0.0095
2025-06-17 15:43:57,687 - mmedit - INFO - Iter [9150/20000]	lr_generator: 1.365e-04, eta: 0:11:25, time: 0.059, data_time: 0.002, memory: 407, loss_pix: 0.0094, loss: 0.0094
2025-06-17 15:44:00,631 - mmedit - INFO - Iter [9200/20000]	lr_generator: 1.362e-04, eta: 0:11:21, time: 0.059, data_time: 0.001, memory: 407, loss_pix: 0.0101, loss: 0.0101
2025-06-17 15:44:03,574 - mmedit - INFO - Iter [9250/20000]	lr_generator: 1.358e-04, eta: 0:11:18, time: 0.059, data_time: 0.002, memory: 407, loss_pix: 0.0104, loss: 0.0104
2025-06-17 15:44:06,453 - mmedit - INFO - Iter [9300/20000]	lr_generator: 1.354e-04, eta: 0:11:14, time: 0.058, data_time: 0.001, memory: 407, loss_pix: 0.0097, loss: 0.0097
2025-06-17 15:44:09,397 - mmedit - INFO - Iter [9350/20000]	lr_generator: 1.351e-04, eta: 0:11:11, time: 0.059, data_time: 0.001, memory: 407, loss_pix: 0.0093, loss: 0.0093
2025-06-17 15:44:12,331 - mmedit - INFO - Iter [9400/20000]	lr_generator: 1.347e-04, eta: 0:11:08, time: 0.059, data_time: 0.001, memory: 407, loss_pix: 0.0090, loss: 0.0090
2025-06-17 15:44:15,315 - mmedit - INFO - Iter [9450/20000]	lr_generator: 1.344e-04, eta: 0:11:04, time: 0.060, data_time: 0.001, memory: 407, loss_pix: 0.0096, loss: 0.0096
2025-06-17 15:44:18,273 - mmedit - INFO - Iter [9500/20000]	lr_generator: 1.340e-04, eta: 0:11:01, time: 0.059, data_time: 0.001, memory: 407, loss_pix: 0.0092, loss: 0.0092
2025-06-17 15:44:21,159 - mmedit - INFO - Iter [9550/20000]	lr_generator: 1.336e-04, eta: 0:10:58, time: 0.058, data_time: 0.001, memory: 407, loss_pix: 0.0112, loss: 0.0112
2025-06-17 15:44:24,092 - mmedit - INFO - Iter [9600/20000]	lr_generator: 1.333e-04, eta: 0:10:54, time: 0.059, data_time: 0.001, memory: 407, loss_pix: 0.0108, loss: 0.0108
2025-06-17 15:44:26,998 - mmedit - INFO - Iter [9650/20000]	lr_generator: 1.329e-04, eta: 0:10:51, time: 0.058, data_time: 0.001, memory: 407, loss_pix: 0.0105, loss: 0.0105
2025-06-17 15:44:29,885 - mmedit - INFO - Iter [9700/20000]	lr_generator: 1.326e-04, eta: 0:10:47, time: 0.058, data_time: 0.001, memory: 407, loss_pix: 0.0101, loss: 0.0101
2025-06-17 15:44:32,745 - mmedit - INFO - Iter [9750/20000]	lr_generator: 1.322e-04, eta: 0:10:44, time: 0.057, data_time: 0.001, memory: 407, loss_pix: 0.0094, loss: 0.0094
2025-06-17 15:44:35,814 - mmedit - INFO - Iter [9800/20000]	lr_generator: 1.318e-04, eta: 0:10:41, time: 0.061, data_time: 0.001, memory: 407, loss_pix: 0.0095, loss: 0.0095
2025-06-17 15:44:38,681 - mmedit - INFO - Iter [9850/20000]	lr_generator: 1.315e-04, eta: 0:10:37, time: 0.057, data_time: 0.001, memory: 407, loss_pix: 0.0106, loss: 0.0106
2025-06-17 15:44:41,539 - mmedit - INFO - Iter [9900/20000]	lr_generator: 1.311e-04, eta: 0:10:34, time: 0.057, data_time: 0.001, memory: 407, loss_pix: 0.0103, loss: 0.0103
2025-06-17 15:44:44,532 - mmedit - INFO - Iter [9950/20000]	lr_generator: 1.308e-04, eta: 0:10:30, time: 0.060, data_time: 0.001, memory: 407, loss_pix: 0.0097, loss: 0.0097
2025-06-17 15:44:47,391 - mmedit - INFO - Saving checkpoint at 10000 iterations
2025-06-17 15:45:01,597 - mmedit - INFO - Exp name: swinir2x
2025-06-17 15:45:01,597 - mmedit - INFO - Iter(val) [10000]	PSNR: 38.9451, SSIM: 0.9959
2025-06-17 15:45:01,598 - mmedit - INFO - Exp name: swinir2x
2025-06-17 15:45:01,599 - mmedit - INFO - Iter(val) [10000]	
2025-06-17 15:45:03,737 - mmedit - INFO - Iter [10050/20000]	lr_generator: 1.300e-04, eta: 0:10:34, time: 0.326, data_time: 0.284, memory: 407, loss_pix: 0.0102, loss: 0.0102
2025-06-17 15:45:05,818 - mmedit - INFO - Iter [10100/20000]	lr_generator: 1.297e-04, eta: 0:10:30, time: 0.042, data_time: 0.001, memory: 407, loss_pix: 0.0100, loss: 0.0100
2025-06-17 15:45:08,258 - mmedit - INFO - Iter [10150/20000]	lr_generator: 1.293e-04, eta: 0:10:26, time: 0.049, data_time: 0.001, memory: 407, loss_pix: 0.0099, loss: 0.0099
2025-06-17 15:45:10,678 - mmedit - INFO - Iter [10200/20000]	lr_generator: 1.289e-04, eta: 0:10:22, time: 0.048, data_time: 0.001, memory: 407, loss_pix: 0.0091, loss: 0.0091
2025-06-17 15:45:13,093 - mmedit - INFO - Iter [10250/20000]	lr_generator: 1.286e-04, eta: 0:10:18, time: 0.048, data_time: 0.001, memory: 407, loss_pix: 0.0092, loss: 0.0092
2025-06-17 15:45:15,500 - mmedit - INFO - Iter [10300/20000]	lr_generator: 1.282e-04, eta: 0:10:14, time: 0.048, data_time: 0.001, memory: 407, loss_pix: 0.0095, loss: 0.0095
2025-06-17 15:45:17,945 - mmedit - INFO - Iter [10350/20000]	lr_generator: 1.279e-04, eta: 0:10:10, time: 0.049, data_time: 0.001, memory: 407, loss_pix: 0.0094, loss: 0.0094
2025-06-17 15:45:20,246 - mmedit - INFO - Iter [10400/20000]	lr_generator: 1.275e-04, eta: 0:10:06, time: 0.046, data_time: 0.001, memory: 407, loss_pix: 0.0091, loss: 0.0091
2025-06-17 15:45:22,710 - mmedit - INFO - Iter [10450/20000]	lr_generator: 1.271e-04, eta: 0:10:03, time: 0.049, data_time: 0.001, memory: 407, loss_pix: 0.0096, loss: 0.0096
2025-06-17 15:45:24,917 - mmedit - INFO - Iter [10500/20000]	lr_generator: 1.268e-04, eta: 0:09:59, time: 0.044, data_time: 0.001, memory: 407, loss_pix: 0.0095, loss: 0.0095
2025-06-17 15:45:27,003 - mmedit - INFO - Iter [10550/20000]	lr_generator: 1.264e-04, eta: 0:09:55, time: 0.042, data_time: 0.001, memory: 407, loss_pix: 0.0104, loss: 0.0104
2025-06-17 15:45:29,260 - mmedit - INFO - Iter [10600/20000]	lr_generator: 1.260e-04, eta: 0:09:51, time: 0.045, data_time: 0.001, memory: 407, loss_pix: 0.0098, loss: 0.0098
2025-06-17 15:45:31,423 - mmedit - INFO - Iter [10650/20000]	lr_generator: 1.257e-04, eta: 0:09:47, time: 0.043, data_time: 0.001, memory: 407, loss_pix: 0.0095, loss: 0.0095
2025-06-17 15:45:33,637 - mmedit - INFO - Iter [10700/20000]	lr_generator: 1.253e-04, eta: 0:09:43, time: 0.044, data_time: 0.001, memory: 407, loss_pix: 0.0099, loss: 0.0099
2025-06-17 15:45:36,042 - mmedit - INFO - Iter [10750/20000]	lr_generator: 1.249e-04, eta: 0:09:39, time: 0.048, data_time: 0.001, memory: 407, loss_pix: 0.0095, loss: 0.0095
2025-06-17 15:45:38,259 - mmedit - INFO - Iter [10800/20000]	lr_generator: 1.246e-04, eta: 0:09:35, time: 0.044, data_time: 0.001, memory: 407, loss_pix: 0.0099, loss: 0.0099
2025-06-17 15:45:40,385 - mmedit - INFO - Iter [10850/20000]	lr_generator: 1.242e-04, eta: 0:09:31, time: 0.043, data_time: 0.001, memory: 407, loss_pix: 0.0093, loss: 0.0093
2025-06-17 15:45:42,973 - mmedit - INFO - Iter [10900/20000]	lr_generator: 1.238e-04, eta: 0:09:27, time: 0.052, data_time: 0.001, memory: 407, loss_pix: 0.0104, loss: 0.0104
2025-06-17 15:45:45,688 - mmedit - INFO - Iter [10950/20000]	lr_generator: 1.235e-04, eta: 0:09:24, time: 0.054, data_time: 0.001, memory: 407, loss_pix: 0.0108, loss: 0.0108
2025-06-17 15:45:55,469 - mmedit - INFO - Exp name: swinir2x
2025-06-17 15:45:55,469 - mmedit - INFO - Iter(val) [11000]	PSNR: 39.4578, SSIM: 0.9966
2025-06-17 15:45:55,469 - mmedit - INFO - Exp name: swinir2x
2025-06-17 15:45:55,470 - mmedit - INFO - Iter(val) [11000]	
2025-06-17 15:45:57,557 - mmedit - INFO - Iter [11050/20000]	lr_generator: 1.228e-04, eta: 0:09:20, time: 0.188, data_time: 0.147, memory: 407, loss_pix: 0.0094, loss: 0.0094
2025-06-17 15:45:59,840 - mmedit - INFO - Iter [11100/20000]	lr_generator: 1.224e-04, eta: 0:09:16, time: 0.046, data_time: 0.001, memory: 407, loss_pix: 0.0090, loss: 0.0090
2025-06-17 15:46:02,137 - mmedit - INFO - Iter [11150/20000]	lr_generator: 1.220e-04, eta: 0:09:13, time: 0.046, data_time: 0.001, memory: 407, loss_pix: 0.0097, loss: 0.0097
2025-06-17 15:46:04,406 - mmedit - INFO - Iter [11200/20000]	lr_generator: 1.217e-04, eta: 0:09:09, time: 0.045, data_time: 0.001, memory: 407, loss_pix: 0.0095, loss: 0.0095
2025-06-17 15:46:06,559 - mmedit - INFO - Iter [11250/20000]	lr_generator: 1.213e-04, eta: 0:09:05, time: 0.043, data_time: 0.001, memory: 407, loss_pix: 0.0099, loss: 0.0099
2025-06-17 15:46:08,703 - mmedit - INFO - Iter [11300/20000]	lr_generator: 1.209e-04, eta: 0:09:01, time: 0.043, data_time: 0.001, memory: 407, loss_pix: 0.0092, loss: 0.0092
2025-06-17 15:46:10,890 - mmedit - INFO - Iter [11350/20000]	lr_generator: 1.206e-04, eta: 0:08:57, time: 0.044, data_time: 0.001, memory: 407, loss_pix: 0.0099, loss: 0.0099
2025-06-17 15:46:12,936 - mmedit - INFO - Iter [11400/20000]	lr_generator: 1.202e-04, eta: 0:08:53, time: 0.041, data_time: 0.001, memory: 407, loss_pix: 0.0099, loss: 0.0099
2025-06-17 15:46:15,123 - mmedit - INFO - Iter [11450/20000]	lr_generator: 1.198e-04, eta: 0:08:50, time: 0.044, data_time: 0.001, memory: 407, loss_pix: 0.0090, loss: 0.0090
2025-06-17 15:46:17,206 - mmedit - INFO - Iter [11500/20000]	lr_generator: 1.195e-04, eta: 0:08:46, time: 0.042, data_time: 0.001, memory: 407, loss_pix: 0.0092, loss: 0.0092
2025-06-17 15:46:19,383 - mmedit - INFO - Iter [11550/20000]	lr_generator: 1.191e-04, eta: 0:08:42, time: 0.044, data_time: 0.001, memory: 407, loss_pix: 0.0086, loss: 0.0086
2025-06-17 15:46:21,695 - mmedit - INFO - Iter [11600/20000]	lr_generator: 1.187e-04, eta: 0:08:38, time: 0.046, data_time: 0.001, memory: 407, loss_pix: 0.0084, loss: 0.0084
2025-06-17 15:46:24,200 - mmedit - INFO - Iter [11650/20000]	lr_generator: 1.183e-04, eta: 0:08:35, time: 0.050, data_time: 0.001, memory: 407, loss_pix: 0.0097, loss: 0.0097
2025-06-17 15:46:26,520 - mmedit - INFO - Iter [11700/20000]	lr_generator: 1.180e-04, eta: 0:08:31, time: 0.046, data_time: 0.001, memory: 407, loss_pix: 0.0093, loss: 0.0093
2025-06-17 15:46:28,897 - mmedit - INFO - Iter [11750/20000]	lr_generator: 1.176e-04, eta: 0:08:28, time: 0.048, data_time: 0.001, memory: 407, loss_pix: 0.0102, loss: 0.0102
2025-06-17 15:46:31,207 - mmedit - INFO - Iter [11800/20000]	lr_generator: 1.172e-04, eta: 0:08:24, time: 0.046, data_time: 0.001, memory: 407, loss_pix: 0.0090, loss: 0.0090
2025-06-17 15:46:33,814 - mmedit - INFO - Iter [11850/20000]	lr_generator: 1.169e-04, eta: 0:08:21, time: 0.052, data_time: 0.001, memory: 407, loss_pix: 0.0091, loss: 0.0091
2025-06-17 15:46:36,558 - mmedit - INFO - Iter [11900/20000]	lr_generator: 1.165e-04, eta: 0:08:17, time: 0.055, data_time: 0.001, memory: 407, loss_pix: 0.0087, loss: 0.0087
2025-06-17 15:46:39,614 - mmedit - INFO - Iter [11950/20000]	lr_generator: 1.161e-04, eta: 0:08:14, time: 0.061, data_time: 0.001, memory: 407, loss_pix: 0.0092, loss: 0.0092
2025-06-17 15:46:57,537 - mmedit - INFO - Exp name: swinir2x
2025-06-17 15:46:57,537 - mmedit - INFO - Iter(val) [12000]	PSNR: 38.2830, SSIM: 0.9893
2025-06-17 15:46:57,538 - mmedit - INFO - Exp name: swinir2x
2025-06-17 15:46:57,538 - mmedit - INFO - Iter(val) [12000]	
2025-06-17 15:46:59,670 - mmedit - INFO - Iter [12050/20000]	lr_generator: 1.154e-04, eta: 0:08:15, time: 0.345, data_time: 0.303, memory: 407, loss_pix: 0.0087, loss: 0.0087
2025-06-17 15:47:01,798 - mmedit - INFO - Iter [12100/20000]	lr_generator: 1.150e-04, eta: 0:08:12, time: 0.043, data_time: 0.001, memory: 407, loss_pix: 0.0082, loss: 0.0082
2025-06-17 15:47:03,946 - mmedit - INFO - Iter [12150/20000]	lr_generator: 1.147e-04, eta: 0:08:08, time: 0.043, data_time: 0.001, memory: 407, loss_pix: 0.0102, loss: 0.0102
2025-06-17 15:47:06,043 - mmedit - INFO - Iter [12200/20000]	lr_generator: 1.143e-04, eta: 0:08:04, time: 0.042, data_time: 0.001, memory: 407, loss_pix: 0.0097, loss: 0.0097
2025-06-17 15:47:08,309 - mmedit - INFO - Iter [12250/20000]	lr_generator: 1.139e-04, eta: 0:08:01, time: 0.045, data_time: 0.001, memory: 407, loss_pix: 0.0092, loss: 0.0092
2025-06-17 15:47:10,717 - mmedit - INFO - Iter [12300/20000]	lr_generator: 1.135e-04, eta: 0:07:57, time: 0.048, data_time: 0.001, memory: 407, loss_pix: 0.0085, loss: 0.0085
2025-06-17 15:47:13,146 - mmedit - INFO - Iter [12350/20000]	lr_generator: 1.132e-04, eta: 0:07:53, time: 0.049, data_time: 0.001, memory: 407, loss_pix: 0.0100, loss: 0.0100
2025-06-17 15:47:15,595 - mmedit - INFO - Iter [12400/20000]	lr_generator: 1.128e-04, eta: 0:07:50, time: 0.049, data_time: 0.001, memory: 407, loss_pix: 0.0087, loss: 0.0087
2025-06-17 15:47:17,986 - mmedit - INFO - Iter [12450/20000]	lr_generator: 1.124e-04, eta: 0:07:46, time: 0.048, data_time: 0.001, memory: 407, loss_pix: 0.0104, loss: 0.0104
2025-06-17 15:47:20,116 - mmedit - INFO - Iter [12500/20000]	lr_generator: 1.121e-04, eta: 0:07:43, time: 0.043, data_time: 0.001, memory: 407, loss_pix: 0.0096, loss: 0.0096
2025-06-17 15:47:22,438 - mmedit - INFO - Iter [12550/20000]	lr_generator: 1.117e-04, eta: 0:07:39, time: 0.046, data_time: 0.001, memory: 407, loss_pix: 0.0095, loss: 0.0095
2025-06-17 15:47:24,879 - mmedit - INFO - Iter [12600/20000]	lr_generator: 1.113e-04, eta: 0:07:36, time: 0.049, data_time: 0.001, memory: 407, loss_pix: 0.0094, loss: 0.0094
2025-06-17 15:47:27,106 - mmedit - INFO - Iter [12650/20000]	lr_generator: 1.109e-04, eta: 0:07:32, time: 0.045, data_time: 0.001, memory: 407, loss_pix: 0.0088, loss: 0.0088
2025-06-17 15:47:29,351 - mmedit - INFO - Iter [12700/20000]	lr_generator: 1.106e-04, eta: 0:07:29, time: 0.045, data_time: 0.001, memory: 407, loss_pix: 0.0097, loss: 0.0097
2025-06-17 15:47:32,129 - mmedit - INFO - Iter [12750/20000]	lr_generator: 1.102e-04, eta: 0:07:25, time: 0.056, data_time: 0.001, memory: 407, loss_pix: 0.0098, loss: 0.0098
2025-06-17 15:47:34,736 - mmedit - INFO - Iter [12800/20000]	lr_generator: 1.098e-04, eta: 0:07:22, time: 0.052, data_time: 0.001, memory: 407, loss_pix: 0.0089, loss: 0.0089
2025-06-17 15:47:36,846 - mmedit - INFO - Iter [12850/20000]	lr_generator: 1.094e-04, eta: 0:07:18, time: 0.042, data_time: 0.001, memory: 407, loss_pix: 0.0092, loss: 0.0092
2025-06-17 15:47:38,999 - mmedit - INFO - Iter [12900/20000]	lr_generator: 1.091e-04, eta: 0:07:15, time: 0.043, data_time: 0.001, memory: 407, loss_pix: 0.0098, loss: 0.0098
2025-06-17 15:47:41,413 - mmedit - INFO - Iter [12950/20000]	lr_generator: 1.087e-04, eta: 0:07:11, time: 0.048, data_time: 0.001, memory: 407, loss_pix: 0.0089, loss: 0.0089
2025-06-17 15:47:51,319 - mmedit - INFO - Exp name: swinir2x
2025-06-17 15:47:51,319 - mmedit - INFO - Iter(val) [13000]	PSNR: 39.1160, SSIM: 0.9956
2025-06-17 15:47:51,319 - mmedit - INFO - Exp name: swinir2x
2025-06-17 15:47:51,320 - mmedit - INFO - Iter(val) [13000]	
2025-06-17 15:47:53,404 - mmedit - INFO - Iter [13050/20000]	lr_generator: 1.079e-04, eta: 0:07:07, time: 0.192, data_time: 0.151, memory: 407, loss_pix: 0.0088, loss: 0.0088
2025-06-17 15:47:55,518 - mmedit - INFO - Iter [13100/20000]	lr_generator: 1.076e-04, eta: 0:07:04, time: 0.042, data_time: 0.001, memory: 407, loss_pix: 0.0091, loss: 0.0091
2025-06-17 15:47:57,692 - mmedit - INFO - Iter [13150/20000]	lr_generator: 1.072e-04, eta: 0:07:00, time: 0.043, data_time: 0.001, memory: 407, loss_pix: 0.0093, loss: 0.0093
2025-06-17 15:47:59,795 - mmedit - INFO - Iter [13200/20000]	lr_generator: 1.068e-04, eta: 0:06:56, time: 0.042, data_time: 0.001, memory: 407, loss_pix: 0.0093, loss: 0.0093
2025-06-17 15:48:01,991 - mmedit - INFO - Iter [13250/20000]	lr_generator: 1.064e-04, eta: 0:06:53, time: 0.044, data_time: 0.001, memory: 407, loss_pix: 0.0097, loss: 0.0097
2025-06-17 15:48:04,347 - mmedit - INFO - Iter [13300/20000]	lr_generator: 1.061e-04, eta: 0:06:50, time: 0.047, data_time: 0.001, memory: 407, loss_pix: 0.0090, loss: 0.0090
2025-06-17 15:48:06,690 - mmedit - INFO - Iter [13350/20000]	lr_generator: 1.057e-04, eta: 0:06:46, time: 0.047, data_time: 0.001, memory: 407, loss_pix: 0.0091, loss: 0.0091
2025-06-17 15:48:09,052 - mmedit - INFO - Iter [13400/20000]	lr_generator: 1.053e-04, eta: 0:06:43, time: 0.047, data_time: 0.001, memory: 407, loss_pix: 0.0088, loss: 0.0088
2025-06-17 15:48:11,351 - mmedit - INFO - Iter [13450/20000]	lr_generator: 1.049e-04, eta: 0:06:39, time: 0.046, data_time: 0.001, memory: 407, loss_pix: 0.0090, loss: 0.0090
2025-06-17 15:48:13,617 - mmedit - INFO - Iter [13500/20000]	lr_generator: 1.046e-04, eta: 0:06:36, time: 0.045, data_time: 0.001, memory: 407, loss_pix: 0.0095, loss: 0.0095
2025-06-17 15:48:15,941 - mmedit - INFO - Iter [13550/20000]	lr_generator: 1.042e-04, eta: 0:06:32, time: 0.046, data_time: 0.001, memory: 407, loss_pix: 0.0097, loss: 0.0097
2025-06-17 15:48:18,194 - mmedit - INFO - Iter [13600/20000]	lr_generator: 1.038e-04, eta: 0:06:29, time: 0.045, data_time: 0.001, memory: 407, loss_pix: 0.0096, loss: 0.0096
2025-06-17 15:48:20,760 - mmedit - INFO - Iter [13650/20000]	lr_generator: 1.034e-04, eta: 0:06:26, time: 0.051, data_time: 0.001, memory: 407, loss_pix: 0.0098, loss: 0.0098
2025-06-17 15:48:23,447 - mmedit - INFO - Iter [13700/20000]	lr_generator: 1.030e-04, eta: 0:06:23, time: 0.054, data_time: 0.001, memory: 407, loss_pix: 0.0092, loss: 0.0092
2025-06-17 15:48:26,072 - mmedit - INFO - Iter [13750/20000]	lr_generator: 1.027e-04, eta: 0:06:19, time: 0.052, data_time: 0.001, memory: 407, loss_pix: 0.0094, loss: 0.0094
2025-06-17 15:48:28,249 - mmedit - INFO - Iter [13800/20000]	lr_generator: 1.023e-04, eta: 0:06:16, time: 0.044, data_time: 0.001, memory: 407, loss_pix: 0.0098, loss: 0.0098
2025-06-17 15:48:30,457 - mmedit - INFO - Iter [13850/20000]	lr_generator: 1.019e-04, eta: 0:06:13, time: 0.044, data_time: 0.001, memory: 407, loss_pix: 0.0090, loss: 0.0090
2025-06-17 15:48:32,852 - mmedit - INFO - Iter [13900/20000]	lr_generator: 1.015e-04, eta: 0:06:09, time: 0.048, data_time: 0.001, memory: 407, loss_pix: 0.0085, loss: 0.0085
2025-06-17 15:48:35,262 - mmedit - INFO - Iter [13950/20000]	lr_generator: 1.011e-04, eta: 0:06:06, time: 0.048, data_time: 0.001, memory: 407, loss_pix: 0.0095, loss: 0.0095
2025-06-17 15:48:52,877 - mmedit - INFO - Exp name: swinir2x
2025-06-17 15:48:52,877 - mmedit - INFO - Iter(val) [14000]	PSNR: 39.4859, SSIM: 0.9964
2025-06-17 15:48:52,878 - mmedit - INFO - Exp name: swinir2x
2025-06-17 15:48:52,878 - mmedit - INFO - Iter(val) [14000]	
2025-06-17 15:48:55,010 - mmedit - INFO - Iter [14050/20000]	lr_generator: 1.004e-04, eta: 0:06:05, time: 0.343, data_time: 0.301, memory: 407, loss_pix: 0.0084, loss: 0.0084
2025-06-17 15:48:57,263 - mmedit - INFO - Iter [14100/20000]	lr_generator: 1.000e-04, eta: 0:06:01, time: 0.045, data_time: 0.001, memory: 407, loss_pix: 0.0094, loss: 0.0094
2025-06-17 15:48:59,385 - mmedit - INFO - Iter [14150/20000]	lr_generator: 9.962e-05, eta: 0:05:58, time: 0.042, data_time: 0.001, memory: 407, loss_pix: 0.0086, loss: 0.0086
2025-06-17 15:49:01,868 - mmedit - INFO - Iter [14200/20000]	lr_generator: 9.924e-05, eta: 0:05:54, time: 0.050, data_time: 0.001, memory: 407, loss_pix: 0.0086, loss: 0.0086
2025-06-17 15:49:04,174 - mmedit - INFO - Iter [14250/20000]	lr_generator: 9.886e-05, eta: 0:05:51, time: 0.046, data_time: 0.001, memory: 407, loss_pix: 0.0088, loss: 0.0088
2025-06-17 15:49:06,323 - mmedit - INFO - Iter [14300/20000]	lr_generator: 9.848e-05, eta: 0:05:48, time: 0.043, data_time: 0.001, memory: 407, loss_pix: 0.0082, loss: 0.0082
2025-06-17 15:49:08,530 - mmedit - INFO - Iter [14350/20000]	lr_generator: 9.809e-05, eta: 0:05:44, time: 0.044, data_time: 0.001, memory: 407, loss_pix: 0.0088, loss: 0.0088
2025-06-17 15:49:10,700 - mmedit - INFO - Iter [14400/20000]	lr_generator: 9.771e-05, eta: 0:05:41, time: 0.043, data_time: 0.001, memory: 407, loss_pix: 0.0089, loss: 0.0089
2025-06-17 15:49:13,905 - mmedit - INFO - Iter [14450/20000]	lr_generator: 9.733e-05, eta: 0:05:38, time: 0.064, data_time: 0.001, memory: 407, loss_pix: 0.0092, loss: 0.0092
2025-06-17 15:49:16,771 - mmedit - INFO - Iter [14500/20000]	lr_generator: 9.694e-05, eta: 0:05:35, time: 0.057, data_time: 0.001, memory: 407, loss_pix: 0.0100, loss: 0.0100
2025-06-17 15:49:19,704 - mmedit - INFO - Iter [14550/20000]	lr_generator: 9.656e-05, eta: 0:05:32, time: 0.059, data_time: 0.001, memory: 407, loss_pix: 0.0091, loss: 0.0091
2025-06-17 15:49:22,127 - mmedit - INFO - Iter [14600/20000]	lr_generator: 9.617e-05, eta: 0:05:28, time: 0.048, data_time: 0.001, memory: 407, loss_pix: 0.0087, loss: 0.0087
2025-06-17 15:49:24,238 - mmedit - INFO - Iter [14650/20000]	lr_generator: 9.579e-05, eta: 0:05:25, time: 0.042, data_time: 0.001, memory: 407, loss_pix: 0.0074, loss: 0.0074
2025-06-17 15:49:26,462 - mmedit - INFO - Iter [14700/20000]	lr_generator: 9.540e-05, eta: 0:05:22, time: 0.044, data_time: 0.001, memory: 407, loss_pix: 0.0083, loss: 0.0083
2025-06-17 15:49:28,546 - mmedit - INFO - Iter [14750/20000]	lr_generator: 9.502e-05, eta: 0:05:18, time: 0.042, data_time: 0.001, memory: 407, loss_pix: 0.0092, loss: 0.0092
2025-06-17 15:49:30,834 - mmedit - INFO - Iter [14800/20000]	lr_generator: 9.463e-05, eta: 0:05:15, time: 0.046, data_time: 0.001, memory: 407, loss_pix: 0.0090, loss: 0.0090
2025-06-17 15:49:32,978 - mmedit - INFO - Iter [14850/20000]	lr_generator: 9.425e-05, eta: 0:05:12, time: 0.043, data_time: 0.001, memory: 407, loss_pix: 0.0095, loss: 0.0095
2025-06-17 15:49:35,106 - mmedit - INFO - Iter [14900/20000]	lr_generator: 9.386e-05, eta: 0:05:08, time: 0.043, data_time: 0.001, memory: 407, loss_pix: 0.0093, loss: 0.0093
2025-06-17 15:49:37,179 - mmedit - INFO - Iter [14950/20000]	lr_generator: 9.347e-05, eta: 0:05:05, time: 0.041, data_time: 0.001, memory: 407, loss_pix: 0.0091, loss: 0.0091
2025-06-17 15:49:46,862 - mmedit - INFO - Exp name: swinir2x
2025-06-17 15:49:46,862 - mmedit - INFO - Iter(val) [15000]	PSNR: 39.1859, SSIM: 0.9936
2025-06-17 15:49:46,863 - mmedit - INFO - Exp name: swinir2x
2025-06-17 15:49:46,863 - mmedit - INFO - Iter(val) [15000]	
2025-06-17 15:49:49,247 - mmedit - INFO - Iter [15050/20000]	lr_generator: 9.270e-05, eta: 0:05:00, time: 0.196, data_time: 0.149, memory: 407, loss_pix: 0.0094, loss: 0.0094
2025-06-17 15:49:51,385 - mmedit - INFO - Iter [15100/20000]	lr_generator: 9.231e-05, eta: 0:04:57, time: 0.043, data_time: 0.001, memory: 407, loss_pix: 0.0096, loss: 0.0096
2025-06-17 15:49:53,733 - mmedit - INFO - Iter [15150/20000]	lr_generator: 9.192e-05, eta: 0:04:54, time: 0.047, data_time: 0.001, memory: 407, loss_pix: 0.0093, loss: 0.0093
2025-06-17 15:49:56,174 - mmedit - INFO - Iter [15200/20000]	lr_generator: 9.153e-05, eta: 0:04:50, time: 0.049, data_time: 0.001, memory: 407, loss_pix: 0.0088, loss: 0.0088
2025-06-17 15:49:58,627 - mmedit - INFO - Iter [15250/20000]	lr_generator: 9.114e-05, eta: 0:04:47, time: 0.049, data_time: 0.001, memory: 407, loss_pix: 0.0090, loss: 0.0090
2025-06-17 15:50:01,031 - mmedit - INFO - Iter [15300/20000]	lr_generator: 9.075e-05, eta: 0:04:44, time: 0.048, data_time: 0.001, memory: 407, loss_pix: 0.0086, loss: 0.0086
2025-06-17 15:50:03,316 - mmedit - INFO - Iter [15350/20000]	lr_generator: 9.036e-05, eta: 0:04:41, time: 0.046, data_time: 0.001, memory: 407, loss_pix: 0.0090, loss: 0.0090
2025-06-17 15:50:05,677 - mmedit - INFO - Iter [15400/20000]	lr_generator: 8.997e-05, eta: 0:04:37, time: 0.047, data_time: 0.001, memory: 407, loss_pix: 0.0081, loss: 0.0081
2025-06-17 15:50:08,567 - mmedit - INFO - Iter [15450/20000]	lr_generator: 8.958e-05, eta: 0:04:34, time: 0.058, data_time: 0.001, memory: 407, loss_pix: 0.0096, loss: 0.0096
2025-06-17 15:50:11,505 - mmedit - INFO - Iter [15500/20000]	lr_generator: 8.919e-05, eta: 0:04:31, time: 0.059, data_time: 0.001, memory: 407, loss_pix: 0.0087, loss: 0.0087
2025-06-17 15:50:14,587 - mmedit - INFO - Iter [15550/20000]	lr_generator: 8.880e-05, eta: 0:04:28, time: 0.062, data_time: 0.001, memory: 407, loss_pix: 0.0087, loss: 0.0087
2025-06-17 15:50:17,422 - mmedit - INFO - Iter [15600/20000]	lr_generator: 8.840e-05, eta: 0:04:25, time: 0.057, data_time: 0.001, memory: 407, loss_pix: 0.0091, loss: 0.0091
2025-06-17 15:50:19,559 - mmedit - INFO - Iter [15650/20000]	lr_generator: 8.801e-05, eta: 0:04:22, time: 0.043, data_time: 0.001, memory: 407, loss_pix: 0.0088, loss: 0.0088
2025-06-17 15:50:21,657 - mmedit - INFO - Iter [15700/20000]	lr_generator: 8.762e-05, eta: 0:04:19, time: 0.042, data_time: 0.001, memory: 407, loss_pix: 0.0087, loss: 0.0087
2025-06-17 15:50:24,011 - mmedit - INFO - Iter [15750/20000]	lr_generator: 8.722e-05, eta: 0:04:16, time: 0.047, data_time: 0.001, memory: 407, loss_pix: 0.0090, loss: 0.0090
2025-06-17 15:50:26,423 - mmedit - INFO - Iter [15800/20000]	lr_generator: 8.683e-05, eta: 0:04:12, time: 0.048, data_time: 0.001, memory: 407, loss_pix: 0.0091, loss: 0.0091
2025-06-17 15:50:28,966 - mmedit - INFO - Iter [15850/20000]	lr_generator: 8.643e-05, eta: 0:04:09, time: 0.051, data_time: 0.001, memory: 407, loss_pix: 0.0085, loss: 0.0085
2025-06-17 15:50:31,308 - mmedit - INFO - Iter [15900/20000]	lr_generator: 8.604e-05, eta: 0:04:06, time: 0.047, data_time: 0.001, memory: 407, loss_pix: 0.0087, loss: 0.0087
2025-06-17 15:50:33,699 - mmedit - INFO - Iter [15950/20000]	lr_generator: 8.564e-05, eta: 0:04:03, time: 0.048, data_time: 0.001, memory: 407, loss_pix: 0.0091, loss: 0.0091
2025-06-17 15:50:51,572 - mmedit - INFO - Exp name: swinir2x
2025-06-17 15:50:51,572 - mmedit - INFO - Iter(val) [16000]	PSNR: 39.4646, SSIM: 0.9967
2025-06-17 15:50:51,573 - mmedit - INFO - Exp name: swinir2x
2025-06-17 15:50:51,573 - mmedit - INFO - Iter(val) [16000]	
2025-06-17 15:50:53,664 - mmedit - INFO - Iter [16050/20000]	lr_generator: 8.485e-05, eta: 0:04:00, time: 0.351, data_time: 0.309, memory: 407, loss_pix: 0.0090, loss: 0.0090
2025-06-17 15:50:55,937 - mmedit - INFO - Iter [16100/20000]	lr_generator: 8.445e-05, eta: 0:03:56, time: 0.045, data_time: 0.001, memory: 407, loss_pix: 0.0083, loss: 0.0083
2025-06-17 15:50:58,184 - mmedit - INFO - Iter [16150/20000]	lr_generator: 8.405e-05, eta: 0:03:53, time: 0.045, data_time: 0.001, memory: 407, loss_pix: 0.0086, loss: 0.0086
2025-06-17 15:51:00,464 - mmedit - INFO - Iter [16200/20000]	lr_generator: 8.366e-05, eta: 0:03:50, time: 0.046, data_time: 0.001, memory: 407, loss_pix: 0.0087, loss: 0.0087
2025-06-17 15:51:02,710 - mmedit - INFO - Iter [16250/20000]	lr_generator: 8.326e-05, eta: 0:03:47, time: 0.045, data_time: 0.001, memory: 407, loss_pix: 0.0080, loss: 0.0080
2025-06-17 15:51:05,161 - mmedit - INFO - Iter [16300/20000]	lr_generator: 8.286e-05, eta: 0:03:44, time: 0.049, data_time: 0.001, memory: 407, loss_pix: 0.0085, loss: 0.0085
2025-06-17 15:51:07,817 - mmedit - INFO - Iter [16350/20000]	lr_generator: 8.246e-05, eta: 0:03:41, time: 0.053, data_time: 0.001, memory: 407, loss_pix: 0.0097, loss: 0.0097
2025-06-17 15:51:10,303 - mmedit - INFO - Iter [16400/20000]	lr_generator: 8.206e-05, eta: 0:03:37, time: 0.050, data_time: 0.001, memory: 407, loss_pix: 0.0098, loss: 0.0098
2025-06-17 15:51:12,513 - mmedit - INFO - Iter [16450/20000]	lr_generator: 8.166e-05, eta: 0:03:34, time: 0.044, data_time: 0.001, memory: 407, loss_pix: 0.0091, loss: 0.0091
2025-06-17 15:51:14,915 - mmedit - INFO - Iter [16500/20000]	lr_generator: 8.126e-05, eta: 0:03:31, time: 0.048, data_time: 0.001, memory: 407, loss_pix: 0.0087, loss: 0.0087
2025-06-17 15:51:17,547 - mmedit - INFO - Iter [16550/20000]	lr_generator: 8.085e-05, eta: 0:03:28, time: 0.053, data_time: 0.001, memory: 407, loss_pix: 0.0092, loss: 0.0092
2025-06-17 15:51:19,727 - mmedit - INFO - Iter [16600/20000]	lr_generator: 8.045e-05, eta: 0:03:25, time: 0.044, data_time: 0.001, memory: 407, loss_pix: 0.0079, loss: 0.0079
2025-06-17 15:51:21,828 - mmedit - INFO - Iter [16650/20000]	lr_generator: 8.005e-05, eta: 0:03:22, time: 0.042, data_time: 0.001, memory: 407, loss_pix: 0.0086, loss: 0.0086
2025-06-17 15:51:23,909 - mmedit - INFO - Iter [16700/20000]	lr_generator: 7.964e-05, eta: 0:03:18, time: 0.042, data_time: 0.001, memory: 407, loss_pix: 0.0089, loss: 0.0089
2025-06-17 15:51:26,103 - mmedit - INFO - Iter [16750/20000]	lr_generator: 7.924e-05, eta: 0:03:15, time: 0.044, data_time: 0.001, memory: 407, loss_pix: 0.0082, loss: 0.0082
2025-06-17 15:51:28,235 - mmedit - INFO - Iter [16800/20000]	lr_generator: 7.884e-05, eta: 0:03:12, time: 0.043, data_time: 0.001, memory: 407, loss_pix: 0.0085, loss: 0.0085
2025-06-17 15:51:30,393 - mmedit - INFO - Iter [16850/20000]	lr_generator: 7.843e-05, eta: 0:03:09, time: 0.043, data_time: 0.001, memory: 407, loss_pix: 0.0091, loss: 0.0091
2025-06-17 15:51:32,488 - mmedit - INFO - Iter [16900/20000]	lr_generator: 7.802e-05, eta: 0:03:06, time: 0.042, data_time: 0.001, memory: 407, loss_pix: 0.0080, loss: 0.0080
2025-06-17 15:51:34,734 - mmedit - INFO - Iter [16950/20000]	lr_generator: 7.762e-05, eta: 0:03:03, time: 0.045, data_time: 0.001, memory: 407, loss_pix: 0.0093, loss: 0.0093
2025-06-17 15:51:44,606 - mmedit - INFO - Exp name: swinir2x
2025-06-17 15:51:44,606 - mmedit - INFO - Iter(val) [17000]	PSNR: 39.6566, SSIM: 0.9966
2025-06-17 15:51:44,607 - mmedit - INFO - Exp name: swinir2x
2025-06-17 15:51:44,607 - mmedit - INFO - Iter(val) [17000]	
2025-06-17 15:51:46,721 - mmedit - INFO - Iter [17050/20000]	lr_generator: 7.680e-05, eta: 0:02:57, time: 0.193, data_time: 0.151, memory: 407, loss_pix: 0.0090, loss: 0.0090
2025-06-17 15:51:48,823 - mmedit - INFO - Iter [17100/20000]	lr_generator: 7.639e-05, eta: 0:02:54, time: 0.042, data_time: 0.001, memory: 407, loss_pix: 0.0085, loss: 0.0085
2025-06-17 15:51:51,249 - mmedit - INFO - Iter [17150/20000]	lr_generator: 7.598e-05, eta: 0:02:51, time: 0.049, data_time: 0.001, memory: 407, loss_pix: 0.0087, loss: 0.0087
2025-06-17 15:51:53,772 - mmedit - INFO - Iter [17200/20000]	lr_generator: 7.557e-05, eta: 0:02:48, time: 0.050, data_time: 0.001, memory: 407, loss_pix: 0.0087, loss: 0.0087
2025-06-17 15:51:56,313 - mmedit - INFO - Iter [17250/20000]	lr_generator: 7.516e-05, eta: 0:02:45, time: 0.051, data_time: 0.001, memory: 407, loss_pix: 0.0095, loss: 0.0095
2025-06-17 15:51:58,870 - mmedit - INFO - Iter [17300/20000]	lr_generator: 7.475e-05, eta: 0:02:42, time: 0.051, data_time: 0.001, memory: 407, loss_pix: 0.0094, loss: 0.0094
2025-06-17 15:52:00,984 - mmedit - INFO - Iter [17350/20000]	lr_generator: 7.434e-05, eta: 0:02:38, time: 0.042, data_time: 0.001, memory: 407, loss_pix: 0.0081, loss: 0.0081
2025-06-17 15:52:03,094 - mmedit - INFO - Iter [17400/20000]	lr_generator: 7.392e-05, eta: 0:02:35, time: 0.042, data_time: 0.001, memory: 407, loss_pix: 0.0082, loss: 0.0082
2025-06-17 15:52:05,278 - mmedit - INFO - Iter [17450/20000]	lr_generator: 7.351e-05, eta: 0:02:32, time: 0.044, data_time: 0.001, memory: 407, loss_pix: 0.0086, loss: 0.0086
2025-06-17 15:52:07,919 - mmedit - INFO - Iter [17500/20000]	lr_generator: 7.309e-05, eta: 0:02:29, time: 0.053, data_time: 0.001, memory: 407, loss_pix: 0.0092, loss: 0.0092
2025-06-17 15:52:10,481 - mmedit - INFO - Iter [17550/20000]	lr_generator: 7.268e-05, eta: 0:02:26, time: 0.051, data_time: 0.001, memory: 407, loss_pix: 0.0089, loss: 0.0089
2025-06-17 15:52:12,820 - mmedit - INFO - Iter [17600/20000]	lr_generator: 7.226e-05, eta: 0:02:23, time: 0.047, data_time: 0.001, memory: 407, loss_pix: 0.0086, loss: 0.0086
2025-06-17 15:52:15,089 - mmedit - INFO - Iter [17650/20000]	lr_generator: 7.184e-05, eta: 0:02:20, time: 0.045, data_time: 0.001, memory: 407, loss_pix: 0.0082, loss: 0.0082
2025-06-17 15:52:17,173 - mmedit - INFO - Iter [17700/20000]	lr_generator: 7.142e-05, eta: 0:02:17, time: 0.042, data_time: 0.001, memory: 407, loss_pix: 0.0080, loss: 0.0080
2025-06-17 15:52:19,300 - mmedit - INFO - Iter [17750/20000]	lr_generator: 7.100e-05, eta: 0:02:14, time: 0.043, data_time: 0.001, memory: 407, loss_pix: 0.0085, loss: 0.0085
2025-06-17 15:52:21,725 - mmedit - INFO - Iter [17800/20000]	lr_generator: 7.058e-05, eta: 0:02:11, time: 0.048, data_time: 0.001, memory: 407, loss_pix: 0.0085, loss: 0.0085
2025-06-17 15:52:24,109 - mmedit - INFO - Iter [17850/20000]	lr_generator: 7.016e-05, eta: 0:02:08, time: 0.048, data_time: 0.001, memory: 407, loss_pix: 0.0086, loss: 0.0086
2025-06-17 15:52:26,543 - mmedit - INFO - Iter [17900/20000]	lr_generator: 6.974e-05, eta: 0:02:05, time: 0.049, data_time: 0.001, memory: 407, loss_pix: 0.0086, loss: 0.0086
2025-06-17 15:52:29,022 - mmedit - INFO - Iter [17950/20000]	lr_generator: 6.932e-05, eta: 0:02:02, time: 0.050, data_time: 0.001, memory: 407, loss_pix: 0.0093, loss: 0.0093
2025-06-17 15:53:04,004 - mmedit - INFO - Exp name: swinir2x
2025-06-17 15:53:04,004 - mmedit - INFO - Iter(val) [18000]	PSNR: 39.8288, SSIM: 0.9968
2025-06-17 15:53:04,005 - mmedit - INFO - Exp name: swinir2x
2025-06-17 15:53:04,005 - mmedit - INFO - Iter(val) [18000]	
2025-06-17 15:53:06,949 - mmedit - INFO - Iter [18050/20000]	lr_generator: 6.847e-05, eta: 0:01:59, time: 0.708, data_time: 0.651, memory: 407, loss_pix: 0.0087, loss: 0.0087
2025-06-17 15:53:10,121 - mmedit - INFO - Iter [18100/20000]	lr_generator: 6.804e-05, eta: 0:01:56, time: 0.063, data_time: 0.001, memory: 407, loss_pix: 0.0084, loss: 0.0084
2025-06-17 15:53:12,998 - mmedit - INFO - Iter [18150/20000]	lr_generator: 6.761e-05, eta: 0:01:53, time: 0.058, data_time: 0.001, memory: 407, loss_pix: 0.0091, loss: 0.0091
2025-06-17 15:53:15,953 - mmedit - INFO - Iter [18200/20000]	lr_generator: 6.718e-05, eta: 0:01:50, time: 0.059, data_time: 0.001, memory: 407, loss_pix: 0.0083, loss: 0.0083
2025-06-17 15:53:18,876 - mmedit - INFO - Iter [18250/20000]	lr_generator: 6.675e-05, eta: 0:01:47, time: 0.058, data_time: 0.001, memory: 407, loss_pix: 0.0083, loss: 0.0083
2025-06-17 15:53:21,753 - mmedit - INFO - Iter [18300/20000]	lr_generator: 6.632e-05, eta: 0:01:43, time: 0.058, data_time: 0.002, memory: 407, loss_pix: 0.0081, loss: 0.0081
2025-06-17 15:53:24,665 - mmedit - INFO - Iter [18350/20000]	lr_generator: 6.589e-05, eta: 0:01:40, time: 0.058, data_time: 0.001, memory: 407, loss_pix: 0.0086, loss: 0.0086
2025-06-17 15:53:27,511 - mmedit - INFO - Iter [18400/20000]	lr_generator: 6.546e-05, eta: 0:01:37, time: 0.057, data_time: 0.001, memory: 407, loss_pix: 0.0086, loss: 0.0086
2025-06-17 15:53:30,484 - mmedit - INFO - Iter [18450/20000]	lr_generator: 6.502e-05, eta: 0:01:34, time: 0.059, data_time: 0.001, memory: 407, loss_pix: 0.0082, loss: 0.0082
2025-06-17 15:53:33,367 - mmedit - INFO - Iter [18500/20000]	lr_generator: 6.459e-05, eta: 0:01:31, time: 0.058, data_time: 0.001, memory: 407, loss_pix: 0.0088, loss: 0.0088
2025-06-17 15:53:36,204 - mmedit - INFO - Iter [18550/20000]	lr_generator: 6.415e-05, eta: 0:01:28, time: 0.057, data_time: 0.001, memory: 407, loss_pix: 0.0082, loss: 0.0082
2025-06-17 15:53:39,102 - mmedit - INFO - Iter [18600/20000]	lr_generator: 6.371e-05, eta: 0:01:25, time: 0.058, data_time: 0.001, memory: 407, loss_pix: 0.0090, loss: 0.0090
2025-06-17 15:53:42,197 - mmedit - INFO - Iter [18650/20000]	lr_generator: 6.327e-05, eta: 0:01:22, time: 0.062, data_time: 0.001, memory: 407, loss_pix: 0.0082, loss: 0.0082
2025-06-17 15:53:45,327 - mmedit - INFO - Iter [18700/20000]	lr_generator: 6.282e-05, eta: 0:01:19, time: 0.063, data_time: 0.001, memory: 407, loss_pix: 0.0096, loss: 0.0096
2025-06-17 15:53:47,968 - mmedit - INFO - Iter [18750/20000]	lr_generator: 6.238e-05, eta: 0:01:16, time: 0.053, data_time: 0.001, memory: 407, loss_pix: 0.0083, loss: 0.0083
2025-06-17 15:53:50,183 - mmedit - INFO - Iter [18800/20000]	lr_generator: 6.193e-05, eta: 0:01:13, time: 0.044, data_time: 0.001, memory: 407, loss_pix: 0.0084, loss: 0.0084
2025-06-17 15:53:52,416 - mmedit - INFO - Iter [18850/20000]	lr_generator: 6.149e-05, eta: 0:01:10, time: 0.045, data_time: 0.001, memory: 407, loss_pix: 0.0085, loss: 0.0085
2025-06-17 15:53:54,622 - mmedit - INFO - Iter [18900/20000]	lr_generator: 6.104e-05, eta: 0:01:07, time: 0.044, data_time: 0.001, memory: 407, loss_pix: 0.0089, loss: 0.0089
2025-06-17 15:53:56,747 - mmedit - INFO - Iter [18950/20000]	lr_generator: 6.058e-05, eta: 0:01:03, time: 0.043, data_time: 0.001, memory: 407, loss_pix: 0.0084, loss: 0.0084
2025-06-17 15:54:06,494 - mmedit - INFO - Exp name: swinir2x
2025-06-17 15:54:06,494 - mmedit - INFO - Iter(val) [19000]	PSNR: 39.8935, SSIM: 0.9968
2025-06-17 15:54:06,495 - mmedit - INFO - Exp name: swinir2x
2025-06-17 15:54:06,495 - mmedit - INFO - Iter(val) [19000]	
2025-06-17 15:54:08,644 - mmedit - INFO - Iter [19050/20000]	lr_generator: 5.967e-05, eta: 0:00:58, time: 0.197, data_time: 0.155, memory: 407, loss_pix: 0.0086, loss: 0.0086
2025-06-17 15:54:10,817 - mmedit - INFO - Iter [19100/20000]	lr_generator: 5.921e-05, eta: 0:00:54, time: 0.043, data_time: 0.001, memory: 407, loss_pix: 0.0083, loss: 0.0083
2025-06-17 15:54:13,308 - mmedit - INFO - Iter [19150/20000]	lr_generator: 5.875e-05, eta: 0:00:51, time: 0.050, data_time: 0.001, memory: 407, loss_pix: 0.0084, loss: 0.0084
2025-06-17 15:54:15,617 - mmedit - INFO - Iter [19200/20000]	lr_generator: 5.829e-05, eta: 0:00:48, time: 0.046, data_time: 0.001, memory: 407, loss_pix: 0.0076, loss: 0.0076
2025-06-17 15:54:18,088 - mmedit - INFO - Iter [19250/20000]	lr_generator: 5.782e-05, eta: 0:00:45, time: 0.049, data_time: 0.001, memory: 407, loss_pix: 0.0087, loss: 0.0087
2025-06-17 15:54:20,563 - mmedit - INFO - Iter [19300/20000]	lr_generator: 5.735e-05, eta: 0:00:42, time: 0.049, data_time: 0.001, memory: 407, loss_pix: 0.0085, loss: 0.0085
2025-06-17 15:54:23,098 - mmedit - INFO - Iter [19350/20000]	lr_generator: 5.688e-05, eta: 0:00:39, time: 0.051, data_time: 0.001, memory: 407, loss_pix: 0.0081, loss: 0.0081
2025-06-17 15:54:25,537 - mmedit - INFO - Iter [19400/20000]	lr_generator: 5.640e-05, eta: 0:00:36, time: 0.049, data_time: 0.001, memory: 407, loss_pix: 0.0081, loss: 0.0081
2025-06-17 15:54:28,004 - mmedit - INFO - Iter [19450/20000]	lr_generator: 5.592e-05, eta: 0:00:33, time: 0.049, data_time: 0.001, memory: 407, loss_pix: 0.0083, loss: 0.0083
2025-06-17 15:54:30,925 - mmedit - INFO - Iter [19500/20000]	lr_generator: 5.543e-05, eta: 0:00:30, time: 0.058, data_time: 0.001, memory: 407, loss_pix: 0.0085, loss: 0.0085
2025-06-17 15:54:33,597 - mmedit - INFO - Iter [19550/20000]	lr_generator: 5.494e-05, eta: 0:00:27, time: 0.053, data_time: 0.001, memory: 407, loss_pix: 0.0082, loss: 0.0082
2025-06-17 15:54:36,122 - mmedit - INFO - Iter [19600/20000]	lr_generator: 5.445e-05, eta: 0:00:24, time: 0.050, data_time: 0.001, memory: 407, loss_pix: 0.0095, loss: 0.0095
2025-06-17 15:54:38,484 - mmedit - INFO - Iter [19650/20000]	lr_generator: 5.394e-05, eta: 0:00:21, time: 0.047, data_time: 0.001, memory: 407, loss_pix: 0.0086, loss: 0.0086
2025-06-17 15:54:40,742 - mmedit - INFO - Iter [19700/20000]	lr_generator: 5.343e-05, eta: 0:00:18, time: 0.045, data_time: 0.001, memory: 407, loss_pix: 0.0073, loss: 0.0073
2025-06-17 15:54:42,896 - mmedit - INFO - Iter [19750/20000]	lr_generator: 5.292e-05, eta: 0:00:15, time: 0.043, data_time: 0.001, memory: 407, loss_pix: 0.0083, loss: 0.0083
2025-06-17 15:54:45,028 - mmedit - INFO - Iter [19800/20000]	lr_generator: 5.239e-05, eta: 0:00:12, time: 0.043, data_time: 0.001, memory: 407, loss_pix: 0.0087, loss: 0.0087
2025-06-17 15:54:47,417 - mmedit - INFO - Iter [19850/20000]	lr_generator: 5.185e-05, eta: 0:00:09, time: 0.048, data_time: 0.001, memory: 407, loss_pix: 0.0085, loss: 0.0085
2025-06-17 15:54:49,538 - mmedit - INFO - Iter [19900/20000]	lr_generator: 5.129e-05, eta: 0:00:06, time: 0.042, data_time: 0.001, memory: 407, loss_pix: 0.0086, loss: 0.0086
2025-06-17 15:54:51,555 - mmedit - INFO - Iter [19950/20000]	lr_generator: 5.069e-05, eta: 0:00:03, time: 0.040, data_time: 0.001, memory: 407, loss_pix: 0.0082, loss: 0.0082
2025-06-17 15:54:53,603 - mmedit - INFO - Saving checkpoint at 20000 iterations
2025-06-17 15:55:00,920 - mmedit - INFO - Exp name: swinir2x
2025-06-17 15:55:00,920 - mmedit - INFO - Iter(val) [20000]	PSNR: 39.4026, SSIM: 0.9941
2025-06-17 15:55:00,921 - mmedit - INFO - Exp name: swinir2x
2025-06-17 15:55:00,921 - mmedit - INFO - Iter(val) [20000]	
