2025-06-18 01:29:47,660 - mmedit - INFO - Environment info:
------------------------------------------------------------
sys.platform: linux
Python: 3.8.20 (default, Oct  3 2024, 15:24:27) [GCC 11.2.0]
CUDA available: True
GPU 0: NVIDIA GeForce RTX 3090
CUDA_HOME: /usr/local/cuda
NVCC: Cuda compilation tools, release 11.7, V11.7.64
GCC: gcc (Ubuntu 9.4.0-1ubuntu1~20.04.2) 9.4.0
PyTorch: 1.10.0+cu113
PyTorch compiling details: PyTorch built with:
  - GCC 7.3
  - C++ Version: 201402
  - Intel(R) Math Kernel Library Version 2020.0.0 Product Build 20191122 for Intel(R) 64 architecture applications
  - Intel(R) MKL-DNN v2.2.3 (Git Hash 7336ca9f055cf1bfa13efb658fe15dc9b41f0740)
  - OpenMP 201511 (a.k.a. OpenMP 4.5)
  - LAPACK is enabled (usually provided by MKL)
  - NNPACK is enabled
  - CPU capability usage: AVX512
  - CUDA Runtime 11.3
  - NVCC architecture flags: -gencode;arch=compute_37,code=sm_37;-gencode;arch=compute_50,code=sm_50;-gencode;arch=compute_60,code=sm_60;-gencode;arch=compute_70,code=sm_70;-gencode;arch=compute_75,code=sm_75;-gencode;arch=compute_80,code=sm_80;-gencode;arch=compute_86,code=sm_86
  - CuDNN 8.2
  - Magma 2.5.2
  - Build settings: BLAS_INFO=mkl, BUILD_TYPE=Release, CUDA_VERSION=11.3, CUDNN_VERSION=8.2.0, CXX_COMPILER=/opt/rh/devtoolset-7/root/usr/bin/c++, CXX_FLAGS= -Wno-deprecated -fvisibility-inlines-hidden -DUSE_PTHREADPOOL -fopenmp -DNDEBUG -DUSE_KINETO -DUSE_FBGEMM -DUSE_QNNPACK -DUSE_PYTORCH_QNNPACK -DUSE_XNNPACK -DSYMBOLICATE_MOBILE_DEBUG_HANDLE -DEDGE_PROFILER_USE_KINETO -O2 -fPIC -Wno-narrowing -Wall -Wextra -Werror=return-type -Wno-missing-field-initializers -Wno-type-limits -Wno-array-bounds -Wno-unknown-pragmas -Wno-sign-compare -Wno-unused-parameter -Wno-unused-variable -Wno-unused-function -Wno-unused-result -Wno-unused-local-typedefs -Wno-strict-overflow -Wno-strict-aliasing -Wno-error=deprecated-declarations -Wno-stringop-overflow -Wno-psabi -Wno-error=pedantic -Wno-error=redundant-decls -Wno-error=old-style-cast -fdiagnostics-color=always -faligned-new -Wno-unused-but-set-variable -Wno-maybe-uninitialized -fno-math-errno -fno-trapping-math -Werror=format -Wno-stringop-overflow, LAPACK_INFO=mkl, PERF_WITH_AVX=1, PERF_WITH_AVX2=1, PERF_WITH_AVX512=1, TORCH_VERSION=1.10.0, USE_CUDA=ON, USE_CUDNN=ON, USE_EXCEPTION_PTR=1, USE_GFLAGS=OFF, USE_GLOG=OFF, USE_MKL=ON, USE_MKLDNN=ON, USE_MPI=OFF, USE_NCCL=ON, USE_NNPACK=ON, USE_OPENMP=ON, 

TorchVision: 0.11.1+cu113
OpenCV: 4.10.0
MMCV: 1.7.0
MMCV Compiler: GCC 9.3
MMCV CUDA Compiler: 11.3
MMEditing: 0.16.0+
------------------------------------------------------------

2025-06-18 01:29:47,661 - mmedit - INFO - Distributed training: True
2025-06-18 01:29:47,661 - mmedit - INFO - mmedit Version: 0.16.0
2025-06-18 01:29:47,661 - mmedit - INFO - Config:
/data/code2025/Q2/2025-06-02-01/my_config_2x/rdn2x.py
# model settings
img_size = 64
scale = 2
model = dict(
    type='BasicRestorer',
    generator=dict(
        type='RDN',
        in_channels=3,
        out_channels=3,
        mid_channels=32,
        num_blocks=2,
        upscale_factor=scale),
    pixel_loss=dict(type='L1Loss', loss_weight=1.0, reduction='mean'))

# model training and testing settings
# model training and testing settings
train_cfg = None
test_cfg = dict(metrics=['PSNR', 'SSIM'], crop_border=scale)

# dataset settings
train_dataset_type = 'SRFolderDataset'
val_dataset_type = 'SRFolderDataset'
train_pipeline = [
    dict(
        type='LoadImageFromFile',
        io_backend='disk',
        key='lq',
        flag='unchanged'),
    dict(
        type='LoadImageFromFile',
        io_backend='disk',
        key='gt',
        flag='unchanged'),
    dict(type='RescaleToZeroOne', keys=['lq', 'gt']),
    dict(
        type='Normalize',
        keys=['lq', 'gt'],
        mean=[0, 0, 0],
        std=[1, 1, 1],
        to_rgb=False),
    dict(type='PairedRandomCrop', gt_patch_size=img_size*scale),
    dict(
        type='Flip', keys=['lq', 'gt'], flip_ratio=0.5,
        direction='horizontal'),
    dict(type='Flip', keys=['lq', 'gt'], flip_ratio=0.5, direction='vertical'),
    dict(type='RandomTransposeHW', keys=['lq', 'gt'], transpose_ratio=0.5),
    dict(type='Collect', keys=['lq', 'gt'], meta_keys=['lq_path', 'gt_path']),
    dict(type='ImageToTensor', keys=['lq', 'gt'])
]
test_pipeline = [
    dict(
        type='LoadImageFromFile',
        io_backend='disk',
        key='lq',
        flag='unchanged'),
    dict(
        type='LoadImageFromFile',
        io_backend='disk',
        key='gt',
        flag='unchanged'),
    dict(type='RescaleToZeroOne', keys=['lq', 'gt']),
    dict(
        type='Normalize',
        keys=['lq', 'gt'],
        mean=[0, 0, 0],
        std=[1, 1, 1],
        to_rgb=False),
    dict(type='Collect', keys=['lq', 'gt'], meta_keys=['lq_path', 'gt_path']),
    dict(type='ImageToTensor', keys=['lq', 'gt'])
]

data = dict(
    workers_per_gpu=2,
    train_dataloader=dict(samples_per_gpu=4, drop_last=True),
    val_dataloader=dict(samples_per_gpu=1),
    test_dataloader=dict(samples_per_gpu=1),
    train=dict(
        type=train_dataset_type,
        lq_folder='../datasets/train/LRx2',
        gt_folder='../datasets/train/HRx2',
        pipeline=train_pipeline,
        scale=scale,
        filename_tmpl='{}'),
    val=dict(
        type=val_dataset_type,
        lq_folder='../datasets/test/LRx2',
        gt_folder='../datasets/test/HRx2',
        pipeline=test_pipeline,
        scale=scale,
        filename_tmpl='{}'),
    test=dict(
        type=val_dataset_type,
        lq_folder='../datasets/test/LRx2',
        gt_folder='../datasets/test/HRx2',
        pipeline=test_pipeline,
        scale=scale,
        filename_tmpl='{}'))

# optimizer
optimizers = dict(generator=dict(type='Adam', lr=2e-4, betas=(0.5, 0.999)))

# learning policy
lr_config = dict(
    policy='poly',
    power=0.9,  # The power of polynomial decay.
    min_lr=5e-5,  # The minimum learning rate to stable the training.
    by_epoch=False,  # Whethe count by epoch or not.)
)
evaluation = dict(interval=1000)
# checkpoint saving
checkpoint_config = dict(interval=10000, save_optimizer=False, by_epoch=False)
log_config = dict(
    interval=50,
    hooks=[
        dict(type='TextLoggerHook', by_epoch=False),
        dict(type='TensorboardLoggerHook')
    ])
visual_config = None
# runtime settings
total_iters = 20000
cudnn_benchmark = False
find_unused_parameters = True
dist_params = dict(backend='nccl')
log_level = 'INFO'
load_from = None
resume_from = None
workflow = [('train', 1)]
work_dir = f'./work_dirs_2x/{{ fileBasenameNoExtension }}'
2025-06-18 01:29:47,662 - mmedit - INFO - Set random seed to 0, deterministic: False
2025-06-18 01:30:50,213 - mmedit - INFO - Start running, host: wuyou@wuyou-desktop, work_dir: /data/code2025/Q2/2025-06-02-01/work_dirs_2x/rdn2x
2025-06-18 01:30:50,213 - mmedit - INFO - Hooks will be executed in the following order:
before_run:
(VERY_HIGH   ) PolyLrUpdaterHook                  
(NORMAL      ) CheckpointHook                     
(VERY_LOW    ) TextLoggerHook                     
(VERY_LOW    ) TensorboardLoggerHook              
 -------------------- 
before_train_epoch:
(VERY_HIGH   ) PolyLrUpdaterHook                  
(LOW         ) IterTimerHook                      
(VERY_LOW    ) TextLoggerHook                     
(VERY_LOW    ) TensorboardLoggerHook              
 -------------------- 
before_train_iter:
(VERY_HIGH   ) PolyLrUpdaterHook                  
(LOW         ) IterTimerHook                      
 -------------------- 
after_train_iter:
(NORMAL      ) CheckpointHook                     
(LOW         ) IterTimerHook                      
(LOW         ) DistEvalIterHook                   
(VERY_LOW    ) TextLoggerHook                     
(VERY_LOW    ) TensorboardLoggerHook              
 -------------------- 
after_train_epoch:
(NORMAL      ) CheckpointHook                     
(VERY_LOW    ) TextLoggerHook                     
(VERY_LOW    ) TensorboardLoggerHook              
 -------------------- 
before_val_epoch:
(LOW         ) IterTimerHook                      
(VERY_LOW    ) TextLoggerHook                     
(VERY_LOW    ) TensorboardLoggerHook              
 -------------------- 
before_val_iter:
(LOW         ) IterTimerHook                      
 -------------------- 
after_val_iter:
(LOW         ) IterTimerHook                      
 -------------------- 
after_val_epoch:
(VERY_LOW    ) TextLoggerHook                     
(VERY_LOW    ) TensorboardLoggerHook              
 -------------------- 
after_run:
(VERY_LOW    ) TextLoggerHook                     
(VERY_LOW    ) TensorboardLoggerHook              
 -------------------- 
2025-06-18 01:30:50,214 - mmedit - INFO - workflow: [('train', 1)], max: 20000 iters
2025-06-18 01:30:50,214 - mmedit - INFO - Checkpoints will be saved to /data/code2025/Q2/2025-06-02-01/work_dirs_2x/rdn2x by HardDiskBackend.
2025-06-18 01:30:53,949 - mmedit - INFO - Iter [50/20000]	lr_generator: 1.997e-04, eta: 0:13:04, time: 0.039, data_time: 0.019, memory: 121, loss_pix: 0.0632, loss: 0.0632
2025-06-18 01:30:54,972 - mmedit - INFO - Iter [100/20000]	lr_generator: 1.993e-04, eta: 0:09:54, time: 0.020, data_time: 0.001, memory: 121, loss_pix: 0.0382, loss: 0.0382
2025-06-18 01:30:56,046 - mmedit - INFO - Iter [150/20000]	lr_generator: 1.990e-04, eta: 0:08:57, time: 0.021, data_time: 0.001, memory: 121, loss_pix: 0.0262, loss: 0.0262
2025-06-18 01:30:57,091 - mmedit - INFO - Iter [200/20000]	lr_generator: 1.987e-04, eta: 0:08:25, time: 0.021, data_time: 0.001, memory: 121, loss_pix: 0.0212, loss: 0.0212
2025-06-18 01:30:58,136 - mmedit - INFO - Iter [250/20000]	lr_generator: 1.983e-04, eta: 0:08:05, time: 0.021, data_time: 0.001, memory: 121, loss_pix: 0.0177, loss: 0.0177
2025-06-18 01:30:59,141 - mmedit - INFO - Iter [300/20000]	lr_generator: 1.980e-04, eta: 0:07:50, time: 0.020, data_time: 0.001, memory: 121, loss_pix: 0.0157, loss: 0.0157
2025-06-18 01:31:00,196 - mmedit - INFO - Iter [350/20000]	lr_generator: 1.976e-04, eta: 0:07:41, time: 0.021, data_time: 0.001, memory: 121, loss_pix: 0.0149, loss: 0.0149
2025-06-18 01:31:01,155 - mmedit - INFO - Iter [400/20000]	lr_generator: 1.973e-04, eta: 0:07:29, time: 0.019, data_time: 0.001, memory: 121, loss_pix: 0.0134, loss: 0.0134
2025-06-18 01:31:02,143 - mmedit - INFO - Iter [450/20000]	lr_generator: 1.970e-04, eta: 0:07:21, time: 0.020, data_time: 0.001, memory: 121, loss_pix: 0.0132, loss: 0.0132
2025-06-18 01:31:03,229 - mmedit - INFO - Iter [500/20000]	lr_generator: 1.966e-04, eta: 0:07:18, time: 0.022, data_time: 0.001, memory: 121, loss_pix: 0.0130, loss: 0.0130
2025-06-18 01:31:04,263 - mmedit - INFO - Iter [550/20000]	lr_generator: 1.963e-04, eta: 0:07:14, time: 0.021, data_time: 0.001, memory: 121, loss_pix: 0.0127, loss: 0.0127
2025-06-18 01:31:05,319 - mmedit - INFO - Iter [600/20000]	lr_generator: 1.960e-04, eta: 0:07:11, time: 0.021, data_time: 0.000, memory: 121, loss_pix: 0.0115, loss: 0.0115
2025-06-18 01:31:06,384 - mmedit - INFO - Iter [650/20000]	lr_generator: 1.956e-04, eta: 0:07:08, time: 0.021, data_time: 0.001, memory: 121, loss_pix: 0.0124, loss: 0.0124
2025-06-18 01:31:07,377 - mmedit - INFO - Iter [700/20000]	lr_generator: 1.953e-04, eta: 0:07:04, time: 0.020, data_time: 0.000, memory: 121, loss_pix: 0.0132, loss: 0.0132
2025-06-18 01:31:08,436 - mmedit - INFO - Iter [750/20000]	lr_generator: 1.949e-04, eta: 0:07:02, time: 0.021, data_time: 0.000, memory: 121, loss_pix: 0.0124, loss: 0.0124
2025-06-18 01:31:09,565 - mmedit - INFO - Iter [800/20000]	lr_generator: 1.946e-04, eta: 0:07:01, time: 0.023, data_time: 0.001, memory: 121, loss_pix: 0.0113, loss: 0.0113
2025-06-18 01:31:10,737 - mmedit - INFO - Iter [850/20000]	lr_generator: 1.943e-04, eta: 0:07:02, time: 0.023, data_time: 0.001, memory: 121, loss_pix: 0.0121, loss: 0.0121
2025-06-18 01:31:11,830 - mmedit - INFO - Iter [900/20000]	lr_generator: 1.939e-04, eta: 0:07:01, time: 0.022, data_time: 0.001, memory: 121, loss_pix: 0.0110, loss: 0.0110
2025-06-18 01:31:12,826 - mmedit - INFO - Iter [950/20000]	lr_generator: 1.936e-04, eta: 0:06:57, time: 0.020, data_time: 0.001, memory: 121, loss_pix: 0.0120, loss: 0.0120
2025-06-18 01:31:17,108 - mmedit - INFO - Exp name: rdn2x
2025-06-18 01:31:17,109 - mmedit - INFO - Iter(val) [1000]	PSNR: 38.4752, SSIM: 0.9619
2025-06-18 01:31:17,109 - mmedit - INFO - Exp name: rdn2x
2025-06-18 01:31:17,109 - mmedit - INFO - Iter(val) [1000]	
2025-06-18 01:31:18,219 - mmedit - INFO - Iter [1050/20000]	lr_generator: 1.929e-04, eta: 0:07:34, time: 0.087, data_time: 0.065, memory: 247, loss_pix: 0.0116, loss: 0.0116
2025-06-18 01:31:19,355 - mmedit - INFO - Iter [1100/20000]	lr_generator: 1.926e-04, eta: 0:07:31, time: 0.023, data_time: 0.001, memory: 247, loss_pix: 0.0115, loss: 0.0115
2025-06-18 01:31:20,460 - mmedit - INFO - Iter [1150/20000]	lr_generator: 1.922e-04, eta: 0:07:29, time: 0.022, data_time: 0.001, memory: 247, loss_pix: 0.0105, loss: 0.0105
2025-06-18 01:31:21,536 - mmedit - INFO - Iter [1200/20000]	lr_generator: 1.919e-04, eta: 0:07:26, time: 0.022, data_time: 0.001, memory: 247, loss_pix: 0.0114, loss: 0.0114
2025-06-18 01:31:22,557 - mmedit - INFO - Iter [1250/20000]	lr_generator: 1.915e-04, eta: 0:07:22, time: 0.020, data_time: 0.001, memory: 247, loss_pix: 0.0115, loss: 0.0115
2025-06-18 01:31:23,583 - mmedit - INFO - Iter [1300/20000]	lr_generator: 1.912e-04, eta: 0:07:19, time: 0.021, data_time: 0.001, memory: 247, loss_pix: 0.0118, loss: 0.0118
2025-06-18 01:31:24,574 - mmedit - INFO - Iter [1350/20000]	lr_generator: 1.909e-04, eta: 0:07:15, time: 0.020, data_time: 0.001, memory: 247, loss_pix: 0.0108, loss: 0.0108
2025-06-18 01:31:25,630 - mmedit - INFO - Iter [1400/20000]	lr_generator: 1.905e-04, eta: 0:07:12, time: 0.021, data_time: 0.001, memory: 247, loss_pix: 0.0105, loss: 0.0105
2025-06-18 01:31:26,642 - mmedit - INFO - Iter [1450/20000]	lr_generator: 1.902e-04, eta: 0:07:09, time: 0.020, data_time: 0.001, memory: 247, loss_pix: 0.0110, loss: 0.0110
2025-06-18 01:31:27,651 - mmedit - INFO - Iter [1500/20000]	lr_generator: 1.898e-04, eta: 0:07:06, time: 0.020, data_time: 0.001, memory: 247, loss_pix: 0.0107, loss: 0.0107
2025-06-18 01:31:28,676 - mmedit - INFO - Iter [1550/20000]	lr_generator: 1.895e-04, eta: 0:07:04, time: 0.020, data_time: 0.001, memory: 247, loss_pix: 0.0112, loss: 0.0112
2025-06-18 01:31:29,776 - mmedit - INFO - Iter [1600/20000]	lr_generator: 1.892e-04, eta: 0:07:02, time: 0.022, data_time: 0.001, memory: 247, loss_pix: 0.0106, loss: 0.0106
2025-06-18 01:31:30,819 - mmedit - INFO - Iter [1650/20000]	lr_generator: 1.888e-04, eta: 0:06:59, time: 0.021, data_time: 0.001, memory: 247, loss_pix: 0.0103, loss: 0.0103
2025-06-18 01:31:31,835 - mmedit - INFO - Iter [1700/20000]	lr_generator: 1.885e-04, eta: 0:06:57, time: 0.020, data_time: 0.001, memory: 247, loss_pix: 0.0106, loss: 0.0106
2025-06-18 01:31:32,834 - mmedit - INFO - Iter [1750/20000]	lr_generator: 1.881e-04, eta: 0:06:54, time: 0.020, data_time: 0.000, memory: 247, loss_pix: 0.0099, loss: 0.0099
2025-06-18 01:31:33,918 - mmedit - INFO - Iter [1800/20000]	lr_generator: 1.878e-04, eta: 0:06:53, time: 0.022, data_time: 0.001, memory: 247, loss_pix: 0.0106, loss: 0.0106
2025-06-18 01:31:34,949 - mmedit - INFO - Iter [1850/20000]	lr_generator: 1.875e-04, eta: 0:06:51, time: 0.021, data_time: 0.001, memory: 247, loss_pix: 0.0110, loss: 0.0110
2025-06-18 01:31:35,963 - mmedit - INFO - Iter [1900/20000]	lr_generator: 1.871e-04, eta: 0:06:48, time: 0.020, data_time: 0.000, memory: 247, loss_pix: 0.0105, loss: 0.0105
2025-06-18 01:31:37,025 - mmedit - INFO - Iter [1950/20000]	lr_generator: 1.868e-04, eta: 0:06:46, time: 0.021, data_time: 0.001, memory: 247, loss_pix: 0.0100, loss: 0.0100
2025-06-18 01:31:40,968 - mmedit - INFO - Exp name: rdn2x
2025-06-18 01:31:40,969 - mmedit - INFO - Iter(val) [2000]	PSNR: 38.6928, SSIM: 0.9619
2025-06-18 01:31:40,969 - mmedit - INFO - Exp name: rdn2x
2025-06-18 01:31:40,969 - mmedit - INFO - Iter(val) [2000]	
2025-06-18 01:31:41,961 - mmedit - INFO - Iter [2050/20000]	lr_generator: 1.861e-04, eta: 0:06:58, time: 0.077, data_time: 0.058, memory: 247, loss_pix: 0.0096, loss: 0.0096
2025-06-18 01:31:43,035 - mmedit - INFO - Iter [2100/20000]	lr_generator: 1.858e-04, eta: 0:06:56, time: 0.021, data_time: 0.001, memory: 247, loss_pix: 0.0104, loss: 0.0104
2025-06-18 01:31:43,977 - mmedit - INFO - Iter [2150/20000]	lr_generator: 1.854e-04, eta: 0:06:53, time: 0.019, data_time: 0.001, memory: 247, loss_pix: 0.0096, loss: 0.0096
2025-06-18 01:31:44,997 - mmedit - INFO - Iter [2200/20000]	lr_generator: 1.851e-04, eta: 0:06:51, time: 0.020, data_time: 0.000, memory: 247, loss_pix: 0.0114, loss: 0.0114
2025-06-18 01:31:45,981 - mmedit - INFO - Iter [2250/20000]	lr_generator: 1.847e-04, eta: 0:06:48, time: 0.020, data_time: 0.001, memory: 247, loss_pix: 0.0110, loss: 0.0110
2025-06-18 01:31:47,005 - mmedit - INFO - Iter [2300/20000]	lr_generator: 1.844e-04, eta: 0:06:46, time: 0.020, data_time: 0.000, memory: 247, loss_pix: 0.0109, loss: 0.0109
2025-06-18 01:31:48,035 - mmedit - INFO - Iter [2350/20000]	lr_generator: 1.840e-04, eta: 0:06:44, time: 0.021, data_time: 0.001, memory: 247, loss_pix: 0.0107, loss: 0.0107
2025-06-18 01:31:49,051 - mmedit - INFO - Iter [2400/20000]	lr_generator: 1.837e-04, eta: 0:06:42, time: 0.020, data_time: 0.001, memory: 247, loss_pix: 0.0093, loss: 0.0093
2025-06-18 01:31:50,100 - mmedit - INFO - Iter [2450/20000]	lr_generator: 1.834e-04, eta: 0:06:40, time: 0.021, data_time: 0.001, memory: 247, loss_pix: 0.0098, loss: 0.0098
2025-06-18 01:31:51,127 - mmedit - INFO - Iter [2500/20000]	lr_generator: 1.830e-04, eta: 0:06:38, time: 0.021, data_time: 0.001, memory: 247, loss_pix: 0.0104, loss: 0.0104
2025-06-18 01:31:52,155 - mmedit - INFO - Iter [2550/20000]	lr_generator: 1.827e-04, eta: 0:06:36, time: 0.021, data_time: 0.001, memory: 247, loss_pix: 0.0111, loss: 0.0111
2025-06-18 01:31:53,182 - mmedit - INFO - Iter [2600/20000]	lr_generator: 1.823e-04, eta: 0:06:34, time: 0.021, data_time: 0.001, memory: 247, loss_pix: 0.0095, loss: 0.0095
2025-06-18 01:31:54,234 - mmedit - INFO - Iter [2650/20000]	lr_generator: 1.820e-04, eta: 0:06:33, time: 0.021, data_time: 0.000, memory: 247, loss_pix: 0.0099, loss: 0.0099
2025-06-18 01:31:55,223 - mmedit - INFO - Iter [2700/20000]	lr_generator: 1.817e-04, eta: 0:06:31, time: 0.020, data_time: 0.001, memory: 247, loss_pix: 0.0098, loss: 0.0098
2025-06-18 01:31:56,237 - mmedit - INFO - Iter [2750/20000]	lr_generator: 1.813e-04, eta: 0:06:29, time: 0.020, data_time: 0.001, memory: 247, loss_pix: 0.0096, loss: 0.0096
2025-06-18 01:31:57,326 - mmedit - INFO - Iter [2800/20000]	lr_generator: 1.810e-04, eta: 0:06:27, time: 0.022, data_time: 0.001, memory: 247, loss_pix: 0.0098, loss: 0.0098
2025-06-18 01:31:58,409 - mmedit - INFO - Iter [2850/20000]	lr_generator: 1.806e-04, eta: 0:06:26, time: 0.022, data_time: 0.001, memory: 247, loss_pix: 0.0096, loss: 0.0096
2025-06-18 01:31:59,440 - mmedit - INFO - Iter [2900/20000]	lr_generator: 1.803e-04, eta: 0:06:24, time: 0.021, data_time: 0.001, memory: 247, loss_pix: 0.0090, loss: 0.0090
2025-06-18 01:32:00,442 - mmedit - INFO - Iter [2950/20000]	lr_generator: 1.799e-04, eta: 0:06:23, time: 0.020, data_time: 0.001, memory: 247, loss_pix: 0.0095, loss: 0.0095
2025-06-18 01:32:04,306 - mmedit - INFO - Exp name: rdn2x
2025-06-18 01:32:04,306 - mmedit - INFO - Iter(val) [3000]	PSNR: 39.2038, SSIM: 0.9544
2025-06-18 01:32:04,307 - mmedit - INFO - Exp name: rdn2x
2025-06-18 01:32:04,307 - mmedit - INFO - Iter(val) [3000]	
2025-06-18 01:32:05,333 - mmedit - INFO - Iter [3050/20000]	lr_generator: 1.793e-04, eta: 0:06:29, time: 0.077, data_time: 0.058, memory: 247, loss_pix: 0.0096, loss: 0.0096
2025-06-18 01:32:06,296 - mmedit - INFO - Iter [3100/20000]	lr_generator: 1.789e-04, eta: 0:06:27, time: 0.019, data_time: 0.000, memory: 247, loss_pix: 0.0092, loss: 0.0092
2025-06-18 01:32:07,333 - mmedit - INFO - Iter [3150/20000]	lr_generator: 1.786e-04, eta: 0:06:25, time: 0.021, data_time: 0.001, memory: 247, loss_pix: 0.0092, loss: 0.0092
2025-06-18 01:32:08,420 - mmedit - INFO - Iter [3200/20000]	lr_generator: 1.782e-04, eta: 0:06:24, time: 0.022, data_time: 0.001, memory: 247, loss_pix: 0.0092, loss: 0.0092
2025-06-18 01:32:09,450 - mmedit - INFO - Iter [3250/20000]	lr_generator: 1.779e-04, eta: 0:06:22, time: 0.021, data_time: 0.001, memory: 247, loss_pix: 0.0103, loss: 0.0103
2025-06-18 01:32:10,492 - mmedit - INFO - Iter [3300/20000]	lr_generator: 1.775e-04, eta: 0:06:21, time: 0.021, data_time: 0.001, memory: 247, loss_pix: 0.0098, loss: 0.0098
2025-06-18 01:32:11,556 - mmedit - INFO - Iter [3350/20000]	lr_generator: 1.772e-04, eta: 0:06:19, time: 0.021, data_time: 0.001, memory: 247, loss_pix: 0.0095, loss: 0.0095
2025-06-18 01:32:12,557 - mmedit - INFO - Iter [3400/20000]	lr_generator: 1.768e-04, eta: 0:06:17, time: 0.020, data_time: 0.001, memory: 247, loss_pix: 0.0105, loss: 0.0105
2025-06-18 01:32:13,573 - mmedit - INFO - Iter [3450/20000]	lr_generator: 1.765e-04, eta: 0:06:16, time: 0.020, data_time: 0.001, memory: 247, loss_pix: 0.0100, loss: 0.0100
2025-06-18 01:32:14,594 - mmedit - INFO - Iter [3500/20000]	lr_generator: 1.762e-04, eta: 0:06:14, time: 0.020, data_time: 0.001, memory: 247, loss_pix: 0.0087, loss: 0.0087
2025-06-18 01:32:15,580 - mmedit - INFO - Iter [3550/20000]	lr_generator: 1.758e-04, eta: 0:06:12, time: 0.020, data_time: 0.001, memory: 247, loss_pix: 0.0082, loss: 0.0082
2025-06-18 01:32:16,664 - mmedit - INFO - Iter [3600/20000]	lr_generator: 1.755e-04, eta: 0:06:11, time: 0.022, data_time: 0.001, memory: 247, loss_pix: 0.0097, loss: 0.0097
2025-06-18 01:32:17,669 - mmedit - INFO - Iter [3650/20000]	lr_generator: 1.751e-04, eta: 0:06:09, time: 0.020, data_time: 0.001, memory: 247, loss_pix: 0.0095, loss: 0.0095
2025-06-18 01:32:18,771 - mmedit - INFO - Iter [3700/20000]	lr_generator: 1.748e-04, eta: 0:06:08, time: 0.022, data_time: 0.001, memory: 247, loss_pix: 0.0091, loss: 0.0091
2025-06-18 01:32:19,776 - mmedit - INFO - Iter [3750/20000]	lr_generator: 1.744e-04, eta: 0:06:06, time: 0.020, data_time: 0.001, memory: 247, loss_pix: 0.0090, loss: 0.0090
2025-06-18 01:32:20,790 - mmedit - INFO - Iter [3800/20000]	lr_generator: 1.741e-04, eta: 0:06:04, time: 0.020, data_time: 0.001, memory: 247, loss_pix: 0.0084, loss: 0.0084
2025-06-18 01:32:21,822 - mmedit - INFO - Iter [3850/20000]	lr_generator: 1.737e-04, eta: 0:06:03, time: 0.021, data_time: 0.001, memory: 247, loss_pix: 0.0094, loss: 0.0094
2025-06-18 01:32:22,885 - mmedit - INFO - Iter [3900/20000]	lr_generator: 1.734e-04, eta: 0:06:02, time: 0.021, data_time: 0.001, memory: 247, loss_pix: 0.0093, loss: 0.0093
2025-06-18 01:32:23,931 - mmedit - INFO - Iter [3950/20000]	lr_generator: 1.731e-04, eta: 0:06:00, time: 0.021, data_time: 0.001, memory: 247, loss_pix: 0.0095, loss: 0.0095
2025-06-18 01:32:27,830 - mmedit - INFO - Exp name: rdn2x
2025-06-18 01:32:27,830 - mmedit - INFO - Iter(val) [4000]	PSNR: 37.1669, SSIM: 0.9640
2025-06-18 01:32:27,831 - mmedit - INFO - Exp name: rdn2x
2025-06-18 01:32:27,831 - mmedit - INFO - Iter(val) [4000]	
2025-06-18 01:32:28,902 - mmedit - INFO - Iter [4050/20000]	lr_generator: 1.724e-04, eta: 0:06:04, time: 0.078, data_time: 0.057, memory: 247, loss_pix: 0.0094, loss: 0.0094
2025-06-18 01:32:29,982 - mmedit - INFO - Iter [4100/20000]	lr_generator: 1.720e-04, eta: 0:06:03, time: 0.022, data_time: 0.001, memory: 247, loss_pix: 0.0090, loss: 0.0090
2025-06-18 01:32:30,980 - mmedit - INFO - Iter [4150/20000]	lr_generator: 1.717e-04, eta: 0:06:01, time: 0.020, data_time: 0.001, memory: 247, loss_pix: 0.0108, loss: 0.0108
2025-06-18 01:32:32,034 - mmedit - INFO - Iter [4200/20000]	lr_generator: 1.713e-04, eta: 0:06:00, time: 0.021, data_time: 0.001, memory: 247, loss_pix: 0.0088, loss: 0.0088
2025-06-18 01:32:33,144 - mmedit - INFO - Iter [4250/20000]	lr_generator: 1.710e-04, eta: 0:05:58, time: 0.022, data_time: 0.001, memory: 247, loss_pix: 0.0087, loss: 0.0087
2025-06-18 01:32:34,215 - mmedit - INFO - Iter [4300/20000]	lr_generator: 1.706e-04, eta: 0:05:57, time: 0.021, data_time: 0.001, memory: 247, loss_pix: 0.0084, loss: 0.0084
2025-06-18 01:32:35,248 - mmedit - INFO - Iter [4350/20000]	lr_generator: 1.703e-04, eta: 0:05:56, time: 0.021, data_time: 0.001, memory: 247, loss_pix: 0.0095, loss: 0.0095
2025-06-18 01:32:36,280 - mmedit - INFO - Iter [4400/20000]	lr_generator: 1.700e-04, eta: 0:05:54, time: 0.021, data_time: 0.001, memory: 247, loss_pix: 0.0096, loss: 0.0096
2025-06-18 01:32:37,298 - mmedit - INFO - Iter [4450/20000]	lr_generator: 1.696e-04, eta: 0:05:53, time: 0.020, data_time: 0.001, memory: 247, loss_pix: 0.0090, loss: 0.0090
2025-06-18 01:32:38,338 - mmedit - INFO - Iter [4500/20000]	lr_generator: 1.693e-04, eta: 0:05:51, time: 0.021, data_time: 0.001, memory: 247, loss_pix: 0.0081, loss: 0.0081
2025-06-18 01:32:39,387 - mmedit - INFO - Iter [4550/20000]	lr_generator: 1.689e-04, eta: 0:05:50, time: 0.021, data_time: 0.001, memory: 247, loss_pix: 0.0087, loss: 0.0087
2025-06-18 01:32:40,409 - mmedit - INFO - Iter [4600/20000]	lr_generator: 1.686e-04, eta: 0:05:48, time: 0.020, data_time: 0.001, memory: 247, loss_pix: 0.0090, loss: 0.0090
2025-06-18 01:32:41,419 - mmedit - INFO - Iter [4650/20000]	lr_generator: 1.682e-04, eta: 0:05:47, time: 0.020, data_time: 0.001, memory: 247, loss_pix: 0.0092, loss: 0.0092
2025-06-18 01:32:42,495 - mmedit - INFO - Iter [4700/20000]	lr_generator: 1.679e-04, eta: 0:05:45, time: 0.022, data_time: 0.001, memory: 247, loss_pix: 0.0083, loss: 0.0083
2025-06-18 01:32:43,551 - mmedit - INFO - Iter [4750/20000]	lr_generator: 1.675e-04, eta: 0:05:44, time: 0.021, data_time: 0.001, memory: 247, loss_pix: 0.0088, loss: 0.0088
2025-06-18 01:32:44,600 - mmedit - INFO - Iter [4800/20000]	lr_generator: 1.672e-04, eta: 0:05:43, time: 0.021, data_time: 0.001, memory: 247, loss_pix: 0.0093, loss: 0.0093
2025-06-18 01:32:45,660 - mmedit - INFO - Iter [4850/20000]	lr_generator: 1.668e-04, eta: 0:05:41, time: 0.021, data_time: 0.001, memory: 247, loss_pix: 0.0099, loss: 0.0099
2025-06-18 01:32:46,731 - mmedit - INFO - Iter [4900/20000]	lr_generator: 1.665e-04, eta: 0:05:40, time: 0.021, data_time: 0.001, memory: 247, loss_pix: 0.0089, loss: 0.0089
2025-06-18 01:32:47,826 - mmedit - INFO - Iter [4950/20000]	lr_generator: 1.661e-04, eta: 0:05:39, time: 0.022, data_time: 0.001, memory: 247, loss_pix: 0.0094, loss: 0.0094
2025-06-18 01:32:51,612 - mmedit - INFO - Exp name: rdn2x
2025-06-18 01:32:51,613 - mmedit - INFO - Iter(val) [5000]	PSNR: 39.8381, SSIM: 0.9652
2025-06-18 01:32:51,613 - mmedit - INFO - Exp name: rdn2x
2025-06-18 01:32:51,613 - mmedit - INFO - Iter(val) [5000]	
2025-06-18 01:32:52,698 - mmedit - INFO - Iter [5050/20000]	lr_generator: 1.654e-04, eta: 0:05:41, time: 0.078, data_time: 0.056, memory: 247, loss_pix: 0.0087, loss: 0.0087
2025-06-18 01:32:53,702 - mmedit - INFO - Iter [5100/20000]	lr_generator: 1.651e-04, eta: 0:05:40, time: 0.020, data_time: 0.001, memory: 247, loss_pix: 0.0086, loss: 0.0086
2025-06-18 01:32:54,798 - mmedit - INFO - Iter [5150/20000]	lr_generator: 1.647e-04, eta: 0:05:38, time: 0.022, data_time: 0.001, memory: 247, loss_pix: 0.0096, loss: 0.0096
2025-06-18 01:32:55,769 - mmedit - INFO - Iter [5200/20000]	lr_generator: 1.644e-04, eta: 0:05:37, time: 0.019, data_time: 0.001, memory: 247, loss_pix: 0.0082, loss: 0.0082
2025-06-18 01:32:56,863 - mmedit - INFO - Iter [5250/20000]	lr_generator: 1.641e-04, eta: 0:05:35, time: 0.022, data_time: 0.001, memory: 247, loss_pix: 0.0086, loss: 0.0086
2025-06-18 01:32:57,892 - mmedit - INFO - Iter [5300/20000]	lr_generator: 1.637e-04, eta: 0:05:34, time: 0.021, data_time: 0.001, memory: 247, loss_pix: 0.0093, loss: 0.0093
2025-06-18 01:32:58,922 - mmedit - INFO - Iter [5350/20000]	lr_generator: 1.634e-04, eta: 0:05:33, time: 0.021, data_time: 0.001, memory: 247, loss_pix: 0.0091, loss: 0.0091
2025-06-18 01:33:00,026 - mmedit - INFO - Iter [5400/20000]	lr_generator: 1.630e-04, eta: 0:05:31, time: 0.022, data_time: 0.001, memory: 247, loss_pix: 0.0100, loss: 0.0100
2025-06-18 01:33:01,070 - mmedit - INFO - Iter [5450/20000]	lr_generator: 1.627e-04, eta: 0:05:30, time: 0.021, data_time: 0.001, memory: 247, loss_pix: 0.0083, loss: 0.0083
2025-06-18 01:33:02,135 - mmedit - INFO - Iter [5500/20000]	lr_generator: 1.623e-04, eta: 0:05:29, time: 0.021, data_time: 0.001, memory: 247, loss_pix: 0.0084, loss: 0.0084
2025-06-18 01:33:03,183 - mmedit - INFO - Iter [5550/20000]	lr_generator: 1.620e-04, eta: 0:05:27, time: 0.021, data_time: 0.001, memory: 247, loss_pix: 0.0078, loss: 0.0078
2025-06-18 01:33:04,203 - mmedit - INFO - Iter [5600/20000]	lr_generator: 1.616e-04, eta: 0:05:26, time: 0.020, data_time: 0.001, memory: 247, loss_pix: 0.0086, loss: 0.0086
2025-06-18 01:33:05,233 - mmedit - INFO - Iter [5650/20000]	lr_generator: 1.613e-04, eta: 0:05:24, time: 0.021, data_time: 0.001, memory: 247, loss_pix: 0.0091, loss: 0.0091
2025-06-18 01:33:06,219 - mmedit - INFO - Iter [5700/20000]	lr_generator: 1.609e-04, eta: 0:05:23, time: 0.020, data_time: 0.001, memory: 247, loss_pix: 0.0093, loss: 0.0093
2025-06-18 01:33:07,235 - mmedit - INFO - Iter [5750/20000]	lr_generator: 1.606e-04, eta: 0:05:22, time: 0.020, data_time: 0.001, memory: 247, loss_pix: 0.0088, loss: 0.0088
2025-06-18 01:33:08,245 - mmedit - INFO - Iter [5800/20000]	lr_generator: 1.602e-04, eta: 0:05:20, time: 0.020, data_time: 0.001, memory: 247, loss_pix: 0.0083, loss: 0.0083
2025-06-18 01:33:09,261 - mmedit - INFO - Iter [5850/20000]	lr_generator: 1.599e-04, eta: 0:05:19, time: 0.020, data_time: 0.001, memory: 247, loss_pix: 0.0086, loss: 0.0086
2025-06-18 01:33:10,273 - mmedit - INFO - Iter [5900/20000]	lr_generator: 1.595e-04, eta: 0:05:17, time: 0.020, data_time: 0.001, memory: 247, loss_pix: 0.0095, loss: 0.0095
2025-06-18 01:33:11,304 - mmedit - INFO - Iter [5950/20000]	lr_generator: 1.592e-04, eta: 0:05:16, time: 0.021, data_time: 0.001, memory: 247, loss_pix: 0.0091, loss: 0.0091
2025-06-18 01:33:15,075 - mmedit - INFO - Exp name: rdn2x
2025-06-18 01:33:15,075 - mmedit - INFO - Iter(val) [6000]	PSNR: 39.9282, SSIM: 0.9659
2025-06-18 01:33:15,075 - mmedit - INFO - Exp name: rdn2x
2025-06-18 01:33:15,075 - mmedit - INFO - Iter(val) [6000]	
2025-06-18 01:33:16,029 - mmedit - INFO - Iter [6050/20000]	lr_generator: 1.585e-04, eta: 0:05:17, time: 0.073, data_time: 0.055, memory: 247, loss_pix: 0.0085, loss: 0.0085
2025-06-18 01:33:17,084 - mmedit - INFO - Iter [6100/20000]	lr_generator: 1.581e-04, eta: 0:05:16, time: 0.021, data_time: 0.001, memory: 247, loss_pix: 0.0090, loss: 0.0090
2025-06-18 01:33:18,118 - mmedit - INFO - Iter [6150/20000]	lr_generator: 1.578e-04, eta: 0:05:14, time: 0.021, data_time: 0.001, memory: 247, loss_pix: 0.0083, loss: 0.0083
2025-06-18 01:33:19,167 - mmedit - INFO - Iter [6200/20000]	lr_generator: 1.574e-04, eta: 0:05:13, time: 0.021, data_time: 0.001, memory: 247, loss_pix: 0.0085, loss: 0.0085
2025-06-18 01:33:20,237 - mmedit - INFO - Iter [6250/20000]	lr_generator: 1.571e-04, eta: 0:05:12, time: 0.021, data_time: 0.001, memory: 247, loss_pix: 0.0093, loss: 0.0093
2025-06-18 01:33:21,257 - mmedit - INFO - Iter [6300/20000]	lr_generator: 1.567e-04, eta: 0:05:10, time: 0.020, data_time: 0.000, memory: 247, loss_pix: 0.0086, loss: 0.0086
2025-06-18 01:33:22,281 - mmedit - INFO - Iter [6350/20000]	lr_generator: 1.564e-04, eta: 0:05:09, time: 0.020, data_time: 0.001, memory: 247, loss_pix: 0.0085, loss: 0.0085
2025-06-18 01:33:23,354 - mmedit - INFO - Iter [6400/20000]	lr_generator: 1.560e-04, eta: 0:05:08, time: 0.021, data_time: 0.001, memory: 247, loss_pix: 0.0092, loss: 0.0092
2025-06-18 01:33:24,377 - mmedit - INFO - Iter [6450/20000]	lr_generator: 1.557e-04, eta: 0:05:06, time: 0.020, data_time: 0.001, memory: 247, loss_pix: 0.0095, loss: 0.0095
2025-06-18 01:33:25,419 - mmedit - INFO - Iter [6500/20000]	lr_generator: 1.553e-04, eta: 0:05:05, time: 0.021, data_time: 0.001, memory: 247, loss_pix: 0.0080, loss: 0.0080
2025-06-18 01:33:26,468 - mmedit - INFO - Iter [6550/20000]	lr_generator: 1.550e-04, eta: 0:05:04, time: 0.021, data_time: 0.001, memory: 247, loss_pix: 0.0088, loss: 0.0088
2025-06-18 01:33:27,526 - mmedit - INFO - Iter [6600/20000]	lr_generator: 1.546e-04, eta: 0:05:02, time: 0.021, data_time: 0.001, memory: 247, loss_pix: 0.0077, loss: 0.0077
2025-06-18 01:33:28,527 - mmedit - INFO - Iter [6650/20000]	lr_generator: 1.543e-04, eta: 0:05:01, time: 0.020, data_time: 0.001, memory: 247, loss_pix: 0.0084, loss: 0.0084
2025-06-18 01:33:29,548 - mmedit - INFO - Iter [6700/20000]	lr_generator: 1.539e-04, eta: 0:05:00, time: 0.020, data_time: 0.001, memory: 247, loss_pix: 0.0087, loss: 0.0087
2025-06-18 01:33:30,607 - mmedit - INFO - Iter [6750/20000]	lr_generator: 1.536e-04, eta: 0:04:58, time: 0.021, data_time: 0.001, memory: 247, loss_pix: 0.0099, loss: 0.0099
2025-06-18 01:33:31,612 - mmedit - INFO - Iter [6800/20000]	lr_generator: 1.532e-04, eta: 0:04:57, time: 0.020, data_time: 0.001, memory: 247, loss_pix: 0.0085, loss: 0.0085
2025-06-18 01:33:32,656 - mmedit - INFO - Iter [6850/20000]	lr_generator: 1.529e-04, eta: 0:04:56, time: 0.021, data_time: 0.001, memory: 247, loss_pix: 0.0094, loss: 0.0094
2025-06-18 01:33:33,694 - mmedit - INFO - Iter [6900/20000]	lr_generator: 1.525e-04, eta: 0:04:54, time: 0.021, data_time: 0.001, memory: 247, loss_pix: 0.0089, loss: 0.0089
2025-06-18 01:33:34,740 - mmedit - INFO - Iter [6950/20000]	lr_generator: 1.522e-04, eta: 0:04:53, time: 0.021, data_time: 0.001, memory: 247, loss_pix: 0.0086, loss: 0.0086
2025-06-18 01:33:38,677 - mmedit - INFO - Exp name: rdn2x
2025-06-18 01:33:38,677 - mmedit - INFO - Iter(val) [7000]	PSNR: 39.6078, SSIM: 0.9667
2025-06-18 01:33:38,678 - mmedit - INFO - Exp name: rdn2x
2025-06-18 01:33:38,678 - mmedit - INFO - Iter(val) [7000]	
2025-06-18 01:33:39,700 - mmedit - INFO - Iter [7050/20000]	lr_generator: 1.514e-04, eta: 0:04:54, time: 0.078, data_time: 0.058, memory: 247, loss_pix: 0.0084, loss: 0.0084
2025-06-18 01:33:40,684 - mmedit - INFO - Iter [7100/20000]	lr_generator: 1.511e-04, eta: 0:04:53, time: 0.020, data_time: 0.001, memory: 247, loss_pix: 0.0086, loss: 0.0086
2025-06-18 01:33:41,673 - mmedit - INFO - Iter [7150/20000]	lr_generator: 1.507e-04, eta: 0:04:51, time: 0.020, data_time: 0.000, memory: 247, loss_pix: 0.0087, loss: 0.0087
2025-06-18 01:33:42,649 - mmedit - INFO - Iter [7200/20000]	lr_generator: 1.504e-04, eta: 0:04:50, time: 0.020, data_time: 0.000, memory: 247, loss_pix: 0.0076, loss: 0.0076
2025-06-18 01:33:43,743 - mmedit - INFO - Iter [7250/20000]	lr_generator: 1.500e-04, eta: 0:04:48, time: 0.022, data_time: 0.001, memory: 247, loss_pix: 0.0083, loss: 0.0083
2025-06-18 01:33:44,780 - mmedit - INFO - Iter [7300/20000]	lr_generator: 1.497e-04, eta: 0:04:47, time: 0.021, data_time: 0.001, memory: 247, loss_pix: 0.0083, loss: 0.0083
2025-06-18 01:33:45,829 - mmedit - INFO - Iter [7350/20000]	lr_generator: 1.493e-04, eta: 0:04:46, time: 0.021, data_time: 0.001, memory: 247, loss_pix: 0.0089, loss: 0.0089
2025-06-18 01:33:46,857 - mmedit - INFO - Iter [7400/20000]	lr_generator: 1.490e-04, eta: 0:04:45, time: 0.021, data_time: 0.001, memory: 247, loss_pix: 0.0091, loss: 0.0091
2025-06-18 01:33:47,868 - mmedit - INFO - Iter [7450/20000]	lr_generator: 1.486e-04, eta: 0:04:43, time: 0.020, data_time: 0.001, memory: 247, loss_pix: 0.0084, loss: 0.0084
2025-06-18 01:33:48,911 - mmedit - INFO - Iter [7500/20000]	lr_generator: 1.483e-04, eta: 0:04:42, time: 0.021, data_time: 0.001, memory: 247, loss_pix: 0.0090, loss: 0.0090
2025-06-18 01:33:49,961 - mmedit - INFO - Iter [7550/20000]	lr_generator: 1.479e-04, eta: 0:04:41, time: 0.021, data_time: 0.001, memory: 247, loss_pix: 0.0086, loss: 0.0086
2025-06-18 01:33:51,026 - mmedit - INFO - Iter [7600/20000]	lr_generator: 1.476e-04, eta: 0:04:39, time: 0.021, data_time: 0.001, memory: 247, loss_pix: 0.0081, loss: 0.0081
2025-06-18 01:33:52,115 - mmedit - INFO - Iter [7650/20000]	lr_generator: 1.472e-04, eta: 0:04:38, time: 0.022, data_time: 0.001, memory: 247, loss_pix: 0.0081, loss: 0.0081
2025-06-18 01:33:53,164 - mmedit - INFO - Iter [7700/20000]	lr_generator: 1.469e-04, eta: 0:04:37, time: 0.021, data_time: 0.001, memory: 247, loss_pix: 0.0083, loss: 0.0083
2025-06-18 01:33:54,283 - mmedit - INFO - Iter [7750/20000]	lr_generator: 1.465e-04, eta: 0:04:36, time: 0.022, data_time: 0.001, memory: 247, loss_pix: 0.0078, loss: 0.0078
2025-06-18 01:33:55,324 - mmedit - INFO - Iter [7800/20000]	lr_generator: 1.461e-04, eta: 0:04:35, time: 0.021, data_time: 0.001, memory: 247, loss_pix: 0.0083, loss: 0.0083
2025-06-18 01:33:56,354 - mmedit - INFO - Iter [7850/20000]	lr_generator: 1.458e-04, eta: 0:04:33, time: 0.021, data_time: 0.001, memory: 247, loss_pix: 0.0085, loss: 0.0085
2025-06-18 01:33:57,410 - mmedit - INFO - Iter [7900/20000]	lr_generator: 1.454e-04, eta: 0:04:32, time: 0.021, data_time: 0.001, memory: 247, loss_pix: 0.0077, loss: 0.0077
2025-06-18 01:33:58,379 - mmedit - INFO - Iter [7950/20000]	lr_generator: 1.451e-04, eta: 0:04:31, time: 0.019, data_time: 0.001, memory: 247, loss_pix: 0.0086, loss: 0.0086
2025-06-18 01:34:02,008 - mmedit - INFO - Exp name: rdn2x
2025-06-18 01:34:02,008 - mmedit - INFO - Iter(val) [8000]	PSNR: 40.0027, SSIM: 0.9667
2025-06-18 01:34:02,008 - mmedit - INFO - Exp name: rdn2x
2025-06-18 01:34:02,008 - mmedit - INFO - Iter(val) [8000]	
2025-06-18 01:34:02,980 - mmedit - INFO - Iter [8050/20000]	lr_generator: 1.444e-04, eta: 0:04:31, time: 0.073, data_time: 0.054, memory: 247, loss_pix: 0.0089, loss: 0.0089
2025-06-18 01:34:04,012 - mmedit - INFO - Iter [8100/20000]	lr_generator: 1.440e-04, eta: 0:04:29, time: 0.021, data_time: 0.001, memory: 247, loss_pix: 0.0086, loss: 0.0086
2025-06-18 01:34:05,092 - mmedit - INFO - Iter [8150/20000]	lr_generator: 1.437e-04, eta: 0:04:28, time: 0.022, data_time: 0.001, memory: 247, loss_pix: 0.0070, loss: 0.0070
2025-06-18 01:34:06,181 - mmedit - INFO - Iter [8200/20000]	lr_generator: 1.433e-04, eta: 0:04:27, time: 0.022, data_time: 0.001, memory: 247, loss_pix: 0.0081, loss: 0.0081
2025-06-18 01:34:07,203 - mmedit - INFO - Iter [8250/20000]	lr_generator: 1.429e-04, eta: 0:04:26, time: 0.020, data_time: 0.001, memory: 247, loss_pix: 0.0086, loss: 0.0086
2025-06-18 01:34:08,260 - mmedit - INFO - Iter [8300/20000]	lr_generator: 1.426e-04, eta: 0:04:24, time: 0.021, data_time: 0.001, memory: 247, loss_pix: 0.0080, loss: 0.0080
2025-06-18 01:34:09,282 - mmedit - INFO - Iter [8350/20000]	lr_generator: 1.422e-04, eta: 0:04:23, time: 0.020, data_time: 0.001, memory: 247, loss_pix: 0.0084, loss: 0.0084
2025-06-18 01:34:10,286 - mmedit - INFO - Iter [8400/20000]	lr_generator: 1.419e-04, eta: 0:04:22, time: 0.020, data_time: 0.001, memory: 247, loss_pix: 0.0097, loss: 0.0097
2025-06-18 01:34:11,309 - mmedit - INFO - Iter [8450/20000]	lr_generator: 1.415e-04, eta: 0:04:20, time: 0.020, data_time: 0.001, memory: 247, loss_pix: 0.0079, loss: 0.0079
2025-06-18 01:34:12,376 - mmedit - INFO - Iter [8500/20000]	lr_generator: 1.412e-04, eta: 0:04:19, time: 0.021, data_time: 0.001, memory: 247, loss_pix: 0.0088, loss: 0.0088
2025-06-18 01:34:13,427 - mmedit - INFO - Iter [8550/20000]	lr_generator: 1.408e-04, eta: 0:04:18, time: 0.021, data_time: 0.001, memory: 247, loss_pix: 0.0086, loss: 0.0086
2025-06-18 01:34:14,474 - mmedit - INFO - Iter [8600/20000]	lr_generator: 1.405e-04, eta: 0:04:17, time: 0.021, data_time: 0.001, memory: 247, loss_pix: 0.0080, loss: 0.0080
2025-06-18 01:34:15,483 - mmedit - INFO - Iter [8650/20000]	lr_generator: 1.401e-04, eta: 0:04:16, time: 0.020, data_time: 0.001, memory: 247, loss_pix: 0.0083, loss: 0.0083
2025-06-18 01:34:16,540 - mmedit - INFO - Iter [8700/20000]	lr_generator: 1.397e-04, eta: 0:04:14, time: 0.021, data_time: 0.001, memory: 247, loss_pix: 0.0080, loss: 0.0080
2025-06-18 01:34:17,511 - mmedit - INFO - Iter [8750/20000]	lr_generator: 1.394e-04, eta: 0:04:13, time: 0.019, data_time: 0.001, memory: 247, loss_pix: 0.0087, loss: 0.0087
2025-06-18 01:34:18,541 - mmedit - INFO - Iter [8800/20000]	lr_generator: 1.390e-04, eta: 0:04:12, time: 0.021, data_time: 0.001, memory: 247, loss_pix: 0.0083, loss: 0.0083
2025-06-18 01:34:19,559 - mmedit - INFO - Iter [8850/20000]	lr_generator: 1.387e-04, eta: 0:04:10, time: 0.020, data_time: 0.001, memory: 247, loss_pix: 0.0081, loss: 0.0081
2025-06-18 01:34:20,585 - mmedit - INFO - Iter [8900/20000]	lr_generator: 1.383e-04, eta: 0:04:09, time: 0.021, data_time: 0.001, memory: 247, loss_pix: 0.0082, loss: 0.0082
2025-06-18 01:34:21,616 - mmedit - INFO - Iter [8950/20000]	lr_generator: 1.379e-04, eta: 0:04:08, time: 0.021, data_time: 0.001, memory: 247, loss_pix: 0.0084, loss: 0.0084
2025-06-18 01:34:25,451 - mmedit - INFO - Exp name: rdn2x
2025-06-18 01:34:25,451 - mmedit - INFO - Iter(val) [9000]	PSNR: 40.0675, SSIM: 0.9672
2025-06-18 01:34:25,452 - mmedit - INFO - Exp name: rdn2x
2025-06-18 01:34:25,452 - mmedit - INFO - Iter(val) [9000]	
2025-06-18 01:34:26,538 - mmedit - INFO - Iter [9050/20000]	lr_generator: 1.372e-04, eta: 0:04:08, time: 0.077, data_time: 0.056, memory: 247, loss_pix: 0.0081, loss: 0.0081
2025-06-18 01:34:27,547 - mmedit - INFO - Iter [9100/20000]	lr_generator: 1.369e-04, eta: 0:04:06, time: 0.020, data_time: 0.001, memory: 247, loss_pix: 0.0080, loss: 0.0080
2025-06-18 01:34:28,584 - mmedit - INFO - Iter [9150/20000]	lr_generator: 1.365e-04, eta: 0:04:05, time: 0.021, data_time: 0.001, memory: 247, loss_pix: 0.0079, loss: 0.0079
2025-06-18 01:34:29,584 - mmedit - INFO - Iter [9200/20000]	lr_generator: 1.362e-04, eta: 0:04:04, time: 0.020, data_time: 0.000, memory: 247, loss_pix: 0.0085, loss: 0.0085
2025-06-18 01:34:30,604 - mmedit - INFO - Iter [9250/20000]	lr_generator: 1.358e-04, eta: 0:04:03, time: 0.020, data_time: 0.001, memory: 247, loss_pix: 0.0084, loss: 0.0084
2025-06-18 01:34:31,611 - mmedit - INFO - Iter [9300/20000]	lr_generator: 1.354e-04, eta: 0:04:01, time: 0.020, data_time: 0.000, memory: 247, loss_pix: 0.0084, loss: 0.0084
2025-06-18 01:34:32,701 - mmedit - INFO - Iter [9350/20000]	lr_generator: 1.351e-04, eta: 0:04:00, time: 0.022, data_time: 0.000, memory: 247, loss_pix: 0.0080, loss: 0.0080
2025-06-18 01:34:33,728 - mmedit - INFO - Iter [9400/20000]	lr_generator: 1.347e-04, eta: 0:03:59, time: 0.021, data_time: 0.001, memory: 247, loss_pix: 0.0078, loss: 0.0078
2025-06-18 01:34:34,700 - mmedit - INFO - Iter [9450/20000]	lr_generator: 1.344e-04, eta: 0:03:58, time: 0.019, data_time: 0.000, memory: 247, loss_pix: 0.0081, loss: 0.0081
2025-06-18 01:34:35,681 - mmedit - INFO - Iter [9500/20000]	lr_generator: 1.340e-04, eta: 0:03:56, time: 0.020, data_time: 0.000, memory: 247, loss_pix: 0.0073, loss: 0.0073
2025-06-18 01:34:36,751 - mmedit - INFO - Iter [9550/20000]	lr_generator: 1.336e-04, eta: 0:03:55, time: 0.021, data_time: 0.001, memory: 247, loss_pix: 0.0097, loss: 0.0097
2025-06-18 01:34:37,801 - mmedit - INFO - Iter [9600/20000]	lr_generator: 1.333e-04, eta: 0:03:54, time: 0.021, data_time: 0.001, memory: 247, loss_pix: 0.0089, loss: 0.0089
2025-06-18 01:34:38,878 - mmedit - INFO - Iter [9650/20000]	lr_generator: 1.329e-04, eta: 0:03:53, time: 0.022, data_time: 0.001, memory: 247, loss_pix: 0.0082, loss: 0.0082
2025-06-18 01:34:39,883 - mmedit - INFO - Iter [9700/20000]	lr_generator: 1.326e-04, eta: 0:03:51, time: 0.020, data_time: 0.001, memory: 247, loss_pix: 0.0083, loss: 0.0083
2025-06-18 01:34:40,959 - mmedit - INFO - Iter [9750/20000]	lr_generator: 1.322e-04, eta: 0:03:50, time: 0.022, data_time: 0.001, memory: 247, loss_pix: 0.0081, loss: 0.0081
2025-06-18 01:34:41,994 - mmedit - INFO - Iter [9800/20000]	lr_generator: 1.318e-04, eta: 0:03:49, time: 0.021, data_time: 0.001, memory: 247, loss_pix: 0.0084, loss: 0.0084
2025-06-18 01:34:42,962 - mmedit - INFO - Iter [9850/20000]	lr_generator: 1.315e-04, eta: 0:03:48, time: 0.019, data_time: 0.001, memory: 247, loss_pix: 0.0075, loss: 0.0075
2025-06-18 01:34:44,037 - mmedit - INFO - Iter [9900/20000]	lr_generator: 1.311e-04, eta: 0:03:47, time: 0.021, data_time: 0.001, memory: 247, loss_pix: 0.0081, loss: 0.0081
2025-06-18 01:34:45,110 - mmedit - INFO - Iter [9950/20000]	lr_generator: 1.308e-04, eta: 0:03:45, time: 0.021, data_time: 0.001, memory: 247, loss_pix: 0.0082, loss: 0.0082
2025-06-18 01:34:46,123 - mmedit - INFO - Saving checkpoint at 10000 iterations
2025-06-18 01:34:48,836 - mmedit - INFO - Exp name: rdn2x
2025-06-18 01:34:48,836 - mmedit - INFO - Iter(val) [10000]	PSNR: 39.7379, SSIM: 0.9672
2025-06-18 01:34:48,837 - mmedit - INFO - Exp name: rdn2x
2025-06-18 01:34:48,837 - mmedit - INFO - Iter(val) [10000]	
2025-06-18 01:34:49,806 - mmedit - INFO - Iter [10050/20000]	lr_generator: 1.300e-04, eta: 0:03:45, time: 0.073, data_time: 0.055, memory: 247, loss_pix: 0.0093, loss: 0.0093
2025-06-18 01:34:50,819 - mmedit - INFO - Iter [10100/20000]	lr_generator: 1.297e-04, eta: 0:03:43, time: 0.020, data_time: 0.001, memory: 247, loss_pix: 0.0080, loss: 0.0080
2025-06-18 01:34:51,863 - mmedit - INFO - Iter [10150/20000]	lr_generator: 1.293e-04, eta: 0:03:42, time: 0.021, data_time: 0.001, memory: 247, loss_pix: 0.0083, loss: 0.0083
2025-06-18 01:34:52,874 - mmedit - INFO - Iter [10200/20000]	lr_generator: 1.289e-04, eta: 0:03:41, time: 0.020, data_time: 0.001, memory: 247, loss_pix: 0.0073, loss: 0.0073
2025-06-18 01:34:53,939 - mmedit - INFO - Iter [10250/20000]	lr_generator: 1.286e-04, eta: 0:03:40, time: 0.021, data_time: 0.001, memory: 247, loss_pix: 0.0080, loss: 0.0080
2025-06-18 01:34:54,961 - mmedit - INFO - Iter [10300/20000]	lr_generator: 1.282e-04, eta: 0:03:38, time: 0.020, data_time: 0.001, memory: 247, loss_pix: 0.0081, loss: 0.0081
2025-06-18 01:34:56,003 - mmedit - INFO - Iter [10350/20000]	lr_generator: 1.279e-04, eta: 0:03:37, time: 0.021, data_time: 0.001, memory: 247, loss_pix: 0.0075, loss: 0.0075
2025-06-18 01:34:57,003 - mmedit - INFO - Iter [10400/20000]	lr_generator: 1.275e-04, eta: 0:03:36, time: 0.020, data_time: 0.001, memory: 247, loss_pix: 0.0075, loss: 0.0075
2025-06-18 01:34:58,050 - mmedit - INFO - Iter [10450/20000]	lr_generator: 1.271e-04, eta: 0:03:35, time: 0.021, data_time: 0.001, memory: 247, loss_pix: 0.0082, loss: 0.0082
2025-06-18 01:34:59,109 - mmedit - INFO - Iter [10500/20000]	lr_generator: 1.268e-04, eta: 0:03:34, time: 0.021, data_time: 0.001, memory: 247, loss_pix: 0.0082, loss: 0.0082
2025-06-18 01:35:00,166 - mmedit - INFO - Iter [10550/20000]	lr_generator: 1.264e-04, eta: 0:03:32, time: 0.021, data_time: 0.001, memory: 247, loss_pix: 0.0091, loss: 0.0091
2025-06-18 01:35:01,219 - mmedit - INFO - Iter [10600/20000]	lr_generator: 1.260e-04, eta: 0:03:31, time: 0.021, data_time: 0.000, memory: 247, loss_pix: 0.0083, loss: 0.0083
2025-06-18 01:35:02,239 - mmedit - INFO - Iter [10650/20000]	lr_generator: 1.257e-04, eta: 0:03:30, time: 0.020, data_time: 0.001, memory: 247, loss_pix: 0.0081, loss: 0.0081
2025-06-18 01:35:03,265 - mmedit - INFO - Iter [10700/20000]	lr_generator: 1.253e-04, eta: 0:03:29, time: 0.021, data_time: 0.001, memory: 247, loss_pix: 0.0085, loss: 0.0085
2025-06-18 01:35:04,341 - mmedit - INFO - Iter [10750/20000]	lr_generator: 1.249e-04, eta: 0:03:28, time: 0.022, data_time: 0.001, memory: 247, loss_pix: 0.0080, loss: 0.0080
2025-06-18 01:35:05,380 - mmedit - INFO - Iter [10800/20000]	lr_generator: 1.246e-04, eta: 0:03:26, time: 0.021, data_time: 0.001, memory: 247, loss_pix: 0.0084, loss: 0.0084
2025-06-18 01:35:06,381 - mmedit - INFO - Iter [10850/20000]	lr_generator: 1.242e-04, eta: 0:03:25, time: 0.020, data_time: 0.001, memory: 247, loss_pix: 0.0083, loss: 0.0083
2025-06-18 01:35:07,439 - mmedit - INFO - Iter [10900/20000]	lr_generator: 1.238e-04, eta: 0:03:24, time: 0.021, data_time: 0.001, memory: 247, loss_pix: 0.0088, loss: 0.0088
2025-06-18 01:35:08,533 - mmedit - INFO - Iter [10950/20000]	lr_generator: 1.235e-04, eta: 0:03:23, time: 0.022, data_time: 0.001, memory: 247, loss_pix: 0.0091, loss: 0.0091
2025-06-18 01:35:12,422 - mmedit - INFO - Exp name: rdn2x
2025-06-18 01:35:12,423 - mmedit - INFO - Iter(val) [11000]	PSNR: 40.2151, SSIM: 0.9675
2025-06-18 01:35:12,423 - mmedit - INFO - Exp name: rdn2x
2025-06-18 01:35:12,423 - mmedit - INFO - Iter(val) [11000]	
2025-06-18 01:35:13,437 - mmedit - INFO - Iter [11050/20000]	lr_generator: 1.228e-04, eta: 0:03:22, time: 0.076, data_time: 0.057, memory: 247, loss_pix: 0.0081, loss: 0.0081
2025-06-18 01:35:14,499 - mmedit - INFO - Iter [11100/20000]	lr_generator: 1.224e-04, eta: 0:03:21, time: 0.021, data_time: 0.001, memory: 247, loss_pix: 0.0072, loss: 0.0072
2025-06-18 01:35:15,566 - mmedit - INFO - Iter [11150/20000]	lr_generator: 1.220e-04, eta: 0:03:20, time: 0.021, data_time: 0.001, memory: 247, loss_pix: 0.0083, loss: 0.0083
2025-06-18 01:35:16,590 - mmedit - INFO - Iter [11200/20000]	lr_generator: 1.217e-04, eta: 0:03:18, time: 0.020, data_time: 0.001, memory: 247, loss_pix: 0.0081, loss: 0.0081
2025-06-18 01:35:17,657 - mmedit - INFO - Iter [11250/20000]	lr_generator: 1.213e-04, eta: 0:03:17, time: 0.021, data_time: 0.001, memory: 247, loss_pix: 0.0086, loss: 0.0086
2025-06-18 01:35:18,710 - mmedit - INFO - Iter [11300/20000]	lr_generator: 1.209e-04, eta: 0:03:16, time: 0.021, data_time: 0.001, memory: 247, loss_pix: 0.0078, loss: 0.0078
2025-06-18 01:35:19,754 - mmedit - INFO - Iter [11350/20000]	lr_generator: 1.206e-04, eta: 0:03:15, time: 0.021, data_time: 0.001, memory: 247, loss_pix: 0.0081, loss: 0.0081
2025-06-18 01:35:20,830 - mmedit - INFO - Iter [11400/20000]	lr_generator: 1.202e-04, eta: 0:03:14, time: 0.022, data_time: 0.001, memory: 247, loss_pix: 0.0084, loss: 0.0084
2025-06-18 01:35:21,831 - mmedit - INFO - Iter [11450/20000]	lr_generator: 1.198e-04, eta: 0:03:12, time: 0.020, data_time: 0.001, memory: 247, loss_pix: 0.0073, loss: 0.0073
2025-06-18 01:35:22,869 - mmedit - INFO - Iter [11500/20000]	lr_generator: 1.195e-04, eta: 0:03:11, time: 0.021, data_time: 0.001, memory: 247, loss_pix: 0.0081, loss: 0.0081
2025-06-18 01:35:23,880 - mmedit - INFO - Iter [11550/20000]	lr_generator: 1.191e-04, eta: 0:03:10, time: 0.020, data_time: 0.001, memory: 247, loss_pix: 0.0073, loss: 0.0073
2025-06-18 01:35:24,875 - mmedit - INFO - Iter [11600/20000]	lr_generator: 1.187e-04, eta: 0:03:09, time: 0.020, data_time: 0.001, memory: 247, loss_pix: 0.0076, loss: 0.0076
2025-06-18 01:35:25,884 - mmedit - INFO - Iter [11650/20000]	lr_generator: 1.183e-04, eta: 0:03:08, time: 0.020, data_time: 0.001, memory: 247, loss_pix: 0.0081, loss: 0.0081
2025-06-18 01:35:26,961 - mmedit - INFO - Iter [11700/20000]	lr_generator: 1.180e-04, eta: 0:03:06, time: 0.022, data_time: 0.000, memory: 247, loss_pix: 0.0080, loss: 0.0080
2025-06-18 01:35:27,993 - mmedit - INFO - Iter [11750/20000]	lr_generator: 1.176e-04, eta: 0:03:05, time: 0.021, data_time: 0.000, memory: 247, loss_pix: 0.0088, loss: 0.0088
2025-06-18 01:35:28,962 - mmedit - INFO - Iter [11800/20000]	lr_generator: 1.172e-04, eta: 0:03:04, time: 0.019, data_time: 0.000, memory: 247, loss_pix: 0.0080, loss: 0.0080
2025-06-18 01:35:30,032 - mmedit - INFO - Iter [11850/20000]	lr_generator: 1.169e-04, eta: 0:03:03, time: 0.021, data_time: 0.001, memory: 247, loss_pix: 0.0076, loss: 0.0076
2025-06-18 01:35:31,081 - mmedit - INFO - Iter [11900/20000]	lr_generator: 1.165e-04, eta: 0:03:02, time: 0.021, data_time: 0.001, memory: 247, loss_pix: 0.0080, loss: 0.0080
2025-06-18 01:35:32,180 - mmedit - INFO - Iter [11950/20000]	lr_generator: 1.161e-04, eta: 0:03:00, time: 0.022, data_time: 0.001, memory: 247, loss_pix: 0.0076, loss: 0.0076
2025-06-18 01:35:36,069 - mmedit - INFO - Exp name: rdn2x
2025-06-18 01:35:36,069 - mmedit - INFO - Iter(val) [12000]	PSNR: 40.1395, SSIM: 0.9648
2025-06-18 01:35:36,069 - mmedit - INFO - Exp name: rdn2x
2025-06-18 01:35:36,069 - mmedit - INFO - Iter(val) [12000]	
2025-06-18 01:35:37,104 - mmedit - INFO - Iter [12050/20000]	lr_generator: 1.154e-04, eta: 0:02:59, time: 0.078, data_time: 0.057, memory: 247, loss_pix: 0.0074, loss: 0.0074
2025-06-18 01:35:38,126 - mmedit - INFO - Iter [12100/20000]	lr_generator: 1.150e-04, eta: 0:02:58, time: 0.020, data_time: 0.001, memory: 247, loss_pix: 0.0069, loss: 0.0069
2025-06-18 01:35:39,161 - mmedit - INFO - Iter [12150/20000]	lr_generator: 1.147e-04, eta: 0:02:57, time: 0.021, data_time: 0.001, memory: 247, loss_pix: 0.0092, loss: 0.0092
2025-06-18 01:35:40,273 - mmedit - INFO - Iter [12200/20000]	lr_generator: 1.143e-04, eta: 0:02:56, time: 0.022, data_time: 0.001, memory: 247, loss_pix: 0.0083, loss: 0.0083
2025-06-18 01:35:41,331 - mmedit - INFO - Iter [12250/20000]	lr_generator: 1.139e-04, eta: 0:02:55, time: 0.021, data_time: 0.001, memory: 247, loss_pix: 0.0083, loss: 0.0083
2025-06-18 01:35:42,403 - mmedit - INFO - Iter [12300/20000]	lr_generator: 1.135e-04, eta: 0:02:53, time: 0.021, data_time: 0.001, memory: 247, loss_pix: 0.0074, loss: 0.0074
2025-06-18 01:35:43,437 - mmedit - INFO - Iter [12350/20000]	lr_generator: 1.132e-04, eta: 0:02:52, time: 0.021, data_time: 0.001, memory: 247, loss_pix: 0.0082, loss: 0.0082
2025-06-18 01:35:44,472 - mmedit - INFO - Iter [12400/20000]	lr_generator: 1.128e-04, eta: 0:02:51, time: 0.021, data_time: 0.001, memory: 247, loss_pix: 0.0076, loss: 0.0076
2025-06-18 01:35:45,529 - mmedit - INFO - Iter [12450/20000]	lr_generator: 1.124e-04, eta: 0:02:50, time: 0.021, data_time: 0.001, memory: 247, loss_pix: 0.0084, loss: 0.0084
2025-06-18 01:35:46,602 - mmedit - INFO - Iter [12500/20000]	lr_generator: 1.121e-04, eta: 0:02:49, time: 0.021, data_time: 0.001, memory: 247, loss_pix: 0.0082, loss: 0.0082
2025-06-18 01:35:47,644 - mmedit - INFO - Iter [12550/20000]	lr_generator: 1.117e-04, eta: 0:02:48, time: 0.021, data_time: 0.001, memory: 247, loss_pix: 0.0083, loss: 0.0083
2025-06-18 01:35:48,717 - mmedit - INFO - Iter [12600/20000]	lr_generator: 1.113e-04, eta: 0:02:46, time: 0.021, data_time: 0.001, memory: 247, loss_pix: 0.0083, loss: 0.0083
2025-06-18 01:35:49,758 - mmedit - INFO - Iter [12650/20000]	lr_generator: 1.109e-04, eta: 0:02:45, time: 0.021, data_time: 0.001, memory: 247, loss_pix: 0.0078, loss: 0.0078
2025-06-18 01:35:50,823 - mmedit - INFO - Iter [12700/20000]	lr_generator: 1.106e-04, eta: 0:02:44, time: 0.021, data_time: 0.001, memory: 247, loss_pix: 0.0083, loss: 0.0083
2025-06-18 01:35:51,806 - mmedit - INFO - Iter [12750/20000]	lr_generator: 1.102e-04, eta: 0:02:43, time: 0.020, data_time: 0.001, memory: 247, loss_pix: 0.0084, loss: 0.0084
2025-06-18 01:35:52,810 - mmedit - INFO - Iter [12800/20000]	lr_generator: 1.098e-04, eta: 0:02:42, time: 0.020, data_time: 0.000, memory: 247, loss_pix: 0.0081, loss: 0.0081
2025-06-18 01:35:53,858 - mmedit - INFO - Iter [12850/20000]	lr_generator: 1.094e-04, eta: 0:02:40, time: 0.021, data_time: 0.000, memory: 247, loss_pix: 0.0078, loss: 0.0078
2025-06-18 01:35:54,902 - mmedit - INFO - Iter [12900/20000]	lr_generator: 1.091e-04, eta: 0:02:39, time: 0.021, data_time: 0.001, memory: 247, loss_pix: 0.0086, loss: 0.0086
2025-06-18 01:35:55,898 - mmedit - INFO - Iter [12950/20000]	lr_generator: 1.087e-04, eta: 0:02:38, time: 0.020, data_time: 0.001, memory: 247, loss_pix: 0.0078, loss: 0.0078
2025-06-18 01:35:59,813 - mmedit - INFO - Exp name: rdn2x
2025-06-18 01:35:59,813 - mmedit - INFO - Iter(val) [13000]	PSNR: 40.2590, SSIM: 0.9677
2025-06-18 01:35:59,814 - mmedit - INFO - Exp name: rdn2x
2025-06-18 01:35:59,814 - mmedit - INFO - Iter(val) [13000]	
2025-06-18 01:36:00,864 - mmedit - INFO - Iter [13050/20000]	lr_generator: 1.079e-04, eta: 0:02:37, time: 0.077, data_time: 0.057, memory: 247, loss_pix: 0.0081, loss: 0.0081
2025-06-18 01:36:01,855 - mmedit - INFO - Iter [13100/20000]	lr_generator: 1.076e-04, eta: 0:02:35, time: 0.020, data_time: 0.001, memory: 247, loss_pix: 0.0079, loss: 0.0079
2025-06-18 01:36:02,885 - mmedit - INFO - Iter [13150/20000]	lr_generator: 1.072e-04, eta: 0:02:34, time: 0.021, data_time: 0.001, memory: 247, loss_pix: 0.0081, loss: 0.0081
2025-06-18 01:36:03,917 - mmedit - INFO - Iter [13200/20000]	lr_generator: 1.068e-04, eta: 0:02:33, time: 0.021, data_time: 0.001, memory: 247, loss_pix: 0.0077, loss: 0.0077
2025-06-18 01:36:04,980 - mmedit - INFO - Iter [13250/20000]	lr_generator: 1.064e-04, eta: 0:02:32, time: 0.021, data_time: 0.001, memory: 247, loss_pix: 0.0084, loss: 0.0084
2025-06-18 01:36:06,037 - mmedit - INFO - Iter [13300/20000]	lr_generator: 1.061e-04, eta: 0:02:31, time: 0.021, data_time: 0.001, memory: 247, loss_pix: 0.0076, loss: 0.0076
2025-06-18 01:36:07,033 - mmedit - INFO - Iter [13350/20000]	lr_generator: 1.057e-04, eta: 0:02:30, time: 0.020, data_time: 0.001, memory: 247, loss_pix: 0.0078, loss: 0.0078
2025-06-18 01:36:08,063 - mmedit - INFO - Iter [13400/20000]	lr_generator: 1.053e-04, eta: 0:02:28, time: 0.021, data_time: 0.000, memory: 247, loss_pix: 0.0077, loss: 0.0077
2025-06-18 01:36:09,100 - mmedit - INFO - Iter [13450/20000]	lr_generator: 1.049e-04, eta: 0:02:27, time: 0.021, data_time: 0.001, memory: 247, loss_pix: 0.0081, loss: 0.0081
2025-06-18 01:36:10,214 - mmedit - INFO - Iter [13500/20000]	lr_generator: 1.046e-04, eta: 0:02:26, time: 0.022, data_time: 0.001, memory: 247, loss_pix: 0.0080, loss: 0.0080
2025-06-18 01:36:11,284 - mmedit - INFO - Iter [13550/20000]	lr_generator: 1.042e-04, eta: 0:02:25, time: 0.021, data_time: 0.001, memory: 247, loss_pix: 0.0079, loss: 0.0079
2025-06-18 01:36:12,306 - mmedit - INFO - Iter [13600/20000]	lr_generator: 1.038e-04, eta: 0:02:24, time: 0.020, data_time: 0.001, memory: 247, loss_pix: 0.0086, loss: 0.0086
2025-06-18 01:36:13,373 - mmedit - INFO - Iter [13650/20000]	lr_generator: 1.034e-04, eta: 0:02:23, time: 0.021, data_time: 0.001, memory: 247, loss_pix: 0.0086, loss: 0.0086
2025-06-18 01:36:14,421 - mmedit - INFO - Iter [13700/20000]	lr_generator: 1.030e-04, eta: 0:02:21, time: 0.021, data_time: 0.001, memory: 247, loss_pix: 0.0085, loss: 0.0085
2025-06-18 01:36:15,452 - mmedit - INFO - Iter [13750/20000]	lr_generator: 1.027e-04, eta: 0:02:20, time: 0.021, data_time: 0.001, memory: 247, loss_pix: 0.0083, loss: 0.0083
2025-06-18 01:36:16,492 - mmedit - INFO - Iter [13800/20000]	lr_generator: 1.023e-04, eta: 0:02:19, time: 0.021, data_time: 0.001, memory: 247, loss_pix: 0.0086, loss: 0.0086
2025-06-18 01:36:17,560 - mmedit - INFO - Iter [13850/20000]	lr_generator: 1.019e-04, eta: 0:02:18, time: 0.021, data_time: 0.001, memory: 247, loss_pix: 0.0085, loss: 0.0085
2025-06-18 01:36:18,635 - mmedit - INFO - Iter [13900/20000]	lr_generator: 1.015e-04, eta: 0:02:17, time: 0.022, data_time: 0.001, memory: 247, loss_pix: 0.0074, loss: 0.0074
2025-06-18 01:36:19,682 - mmedit - INFO - Iter [13950/20000]	lr_generator: 1.011e-04, eta: 0:02:16, time: 0.021, data_time: 0.000, memory: 247, loss_pix: 0.0083, loss: 0.0083
2025-06-18 01:36:23,467 - mmedit - INFO - Exp name: rdn2x
2025-06-18 01:36:23,467 - mmedit - INFO - Iter(val) [14000]	PSNR: 40.2677, SSIM: 0.9675
2025-06-18 01:36:23,468 - mmedit - INFO - Exp name: rdn2x
2025-06-18 01:36:23,468 - mmedit - INFO - Iter(val) [14000]	
2025-06-18 01:36:24,532 - mmedit - INFO - Iter [14050/20000]	lr_generator: 1.004e-04, eta: 0:02:14, time: 0.078, data_time: 0.057, memory: 247, loss_pix: 0.0076, loss: 0.0076
2025-06-18 01:36:25,517 - mmedit - INFO - Iter [14100/20000]	lr_generator: 1.000e-04, eta: 0:02:13, time: 0.020, data_time: 0.001, memory: 247, loss_pix: 0.0079, loss: 0.0079
2025-06-18 01:36:26,532 - mmedit - INFO - Iter [14150/20000]	lr_generator: 9.962e-05, eta: 0:02:12, time: 0.020, data_time: 0.001, memory: 247, loss_pix: 0.0077, loss: 0.0077
2025-06-18 01:36:27,507 - mmedit - INFO - Iter [14200/20000]	lr_generator: 9.924e-05, eta: 0:02:11, time: 0.020, data_time: 0.001, memory: 247, loss_pix: 0.0075, loss: 0.0075
2025-06-18 01:36:28,586 - mmedit - INFO - Iter [14250/20000]	lr_generator: 9.886e-05, eta: 0:02:09, time: 0.022, data_time: 0.001, memory: 247, loss_pix: 0.0078, loss: 0.0078
2025-06-18 01:36:29,549 - mmedit - INFO - Iter [14300/20000]	lr_generator: 9.848e-05, eta: 0:02:08, time: 0.019, data_time: 0.001, memory: 247, loss_pix: 0.0075, loss: 0.0075
2025-06-18 01:36:30,604 - mmedit - INFO - Iter [14350/20000]	lr_generator: 9.809e-05, eta: 0:02:07, time: 0.021, data_time: 0.001, memory: 247, loss_pix: 0.0076, loss: 0.0076
2025-06-18 01:36:31,643 - mmedit - INFO - Iter [14400/20000]	lr_generator: 9.771e-05, eta: 0:02:06, time: 0.021, data_time: 0.001, memory: 247, loss_pix: 0.0079, loss: 0.0079
2025-06-18 01:36:32,626 - mmedit - INFO - Iter [14450/20000]	lr_generator: 9.733e-05, eta: 0:02:05, time: 0.020, data_time: 0.001, memory: 247, loss_pix: 0.0079, loss: 0.0079
2025-06-18 01:36:33,633 - mmedit - INFO - Iter [14500/20000]	lr_generator: 9.694e-05, eta: 0:02:04, time: 0.020, data_time: 0.001, memory: 247, loss_pix: 0.0083, loss: 0.0083
2025-06-18 01:36:34,743 - mmedit - INFO - Iter [14550/20000]	lr_generator: 9.656e-05, eta: 0:02:02, time: 0.022, data_time: 0.001, memory: 247, loss_pix: 0.0074, loss: 0.0074
2025-06-18 01:36:35,764 - mmedit - INFO - Iter [14600/20000]	lr_generator: 9.617e-05, eta: 0:02:01, time: 0.020, data_time: 0.001, memory: 247, loss_pix: 0.0079, loss: 0.0079
2025-06-18 01:36:36,854 - mmedit - INFO - Iter [14650/20000]	lr_generator: 9.579e-05, eta: 0:02:00, time: 0.022, data_time: 0.001, memory: 247, loss_pix: 0.0070, loss: 0.0070
2025-06-18 01:36:37,829 - mmedit - INFO - Iter [14700/20000]	lr_generator: 9.540e-05, eta: 0:01:59, time: 0.020, data_time: 0.001, memory: 247, loss_pix: 0.0072, loss: 0.0072
2025-06-18 01:36:38,860 - mmedit - INFO - Iter [14750/20000]	lr_generator: 9.502e-05, eta: 0:01:58, time: 0.021, data_time: 0.001, memory: 247, loss_pix: 0.0080, loss: 0.0080
2025-06-18 01:36:39,941 - mmedit - INFO - Iter [14800/20000]	lr_generator: 9.463e-05, eta: 0:01:57, time: 0.022, data_time: 0.001, memory: 247, loss_pix: 0.0078, loss: 0.0078
2025-06-18 01:36:40,964 - mmedit - INFO - Iter [14850/20000]	lr_generator: 9.425e-05, eta: 0:01:55, time: 0.020, data_time: 0.001, memory: 247, loss_pix: 0.0088, loss: 0.0088
2025-06-18 01:36:42,022 - mmedit - INFO - Iter [14900/20000]	lr_generator: 9.386e-05, eta: 0:01:54, time: 0.021, data_time: 0.001, memory: 247, loss_pix: 0.0083, loss: 0.0083
2025-06-18 01:36:42,962 - mmedit - INFO - Iter [14950/20000]	lr_generator: 9.347e-05, eta: 0:01:53, time: 0.019, data_time: 0.000, memory: 247, loss_pix: 0.0081, loss: 0.0081
2025-06-18 01:36:46,587 - mmedit - INFO - Exp name: rdn2x
2025-06-18 01:36:46,587 - mmedit - INFO - Iter(val) [15000]	PSNR: 40.2714, SSIM: 0.9676
2025-06-18 01:36:46,588 - mmedit - INFO - Exp name: rdn2x
2025-06-18 01:36:46,588 - mmedit - INFO - Iter(val) [15000]	
2025-06-18 01:36:47,614 - mmedit - INFO - Iter [15050/20000]	lr_generator: 9.270e-05, eta: 0:01:51, time: 0.074, data_time: 0.054, memory: 247, loss_pix: 0.0079, loss: 0.0079
2025-06-18 01:36:48,662 - mmedit - INFO - Iter [15100/20000]	lr_generator: 9.231e-05, eta: 0:01:50, time: 0.021, data_time: 0.000, memory: 247, loss_pix: 0.0089, loss: 0.0089
2025-06-18 01:36:49,699 - mmedit - INFO - Iter [15150/20000]	lr_generator: 9.192e-05, eta: 0:01:49, time: 0.021, data_time: 0.001, memory: 247, loss_pix: 0.0086, loss: 0.0086
2025-06-18 01:36:50,726 - mmedit - INFO - Iter [15200/20000]	lr_generator: 9.153e-05, eta: 0:01:48, time: 0.021, data_time: 0.001, memory: 247, loss_pix: 0.0078, loss: 0.0078
2025-06-18 01:36:51,727 - mmedit - INFO - Iter [15250/20000]	lr_generator: 9.114e-05, eta: 0:01:47, time: 0.020, data_time: 0.001, memory: 247, loss_pix: 0.0079, loss: 0.0079
2025-06-18 01:36:52,770 - mmedit - INFO - Iter [15300/20000]	lr_generator: 9.075e-05, eta: 0:01:46, time: 0.021, data_time: 0.001, memory: 247, loss_pix: 0.0080, loss: 0.0080
2025-06-18 01:36:53,836 - mmedit - INFO - Iter [15350/20000]	lr_generator: 9.036e-05, eta: 0:01:44, time: 0.021, data_time: 0.001, memory: 247, loss_pix: 0.0081, loss: 0.0081
2025-06-18 01:36:54,870 - mmedit - INFO - Iter [15400/20000]	lr_generator: 8.997e-05, eta: 0:01:43, time: 0.021, data_time: 0.001, memory: 247, loss_pix: 0.0072, loss: 0.0072
2025-06-18 01:36:55,979 - mmedit - INFO - Iter [15450/20000]	lr_generator: 8.958e-05, eta: 0:01:42, time: 0.022, data_time: 0.001, memory: 247, loss_pix: 0.0086, loss: 0.0086
2025-06-18 01:36:57,007 - mmedit - INFO - Iter [15500/20000]	lr_generator: 8.919e-05, eta: 0:01:41, time: 0.021, data_time: 0.001, memory: 247, loss_pix: 0.0080, loss: 0.0080
2025-06-18 01:36:58,113 - mmedit - INFO - Iter [15550/20000]	lr_generator: 8.880e-05, eta: 0:01:40, time: 0.022, data_time: 0.001, memory: 247, loss_pix: 0.0077, loss: 0.0077
2025-06-18 01:36:59,177 - mmedit - INFO - Iter [15600/20000]	lr_generator: 8.840e-05, eta: 0:01:39, time: 0.021, data_time: 0.001, memory: 247, loss_pix: 0.0086, loss: 0.0086
2025-06-18 01:37:00,226 - mmedit - INFO - Iter [15650/20000]	lr_generator: 8.801e-05, eta: 0:01:38, time: 0.021, data_time: 0.001, memory: 247, loss_pix: 0.0078, loss: 0.0078
2025-06-18 01:37:01,262 - mmedit - INFO - Iter [15700/20000]	lr_generator: 8.762e-05, eta: 0:01:36, time: 0.021, data_time: 0.001, memory: 247, loss_pix: 0.0079, loss: 0.0079
2025-06-18 01:37:02,274 - mmedit - INFO - Iter [15750/20000]	lr_generator: 8.722e-05, eta: 0:01:35, time: 0.020, data_time: 0.001, memory: 247, loss_pix: 0.0081, loss: 0.0081
2025-06-18 01:37:03,381 - mmedit - INFO - Iter [15800/20000]	lr_generator: 8.683e-05, eta: 0:01:34, time: 0.022, data_time: 0.001, memory: 247, loss_pix: 0.0082, loss: 0.0082
2025-06-18 01:37:04,432 - mmedit - INFO - Iter [15850/20000]	lr_generator: 8.643e-05, eta: 0:01:33, time: 0.021, data_time: 0.001, memory: 247, loss_pix: 0.0076, loss: 0.0076
2025-06-18 01:37:05,468 - mmedit - INFO - Iter [15900/20000]	lr_generator: 8.604e-05, eta: 0:01:32, time: 0.021, data_time: 0.001, memory: 247, loss_pix: 0.0080, loss: 0.0080
2025-06-18 01:37:06,500 - mmedit - INFO - Iter [15950/20000]	lr_generator: 8.564e-05, eta: 0:01:31, time: 0.021, data_time: 0.001, memory: 247, loss_pix: 0.0083, loss: 0.0083
2025-06-18 01:37:10,358 - mmedit - INFO - Exp name: rdn2x
2025-06-18 01:37:10,358 - mmedit - INFO - Iter(val) [16000]	PSNR: 40.2920, SSIM: 0.9677
2025-06-18 01:37:10,359 - mmedit - INFO - Exp name: rdn2x
2025-06-18 01:37:10,359 - mmedit - INFO - Iter(val) [16000]	
2025-06-18 01:37:11,402 - mmedit - INFO - Iter [16050/20000]	lr_generator: 8.485e-05, eta: 0:01:29, time: 0.077, data_time: 0.057, memory: 247, loss_pix: 0.0082, loss: 0.0082
2025-06-18 01:37:12,425 - mmedit - INFO - Iter [16100/20000]	lr_generator: 8.445e-05, eta: 0:01:28, time: 0.020, data_time: 0.001, memory: 247, loss_pix: 0.0073, loss: 0.0073
2025-06-18 01:37:13,463 - mmedit - INFO - Iter [16150/20000]	lr_generator: 8.405e-05, eta: 0:01:26, time: 0.021, data_time: 0.000, memory: 247, loss_pix: 0.0079, loss: 0.0079
2025-06-18 01:37:14,450 - mmedit - INFO - Iter [16200/20000]	lr_generator: 8.366e-05, eta: 0:01:25, time: 0.020, data_time: 0.000, memory: 247, loss_pix: 0.0075, loss: 0.0075
2025-06-18 01:37:15,446 - mmedit - INFO - Iter [16250/20000]	lr_generator: 8.326e-05, eta: 0:01:24, time: 0.020, data_time: 0.000, memory: 247, loss_pix: 0.0073, loss: 0.0073
2025-06-18 01:37:16,473 - mmedit - INFO - Iter [16300/20000]	lr_generator: 8.286e-05, eta: 0:01:23, time: 0.021, data_time: 0.001, memory: 247, loss_pix: 0.0074, loss: 0.0074
2025-06-18 01:37:17,466 - mmedit - INFO - Iter [16350/20000]	lr_generator: 8.246e-05, eta: 0:01:22, time: 0.020, data_time: 0.001, memory: 247, loss_pix: 0.0091, loss: 0.0091
2025-06-18 01:37:18,546 - mmedit - INFO - Iter [16400/20000]	lr_generator: 8.206e-05, eta: 0:01:21, time: 0.022, data_time: 0.001, memory: 247, loss_pix: 0.0086, loss: 0.0086
2025-06-18 01:37:19,542 - mmedit - INFO - Iter [16450/20000]	lr_generator: 8.166e-05, eta: 0:01:20, time: 0.020, data_time: 0.001, memory: 247, loss_pix: 0.0083, loss: 0.0083
2025-06-18 01:37:20,594 - mmedit - INFO - Iter [16500/20000]	lr_generator: 8.126e-05, eta: 0:01:18, time: 0.021, data_time: 0.001, memory: 247, loss_pix: 0.0080, loss: 0.0080
2025-06-18 01:37:21,677 - mmedit - INFO - Iter [16550/20000]	lr_generator: 8.085e-05, eta: 0:01:17, time: 0.022, data_time: 0.001, memory: 247, loss_pix: 0.0081, loss: 0.0081
2025-06-18 01:37:22,679 - mmedit - INFO - Iter [16600/20000]	lr_generator: 8.045e-05, eta: 0:01:16, time: 0.020, data_time: 0.001, memory: 247, loss_pix: 0.0071, loss: 0.0071
2025-06-18 01:37:23,702 - mmedit - INFO - Iter [16650/20000]	lr_generator: 8.005e-05, eta: 0:01:15, time: 0.020, data_time: 0.001, memory: 247, loss_pix: 0.0075, loss: 0.0075
2025-06-18 01:37:24,701 - mmedit - INFO - Iter [16700/20000]	lr_generator: 7.964e-05, eta: 0:01:14, time: 0.020, data_time: 0.001, memory: 247, loss_pix: 0.0079, loss: 0.0079
2025-06-18 01:37:25,680 - mmedit - INFO - Iter [16750/20000]	lr_generator: 7.924e-05, eta: 0:01:13, time: 0.020, data_time: 0.001, memory: 247, loss_pix: 0.0072, loss: 0.0072
2025-06-18 01:37:26,672 - mmedit - INFO - Iter [16800/20000]	lr_generator: 7.884e-05, eta: 0:01:12, time: 0.020, data_time: 0.001, memory: 247, loss_pix: 0.0074, loss: 0.0074
2025-06-18 01:37:27,673 - mmedit - INFO - Iter [16850/20000]	lr_generator: 7.843e-05, eta: 0:01:10, time: 0.020, data_time: 0.001, memory: 247, loss_pix: 0.0082, loss: 0.0082
2025-06-18 01:37:28,706 - mmedit - INFO - Iter [16900/20000]	lr_generator: 7.802e-05, eta: 0:01:09, time: 0.021, data_time: 0.001, memory: 247, loss_pix: 0.0075, loss: 0.0075
2025-06-18 01:37:29,746 - mmedit - INFO - Iter [16950/20000]	lr_generator: 7.762e-05, eta: 0:01:08, time: 0.021, data_time: 0.001, memory: 247, loss_pix: 0.0084, loss: 0.0084
2025-06-18 01:37:33,702 - mmedit - INFO - Exp name: rdn2x
2025-06-18 01:37:33,702 - mmedit - INFO - Iter(val) [17000]	PSNR: 40.3512, SSIM: 0.9679
2025-06-18 01:37:33,703 - mmedit - INFO - Exp name: rdn2x
2025-06-18 01:37:33,704 - mmedit - INFO - Iter(val) [17000]	
2025-06-18 01:37:34,782 - mmedit - INFO - Iter [17050/20000]	lr_generator: 7.680e-05, eta: 0:01:06, time: 0.080, data_time: 0.059, memory: 247, loss_pix: 0.0083, loss: 0.0083
2025-06-18 01:37:35,808 - mmedit - INFO - Iter [17100/20000]	lr_generator: 7.639e-05, eta: 0:01:05, time: 0.021, data_time: 0.001, memory: 247, loss_pix: 0.0078, loss: 0.0078
2025-06-18 01:37:36,771 - mmedit - INFO - Iter [17150/20000]	lr_generator: 7.598e-05, eta: 0:01:04, time: 0.019, data_time: 0.001, memory: 247, loss_pix: 0.0078, loss: 0.0078
2025-06-18 01:37:37,815 - mmedit - INFO - Iter [17200/20000]	lr_generator: 7.557e-05, eta: 0:01:03, time: 0.021, data_time: 0.001, memory: 247, loss_pix: 0.0081, loss: 0.0081
2025-06-18 01:37:38,759 - mmedit - INFO - Iter [17250/20000]	lr_generator: 7.516e-05, eta: 0:01:02, time: 0.019, data_time: 0.001, memory: 247, loss_pix: 0.0088, loss: 0.0088
2025-06-18 01:37:39,832 - mmedit - INFO - Iter [17300/20000]	lr_generator: 7.475e-05, eta: 0:01:00, time: 0.021, data_time: 0.001, memory: 247, loss_pix: 0.0085, loss: 0.0085
2025-06-18 01:37:40,866 - mmedit - INFO - Iter [17350/20000]	lr_generator: 7.434e-05, eta: 0:00:59, time: 0.021, data_time: 0.001, memory: 247, loss_pix: 0.0074, loss: 0.0074
2025-06-18 01:37:41,910 - mmedit - INFO - Iter [17400/20000]	lr_generator: 7.392e-05, eta: 0:00:58, time: 0.021, data_time: 0.001, memory: 247, loss_pix: 0.0075, loss: 0.0075
2025-06-18 01:37:42,953 - mmedit - INFO - Iter [17450/20000]	lr_generator: 7.351e-05, eta: 0:00:57, time: 0.021, data_time: 0.001, memory: 247, loss_pix: 0.0076, loss: 0.0076
2025-06-18 01:37:44,028 - mmedit - INFO - Iter [17500/20000]	lr_generator: 7.309e-05, eta: 0:00:56, time: 0.022, data_time: 0.001, memory: 247, loss_pix: 0.0085, loss: 0.0085
2025-06-18 01:37:44,967 - mmedit - INFO - Iter [17550/20000]	lr_generator: 7.268e-05, eta: 0:00:55, time: 0.019, data_time: 0.000, memory: 247, loss_pix: 0.0082, loss: 0.0082
2025-06-18 01:37:45,916 - mmedit - INFO - Iter [17600/20000]	lr_generator: 7.226e-05, eta: 0:00:54, time: 0.019, data_time: 0.000, memory: 247, loss_pix: 0.0078, loss: 0.0078
2025-06-18 01:37:46,979 - mmedit - INFO - Iter [17650/20000]	lr_generator: 7.184e-05, eta: 0:00:52, time: 0.021, data_time: 0.001, memory: 247, loss_pix: 0.0076, loss: 0.0076
2025-06-18 01:37:47,949 - mmedit - INFO - Iter [17700/20000]	lr_generator: 7.142e-05, eta: 0:00:51, time: 0.019, data_time: 0.001, memory: 247, loss_pix: 0.0075, loss: 0.0075
2025-06-18 01:37:48,943 - mmedit - INFO - Iter [17750/20000]	lr_generator: 7.100e-05, eta: 0:00:50, time: 0.020, data_time: 0.001, memory: 247, loss_pix: 0.0080, loss: 0.0080
2025-06-18 01:37:49,972 - mmedit - INFO - Iter [17800/20000]	lr_generator: 7.058e-05, eta: 0:00:49, time: 0.021, data_time: 0.001, memory: 247, loss_pix: 0.0079, loss: 0.0079
2025-06-18 01:37:50,967 - mmedit - INFO - Iter [17850/20000]	lr_generator: 7.016e-05, eta: 0:00:48, time: 0.020, data_time: 0.001, memory: 247, loss_pix: 0.0080, loss: 0.0080
2025-06-18 01:37:51,952 - mmedit - INFO - Iter [17900/20000]	lr_generator: 6.974e-05, eta: 0:00:47, time: 0.020, data_time: 0.001, memory: 247, loss_pix: 0.0080, loss: 0.0080
2025-06-18 01:37:52,974 - mmedit - INFO - Iter [17950/20000]	lr_generator: 6.932e-05, eta: 0:00:46, time: 0.020, data_time: 0.001, memory: 247, loss_pix: 0.0084, loss: 0.0084
2025-06-18 01:37:56,836 - mmedit - INFO - Exp name: rdn2x
2025-06-18 01:37:56,837 - mmedit - INFO - Iter(val) [18000]	PSNR: 40.0912, SSIM: 0.9679
2025-06-18 01:37:56,837 - mmedit - INFO - Exp name: rdn2x
2025-06-18 01:37:56,837 - mmedit - INFO - Iter(val) [18000]	
2025-06-18 01:37:57,854 - mmedit - INFO - Iter [18050/20000]	lr_generator: 6.847e-05, eta: 0:00:43, time: 0.076, data_time: 0.057, memory: 247, loss_pix: 0.0082, loss: 0.0082
2025-06-18 01:37:58,957 - mmedit - INFO - Iter [18100/20000]	lr_generator: 6.804e-05, eta: 0:00:42, time: 0.022, data_time: 0.001, memory: 247, loss_pix: 0.0080, loss: 0.0080
2025-06-18 01:37:59,970 - mmedit - INFO - Iter [18150/20000]	lr_generator: 6.761e-05, eta: 0:00:41, time: 0.020, data_time: 0.001, memory: 247, loss_pix: 0.0083, loss: 0.0083
2025-06-18 01:38:00,999 - mmedit - INFO - Iter [18200/20000]	lr_generator: 6.718e-05, eta: 0:00:40, time: 0.021, data_time: 0.001, memory: 247, loss_pix: 0.0073, loss: 0.0073
2025-06-18 01:38:02,031 - mmedit - INFO - Iter [18250/20000]	lr_generator: 6.675e-05, eta: 0:00:39, time: 0.021, data_time: 0.001, memory: 247, loss_pix: 0.0072, loss: 0.0072
2025-06-18 01:38:03,117 - mmedit - INFO - Iter [18300/20000]	lr_generator: 6.632e-05, eta: 0:00:38, time: 0.022, data_time: 0.001, memory: 247, loss_pix: 0.0071, loss: 0.0071
2025-06-18 01:38:04,200 - mmedit - INFO - Iter [18350/20000]	lr_generator: 6.589e-05, eta: 0:00:37, time: 0.022, data_time: 0.001, memory: 247, loss_pix: 0.0077, loss: 0.0077
2025-06-18 01:38:05,237 - mmedit - INFO - Iter [18400/20000]	lr_generator: 6.546e-05, eta: 0:00:36, time: 0.021, data_time: 0.000, memory: 247, loss_pix: 0.0083, loss: 0.0083
2025-06-18 01:38:06,285 - mmedit - INFO - Iter [18450/20000]	lr_generator: 6.502e-05, eta: 0:00:34, time: 0.021, data_time: 0.001, memory: 247, loss_pix: 0.0075, loss: 0.0075
2025-06-18 01:38:07,366 - mmedit - INFO - Iter [18500/20000]	lr_generator: 6.459e-05, eta: 0:00:33, time: 0.022, data_time: 0.001, memory: 247, loss_pix: 0.0080, loss: 0.0080
2025-06-18 01:38:08,382 - mmedit - INFO - Iter [18550/20000]	lr_generator: 6.415e-05, eta: 0:00:32, time: 0.020, data_time: 0.001, memory: 247, loss_pix: 0.0077, loss: 0.0077
2025-06-18 01:38:09,437 - mmedit - INFO - Iter [18600/20000]	lr_generator: 6.371e-05, eta: 0:00:31, time: 0.021, data_time: 0.001, memory: 247, loss_pix: 0.0084, loss: 0.0084
2025-06-18 01:38:10,475 - mmedit - INFO - Iter [18650/20000]	lr_generator: 6.327e-05, eta: 0:00:30, time: 0.021, data_time: 0.001, memory: 247, loss_pix: 0.0074, loss: 0.0074
2025-06-18 01:38:11,521 - mmedit - INFO - Iter [18700/20000]	lr_generator: 6.282e-05, eta: 0:00:29, time: 0.021, data_time: 0.001, memory: 247, loss_pix: 0.0090, loss: 0.0090
2025-06-18 01:38:12,566 - mmedit - INFO - Iter [18750/20000]	lr_generator: 6.238e-05, eta: 0:00:28, time: 0.021, data_time: 0.001, memory: 247, loss_pix: 0.0077, loss: 0.0077
2025-06-18 01:38:13,534 - mmedit - INFO - Iter [18800/20000]	lr_generator: 6.193e-05, eta: 0:00:26, time: 0.019, data_time: 0.001, memory: 247, loss_pix: 0.0076, loss: 0.0076
2025-06-18 01:38:14,449 - mmedit - INFO - Iter [18850/20000]	lr_generator: 6.149e-05, eta: 0:00:25, time: 0.018, data_time: 0.000, memory: 247, loss_pix: 0.0078, loss: 0.0078
2025-06-18 01:38:15,415 - mmedit - INFO - Iter [18900/20000]	lr_generator: 6.104e-05, eta: 0:00:24, time: 0.019, data_time: 0.000, memory: 247, loss_pix: 0.0081, loss: 0.0081
2025-06-18 01:38:16,453 - mmedit - INFO - Iter [18950/20000]	lr_generator: 6.058e-05, eta: 0:00:23, time: 0.021, data_time: 0.001, memory: 247, loss_pix: 0.0076, loss: 0.0076
2025-06-18 01:38:20,413 - mmedit - INFO - Exp name: rdn2x
2025-06-18 01:38:20,413 - mmedit - INFO - Iter(val) [19000]	PSNR: 40.4024, SSIM: 0.9679
2025-06-18 01:38:20,414 - mmedit - INFO - Exp name: rdn2x
2025-06-18 01:38:20,414 - mmedit - INFO - Iter(val) [19000]	
2025-06-18 01:38:21,439 - mmedit - INFO - Iter [19050/20000]	lr_generator: 5.967e-05, eta: 0:00:21, time: 0.080, data_time: 0.060, memory: 247, loss_pix: 0.0078, loss: 0.0078
2025-06-18 01:38:22,486 - mmedit - INFO - Iter [19100/20000]	lr_generator: 5.921e-05, eta: 0:00:20, time: 0.021, data_time: 0.001, memory: 247, loss_pix: 0.0079, loss: 0.0079
2025-06-18 01:38:23,490 - mmedit - INFO - Iter [19150/20000]	lr_generator: 5.875e-05, eta: 0:00:19, time: 0.020, data_time: 0.000, memory: 247, loss_pix: 0.0078, loss: 0.0078
2025-06-18 01:38:24,499 - mmedit - INFO - Iter [19200/20000]	lr_generator: 5.829e-05, eta: 0:00:18, time: 0.020, data_time: 0.000, memory: 247, loss_pix: 0.0069, loss: 0.0069
2025-06-18 01:38:25,523 - mmedit - INFO - Iter [19250/20000]	lr_generator: 5.782e-05, eta: 0:00:16, time: 0.020, data_time: 0.001, memory: 247, loss_pix: 0.0081, loss: 0.0081
2025-06-18 01:38:26,514 - mmedit - INFO - Iter [19300/20000]	lr_generator: 5.735e-05, eta: 0:00:15, time: 0.020, data_time: 0.000, memory: 247, loss_pix: 0.0078, loss: 0.0078
2025-06-18 01:38:27,498 - mmedit - INFO - Iter [19350/20000]	lr_generator: 5.688e-05, eta: 0:00:14, time: 0.020, data_time: 0.000, memory: 247, loss_pix: 0.0075, loss: 0.0075
2025-06-18 01:38:28,510 - mmedit - INFO - Iter [19400/20000]	lr_generator: 5.640e-05, eta: 0:00:13, time: 0.020, data_time: 0.001, memory: 247, loss_pix: 0.0076, loss: 0.0076
2025-06-18 01:38:29,454 - mmedit - INFO - Iter [19450/20000]	lr_generator: 5.592e-05, eta: 0:00:12, time: 0.019, data_time: 0.001, memory: 247, loss_pix: 0.0077, loss: 0.0077
2025-06-18 01:38:30,424 - mmedit - INFO - Iter [19500/20000]	lr_generator: 5.543e-05, eta: 0:00:11, time: 0.019, data_time: 0.000, memory: 247, loss_pix: 0.0079, loss: 0.0079
2025-06-18 01:38:31,421 - mmedit - INFO - Iter [19550/20000]	lr_generator: 5.494e-05, eta: 0:00:10, time: 0.020, data_time: 0.000, memory: 247, loss_pix: 0.0076, loss: 0.0076
2025-06-18 01:38:32,390 - mmedit - INFO - Iter [19600/20000]	lr_generator: 5.445e-05, eta: 0:00:08, time: 0.019, data_time: 0.000, memory: 247, loss_pix: 0.0090, loss: 0.0090
2025-06-18 01:38:33,418 - mmedit - INFO - Iter [19650/20000]	lr_generator: 5.394e-05, eta: 0:00:07, time: 0.021, data_time: 0.001, memory: 247, loss_pix: 0.0080, loss: 0.0080
2025-06-18 01:38:34,415 - mmedit - INFO - Iter [19700/20000]	lr_generator: 5.343e-05, eta: 0:00:06, time: 0.020, data_time: 0.000, memory: 247, loss_pix: 0.0068, loss: 0.0068
2025-06-18 01:38:35,459 - mmedit - INFO - Iter [19750/20000]	lr_generator: 5.292e-05, eta: 0:00:05, time: 0.021, data_time: 0.001, memory: 247, loss_pix: 0.0078, loss: 0.0078
2025-06-18 01:38:36,517 - mmedit - INFO - Iter [19800/20000]	lr_generator: 5.239e-05, eta: 0:00:04, time: 0.021, data_time: 0.001, memory: 247, loss_pix: 0.0080, loss: 0.0080
2025-06-18 01:38:37,614 - mmedit - INFO - Iter [19850/20000]	lr_generator: 5.185e-05, eta: 0:00:03, time: 0.022, data_time: 0.001, memory: 247, loss_pix: 0.0080, loss: 0.0080
2025-06-18 01:38:38,599 - mmedit - INFO - Iter [19900/20000]	lr_generator: 5.129e-05, eta: 0:00:02, time: 0.020, data_time: 0.001, memory: 247, loss_pix: 0.0081, loss: 0.0081
2025-06-18 01:38:39,664 - mmedit - INFO - Iter [19950/20000]	lr_generator: 5.069e-05, eta: 0:00:01, time: 0.021, data_time: 0.001, memory: 247, loss_pix: 0.0076, loss: 0.0076
2025-06-18 01:38:40,660 - mmedit - INFO - Saving checkpoint at 20000 iterations
2025-06-18 01:38:43,427 - mmedit - INFO - Exp name: rdn2x
2025-06-18 01:38:43,428 - mmedit - INFO - Iter(val) [20000]	PSNR: 40.4306, SSIM: 0.9680
2025-06-18 01:38:43,428 - mmedit - INFO - Exp name: rdn2x
2025-06-18 01:38:43,428 - mmedit - INFO - Iter(val) [20000]	
